[2025-05-10T03:36:26.261+0000] {local_task_job_runner.py:120} INFO - ::group::Pre task execution logs
[2025-05-10T03:36:26.313+0000] {taskinstance.py:2073} INFO - Dependencies all met for dep_context=non-requeueable deps ti=<TaskInstance: get_price_btc_price_by_day.get_data manual__2025-05-10T03:36:23.870266+00:00 [queued]>
[2025-05-10T03:36:26.327+0000] {taskinstance.py:2073} INFO - Dependencies all met for dep_context=requeueable deps ti=<TaskInstance: get_price_btc_price_by_day.get_data manual__2025-05-10T03:36:23.870266+00:00 [queued]>
[2025-05-10T03:36:26.327+0000] {taskinstance.py:2303} INFO - Starting attempt 1 of 1
[2025-05-10T03:36:26.354+0000] {taskinstance.py:2327} INFO - Executing <Task(_PythonDecoratedOperator): get_data> on 2025-05-10 03:36:23.870266+00:00
[2025-05-10T03:36:26.366+0000] {warnings.py:110} WARNING - /home/airflow/.local/lib/python3.12/site-packages/airflow/task/task_runner/standard_task_runner.py:61: DeprecationWarning: This process (pid=76) is multi-threaded, use of fork() may lead to deadlocks in the child.
  pid = os.fork()

[2025-05-10T03:36:26.368+0000] {standard_task_runner.py:63} INFO - Started process 79 to run task
[2025-05-10T03:36:26.376+0000] {standard_task_runner.py:90} INFO - Running: ['airflow', 'tasks', 'run', 'get_price_btc_price_by_day', 'get_data', 'manual__2025-05-10T03:36:23.870266+00:00', '--job-id', '20', '--raw', '--subdir', 'DAGS_FOLDER/get_price_btc_price_by_day.py', '--cfg-path', '/tmp/tmpttor929q']
[2025-05-10T03:36:26.380+0000] {standard_task_runner.py:91} INFO - Job 20: Subtask get_data
[2025-05-10T03:36:26.563+0000] {task_command.py:426} INFO - Running <TaskInstance: get_price_btc_price_by_day.get_data manual__2025-05-10T03:36:23.870266+00:00 [running]> on host 840719eb5226
[2025-05-10T03:36:26.773+0000] {taskinstance.py:2644} INFO - Exporting env vars: AIRFLOW_CTX_DAG_OWNER='airflow' AIRFLOW_CTX_DAG_ID='get_price_btc_price_by_day' AIRFLOW_CTX_TASK_ID='get_data' AIRFLOW_CTX_EXECUTION_DATE='2025-05-10T03:36:23.870266+00:00' AIRFLOW_CTX_TRY_NUMBER='1' AIRFLOW_CTX_DAG_RUN_ID='manual__2025-05-10T03:36:23.870266+00:00'
[2025-05-10T03:36:26.779+0000] {taskinstance.py:430} INFO - ::endgroup::
[2025-05-10T03:36:26.780+0000] {logging_mixin.py:188} INFO - Данные за период с 2025-05-08 21:00:00+00:00 по 2025-05-09 21:00:00+00:00
[2025-05-10T03:36:27.184+0000] {logging_mixin.py:188} INFO - {'symbol': 'BTCUSDT', 'lastPrice': '103054.50', 'indexPrice': '103087.72', 'markPrice': '103054.60', 'prevPrice24h': '102543.60', 'price24hPcnt': '0.004982', 'highPrice24h': '104330.10', 'lowPrice24h': '102264.10', 'prevPrice1h': '103056.80', 'openInterest': '46850.589', 'openInterestValue': '4828168709.16', 'turnover24h': '8354899235.0699', 'volume24h': '81075.9860', 'fundingRate': '0.0001', 'nextFundingTime': '1746864000000', 'predictedDeliveryPrice': '', 'basisRate': '', 'deliveryFeeRate': '', 'deliveryTime': '0', 'ask1Size': '7.121', 'bid1Price': '103054.50', 'ask1Price': '103054.60', 'bid1Size': '6.848', 'basis': '', 'preOpenPrice': '', 'preQty': '', 'curPreListingPhase': ''}
[2025-05-10T03:36:27.187+0000] {python.py:237} INFO - Done. Returned value was: {'data_interval_start': DateTime(2025, 5, 8, 21, 0, 0, tzinfo=Timezone('UTC')), 'data_interval_end': DateTime(2025, 5, 9, 21, 0, 0, tzinfo=Timezone('UTC')), 'last_price': 103054.5, 'volume_24h': 81075.986, 'high_price_24h': 104330.1, 'low_price_24h': 102264.1, 'bid_price': 103054.5, 'ask_price': 103054.6, 'open_interest': 46850.589}
[2025-05-10T03:36:27.189+0000] {taskinstance.py:441} INFO - ::group::Post task execution logs
[2025-05-10T03:36:27.260+0000] {taskinstance.py:1205} INFO - Marking task as SUCCESS. dag_id=get_price_btc_price_by_day, task_id=get_data, execution_date=20250510T033623, start_date=20250510T033626, end_date=20250510T033627
[2025-05-10T03:36:27.325+0000] {local_task_job_runner.py:240} INFO - Task exited with return code 0
[2025-05-10T03:36:27.376+0000] {taskinstance.py:3482} INFO - 1 downstream tasks scheduled from follow-on schedule check
[2025-05-10T03:36:27.378+0000] {local_task_job_runner.py:222} INFO - ::endgroup::
