[2026-02-20T14:43:03.709+0000] {local_task_job_runner.py:120} INFO - ::group::Pre task execution logs
[2026-02-20T14:43:03.747+0000] {taskinstance.py:2073} INFO - Dependencies all met for dep_context=non-requeueable deps ti=<TaskInstance: tutorial_1_basic.load scheduled__2026-02-18T21:00:00+00:00 [queued]>
[2026-02-20T14:43:03.757+0000] {taskinstance.py:2073} INFO - Dependencies all met for dep_context=requeueable deps ti=<TaskInstance: tutorial_1_basic.load scheduled__2026-02-18T21:00:00+00:00 [queued]>
[2026-02-20T14:43:03.758+0000] {taskinstance.py:2303} INFO - Starting attempt 1 of 1
[2026-02-20T14:43:03.777+0000] {taskinstance.py:2327} INFO - Executing <Task(_PythonDecoratedOperator): load> on 2026-02-18 21:00:00+00:00
[2026-02-20T14:43:03.789+0000] {warnings.py:110} WARNING - /home/***/.local/lib/python3.12/site-packages/***/task/task_runner/standard_task_runner.py:61: DeprecationWarning: This process (pid=47) is multi-threaded, use of fork() may lead to deadlocks in the child.
  pid = os.fork()

[2026-02-20T14:43:03.791+0000] {standard_task_runner.py:63} INFO - Started process 48 to run task
[2026-02-20T14:43:03.791+0000] {standard_task_runner.py:90} INFO - Running: ['***', 'tasks', 'run', 'tutorial_1_basic', 'load', 'scheduled__2026-02-18T21:00:00+00:00', '--job-id', '7', '--raw', '--subdir', 'DAGS_FOLDER/tutorial_1_basic.py', '--cfg-path', '/tmp/tmp3xrsak1j']
[2026-02-20T14:43:03.794+0000] {standard_task_runner.py:91} INFO - Job 7: Subtask load
[2026-02-20T14:43:03.873+0000] {task_command.py:426} INFO - Running <TaskInstance: tutorial_1_basic.load scheduled__2026-02-18T21:00:00+00:00 [running]> on host d40236af9776
[2026-02-20T14:43:04.034+0000] {taskinstance.py:2644} INFO - Exporting env vars: AIRFLOW_CTX_DAG_OWNER='***' AIRFLOW_CTX_DAG_ID='tutorial_1_basic' AIRFLOW_CTX_TASK_ID='load' AIRFLOW_CTX_EXECUTION_DATE='2026-02-18T21:00:00+00:00' AIRFLOW_CTX_TRY_NUMBER='1' AIRFLOW_CTX_DAG_RUN_ID='scheduled__2026-02-18T21:00:00+00:00'
[2026-02-20T14:43:04.036+0000] {taskinstance.py:430} INFO - ::endgroup::
[2026-02-20T14:43:04.037+0000] {logging_mixin.py:188} INFO - LOAD: среднее значение = 11.0
[2026-02-20T14:43:04.038+0000] {python.py:237} INFO - Done. Returned value was: 11.0
[2026-02-20T14:43:04.039+0000] {taskinstance.py:441} INFO - ::group::Post task execution logs
[2026-02-20T14:43:04.076+0000] {taskinstance.py:1205} INFO - Marking task as SUCCESS. dag_id=tutorial_1_basic, task_id=load, execution_date=20260218T210000, start_date=20260220T144303, end_date=20260220T144304
[2026-02-20T14:43:04.126+0000] {local_task_job_runner.py:240} INFO - Task exited with return code 0
[2026-02-20T14:43:04.155+0000] {taskinstance.py:3482} INFO - 0 downstream tasks scheduled from follow-on schedule check
[2026-02-20T14:43:04.157+0000] {local_task_job_runner.py:222} INFO - ::endgroup::
