[2025-05-11T12:12:39.362+0000] {local_task_job_runner.py:120} INFO - ::group::Pre task execution logs
[2025-05-11T12:12:39.418+0000] {taskinstance.py:2073} INFO - Dependencies all met for dep_context=non-requeueable deps ti=<TaskInstance: get_price_btc_price_by_day.save_to_db manual__2025-05-11T10:44:06.689648+00:00 [queued]>
[2025-05-11T12:12:39.435+0000] {taskinstance.py:2073} INFO - Dependencies all met for dep_context=requeueable deps ti=<TaskInstance: get_price_btc_price_by_day.save_to_db manual__2025-05-11T10:44:06.689648+00:00 [queued]>
[2025-05-11T12:12:39.436+0000] {taskinstance.py:2303} INFO - Starting attempt 4 of 4
[2025-05-11T12:12:39.462+0000] {taskinstance.py:2327} INFO - Executing <Task(_PythonDecoratedOperator): save_to_db> on 2025-05-11 10:44:06.689648+00:00
[2025-05-11T12:12:39.473+0000] {warnings.py:110} WARNING - /home/airflow/.local/lib/python3.12/site-packages/airflow/task/task_runner/standard_task_runner.py:61: DeprecationWarning: This process (pid=147) is multi-threaded, use of fork() may lead to deadlocks in the child.
  pid = os.fork()

[2025-05-11T12:12:39.475+0000] {standard_task_runner.py:63} INFO - Started process 148 to run task
[2025-05-11T12:12:39.476+0000] {standard_task_runner.py:90} INFO - Running: ['airflow', 'tasks', 'run', 'get_price_btc_price_by_day', 'save_to_db', 'manual__2025-05-11T10:44:06.689648+00:00', '--job-id', '138', '--raw', '--subdir', 'DAGS_FOLDER/get_price_btc_price_by_day.py', '--cfg-path', '/tmp/tmp7m98vbwh']
[2025-05-11T12:12:39.479+0000] {standard_task_runner.py:91} INFO - Job 138: Subtask save_to_db
[2025-05-11T12:12:39.594+0000] {task_command.py:426} INFO - Running <TaskInstance: get_price_btc_price_by_day.save_to_db manual__2025-05-11T10:44:06.689648+00:00 [running]> on host 840719eb5226
[2025-05-11T12:12:39.834+0000] {taskinstance.py:2644} INFO - Exporting env vars: AIRFLOW_CTX_DAG_OWNER='airflow' AIRFLOW_CTX_DAG_ID='get_price_btc_price_by_day' AIRFLOW_CTX_TASK_ID='save_to_db' AIRFLOW_CTX_EXECUTION_DATE='2025-05-11T10:44:06.689648+00:00' AIRFLOW_CTX_TRY_NUMBER='4' AIRFLOW_CTX_DAG_RUN_ID='manual__2025-05-11T10:44:06.689648+00:00'
[2025-05-11T12:12:39.835+0000] {taskinstance.py:430} INFO - ::endgroup::
[2025-05-11T12:12:39.857+0000] {base.py:84} INFO - Using connection ID 'etl_db' for task execution.
[2025-05-11T12:12:39.910+0000] {get_price_btc_price_by_day.py:68} INFO - Данные записались успешно!
[2025-05-11T12:12:39.910+0000] {python.py:237} INFO - Done. Returned value was: None
[2025-05-11T12:12:39.911+0000] {taskinstance.py:441} INFO - ::group::Post task execution logs
[2025-05-11T12:12:39.942+0000] {taskinstance.py:1205} INFO - Marking task as SUCCESS. dag_id=get_price_btc_price_by_day, task_id=save_to_db, execution_date=20250511T104406, start_date=20250511T121239, end_date=20250511T121239
[2025-05-11T12:12:39.980+0000] {local_task_job_runner.py:240} INFO - Task exited with return code 0
[2025-05-11T12:12:40.031+0000] {taskinstance.py:3482} INFO - 1 downstream tasks scheduled from follow-on schedule check
[2025-05-11T12:12:40.033+0000] {local_task_job_runner.py:222} INFO - ::endgroup::
