[2026-02-20T20:10:31.218+0000] {local_task_job_runner.py:120} INFO - ::group::Pre task execution logs
[2026-02-20T20:10:31.259+0000] {taskinstance.py:2073} INFO - Dependencies all met for dep_context=non-requeueable deps ti=<TaskInstance: tutorial_2_my_turn.find_min manual__2026-02-20T20:10:27.712633+00:00 [queued]>
[2026-02-20T20:10:31.270+0000] {taskinstance.py:2073} INFO - Dependencies all met for dep_context=requeueable deps ti=<TaskInstance: tutorial_2_my_turn.find_min manual__2026-02-20T20:10:27.712633+00:00 [queued]>
[2026-02-20T20:10:31.270+0000] {taskinstance.py:2303} INFO - Starting attempt 1 of 1
[2026-02-20T20:10:31.289+0000] {taskinstance.py:2327} INFO - Executing <Task(_PythonDecoratedOperator): find_min> on 2026-02-20 20:10:27.712633+00:00
[2026-02-20T20:10:31.300+0000] {warnings.py:110} WARNING - /home/***/.local/lib/python3.12/site-packages/***/task/task_runner/standard_task_runner.py:61: DeprecationWarning: This process (pid=72) is multi-threaded, use of fork() may lead to deadlocks in the child.
  pid = os.fork()

[2026-02-20T20:10:31.303+0000] {standard_task_runner.py:63} INFO - Started process 73 to run task
[2026-02-20T20:10:31.303+0000] {standard_task_runner.py:90} INFO - Running: ['***', 'tasks', 'run', 'tutorial_2_my_turn', 'find_min', 'manual__2026-02-20T20:10:27.712633+00:00', '--job-id', '17', '--raw', '--subdir', 'DAGS_FOLDER/tutorial_2_my_turn.py', '--cfg-path', '/tmp/tmplhpcs1qc']
[2026-02-20T20:10:31.307+0000] {standard_task_runner.py:91} INFO - Job 17: Subtask find_min
[2026-02-20T20:10:31.400+0000] {task_command.py:426} INFO - Running <TaskInstance: tutorial_2_my_turn.find_min manual__2026-02-20T20:10:27.712633+00:00 [running]> on host d40236af9776
[2026-02-20T20:10:31.699+0000] {taskinstance.py:2644} INFO - Exporting env vars: AIRFLOW_CTX_DAG_OWNER='***' AIRFLOW_CTX_DAG_ID='tutorial_2_my_turn' AIRFLOW_CTX_TASK_ID='find_min' AIRFLOW_CTX_EXECUTION_DATE='2026-02-20T20:10:27.712633+00:00' AIRFLOW_CTX_TRY_NUMBER='1' AIRFLOW_CTX_DAG_RUN_ID='manual__2026-02-20T20:10:27.712633+00:00'
[2026-02-20T20:10:31.701+0000] {taskinstance.py:430} INFO - ::endgroup::
[2026-02-20T20:10:31.702+0000] {tutorial_2_my_turn.py:28} INFO - TRANSFORM: нахожу минимальное число в списке [25, 22, 20, 39, 40, 32, 38]
[2026-02-20T20:10:31.702+0000] {python.py:237} INFO - Done. Returned value was: 20
[2026-02-20T20:10:31.703+0000] {taskinstance.py:441} INFO - ::group::Post task execution logs
[2026-02-20T20:10:31.747+0000] {taskinstance.py:1205} INFO - Marking task as SUCCESS. dag_id=tutorial_2_my_turn, task_id=find_min, execution_date=20260220T201027, start_date=20260220T201031, end_date=20260220T201031
[2026-02-20T20:10:31.799+0000] {local_task_job_runner.py:240} INFO - Task exited with return code 0
[2026-02-20T20:10:31.833+0000] {taskinstance.py:3482} INFO - 1 downstream tasks scheduled from follow-on schedule check
[2026-02-20T20:10:31.835+0000] {local_task_job_runner.py:222} INFO - ::endgroup::
