[2026-02-20T14:43:01.428+0000] {local_task_job_runner.py:120} INFO - ::group::Pre task execution logs
[2026-02-20T14:43:01.469+0000] {taskinstance.py:2073} INFO - Dependencies all met for dep_context=non-requeueable deps ti=<TaskInstance: tutorial_1_basic.transform scheduled__2026-02-18T21:00:00+00:00 [queued]>
[2026-02-20T14:43:01.484+0000] {taskinstance.py:2073} INFO - Dependencies all met for dep_context=requeueable deps ti=<TaskInstance: tutorial_1_basic.transform scheduled__2026-02-18T21:00:00+00:00 [queued]>
[2026-02-20T14:43:01.485+0000] {taskinstance.py:2303} INFO - Starting attempt 1 of 1
[2026-02-20T14:43:01.512+0000] {taskinstance.py:2327} INFO - Executing <Task(_PythonDecoratedOperator): transform> on 2026-02-18 21:00:00+00:00
[2026-02-20T14:43:01.523+0000] {warnings.py:110} WARNING - /home/***/.local/lib/python3.12/site-packages/***/task/task_runner/standard_task_runner.py:61: DeprecationWarning: This process (pid=45) is multi-threaded, use of fork() may lead to deadlocks in the child.
  pid = os.fork()

[2026-02-20T14:43:01.527+0000] {standard_task_runner.py:63} INFO - Started process 46 to run task
[2026-02-20T14:43:01.527+0000] {standard_task_runner.py:90} INFO - Running: ['***', 'tasks', 'run', 'tutorial_1_basic', 'transform', 'scheduled__2026-02-18T21:00:00+00:00', '--job-id', '6', '--raw', '--subdir', 'DAGS_FOLDER/tutorial_1_basic.py', '--cfg-path', '/tmp/tmp2s50kcuk']
[2026-02-20T14:43:01.536+0000] {standard_task_runner.py:91} INFO - Job 6: Subtask transform
[2026-02-20T14:43:01.640+0000] {task_command.py:426} INFO - Running <TaskInstance: tutorial_1_basic.transform scheduled__2026-02-18T21:00:00+00:00 [running]> on host d40236af9776
[2026-02-20T14:43:01.807+0000] {taskinstance.py:2644} INFO - Exporting env vars: AIRFLOW_CTX_DAG_OWNER='***' AIRFLOW_CTX_DAG_ID='tutorial_1_basic' AIRFLOW_CTX_TASK_ID='transform' AIRFLOW_CTX_EXECUTION_DATE='2026-02-18T21:00:00+00:00' AIRFLOW_CTX_TRY_NUMBER='1' AIRFLOW_CTX_DAG_RUN_ID='scheduled__2026-02-18T21:00:00+00:00'
[2026-02-20T14:43:01.808+0000] {taskinstance.py:430} INFO - ::endgroup::
[2026-02-20T14:43:01.809+0000] {logging_mixin.py:188} INFO - TRANSFORM: входные данные = [1, 2, 3, 4, 5]
[2026-02-20T14:43:01.809+0000] {logging_mixin.py:188} INFO - TRANSFORM: возведение в квадрат = [1, 4, 9, 16, 25]
[2026-02-20T14:43:01.810+0000] {python.py:237} INFO - Done. Returned value was: [1, 4, 9, 16, 25]
[2026-02-20T14:43:01.810+0000] {taskinstance.py:441} INFO - ::group::Post task execution logs
[2026-02-20T14:43:01.852+0000] {taskinstance.py:1205} INFO - Marking task as SUCCESS. dag_id=tutorial_1_basic, task_id=transform, execution_date=20260218T210000, start_date=20260220T144301, end_date=20260220T144301
[2026-02-20T14:43:01.903+0000] {local_task_job_runner.py:240} INFO - Task exited with return code 0
[2026-02-20T14:43:01.938+0000] {taskinstance.py:3482} INFO - 1 downstream tasks scheduled from follow-on schedule check
[2026-02-20T14:43:01.940+0000] {local_task_job_runner.py:222} INFO - ::endgroup::
