[2026-02-21T04:47:59.742+0000] {processor.py:161} INFO - Started process (PID=1245) to work on /opt/airflow/dags/utils/clear_xcoms_operator.py
[2026-02-21T04:47:59.753+0000] {processor.py:830} INFO - Processing file /opt/airflow/dags/utils/clear_xcoms_operator.py for tasks to queue
[2026-02-21T04:47:59.756+0000] {logging_mixin.py:188} INFO - [2026-02-21T04:47:59.755+0000] {dagbag.py:540} INFO - Filling up the DagBag from /opt/airflow/dags/utils/clear_xcoms_operator.py
[2026-02-21T04:47:59.771+0000] {processor.py:842} WARNING - No viable dags retrieved from /opt/airflow/dags/utils/clear_xcoms_operator.py
[2026-02-21T04:47:59.821+0000] {processor.py:183} INFO - Processing /opt/airflow/dags/utils/clear_xcoms_operator.py took 0.113 seconds
[2026-02-21T10:20:40.037+0000] {processor.py:161} INFO - Started process (PID=1250) to work on /opt/airflow/dags/utils/clear_xcoms_operator.py
[2026-02-21T10:20:40.041+0000] {processor.py:830} INFO - Processing file /opt/airflow/dags/utils/clear_xcoms_operator.py for tasks to queue
[2026-02-21T10:20:40.053+0000] {logging_mixin.py:188} INFO - [2026-02-21T10:20:40.052+0000] {dagbag.py:540} INFO - Filling up the DagBag from /opt/airflow/dags/utils/clear_xcoms_operator.py
[2026-02-21T10:20:40.087+0000] {processor.py:842} WARNING - No viable dags retrieved from /opt/airflow/dags/utils/clear_xcoms_operator.py
[2026-02-21T10:20:40.214+0000] {processor.py:183} INFO - Processing /opt/airflow/dags/utils/clear_xcoms_operator.py took 0.241 seconds
[2026-02-21T10:21:10.536+0000] {processor.py:161} INFO - Started process (PID=1255) to work on /opt/airflow/dags/utils/clear_xcoms_operator.py
[2026-02-21T10:21:10.539+0000] {processor.py:830} INFO - Processing file /opt/airflow/dags/utils/clear_xcoms_operator.py for tasks to queue
[2026-02-21T10:21:10.542+0000] {logging_mixin.py:188} INFO - [2026-02-21T10:21:10.541+0000] {dagbag.py:540} INFO - Filling up the DagBag from /opt/airflow/dags/utils/clear_xcoms_operator.py
[2026-02-21T10:21:10.548+0000] {processor.py:842} WARNING - No viable dags retrieved from /opt/airflow/dags/utils/clear_xcoms_operator.py
[2026-02-21T10:21:10.589+0000] {processor.py:183} INFO - Processing /opt/airflow/dags/utils/clear_xcoms_operator.py took 0.070 seconds
[2026-02-21T10:21:41.299+0000] {processor.py:161} INFO - Started process (PID=1260) to work on /opt/airflow/dags/utils/clear_xcoms_operator.py
[2026-02-21T10:21:41.301+0000] {processor.py:830} INFO - Processing file /opt/airflow/dags/utils/clear_xcoms_operator.py for tasks to queue
[2026-02-21T10:21:41.302+0000] {logging_mixin.py:188} INFO - [2026-02-21T10:21:41.301+0000] {dagbag.py:540} INFO - Filling up the DagBag from /opt/airflow/dags/utils/clear_xcoms_operator.py
[2026-02-21T10:21:41.305+0000] {processor.py:842} WARNING - No viable dags retrieved from /opt/airflow/dags/utils/clear_xcoms_operator.py
[2026-02-21T10:21:41.328+0000] {processor.py:183} INFO - Processing /opt/airflow/dags/utils/clear_xcoms_operator.py took 0.037 seconds
[2026-02-21T10:22:11.851+0000] {processor.py:161} INFO - Started process (PID=1265) to work on /opt/airflow/dags/utils/clear_xcoms_operator.py
[2026-02-21T10:22:11.853+0000] {processor.py:830} INFO - Processing file /opt/airflow/dags/utils/clear_xcoms_operator.py for tasks to queue
[2026-02-21T10:22:11.854+0000] {logging_mixin.py:188} INFO - [2026-02-21T10:22:11.854+0000] {dagbag.py:540} INFO - Filling up the DagBag from /opt/airflow/dags/utils/clear_xcoms_operator.py
[2026-02-21T10:22:11.858+0000] {processor.py:842} WARNING - No viable dags retrieved from /opt/airflow/dags/utils/clear_xcoms_operator.py
[2026-02-21T10:22:11.886+0000] {processor.py:183} INFO - Processing /opt/airflow/dags/utils/clear_xcoms_operator.py took 0.044 seconds
[2026-02-21T10:22:42.410+0000] {processor.py:161} INFO - Started process (PID=1270) to work on /opt/airflow/dags/utils/clear_xcoms_operator.py
[2026-02-21T10:22:42.411+0000] {processor.py:830} INFO - Processing file /opt/airflow/dags/utils/clear_xcoms_operator.py for tasks to queue
[2026-02-21T10:22:42.413+0000] {logging_mixin.py:188} INFO - [2026-02-21T10:22:42.412+0000] {dagbag.py:540} INFO - Filling up the DagBag from /opt/airflow/dags/utils/clear_xcoms_operator.py
[2026-02-21T10:22:42.417+0000] {processor.py:842} WARNING - No viable dags retrieved from /opt/airflow/dags/utils/clear_xcoms_operator.py
[2026-02-21T10:22:42.444+0000] {processor.py:183} INFO - Processing /opt/airflow/dags/utils/clear_xcoms_operator.py took 0.044 seconds
[2026-02-21T10:23:12.986+0000] {processor.py:161} INFO - Started process (PID=1275) to work on /opt/airflow/dags/utils/clear_xcoms_operator.py
[2026-02-21T10:23:12.988+0000] {processor.py:830} INFO - Processing file /opt/airflow/dags/utils/clear_xcoms_operator.py for tasks to queue
[2026-02-21T10:23:12.990+0000] {logging_mixin.py:188} INFO - [2026-02-21T10:23:12.989+0000] {dagbag.py:540} INFO - Filling up the DagBag from /opt/airflow/dags/utils/clear_xcoms_operator.py
[2026-02-21T10:23:12.994+0000] {processor.py:842} WARNING - No viable dags retrieved from /opt/airflow/dags/utils/clear_xcoms_operator.py
[2026-02-21T10:23:13.022+0000] {processor.py:183} INFO - Processing /opt/airflow/dags/utils/clear_xcoms_operator.py took 0.045 seconds
[2026-02-21T10:23:43.571+0000] {processor.py:161} INFO - Started process (PID=1280) to work on /opt/airflow/dags/utils/clear_xcoms_operator.py
[2026-02-21T10:23:43.572+0000] {processor.py:830} INFO - Processing file /opt/airflow/dags/utils/clear_xcoms_operator.py for tasks to queue
[2026-02-21T10:23:43.574+0000] {logging_mixin.py:188} INFO - [2026-02-21T10:23:43.573+0000] {dagbag.py:540} INFO - Filling up the DagBag from /opt/airflow/dags/utils/clear_xcoms_operator.py
[2026-02-21T10:23:43.578+0000] {processor.py:842} WARNING - No viable dags retrieved from /opt/airflow/dags/utils/clear_xcoms_operator.py
[2026-02-21T10:23:43.604+0000] {processor.py:183} INFO - Processing /opt/airflow/dags/utils/clear_xcoms_operator.py took 0.043 seconds
[2026-02-21T10:24:14.234+0000] {processor.py:161} INFO - Started process (PID=1285) to work on /opt/airflow/dags/utils/clear_xcoms_operator.py
[2026-02-21T10:24:14.236+0000] {processor.py:830} INFO - Processing file /opt/airflow/dags/utils/clear_xcoms_operator.py for tasks to queue
[2026-02-21T10:24:14.238+0000] {logging_mixin.py:188} INFO - [2026-02-21T10:24:14.237+0000] {dagbag.py:540} INFO - Filling up the DagBag from /opt/airflow/dags/utils/clear_xcoms_operator.py
[2026-02-21T10:24:14.242+0000] {processor.py:842} WARNING - No viable dags retrieved from /opt/airflow/dags/utils/clear_xcoms_operator.py
[2026-02-21T10:24:14.271+0000] {processor.py:183} INFO - Processing /opt/airflow/dags/utils/clear_xcoms_operator.py took 0.050 seconds
[2026-02-21T10:24:44.829+0000] {processor.py:161} INFO - Started process (PID=1290) to work on /opt/airflow/dags/utils/clear_xcoms_operator.py
[2026-02-21T10:24:44.831+0000] {processor.py:830} INFO - Processing file /opt/airflow/dags/utils/clear_xcoms_operator.py for tasks to queue
[2026-02-21T10:24:44.832+0000] {logging_mixin.py:188} INFO - [2026-02-21T10:24:44.832+0000] {dagbag.py:540} INFO - Filling up the DagBag from /opt/airflow/dags/utils/clear_xcoms_operator.py
[2026-02-21T10:24:44.836+0000] {processor.py:842} WARNING - No viable dags retrieved from /opt/airflow/dags/utils/clear_xcoms_operator.py
[2026-02-21T10:24:44.869+0000] {processor.py:183} INFO - Processing /opt/airflow/dags/utils/clear_xcoms_operator.py took 0.050 seconds
[2026-02-21T10:25:15.371+0000] {processor.py:161} INFO - Started process (PID=1295) to work on /opt/airflow/dags/utils/clear_xcoms_operator.py
[2026-02-21T10:25:15.373+0000] {processor.py:830} INFO - Processing file /opt/airflow/dags/utils/clear_xcoms_operator.py for tasks to queue
[2026-02-21T10:25:15.375+0000] {logging_mixin.py:188} INFO - [2026-02-21T10:25:15.374+0000] {dagbag.py:540} INFO - Filling up the DagBag from /opt/airflow/dags/utils/clear_xcoms_operator.py
[2026-02-21T10:25:15.379+0000] {processor.py:842} WARNING - No viable dags retrieved from /opt/airflow/dags/utils/clear_xcoms_operator.py
[2026-02-21T10:25:15.409+0000] {processor.py:183} INFO - Processing /opt/airflow/dags/utils/clear_xcoms_operator.py took 0.048 seconds
[2026-02-21T10:25:45.889+0000] {processor.py:161} INFO - Started process (PID=1300) to work on /opt/airflow/dags/utils/clear_xcoms_operator.py
[2026-02-21T10:25:45.890+0000] {processor.py:830} INFO - Processing file /opt/airflow/dags/utils/clear_xcoms_operator.py for tasks to queue
[2026-02-21T10:25:45.892+0000] {logging_mixin.py:188} INFO - [2026-02-21T10:25:45.891+0000] {dagbag.py:540} INFO - Filling up the DagBag from /opt/airflow/dags/utils/clear_xcoms_operator.py
[2026-02-21T10:25:45.897+0000] {processor.py:842} WARNING - No viable dags retrieved from /opt/airflow/dags/utils/clear_xcoms_operator.py
[2026-02-21T10:25:45.922+0000] {processor.py:183} INFO - Processing /opt/airflow/dags/utils/clear_xcoms_operator.py took 0.045 seconds
[2026-02-21T10:26:16.441+0000] {processor.py:161} INFO - Started process (PID=1305) to work on /opt/airflow/dags/utils/clear_xcoms_operator.py
[2026-02-21T10:26:16.443+0000] {processor.py:830} INFO - Processing file /opt/airflow/dags/utils/clear_xcoms_operator.py for tasks to queue
[2026-02-21T10:26:16.444+0000] {logging_mixin.py:188} INFO - [2026-02-21T10:26:16.444+0000] {dagbag.py:540} INFO - Filling up the DagBag from /opt/airflow/dags/utils/clear_xcoms_operator.py
[2026-02-21T10:26:16.448+0000] {processor.py:842} WARNING - No viable dags retrieved from /opt/airflow/dags/utils/clear_xcoms_operator.py
[2026-02-21T10:26:16.473+0000] {processor.py:183} INFO - Processing /opt/airflow/dags/utils/clear_xcoms_operator.py took 0.042 seconds
[2026-02-21T10:26:46.968+0000] {processor.py:161} INFO - Started process (PID=1310) to work on /opt/airflow/dags/utils/clear_xcoms_operator.py
[2026-02-21T10:26:46.970+0000] {processor.py:830} INFO - Processing file /opt/airflow/dags/utils/clear_xcoms_operator.py for tasks to queue
[2026-02-21T10:26:46.972+0000] {logging_mixin.py:188} INFO - [2026-02-21T10:26:46.971+0000] {dagbag.py:540} INFO - Filling up the DagBag from /opt/airflow/dags/utils/clear_xcoms_operator.py
[2026-02-21T10:26:46.976+0000] {processor.py:842} WARNING - No viable dags retrieved from /opt/airflow/dags/utils/clear_xcoms_operator.py
[2026-02-21T10:26:47.000+0000] {processor.py:183} INFO - Processing /opt/airflow/dags/utils/clear_xcoms_operator.py took 0.043 seconds
[2026-02-21T10:27:17.533+0000] {processor.py:161} INFO - Started process (PID=1315) to work on /opt/airflow/dags/utils/clear_xcoms_operator.py
[2026-02-21T10:27:17.534+0000] {processor.py:830} INFO - Processing file /opt/airflow/dags/utils/clear_xcoms_operator.py for tasks to queue
[2026-02-21T10:27:17.535+0000] {logging_mixin.py:188} INFO - [2026-02-21T10:27:17.535+0000] {dagbag.py:540} INFO - Filling up the DagBag from /opt/airflow/dags/utils/clear_xcoms_operator.py
[2026-02-21T10:27:17.539+0000] {processor.py:842} WARNING - No viable dags retrieved from /opt/airflow/dags/utils/clear_xcoms_operator.py
[2026-02-21T10:27:17.561+0000] {processor.py:183} INFO - Processing /opt/airflow/dags/utils/clear_xcoms_operator.py took 0.037 seconds
[2026-02-21T10:27:48.046+0000] {processor.py:161} INFO - Started process (PID=1320) to work on /opt/airflow/dags/utils/clear_xcoms_operator.py
[2026-02-21T10:27:48.048+0000] {processor.py:830} INFO - Processing file /opt/airflow/dags/utils/clear_xcoms_operator.py for tasks to queue
[2026-02-21T10:27:48.050+0000] {logging_mixin.py:188} INFO - [2026-02-21T10:27:48.049+0000] {dagbag.py:540} INFO - Filling up the DagBag from /opt/airflow/dags/utils/clear_xcoms_operator.py
[2026-02-21T10:27:48.054+0000] {processor.py:842} WARNING - No viable dags retrieved from /opt/airflow/dags/utils/clear_xcoms_operator.py
[2026-02-21T10:27:48.087+0000] {processor.py:183} INFO - Processing /opt/airflow/dags/utils/clear_xcoms_operator.py took 0.052 seconds
[2026-02-21T10:28:18.711+0000] {processor.py:161} INFO - Started process (PID=1325) to work on /opt/airflow/dags/utils/clear_xcoms_operator.py
[2026-02-21T10:28:18.712+0000] {processor.py:830} INFO - Processing file /opt/airflow/dags/utils/clear_xcoms_operator.py for tasks to queue
[2026-02-21T10:28:18.713+0000] {logging_mixin.py:188} INFO - [2026-02-21T10:28:18.713+0000] {dagbag.py:540} INFO - Filling up the DagBag from /opt/airflow/dags/utils/clear_xcoms_operator.py
[2026-02-21T10:28:18.717+0000] {processor.py:842} WARNING - No viable dags retrieved from /opt/airflow/dags/utils/clear_xcoms_operator.py
[2026-02-21T10:28:18.747+0000] {processor.py:183} INFO - Processing /opt/airflow/dags/utils/clear_xcoms_operator.py took 0.046 seconds
[2026-02-21T10:28:49.251+0000] {processor.py:161} INFO - Started process (PID=1330) to work on /opt/airflow/dags/utils/clear_xcoms_operator.py
[2026-02-21T10:28:49.253+0000] {processor.py:830} INFO - Processing file /opt/airflow/dags/utils/clear_xcoms_operator.py for tasks to queue
[2026-02-21T10:28:49.254+0000] {logging_mixin.py:188} INFO - [2026-02-21T10:28:49.254+0000] {dagbag.py:540} INFO - Filling up the DagBag from /opt/airflow/dags/utils/clear_xcoms_operator.py
[2026-02-21T10:28:49.258+0000] {processor.py:842} WARNING - No viable dags retrieved from /opt/airflow/dags/utils/clear_xcoms_operator.py
[2026-02-21T10:28:49.291+0000] {processor.py:183} INFO - Processing /opt/airflow/dags/utils/clear_xcoms_operator.py took 0.050 seconds
[2026-02-21T10:29:19.916+0000] {processor.py:161} INFO - Started process (PID=1335) to work on /opt/airflow/dags/utils/clear_xcoms_operator.py
[2026-02-21T10:29:19.918+0000] {processor.py:830} INFO - Processing file /opt/airflow/dags/utils/clear_xcoms_operator.py for tasks to queue
[2026-02-21T10:29:19.919+0000] {logging_mixin.py:188} INFO - [2026-02-21T10:29:19.919+0000] {dagbag.py:540} INFO - Filling up the DagBag from /opt/airflow/dags/utils/clear_xcoms_operator.py
[2026-02-21T10:29:19.924+0000] {processor.py:842} WARNING - No viable dags retrieved from /opt/airflow/dags/utils/clear_xcoms_operator.py
[2026-02-21T10:29:19.954+0000] {processor.py:183} INFO - Processing /opt/airflow/dags/utils/clear_xcoms_operator.py took 0.050 seconds
[2026-02-21T10:29:50.510+0000] {processor.py:161} INFO - Started process (PID=1340) to work on /opt/airflow/dags/utils/clear_xcoms_operator.py
[2026-02-21T10:29:50.513+0000] {processor.py:830} INFO - Processing file /opt/airflow/dags/utils/clear_xcoms_operator.py for tasks to queue
[2026-02-21T10:29:50.515+0000] {logging_mixin.py:188} INFO - [2026-02-21T10:29:50.514+0000] {dagbag.py:540} INFO - Filling up the DagBag from /opt/airflow/dags/utils/clear_xcoms_operator.py
[2026-02-21T10:29:50.521+0000] {processor.py:842} WARNING - No viable dags retrieved from /opt/airflow/dags/utils/clear_xcoms_operator.py
[2026-02-21T10:29:50.557+0000] {processor.py:183} INFO - Processing /opt/airflow/dags/utils/clear_xcoms_operator.py took 0.061 seconds
[2026-02-21T10:30:21.042+0000] {processor.py:161} INFO - Started process (PID=1345) to work on /opt/airflow/dags/utils/clear_xcoms_operator.py
[2026-02-21T10:30:21.043+0000] {processor.py:830} INFO - Processing file /opt/airflow/dags/utils/clear_xcoms_operator.py for tasks to queue
[2026-02-21T10:30:21.044+0000] {logging_mixin.py:188} INFO - [2026-02-21T10:30:21.044+0000] {dagbag.py:540} INFO - Filling up the DagBag from /opt/airflow/dags/utils/clear_xcoms_operator.py
[2026-02-21T10:30:21.048+0000] {processor.py:842} WARNING - No viable dags retrieved from /opt/airflow/dags/utils/clear_xcoms_operator.py
[2026-02-21T10:30:21.073+0000] {processor.py:183} INFO - Processing /opt/airflow/dags/utils/clear_xcoms_operator.py took 0.040 seconds
[2026-02-21T10:30:51.657+0000] {processor.py:161} INFO - Started process (PID=1350) to work on /opt/airflow/dags/utils/clear_xcoms_operator.py
[2026-02-21T10:30:51.659+0000] {processor.py:830} INFO - Processing file /opt/airflow/dags/utils/clear_xcoms_operator.py for tasks to queue
[2026-02-21T10:30:51.660+0000] {logging_mixin.py:188} INFO - [2026-02-21T10:30:51.660+0000] {dagbag.py:540} INFO - Filling up the DagBag from /opt/airflow/dags/utils/clear_xcoms_operator.py
[2026-02-21T10:30:51.665+0000] {processor.py:842} WARNING - No viable dags retrieved from /opt/airflow/dags/utils/clear_xcoms_operator.py
[2026-02-21T10:30:51.700+0000] {processor.py:183} INFO - Processing /opt/airflow/dags/utils/clear_xcoms_operator.py took 0.056 seconds
[2026-02-21T10:31:22.261+0000] {processor.py:161} INFO - Started process (PID=1355) to work on /opt/airflow/dags/utils/clear_xcoms_operator.py
[2026-02-21T10:31:22.262+0000] {processor.py:830} INFO - Processing file /opt/airflow/dags/utils/clear_xcoms_operator.py for tasks to queue
[2026-02-21T10:31:22.264+0000] {logging_mixin.py:188} INFO - [2026-02-21T10:31:22.263+0000] {dagbag.py:540} INFO - Filling up the DagBag from /opt/airflow/dags/utils/clear_xcoms_operator.py
[2026-02-21T10:31:22.267+0000] {processor.py:842} WARNING - No viable dags retrieved from /opt/airflow/dags/utils/clear_xcoms_operator.py
[2026-02-21T10:31:22.295+0000] {processor.py:183} INFO - Processing /opt/airflow/dags/utils/clear_xcoms_operator.py took 0.044 seconds
[2026-02-21T10:31:52.823+0000] {processor.py:161} INFO - Started process (PID=1360) to work on /opt/airflow/dags/utils/clear_xcoms_operator.py
[2026-02-21T10:31:52.825+0000] {processor.py:830} INFO - Processing file /opt/airflow/dags/utils/clear_xcoms_operator.py for tasks to queue
[2026-02-21T10:31:52.826+0000] {logging_mixin.py:188} INFO - [2026-02-21T10:31:52.826+0000] {dagbag.py:540} INFO - Filling up the DagBag from /opt/airflow/dags/utils/clear_xcoms_operator.py
[2026-02-21T10:31:52.830+0000] {processor.py:842} WARNING - No viable dags retrieved from /opt/airflow/dags/utils/clear_xcoms_operator.py
[2026-02-21T10:31:52.858+0000] {processor.py:183} INFO - Processing /opt/airflow/dags/utils/clear_xcoms_operator.py took 0.045 seconds
[2026-02-21T10:32:23.383+0000] {processor.py:161} INFO - Started process (PID=1365) to work on /opt/airflow/dags/utils/clear_xcoms_operator.py
[2026-02-21T10:32:23.385+0000] {processor.py:830} INFO - Processing file /opt/airflow/dags/utils/clear_xcoms_operator.py for tasks to queue
[2026-02-21T10:32:23.386+0000] {logging_mixin.py:188} INFO - [2026-02-21T10:32:23.386+0000] {dagbag.py:540} INFO - Filling up the DagBag from /opt/airflow/dags/utils/clear_xcoms_operator.py
[2026-02-21T10:32:23.391+0000] {processor.py:842} WARNING - No viable dags retrieved from /opt/airflow/dags/utils/clear_xcoms_operator.py
[2026-02-21T10:32:23.421+0000] {processor.py:183} INFO - Processing /opt/airflow/dags/utils/clear_xcoms_operator.py took 0.048 seconds
[2026-02-21T10:32:53.984+0000] {processor.py:161} INFO - Started process (PID=1370) to work on /opt/airflow/dags/utils/clear_xcoms_operator.py
[2026-02-21T10:32:53.986+0000] {processor.py:830} INFO - Processing file /opt/airflow/dags/utils/clear_xcoms_operator.py for tasks to queue
[2026-02-21T10:32:53.987+0000] {logging_mixin.py:188} INFO - [2026-02-21T10:32:53.987+0000] {dagbag.py:540} INFO - Filling up the DagBag from /opt/airflow/dags/utils/clear_xcoms_operator.py
[2026-02-21T10:32:53.991+0000] {processor.py:842} WARNING - No viable dags retrieved from /opt/airflow/dags/utils/clear_xcoms_operator.py
[2026-02-21T10:32:54.019+0000] {processor.py:183} INFO - Processing /opt/airflow/dags/utils/clear_xcoms_operator.py took 0.045 seconds
[2026-02-21T10:33:24.527+0000] {processor.py:161} INFO - Started process (PID=1375) to work on /opt/airflow/dags/utils/clear_xcoms_operator.py
[2026-02-21T10:33:24.529+0000] {processor.py:830} INFO - Processing file /opt/airflow/dags/utils/clear_xcoms_operator.py for tasks to queue
[2026-02-21T10:33:24.530+0000] {logging_mixin.py:188} INFO - [2026-02-21T10:33:24.530+0000] {dagbag.py:540} INFO - Filling up the DagBag from /opt/airflow/dags/utils/clear_xcoms_operator.py
[2026-02-21T10:33:24.534+0000] {processor.py:842} WARNING - No viable dags retrieved from /opt/airflow/dags/utils/clear_xcoms_operator.py
[2026-02-21T10:33:24.562+0000] {processor.py:183} INFO - Processing /opt/airflow/dags/utils/clear_xcoms_operator.py took 0.045 seconds
[2026-02-21T10:33:55.051+0000] {processor.py:161} INFO - Started process (PID=1380) to work on /opt/airflow/dags/utils/clear_xcoms_operator.py
[2026-02-21T10:33:55.053+0000] {processor.py:830} INFO - Processing file /opt/airflow/dags/utils/clear_xcoms_operator.py for tasks to queue
[2026-02-21T10:33:55.055+0000] {logging_mixin.py:188} INFO - [2026-02-21T10:33:55.054+0000] {dagbag.py:540} INFO - Filling up the DagBag from /opt/airflow/dags/utils/clear_xcoms_operator.py
[2026-02-21T10:33:55.060+0000] {processor.py:842} WARNING - No viable dags retrieved from /opt/airflow/dags/utils/clear_xcoms_operator.py
[2026-02-21T10:33:55.095+0000] {processor.py:183} INFO - Processing /opt/airflow/dags/utils/clear_xcoms_operator.py took 0.054 seconds
[2026-02-21T10:34:25.635+0000] {processor.py:161} INFO - Started process (PID=1385) to work on /opt/airflow/dags/utils/clear_xcoms_operator.py
[2026-02-21T10:34:25.636+0000] {processor.py:830} INFO - Processing file /opt/airflow/dags/utils/clear_xcoms_operator.py for tasks to queue
[2026-02-21T10:34:25.638+0000] {logging_mixin.py:188} INFO - [2026-02-21T10:34:25.637+0000] {dagbag.py:540} INFO - Filling up the DagBag from /opt/airflow/dags/utils/clear_xcoms_operator.py
[2026-02-21T10:34:25.642+0000] {processor.py:842} WARNING - No viable dags retrieved from /opt/airflow/dags/utils/clear_xcoms_operator.py
[2026-02-21T10:34:25.668+0000] {processor.py:183} INFO - Processing /opt/airflow/dags/utils/clear_xcoms_operator.py took 0.044 seconds
[2026-02-21T10:34:56.232+0000] {processor.py:161} INFO - Started process (PID=1390) to work on /opt/airflow/dags/utils/clear_xcoms_operator.py
[2026-02-21T10:34:56.234+0000] {processor.py:830} INFO - Processing file /opt/airflow/dags/utils/clear_xcoms_operator.py for tasks to queue
[2026-02-21T10:34:56.236+0000] {logging_mixin.py:188} INFO - [2026-02-21T10:34:56.235+0000] {dagbag.py:540} INFO - Filling up the DagBag from /opt/airflow/dags/utils/clear_xcoms_operator.py
[2026-02-21T10:34:56.240+0000] {processor.py:842} WARNING - No viable dags retrieved from /opt/airflow/dags/utils/clear_xcoms_operator.py
[2026-02-21T10:34:56.271+0000] {processor.py:183} INFO - Processing /opt/airflow/dags/utils/clear_xcoms_operator.py took 0.051 seconds
[2026-02-21T10:35:26.798+0000] {processor.py:161} INFO - Started process (PID=1395) to work on /opt/airflow/dags/utils/clear_xcoms_operator.py
[2026-02-21T10:35:26.800+0000] {processor.py:830} INFO - Processing file /opt/airflow/dags/utils/clear_xcoms_operator.py for tasks to queue
[2026-02-21T10:35:26.801+0000] {logging_mixin.py:188} INFO - [2026-02-21T10:35:26.801+0000] {dagbag.py:540} INFO - Filling up the DagBag from /opt/airflow/dags/utils/clear_xcoms_operator.py
[2026-02-21T10:35:26.805+0000] {processor.py:842} WARNING - No viable dags retrieved from /opt/airflow/dags/utils/clear_xcoms_operator.py
[2026-02-21T10:35:26.831+0000] {processor.py:183} INFO - Processing /opt/airflow/dags/utils/clear_xcoms_operator.py took 0.041 seconds
[2026-02-21T10:35:57.402+0000] {processor.py:161} INFO - Started process (PID=1400) to work on /opt/airflow/dags/utils/clear_xcoms_operator.py
[2026-02-21T10:35:57.405+0000] {processor.py:830} INFO - Processing file /opt/airflow/dags/utils/clear_xcoms_operator.py for tasks to queue
[2026-02-21T10:35:57.406+0000] {logging_mixin.py:188} INFO - [2026-02-21T10:35:57.406+0000] {dagbag.py:540} INFO - Filling up the DagBag from /opt/airflow/dags/utils/clear_xcoms_operator.py
[2026-02-21T10:35:57.411+0000] {processor.py:842} WARNING - No viable dags retrieved from /opt/airflow/dags/utils/clear_xcoms_operator.py
[2026-02-21T10:35:57.443+0000] {processor.py:183} INFO - Processing /opt/airflow/dags/utils/clear_xcoms_operator.py took 0.051 seconds
[2026-02-21T10:36:28.011+0000] {processor.py:161} INFO - Started process (PID=1405) to work on /opt/airflow/dags/utils/clear_xcoms_operator.py
[2026-02-21T10:36:28.013+0000] {processor.py:830} INFO - Processing file /opt/airflow/dags/utils/clear_xcoms_operator.py for tasks to queue
[2026-02-21T10:36:28.021+0000] {logging_mixin.py:188} INFO - [2026-02-21T10:36:28.015+0000] {dagbag.py:540} INFO - Filling up the DagBag from /opt/airflow/dags/utils/clear_xcoms_operator.py
[2026-02-21T10:36:28.040+0000] {processor.py:842} WARNING - No viable dags retrieved from /opt/airflow/dags/utils/clear_xcoms_operator.py
[2026-02-21T10:36:28.086+0000] {processor.py:183} INFO - Processing /opt/airflow/dags/utils/clear_xcoms_operator.py took 0.092 seconds
[2026-02-21T10:36:58.652+0000] {processor.py:161} INFO - Started process (PID=1410) to work on /opt/airflow/dags/utils/clear_xcoms_operator.py
[2026-02-21T10:36:58.654+0000] {processor.py:830} INFO - Processing file /opt/airflow/dags/utils/clear_xcoms_operator.py for tasks to queue
[2026-02-21T10:36:58.655+0000] {logging_mixin.py:188} INFO - [2026-02-21T10:36:58.655+0000] {dagbag.py:540} INFO - Filling up the DagBag from /opt/airflow/dags/utils/clear_xcoms_operator.py
[2026-02-21T10:36:58.660+0000] {processor.py:842} WARNING - No viable dags retrieved from /opt/airflow/dags/utils/clear_xcoms_operator.py
[2026-02-21T10:36:58.687+0000] {processor.py:183} INFO - Processing /opt/airflow/dags/utils/clear_xcoms_operator.py took 0.044 seconds
[2026-02-21T10:37:29.251+0000] {processor.py:161} INFO - Started process (PID=1415) to work on /opt/airflow/dags/utils/clear_xcoms_operator.py
[2026-02-21T10:37:29.252+0000] {processor.py:830} INFO - Processing file /opt/airflow/dags/utils/clear_xcoms_operator.py for tasks to queue
[2026-02-21T10:37:29.253+0000] {logging_mixin.py:188} INFO - [2026-02-21T10:37:29.253+0000] {dagbag.py:540} INFO - Filling up the DagBag from /opt/airflow/dags/utils/clear_xcoms_operator.py
[2026-02-21T10:37:29.258+0000] {processor.py:842} WARNING - No viable dags retrieved from /opt/airflow/dags/utils/clear_xcoms_operator.py
[2026-02-21T10:37:29.285+0000] {processor.py:183} INFO - Processing /opt/airflow/dags/utils/clear_xcoms_operator.py took 0.045 seconds
[2026-02-21T10:37:59.800+0000] {processor.py:161} INFO - Started process (PID=1420) to work on /opt/airflow/dags/utils/clear_xcoms_operator.py
[2026-02-21T10:37:59.802+0000] {processor.py:830} INFO - Processing file /opt/airflow/dags/utils/clear_xcoms_operator.py for tasks to queue
[2026-02-21T10:37:59.803+0000] {logging_mixin.py:188} INFO - [2026-02-21T10:37:59.803+0000] {dagbag.py:540} INFO - Filling up the DagBag from /opt/airflow/dags/utils/clear_xcoms_operator.py
[2026-02-21T10:37:59.808+0000] {processor.py:842} WARNING - No viable dags retrieved from /opt/airflow/dags/utils/clear_xcoms_operator.py
[2026-02-21T10:37:59.836+0000] {processor.py:183} INFO - Processing /opt/airflow/dags/utils/clear_xcoms_operator.py took 0.047 seconds
[2026-02-21T10:38:30.450+0000] {processor.py:161} INFO - Started process (PID=1425) to work on /opt/airflow/dags/utils/clear_xcoms_operator.py
[2026-02-21T10:38:30.451+0000] {processor.py:830} INFO - Processing file /opt/airflow/dags/utils/clear_xcoms_operator.py for tasks to queue
[2026-02-21T10:38:30.452+0000] {logging_mixin.py:188} INFO - [2026-02-21T10:38:30.452+0000] {dagbag.py:540} INFO - Filling up the DagBag from /opt/airflow/dags/utils/clear_xcoms_operator.py
[2026-02-21T10:38:30.456+0000] {processor.py:842} WARNING - No viable dags retrieved from /opt/airflow/dags/utils/clear_xcoms_operator.py
[2026-02-21T10:38:30.483+0000] {processor.py:183} INFO - Processing /opt/airflow/dags/utils/clear_xcoms_operator.py took 0.043 seconds
[2026-02-21T10:39:01.134+0000] {processor.py:161} INFO - Started process (PID=1430) to work on /opt/airflow/dags/utils/clear_xcoms_operator.py
[2026-02-21T10:39:01.137+0000] {processor.py:830} INFO - Processing file /opt/airflow/dags/utils/clear_xcoms_operator.py for tasks to queue
[2026-02-21T10:39:01.139+0000] {logging_mixin.py:188} INFO - [2026-02-21T10:39:01.138+0000] {dagbag.py:540} INFO - Filling up the DagBag from /opt/airflow/dags/utils/clear_xcoms_operator.py
[2026-02-21T10:39:01.146+0000] {processor.py:842} WARNING - No viable dags retrieved from /opt/airflow/dags/utils/clear_xcoms_operator.py
[2026-02-21T10:39:01.184+0000] {processor.py:183} INFO - Processing /opt/airflow/dags/utils/clear_xcoms_operator.py took 0.063 seconds
[2026-02-21T10:39:31.743+0000] {processor.py:161} INFO - Started process (PID=1435) to work on /opt/airflow/dags/utils/clear_xcoms_operator.py
[2026-02-21T10:39:31.745+0000] {processor.py:830} INFO - Processing file /opt/airflow/dags/utils/clear_xcoms_operator.py for tasks to queue
[2026-02-21T10:39:31.746+0000] {logging_mixin.py:188} INFO - [2026-02-21T10:39:31.745+0000] {dagbag.py:540} INFO - Filling up the DagBag from /opt/airflow/dags/utils/clear_xcoms_operator.py
[2026-02-21T10:39:31.749+0000] {processor.py:842} WARNING - No viable dags retrieved from /opt/airflow/dags/utils/clear_xcoms_operator.py
[2026-02-21T10:39:31.777+0000] {processor.py:183} INFO - Processing /opt/airflow/dags/utils/clear_xcoms_operator.py took 0.043 seconds
[2026-02-21T10:40:02.293+0000] {processor.py:161} INFO - Started process (PID=1440) to work on /opt/airflow/dags/utils/clear_xcoms_operator.py
[2026-02-21T10:40:02.295+0000] {processor.py:830} INFO - Processing file /opt/airflow/dags/utils/clear_xcoms_operator.py for tasks to queue
[2026-02-21T10:40:02.297+0000] {logging_mixin.py:188} INFO - [2026-02-21T10:40:02.296+0000] {dagbag.py:540} INFO - Filling up the DagBag from /opt/airflow/dags/utils/clear_xcoms_operator.py
[2026-02-21T10:40:02.301+0000] {processor.py:842} WARNING - No viable dags retrieved from /opt/airflow/dags/utils/clear_xcoms_operator.py
[2026-02-21T10:40:02.331+0000] {processor.py:183} INFO - Processing /opt/airflow/dags/utils/clear_xcoms_operator.py took 0.049 seconds
[2026-02-21T10:40:32.836+0000] {processor.py:161} INFO - Started process (PID=1445) to work on /opt/airflow/dags/utils/clear_xcoms_operator.py
[2026-02-21T10:40:32.837+0000] {processor.py:830} INFO - Processing file /opt/airflow/dags/utils/clear_xcoms_operator.py for tasks to queue
[2026-02-21T10:40:32.838+0000] {logging_mixin.py:188} INFO - [2026-02-21T10:40:32.838+0000] {dagbag.py:540} INFO - Filling up the DagBag from /opt/airflow/dags/utils/clear_xcoms_operator.py
[2026-02-21T10:40:32.842+0000] {processor.py:842} WARNING - No viable dags retrieved from /opt/airflow/dags/utils/clear_xcoms_operator.py
[2026-02-21T10:40:32.869+0000] {processor.py:183} INFO - Processing /opt/airflow/dags/utils/clear_xcoms_operator.py took 0.043 seconds
[2026-02-21T10:41:03.423+0000] {processor.py:161} INFO - Started process (PID=1450) to work on /opt/airflow/dags/utils/clear_xcoms_operator.py
[2026-02-21T10:41:03.425+0000] {processor.py:830} INFO - Processing file /opt/airflow/dags/utils/clear_xcoms_operator.py for tasks to queue
[2026-02-21T10:41:03.426+0000] {logging_mixin.py:188} INFO - [2026-02-21T10:41:03.426+0000] {dagbag.py:540} INFO - Filling up the DagBag from /opt/airflow/dags/utils/clear_xcoms_operator.py
[2026-02-21T10:41:03.430+0000] {processor.py:842} WARNING - No viable dags retrieved from /opt/airflow/dags/utils/clear_xcoms_operator.py
[2026-02-21T10:41:03.460+0000] {processor.py:183} INFO - Processing /opt/airflow/dags/utils/clear_xcoms_operator.py took 0.047 seconds
[2026-02-21T10:41:34.006+0000] {processor.py:161} INFO - Started process (PID=1455) to work on /opt/airflow/dags/utils/clear_xcoms_operator.py
[2026-02-21T10:41:34.007+0000] {processor.py:830} INFO - Processing file /opt/airflow/dags/utils/clear_xcoms_operator.py for tasks to queue
[2026-02-21T10:41:34.009+0000] {logging_mixin.py:188} INFO - [2026-02-21T10:41:34.008+0000] {dagbag.py:540} INFO - Filling up the DagBag from /opt/airflow/dags/utils/clear_xcoms_operator.py
[2026-02-21T10:41:34.013+0000] {processor.py:842} WARNING - No viable dags retrieved from /opt/airflow/dags/utils/clear_xcoms_operator.py
[2026-02-21T10:41:34.039+0000] {processor.py:183} INFO - Processing /opt/airflow/dags/utils/clear_xcoms_operator.py took 0.042 seconds
[2026-02-21T10:42:04.557+0000] {processor.py:161} INFO - Started process (PID=1460) to work on /opt/airflow/dags/utils/clear_xcoms_operator.py
[2026-02-21T10:42:04.559+0000] {processor.py:830} INFO - Processing file /opt/airflow/dags/utils/clear_xcoms_operator.py for tasks to queue
[2026-02-21T10:42:04.560+0000] {logging_mixin.py:188} INFO - [2026-02-21T10:42:04.560+0000] {dagbag.py:540} INFO - Filling up the DagBag from /opt/airflow/dags/utils/clear_xcoms_operator.py
[2026-02-21T10:42:04.565+0000] {processor.py:842} WARNING - No viable dags retrieved from /opt/airflow/dags/utils/clear_xcoms_operator.py
[2026-02-21T10:42:04.595+0000] {processor.py:183} INFO - Processing /opt/airflow/dags/utils/clear_xcoms_operator.py took 0.048 seconds
[2026-02-21T10:42:35.110+0000] {processor.py:161} INFO - Started process (PID=1465) to work on /opt/airflow/dags/utils/clear_xcoms_operator.py
[2026-02-21T10:42:35.111+0000] {processor.py:830} INFO - Processing file /opt/airflow/dags/utils/clear_xcoms_operator.py for tasks to queue
[2026-02-21T10:42:35.113+0000] {logging_mixin.py:188} INFO - [2026-02-21T10:42:35.112+0000] {dagbag.py:540} INFO - Filling up the DagBag from /opt/airflow/dags/utils/clear_xcoms_operator.py
[2026-02-21T10:42:35.117+0000] {processor.py:842} WARNING - No viable dags retrieved from /opt/airflow/dags/utils/clear_xcoms_operator.py
[2026-02-21T10:42:35.144+0000] {processor.py:183} INFO - Processing /opt/airflow/dags/utils/clear_xcoms_operator.py took 0.043 seconds
[2026-02-21T10:43:05.688+0000] {processor.py:161} INFO - Started process (PID=1470) to work on /opt/airflow/dags/utils/clear_xcoms_operator.py
[2026-02-21T10:43:05.690+0000] {processor.py:830} INFO - Processing file /opt/airflow/dags/utils/clear_xcoms_operator.py for tasks to queue
[2026-02-21T10:43:05.691+0000] {logging_mixin.py:188} INFO - [2026-02-21T10:43:05.691+0000] {dagbag.py:540} INFO - Filling up the DagBag from /opt/airflow/dags/utils/clear_xcoms_operator.py
[2026-02-21T10:43:05.695+0000] {processor.py:842} WARNING - No viable dags retrieved from /opt/airflow/dags/utils/clear_xcoms_operator.py
[2026-02-21T10:43:05.722+0000] {processor.py:183} INFO - Processing /opt/airflow/dags/utils/clear_xcoms_operator.py took 0.045 seconds
[2026-02-21T10:43:36.271+0000] {processor.py:161} INFO - Started process (PID=1475) to work on /opt/airflow/dags/utils/clear_xcoms_operator.py
[2026-02-21T10:43:36.273+0000] {processor.py:830} INFO - Processing file /opt/airflow/dags/utils/clear_xcoms_operator.py for tasks to queue
[2026-02-21T10:43:36.274+0000] {logging_mixin.py:188} INFO - [2026-02-21T10:43:36.274+0000] {dagbag.py:540} INFO - Filling up the DagBag from /opt/airflow/dags/utils/clear_xcoms_operator.py
[2026-02-21T10:43:36.278+0000] {processor.py:842} WARNING - No viable dags retrieved from /opt/airflow/dags/utils/clear_xcoms_operator.py
[2026-02-21T10:43:36.307+0000] {processor.py:183} INFO - Processing /opt/airflow/dags/utils/clear_xcoms_operator.py took 0.046 seconds
[2026-02-21T10:44:06.813+0000] {processor.py:161} INFO - Started process (PID=1480) to work on /opt/airflow/dags/utils/clear_xcoms_operator.py
[2026-02-21T10:44:06.815+0000] {processor.py:830} INFO - Processing file /opt/airflow/dags/utils/clear_xcoms_operator.py for tasks to queue
[2026-02-21T10:44:06.817+0000] {logging_mixin.py:188} INFO - [2026-02-21T10:44:06.816+0000] {dagbag.py:540} INFO - Filling up the DagBag from /opt/airflow/dags/utils/clear_xcoms_operator.py
[2026-02-21T10:44:06.821+0000] {processor.py:842} WARNING - No viable dags retrieved from /opt/airflow/dags/utils/clear_xcoms_operator.py
[2026-02-21T10:44:06.849+0000] {processor.py:183} INFO - Processing /opt/airflow/dags/utils/clear_xcoms_operator.py took 0.046 seconds
[2026-02-21T10:44:37.384+0000] {processor.py:161} INFO - Started process (PID=1485) to work on /opt/airflow/dags/utils/clear_xcoms_operator.py
[2026-02-21T10:44:37.386+0000] {processor.py:830} INFO - Processing file /opt/airflow/dags/utils/clear_xcoms_operator.py for tasks to queue
[2026-02-21T10:44:37.387+0000] {logging_mixin.py:188} INFO - [2026-02-21T10:44:37.387+0000] {dagbag.py:540} INFO - Filling up the DagBag from /opt/airflow/dags/utils/clear_xcoms_operator.py
[2026-02-21T10:44:37.392+0000] {processor.py:842} WARNING - No viable dags retrieved from /opt/airflow/dags/utils/clear_xcoms_operator.py
[2026-02-21T10:44:37.420+0000] {processor.py:183} INFO - Processing /opt/airflow/dags/utils/clear_xcoms_operator.py took 0.046 seconds
[2026-02-21T10:46:42.823+0000] {processor.py:161} INFO - Started process (PID=1490) to work on /opt/airflow/dags/utils/clear_xcoms_operator.py
[2026-02-21T10:46:42.825+0000] {processor.py:830} INFO - Processing file /opt/airflow/dags/utils/clear_xcoms_operator.py for tasks to queue
[2026-02-21T10:46:42.826+0000] {logging_mixin.py:188} INFO - [2026-02-21T10:46:42.826+0000] {dagbag.py:540} INFO - Filling up the DagBag from /opt/airflow/dags/utils/clear_xcoms_operator.py
[2026-02-21T10:46:42.831+0000] {processor.py:842} WARNING - No viable dags retrieved from /opt/airflow/dags/utils/clear_xcoms_operator.py
[2026-02-21T10:46:42.857+0000] {processor.py:183} INFO - Processing /opt/airflow/dags/utils/clear_xcoms_operator.py took 0.044 seconds
[2026-02-21T10:47:14.559+0000] {processor.py:161} INFO - Started process (PID=1495) to work on /opt/airflow/dags/utils/clear_xcoms_operator.py
[2026-02-21T10:47:14.561+0000] {processor.py:830} INFO - Processing file /opt/airflow/dags/utils/clear_xcoms_operator.py for tasks to queue
[2026-02-21T10:47:14.562+0000] {logging_mixin.py:188} INFO - [2026-02-21T10:47:14.562+0000] {dagbag.py:540} INFO - Filling up the DagBag from /opt/airflow/dags/utils/clear_xcoms_operator.py
[2026-02-21T10:47:14.568+0000] {processor.py:842} WARNING - No viable dags retrieved from /opt/airflow/dags/utils/clear_xcoms_operator.py
[2026-02-21T10:47:14.598+0000] {processor.py:183} INFO - Processing /opt/airflow/dags/utils/clear_xcoms_operator.py took 0.048 seconds
[2026-02-21T10:47:44.447+0000] {processor.py:161} INFO - Started process (PID=1501) to work on /opt/airflow/dags/utils/clear_xcoms_operator.py
[2026-02-21T10:47:44.449+0000] {processor.py:830} INFO - Processing file /opt/airflow/dags/utils/clear_xcoms_operator.py for tasks to queue
[2026-02-21T10:47:44.450+0000] {logging_mixin.py:188} INFO - [2026-02-21T10:47:44.450+0000] {dagbag.py:540} INFO - Filling up the DagBag from /opt/airflow/dags/utils/clear_xcoms_operator.py
[2026-02-21T10:47:44.455+0000] {processor.py:842} WARNING - No viable dags retrieved from /opt/airflow/dags/utils/clear_xcoms_operator.py
[2026-02-21T10:47:44.485+0000] {processor.py:183} INFO - Processing /opt/airflow/dags/utils/clear_xcoms_operator.py took 0.048 seconds
[2026-02-21T10:48:15.119+0000] {processor.py:161} INFO - Started process (PID=1506) to work on /opt/airflow/dags/utils/clear_xcoms_operator.py
[2026-02-21T10:48:15.121+0000] {processor.py:830} INFO - Processing file /opt/airflow/dags/utils/clear_xcoms_operator.py for tasks to queue
[2026-02-21T10:48:15.123+0000] {logging_mixin.py:188} INFO - [2026-02-21T10:48:15.122+0000] {dagbag.py:540} INFO - Filling up the DagBag from /opt/airflow/dags/utils/clear_xcoms_operator.py
[2026-02-21T10:48:15.127+0000] {processor.py:842} WARNING - No viable dags retrieved from /opt/airflow/dags/utils/clear_xcoms_operator.py
[2026-02-21T10:48:15.162+0000] {processor.py:183} INFO - Processing /opt/airflow/dags/utils/clear_xcoms_operator.py took 0.054 seconds
[2026-02-21T10:48:45.838+0000] {processor.py:161} INFO - Started process (PID=1511) to work on /opt/airflow/dags/utils/clear_xcoms_operator.py
[2026-02-21T10:48:45.840+0000] {processor.py:830} INFO - Processing file /opt/airflow/dags/utils/clear_xcoms_operator.py for tasks to queue
[2026-02-21T10:48:45.842+0000] {logging_mixin.py:188} INFO - [2026-02-21T10:48:45.841+0000] {dagbag.py:540} INFO - Filling up the DagBag from /opt/airflow/dags/utils/clear_xcoms_operator.py
[2026-02-21T10:48:45.846+0000] {processor.py:842} WARNING - No viable dags retrieved from /opt/airflow/dags/utils/clear_xcoms_operator.py
[2026-02-21T10:48:45.878+0000] {processor.py:183} INFO - Processing /opt/airflow/dags/utils/clear_xcoms_operator.py took 0.049 seconds
[2026-02-21T10:49:16.559+0000] {processor.py:161} INFO - Started process (PID=1516) to work on /opt/airflow/dags/utils/clear_xcoms_operator.py
[2026-02-21T10:49:16.561+0000] {processor.py:830} INFO - Processing file /opt/airflow/dags/utils/clear_xcoms_operator.py for tasks to queue
[2026-02-21T10:49:16.563+0000] {logging_mixin.py:188} INFO - [2026-02-21T10:49:16.562+0000] {dagbag.py:540} INFO - Filling up the DagBag from /opt/airflow/dags/utils/clear_xcoms_operator.py
[2026-02-21T10:49:16.569+0000] {processor.py:842} WARNING - No viable dags retrieved from /opt/airflow/dags/utils/clear_xcoms_operator.py
[2026-02-21T10:49:16.600+0000] {processor.py:183} INFO - Processing /opt/airflow/dags/utils/clear_xcoms_operator.py took 0.051 seconds
[2026-02-21T10:49:47.213+0000] {processor.py:161} INFO - Started process (PID=1521) to work on /opt/airflow/dags/utils/clear_xcoms_operator.py
[2026-02-21T10:49:47.215+0000] {processor.py:830} INFO - Processing file /opt/airflow/dags/utils/clear_xcoms_operator.py for tasks to queue
[2026-02-21T10:49:47.217+0000] {logging_mixin.py:188} INFO - [2026-02-21T10:49:47.216+0000] {dagbag.py:540} INFO - Filling up the DagBag from /opt/airflow/dags/utils/clear_xcoms_operator.py
[2026-02-21T10:49:47.221+0000] {processor.py:842} WARNING - No viable dags retrieved from /opt/airflow/dags/utils/clear_xcoms_operator.py
[2026-02-21T10:49:47.250+0000] {processor.py:183} INFO - Processing /opt/airflow/dags/utils/clear_xcoms_operator.py took 0.048 seconds
[2026-02-21T10:50:17.690+0000] {processor.py:161} INFO - Started process (PID=1526) to work on /opt/airflow/dags/utils/clear_xcoms_operator.py
[2026-02-21T10:50:17.691+0000] {processor.py:830} INFO - Processing file /opt/airflow/dags/utils/clear_xcoms_operator.py for tasks to queue
[2026-02-21T10:50:17.692+0000] {logging_mixin.py:188} INFO - [2026-02-21T10:50:17.692+0000] {dagbag.py:540} INFO - Filling up the DagBag from /opt/airflow/dags/utils/clear_xcoms_operator.py
[2026-02-21T10:50:17.697+0000] {processor.py:842} WARNING - No viable dags retrieved from /opt/airflow/dags/utils/clear_xcoms_operator.py
[2026-02-21T10:50:17.723+0000] {processor.py:183} INFO - Processing /opt/airflow/dags/utils/clear_xcoms_operator.py took 0.044 seconds
[2026-02-21T10:50:48.411+0000] {processor.py:161} INFO - Started process (PID=1531) to work on /opt/airflow/dags/utils/clear_xcoms_operator.py
[2026-02-21T10:50:48.413+0000] {processor.py:830} INFO - Processing file /opt/airflow/dags/utils/clear_xcoms_operator.py for tasks to queue
[2026-02-21T10:50:48.415+0000] {logging_mixin.py:188} INFO - [2026-02-21T10:50:48.414+0000] {dagbag.py:540} INFO - Filling up the DagBag from /opt/airflow/dags/utils/clear_xcoms_operator.py
[2026-02-21T10:50:48.419+0000] {processor.py:842} WARNING - No viable dags retrieved from /opt/airflow/dags/utils/clear_xcoms_operator.py
[2026-02-21T10:50:48.449+0000] {processor.py:183} INFO - Processing /opt/airflow/dags/utils/clear_xcoms_operator.py took 0.048 seconds
[2026-02-21T10:51:18.954+0000] {processor.py:161} INFO - Started process (PID=1536) to work on /opt/airflow/dags/utils/clear_xcoms_operator.py
[2026-02-21T10:51:18.955+0000] {processor.py:830} INFO - Processing file /opt/airflow/dags/utils/clear_xcoms_operator.py for tasks to queue
[2026-02-21T10:51:18.957+0000] {logging_mixin.py:188} INFO - [2026-02-21T10:51:18.956+0000] {dagbag.py:540} INFO - Filling up the DagBag from /opt/airflow/dags/utils/clear_xcoms_operator.py
[2026-02-21T10:51:18.961+0000] {processor.py:842} WARNING - No viable dags retrieved from /opt/airflow/dags/utils/clear_xcoms_operator.py
[2026-02-21T10:51:18.991+0000] {processor.py:183} INFO - Processing /opt/airflow/dags/utils/clear_xcoms_operator.py took 0.046 seconds
[2026-02-21T10:51:49.660+0000] {processor.py:161} INFO - Started process (PID=1541) to work on /opt/airflow/dags/utils/clear_xcoms_operator.py
[2026-02-21T10:51:49.663+0000] {processor.py:830} INFO - Processing file /opt/airflow/dags/utils/clear_xcoms_operator.py for tasks to queue
[2026-02-21T10:51:49.664+0000] {logging_mixin.py:188} INFO - [2026-02-21T10:51:49.663+0000] {dagbag.py:540} INFO - Filling up the DagBag from /opt/airflow/dags/utils/clear_xcoms_operator.py
[2026-02-21T10:51:49.668+0000] {processor.py:842} WARNING - No viable dags retrieved from /opt/airflow/dags/utils/clear_xcoms_operator.py
[2026-02-21T10:51:49.700+0000] {processor.py:183} INFO - Processing /opt/airflow/dags/utils/clear_xcoms_operator.py took 0.050 seconds
[2026-02-21T10:52:20.137+0000] {processor.py:161} INFO - Started process (PID=1546) to work on /opt/airflow/dags/utils/clear_xcoms_operator.py
[2026-02-21T10:52:20.139+0000] {processor.py:830} INFO - Processing file /opt/airflow/dags/utils/clear_xcoms_operator.py for tasks to queue
[2026-02-21T10:52:20.141+0000] {logging_mixin.py:188} INFO - [2026-02-21T10:52:20.140+0000] {dagbag.py:540} INFO - Filling up the DagBag from /opt/airflow/dags/utils/clear_xcoms_operator.py
[2026-02-21T10:52:20.145+0000] {processor.py:842} WARNING - No viable dags retrieved from /opt/airflow/dags/utils/clear_xcoms_operator.py
[2026-02-21T10:52:20.173+0000] {processor.py:183} INFO - Processing /opt/airflow/dags/utils/clear_xcoms_operator.py took 0.048 seconds
[2026-02-21T10:52:50.900+0000] {processor.py:161} INFO - Started process (PID=1551) to work on /opt/airflow/dags/utils/clear_xcoms_operator.py
[2026-02-21T10:52:50.901+0000] {processor.py:830} INFO - Processing file /opt/airflow/dags/utils/clear_xcoms_operator.py for tasks to queue
[2026-02-21T10:52:50.903+0000] {logging_mixin.py:188} INFO - [2026-02-21T10:52:50.902+0000] {dagbag.py:540} INFO - Filling up the DagBag from /opt/airflow/dags/utils/clear_xcoms_operator.py
[2026-02-21T10:52:50.908+0000] {processor.py:842} WARNING - No viable dags retrieved from /opt/airflow/dags/utils/clear_xcoms_operator.py
[2026-02-21T10:52:50.938+0000] {processor.py:183} INFO - Processing /opt/airflow/dags/utils/clear_xcoms_operator.py took 0.050 seconds
[2026-02-21T10:53:21.378+0000] {processor.py:161} INFO - Started process (PID=1556) to work on /opt/airflow/dags/utils/clear_xcoms_operator.py
[2026-02-21T10:53:21.381+0000] {processor.py:830} INFO - Processing file /opt/airflow/dags/utils/clear_xcoms_operator.py for tasks to queue
[2026-02-21T10:53:21.382+0000] {logging_mixin.py:188} INFO - [2026-02-21T10:53:21.381+0000] {dagbag.py:540} INFO - Filling up the DagBag from /opt/airflow/dags/utils/clear_xcoms_operator.py
[2026-02-21T10:53:21.386+0000] {processor.py:842} WARNING - No viable dags retrieved from /opt/airflow/dags/utils/clear_xcoms_operator.py
[2026-02-21T10:53:21.414+0000] {processor.py:183} INFO - Processing /opt/airflow/dags/utils/clear_xcoms_operator.py took 0.047 seconds
[2026-02-21T10:53:52.146+0000] {processor.py:161} INFO - Started process (PID=1561) to work on /opt/airflow/dags/utils/clear_xcoms_operator.py
[2026-02-21T10:53:52.148+0000] {processor.py:830} INFO - Processing file /opt/airflow/dags/utils/clear_xcoms_operator.py for tasks to queue
[2026-02-21T10:53:52.149+0000] {logging_mixin.py:188} INFO - [2026-02-21T10:53:52.149+0000] {dagbag.py:540} INFO - Filling up the DagBag from /opt/airflow/dags/utils/clear_xcoms_operator.py
[2026-02-21T10:53:52.154+0000] {processor.py:842} WARNING - No viable dags retrieved from /opt/airflow/dags/utils/clear_xcoms_operator.py
[2026-02-21T10:53:52.185+0000] {processor.py:183} INFO - Processing /opt/airflow/dags/utils/clear_xcoms_operator.py took 0.049 seconds
[2026-02-21T10:54:22.638+0000] {processor.py:161} INFO - Started process (PID=1566) to work on /opt/airflow/dags/utils/clear_xcoms_operator.py
[2026-02-21T10:54:22.640+0000] {processor.py:830} INFO - Processing file /opt/airflow/dags/utils/clear_xcoms_operator.py for tasks to queue
[2026-02-21T10:54:22.641+0000] {logging_mixin.py:188} INFO - [2026-02-21T10:54:22.640+0000] {dagbag.py:540} INFO - Filling up the DagBag from /opt/airflow/dags/utils/clear_xcoms_operator.py
[2026-02-21T10:54:22.645+0000] {processor.py:842} WARNING - No viable dags retrieved from /opt/airflow/dags/utils/clear_xcoms_operator.py
[2026-02-21T10:54:22.672+0000] {processor.py:183} INFO - Processing /opt/airflow/dags/utils/clear_xcoms_operator.py took 0.045 seconds
[2026-02-21T10:54:53.399+0000] {processor.py:161} INFO - Started process (PID=1571) to work on /opt/airflow/dags/utils/clear_xcoms_operator.py
[2026-02-21T10:54:53.400+0000] {processor.py:830} INFO - Processing file /opt/airflow/dags/utils/clear_xcoms_operator.py for tasks to queue
[2026-02-21T10:54:53.402+0000] {logging_mixin.py:188} INFO - [2026-02-21T10:54:53.401+0000] {dagbag.py:540} INFO - Filling up the DagBag from /opt/airflow/dags/utils/clear_xcoms_operator.py
[2026-02-21T10:54:53.407+0000] {processor.py:842} WARNING - No viable dags retrieved from /opt/airflow/dags/utils/clear_xcoms_operator.py
[2026-02-21T10:54:53.438+0000] {processor.py:183} INFO - Processing /opt/airflow/dags/utils/clear_xcoms_operator.py took 0.062 seconds
[2026-02-21T10:55:23.895+0000] {processor.py:161} INFO - Started process (PID=1576) to work on /opt/airflow/dags/utils/clear_xcoms_operator.py
[2026-02-21T10:55:23.897+0000] {processor.py:830} INFO - Processing file /opt/airflow/dags/utils/clear_xcoms_operator.py for tasks to queue
[2026-02-21T10:55:23.898+0000] {logging_mixin.py:188} INFO - [2026-02-21T10:55:23.897+0000] {dagbag.py:540} INFO - Filling up the DagBag from /opt/airflow/dags/utils/clear_xcoms_operator.py
[2026-02-21T10:55:23.902+0000] {processor.py:842} WARNING - No viable dags retrieved from /opt/airflow/dags/utils/clear_xcoms_operator.py
[2026-02-21T10:55:23.929+0000] {processor.py:183} INFO - Processing /opt/airflow/dags/utils/clear_xcoms_operator.py took 0.044 seconds
[2026-02-21T10:55:54.741+0000] {processor.py:161} INFO - Started process (PID=1581) to work on /opt/airflow/dags/utils/clear_xcoms_operator.py
[2026-02-21T10:55:54.744+0000] {processor.py:830} INFO - Processing file /opt/airflow/dags/utils/clear_xcoms_operator.py for tasks to queue
[2026-02-21T10:55:54.746+0000] {logging_mixin.py:188} INFO - [2026-02-21T10:55:54.745+0000] {dagbag.py:540} INFO - Filling up the DagBag from /opt/airflow/dags/utils/clear_xcoms_operator.py
[2026-02-21T10:55:54.751+0000] {processor.py:842} WARNING - No viable dags retrieved from /opt/airflow/dags/utils/clear_xcoms_operator.py
[2026-02-21T10:55:54.794+0000] {processor.py:183} INFO - Processing /opt/airflow/dags/utils/clear_xcoms_operator.py took 0.067 seconds
[2026-02-21T10:56:25.435+0000] {processor.py:161} INFO - Started process (PID=1586) to work on /opt/airflow/dags/utils/clear_xcoms_operator.py
[2026-02-21T10:56:25.437+0000] {processor.py:830} INFO - Processing file /opt/airflow/dags/utils/clear_xcoms_operator.py for tasks to queue
[2026-02-21T10:56:25.438+0000] {logging_mixin.py:188} INFO - [2026-02-21T10:56:25.438+0000] {dagbag.py:540} INFO - Filling up the DagBag from /opt/airflow/dags/utils/clear_xcoms_operator.py
[2026-02-21T10:56:25.442+0000] {processor.py:842} WARNING - No viable dags retrieved from /opt/airflow/dags/utils/clear_xcoms_operator.py
[2026-02-21T10:56:25.467+0000] {processor.py:183} INFO - Processing /opt/airflow/dags/utils/clear_xcoms_operator.py took 0.046 seconds
[2026-02-21T10:56:56.086+0000] {processor.py:161} INFO - Started process (PID=1591) to work on /opt/airflow/dags/utils/clear_xcoms_operator.py
[2026-02-21T10:56:56.087+0000] {processor.py:830} INFO - Processing file /opt/airflow/dags/utils/clear_xcoms_operator.py for tasks to queue
[2026-02-21T10:56:56.089+0000] {logging_mixin.py:188} INFO - [2026-02-21T10:56:56.088+0000] {dagbag.py:540} INFO - Filling up the DagBag from /opt/airflow/dags/utils/clear_xcoms_operator.py
[2026-02-21T10:56:56.093+0000] {processor.py:842} WARNING - No viable dags retrieved from /opt/airflow/dags/utils/clear_xcoms_operator.py
[2026-02-21T10:56:56.123+0000] {processor.py:183} INFO - Processing /opt/airflow/dags/utils/clear_xcoms_operator.py took 0.049 seconds
[2026-02-21T10:57:26.495+0000] {processor.py:161} INFO - Started process (PID=1596) to work on /opt/airflow/dags/utils/clear_xcoms_operator.py
[2026-02-21T10:57:26.498+0000] {processor.py:830} INFO - Processing file /opt/airflow/dags/utils/clear_xcoms_operator.py for tasks to queue
[2026-02-21T10:57:26.500+0000] {logging_mixin.py:188} INFO - [2026-02-21T10:57:26.499+0000] {dagbag.py:540} INFO - Filling up the DagBag from /opt/airflow/dags/utils/clear_xcoms_operator.py
[2026-02-21T10:57:26.505+0000] {processor.py:842} WARNING - No viable dags retrieved from /opt/airflow/dags/utils/clear_xcoms_operator.py
[2026-02-21T10:57:26.537+0000] {processor.py:183} INFO - Processing /opt/airflow/dags/utils/clear_xcoms_operator.py took 0.058 seconds
[2026-02-21T10:57:57.524+0000] {processor.py:161} INFO - Started process (PID=1601) to work on /opt/airflow/dags/utils/clear_xcoms_operator.py
[2026-02-21T10:57:57.526+0000] {processor.py:830} INFO - Processing file /opt/airflow/dags/utils/clear_xcoms_operator.py for tasks to queue
[2026-02-21T10:57:57.528+0000] {logging_mixin.py:188} INFO - [2026-02-21T10:57:57.527+0000] {dagbag.py:540} INFO - Filling up the DagBag from /opt/airflow/dags/utils/clear_xcoms_operator.py
[2026-02-21T10:57:57.533+0000] {processor.py:842} WARNING - No viable dags retrieved from /opt/airflow/dags/utils/clear_xcoms_operator.py
[2026-02-21T10:57:57.564+0000] {processor.py:183} INFO - Processing /opt/airflow/dags/utils/clear_xcoms_operator.py took 0.049 seconds
[2026-02-21T10:58:28.146+0000] {processor.py:161} INFO - Started process (PID=1606) to work on /opt/airflow/dags/utils/clear_xcoms_operator.py
[2026-02-21T10:58:28.148+0000] {processor.py:830} INFO - Processing file /opt/airflow/dags/utils/clear_xcoms_operator.py for tasks to queue
[2026-02-21T10:58:28.150+0000] {logging_mixin.py:188} INFO - [2026-02-21T10:58:28.149+0000] {dagbag.py:540} INFO - Filling up the DagBag from /opt/airflow/dags/utils/clear_xcoms_operator.py
[2026-02-21T10:58:28.155+0000] {processor.py:842} WARNING - No viable dags retrieved from /opt/airflow/dags/utils/clear_xcoms_operator.py
[2026-02-21T10:58:28.189+0000] {processor.py:183} INFO - Processing /opt/airflow/dags/utils/clear_xcoms_operator.py took 0.054 seconds
[2026-02-21T11:28:17.624+0000] {processor.py:161} INFO - Started process (PID=1611) to work on /opt/airflow/dags/utils/clear_xcoms_operator.py
[2026-02-21T11:28:17.640+0000] {processor.py:830} INFO - Processing file /opt/airflow/dags/utils/clear_xcoms_operator.py for tasks to queue
[2026-02-21T11:28:17.654+0000] {logging_mixin.py:188} INFO - [2026-02-21T11:28:17.642+0000] {dagbag.py:540} INFO - Filling up the DagBag from /opt/airflow/dags/utils/clear_xcoms_operator.py
[2026-02-21T11:28:17.662+0000] {processor.py:842} WARNING - No viable dags retrieved from /opt/airflow/dags/utils/clear_xcoms_operator.py
[2026-02-21T11:28:17.787+0000] {processor.py:183} INFO - Processing /opt/airflow/dags/utils/clear_xcoms_operator.py took 0.199 seconds
[2026-02-21T11:28:47.890+0000] {processor.py:161} INFO - Started process (PID=1615) to work on /opt/airflow/dags/utils/clear_xcoms_operator.py
[2026-02-21T11:28:47.893+0000] {processor.py:830} INFO - Processing file /opt/airflow/dags/utils/clear_xcoms_operator.py for tasks to queue
[2026-02-21T11:28:47.894+0000] {logging_mixin.py:188} INFO - [2026-02-21T11:28:47.893+0000] {dagbag.py:540} INFO - Filling up the DagBag from /opt/airflow/dags/utils/clear_xcoms_operator.py
[2026-02-21T11:28:47.899+0000] {processor.py:842} WARNING - No viable dags retrieved from /opt/airflow/dags/utils/clear_xcoms_operator.py
[2026-02-21T11:28:47.929+0000] {processor.py:183} INFO - Processing /opt/airflow/dags/utils/clear_xcoms_operator.py took 0.053 seconds
[2026-02-21T11:29:18.537+0000] {processor.py:161} INFO - Started process (PID=1620) to work on /opt/airflow/dags/utils/clear_xcoms_operator.py
[2026-02-21T11:29:18.539+0000] {processor.py:830} INFO - Processing file /opt/airflow/dags/utils/clear_xcoms_operator.py for tasks to queue
[2026-02-21T11:29:18.541+0000] {logging_mixin.py:188} INFO - [2026-02-21T11:29:18.540+0000] {dagbag.py:540} INFO - Filling up the DagBag from /opt/airflow/dags/utils/clear_xcoms_operator.py
[2026-02-21T11:29:18.545+0000] {processor.py:842} WARNING - No viable dags retrieved from /opt/airflow/dags/utils/clear_xcoms_operator.py
[2026-02-21T11:29:18.575+0000] {processor.py:183} INFO - Processing /opt/airflow/dags/utils/clear_xcoms_operator.py took 0.049 seconds
[2026-02-21T11:29:49.134+0000] {processor.py:161} INFO - Started process (PID=1625) to work on /opt/airflow/dags/utils/clear_xcoms_operator.py
[2026-02-21T11:29:49.136+0000] {processor.py:830} INFO - Processing file /opt/airflow/dags/utils/clear_xcoms_operator.py for tasks to queue
[2026-02-21T11:29:49.138+0000] {logging_mixin.py:188} INFO - [2026-02-21T11:29:49.137+0000] {dagbag.py:540} INFO - Filling up the DagBag from /opt/airflow/dags/utils/clear_xcoms_operator.py
[2026-02-21T11:29:49.142+0000] {processor.py:842} WARNING - No viable dags retrieved from /opt/airflow/dags/utils/clear_xcoms_operator.py
[2026-02-21T11:29:49.171+0000] {processor.py:183} INFO - Processing /opt/airflow/dags/utils/clear_xcoms_operator.py took 0.047 seconds
[2026-02-21T11:30:16.875+0000] {processor.py:161} INFO - Started process (PID=1630) to work on /opt/airflow/dags/utils/clear_xcoms_operator.py
[2026-02-21T11:30:16.877+0000] {processor.py:830} INFO - Processing file /opt/airflow/dags/utils/clear_xcoms_operator.py for tasks to queue
[2026-02-21T11:30:16.878+0000] {logging_mixin.py:188} INFO - [2026-02-21T11:30:16.878+0000] {dagbag.py:540} INFO - Filling up the DagBag from /opt/airflow/dags/utils/clear_xcoms_operator.py
[2026-02-21T11:30:16.883+0000] {processor.py:842} WARNING - No viable dags retrieved from /opt/airflow/dags/utils/clear_xcoms_operator.py
[2026-02-21T11:30:16.909+0000] {processor.py:183} INFO - Processing /opt/airflow/dags/utils/clear_xcoms_operator.py took 0.044 seconds
[2026-02-21T11:30:47.466+0000] {processor.py:161} INFO - Started process (PID=1635) to work on /opt/airflow/dags/utils/clear_xcoms_operator.py
[2026-02-21T11:30:47.469+0000] {processor.py:830} INFO - Processing file /opt/airflow/dags/utils/clear_xcoms_operator.py for tasks to queue
[2026-02-21T11:30:47.470+0000] {logging_mixin.py:188} INFO - [2026-02-21T11:30:47.469+0000] {dagbag.py:540} INFO - Filling up the DagBag from /opt/airflow/dags/utils/clear_xcoms_operator.py
[2026-02-21T11:30:47.475+0000] {processor.py:842} WARNING - No viable dags retrieved from /opt/airflow/dags/utils/clear_xcoms_operator.py
[2026-02-21T11:30:47.504+0000] {processor.py:183} INFO - Processing /opt/airflow/dags/utils/clear_xcoms_operator.py took 0.051 seconds
[2026-02-21T11:31:18.040+0000] {processor.py:161} INFO - Started process (PID=1640) to work on /opt/airflow/dags/utils/clear_xcoms_operator.py
[2026-02-21T11:31:18.043+0000] {processor.py:830} INFO - Processing file /opt/airflow/dags/utils/clear_xcoms_operator.py for tasks to queue
[2026-02-21T11:31:18.045+0000] {logging_mixin.py:188} INFO - [2026-02-21T11:31:18.044+0000] {dagbag.py:540} INFO - Filling up the DagBag from /opt/airflow/dags/utils/clear_xcoms_operator.py
[2026-02-21T11:31:18.051+0000] {processor.py:842} WARNING - No viable dags retrieved from /opt/airflow/dags/utils/clear_xcoms_operator.py
[2026-02-21T11:31:18.083+0000] {processor.py:183} INFO - Processing /opt/airflow/dags/utils/clear_xcoms_operator.py took 0.055 seconds
[2026-02-21T11:31:48.670+0000] {processor.py:161} INFO - Started process (PID=1645) to work on /opt/airflow/dags/utils/clear_xcoms_operator.py
[2026-02-21T11:31:48.672+0000] {processor.py:830} INFO - Processing file /opt/airflow/dags/utils/clear_xcoms_operator.py for tasks to queue
[2026-02-21T11:31:48.674+0000] {logging_mixin.py:188} INFO - [2026-02-21T11:31:48.673+0000] {dagbag.py:540} INFO - Filling up the DagBag from /opt/airflow/dags/utils/clear_xcoms_operator.py
[2026-02-21T11:31:48.678+0000] {processor.py:842} WARNING - No viable dags retrieved from /opt/airflow/dags/utils/clear_xcoms_operator.py
[2026-02-21T11:31:48.705+0000] {processor.py:183} INFO - Processing /opt/airflow/dags/utils/clear_xcoms_operator.py took 0.046 seconds
[2026-02-21T11:32:19.181+0000] {processor.py:161} INFO - Started process (PID=1650) to work on /opt/airflow/dags/utils/clear_xcoms_operator.py
[2026-02-21T11:32:19.183+0000] {processor.py:830} INFO - Processing file /opt/airflow/dags/utils/clear_xcoms_operator.py for tasks to queue
[2026-02-21T11:32:19.184+0000] {logging_mixin.py:188} INFO - [2026-02-21T11:32:19.184+0000] {dagbag.py:540} INFO - Filling up the DagBag from /opt/airflow/dags/utils/clear_xcoms_operator.py
[2026-02-21T11:32:19.189+0000] {processor.py:842} WARNING - No viable dags retrieved from /opt/airflow/dags/utils/clear_xcoms_operator.py
[2026-02-21T11:32:19.218+0000] {processor.py:183} INFO - Processing /opt/airflow/dags/utils/clear_xcoms_operator.py took 0.051 seconds
[2026-02-21T11:32:49.602+0000] {processor.py:161} INFO - Started process (PID=1655) to work on /opt/airflow/dags/utils/clear_xcoms_operator.py
[2026-02-21T11:32:49.604+0000] {processor.py:830} INFO - Processing file /opt/airflow/dags/utils/clear_xcoms_operator.py for tasks to queue
[2026-02-21T11:32:49.605+0000] {logging_mixin.py:188} INFO - [2026-02-21T11:32:49.605+0000] {dagbag.py:540} INFO - Filling up the DagBag from /opt/airflow/dags/utils/clear_xcoms_operator.py
[2026-02-21T11:32:49.610+0000] {processor.py:842} WARNING - No viable dags retrieved from /opt/airflow/dags/utils/clear_xcoms_operator.py
[2026-02-21T11:32:49.637+0000] {processor.py:183} INFO - Processing /opt/airflow/dags/utils/clear_xcoms_operator.py took 0.045 seconds
[2026-02-21T11:33:20.297+0000] {processor.py:161} INFO - Started process (PID=1660) to work on /opt/airflow/dags/utils/clear_xcoms_operator.py
[2026-02-21T11:33:20.301+0000] {processor.py:830} INFO - Processing file /opt/airflow/dags/utils/clear_xcoms_operator.py for tasks to queue
[2026-02-21T11:33:20.304+0000] {logging_mixin.py:188} INFO - [2026-02-21T11:33:20.303+0000] {dagbag.py:540} INFO - Filling up the DagBag from /opt/airflow/dags/utils/clear_xcoms_operator.py
[2026-02-21T11:33:20.311+0000] {processor.py:842} WARNING - No viable dags retrieved from /opt/airflow/dags/utils/clear_xcoms_operator.py
[2026-02-21T11:33:20.348+0000] {processor.py:183} INFO - Processing /opt/airflow/dags/utils/clear_xcoms_operator.py took 0.071 seconds
[2026-02-21T11:33:50.886+0000] {processor.py:161} INFO - Started process (PID=1665) to work on /opt/airflow/dags/utils/clear_xcoms_operator.py
[2026-02-21T11:33:50.887+0000] {processor.py:830} INFO - Processing file /opt/airflow/dags/utils/clear_xcoms_operator.py for tasks to queue
[2026-02-21T11:33:50.889+0000] {logging_mixin.py:188} INFO - [2026-02-21T11:33:50.888+0000] {dagbag.py:540} INFO - Filling up the DagBag from /opt/airflow/dags/utils/clear_xcoms_operator.py
[2026-02-21T11:33:50.892+0000] {processor.py:842} WARNING - No viable dags retrieved from /opt/airflow/dags/utils/clear_xcoms_operator.py
[2026-02-21T11:33:50.918+0000] {processor.py:183} INFO - Processing /opt/airflow/dags/utils/clear_xcoms_operator.py took 0.042 seconds
[2026-02-21T11:34:21.508+0000] {processor.py:161} INFO - Started process (PID=1670) to work on /opt/airflow/dags/utils/clear_xcoms_operator.py
[2026-02-21T11:34:21.510+0000] {processor.py:830} INFO - Processing file /opt/airflow/dags/utils/clear_xcoms_operator.py for tasks to queue
[2026-02-21T11:34:21.512+0000] {logging_mixin.py:188} INFO - [2026-02-21T11:34:21.511+0000] {dagbag.py:540} INFO - Filling up the DagBag from /opt/airflow/dags/utils/clear_xcoms_operator.py
[2026-02-21T11:34:21.515+0000] {processor.py:842} WARNING - No viable dags retrieved from /opt/airflow/dags/utils/clear_xcoms_operator.py
[2026-02-21T11:34:21.550+0000] {processor.py:183} INFO - Processing /opt/airflow/dags/utils/clear_xcoms_operator.py took 0.051 seconds
[2026-02-21T11:34:52.209+0000] {processor.py:161} INFO - Started process (PID=1675) to work on /opt/airflow/dags/utils/clear_xcoms_operator.py
[2026-02-21T11:34:52.212+0000] {processor.py:830} INFO - Processing file /opt/airflow/dags/utils/clear_xcoms_operator.py for tasks to queue
[2026-02-21T11:34:52.213+0000] {logging_mixin.py:188} INFO - [2026-02-21T11:34:52.212+0000] {dagbag.py:540} INFO - Filling up the DagBag from /opt/airflow/dags/utils/clear_xcoms_operator.py
[2026-02-21T11:34:52.217+0000] {processor.py:842} WARNING - No viable dags retrieved from /opt/airflow/dags/utils/clear_xcoms_operator.py
[2026-02-21T11:34:52.242+0000] {processor.py:183} INFO - Processing /opt/airflow/dags/utils/clear_xcoms_operator.py took 0.043 seconds
[2026-02-21T11:35:22.726+0000] {processor.py:161} INFO - Started process (PID=1680) to work on /opt/airflow/dags/utils/clear_xcoms_operator.py
[2026-02-21T11:35:22.728+0000] {processor.py:830} INFO - Processing file /opt/airflow/dags/utils/clear_xcoms_operator.py for tasks to queue
[2026-02-21T11:35:22.729+0000] {logging_mixin.py:188} INFO - [2026-02-21T11:35:22.728+0000] {dagbag.py:540} INFO - Filling up the DagBag from /opt/airflow/dags/utils/clear_xcoms_operator.py
[2026-02-21T11:35:22.732+0000] {processor.py:842} WARNING - No viable dags retrieved from /opt/airflow/dags/utils/clear_xcoms_operator.py
[2026-02-21T11:35:22.753+0000] {processor.py:183} INFO - Processing /opt/airflow/dags/utils/clear_xcoms_operator.py took 0.035 seconds
[2026-02-21T11:35:53.388+0000] {processor.py:161} INFO - Started process (PID=1685) to work on /opt/airflow/dags/utils/clear_xcoms_operator.py
[2026-02-21T11:35:53.390+0000] {processor.py:830} INFO - Processing file /opt/airflow/dags/utils/clear_xcoms_operator.py for tasks to queue
[2026-02-21T11:35:53.392+0000] {logging_mixin.py:188} INFO - [2026-02-21T11:35:53.391+0000] {dagbag.py:540} INFO - Filling up the DagBag from /opt/airflow/dags/utils/clear_xcoms_operator.py
[2026-02-21T11:35:53.397+0000] {processor.py:842} WARNING - No viable dags retrieved from /opt/airflow/dags/utils/clear_xcoms_operator.py
[2026-02-21T11:35:53.426+0000] {processor.py:183} INFO - Processing /opt/airflow/dags/utils/clear_xcoms_operator.py took 0.048 seconds
[2026-02-21T11:36:23.846+0000] {processor.py:161} INFO - Started process (PID=1690) to work on /opt/airflow/dags/utils/clear_xcoms_operator.py
[2026-02-21T11:36:23.849+0000] {processor.py:830} INFO - Processing file /opt/airflow/dags/utils/clear_xcoms_operator.py for tasks to queue
[2026-02-21T11:36:23.851+0000] {logging_mixin.py:188} INFO - [2026-02-21T11:36:23.850+0000] {dagbag.py:540} INFO - Filling up the DagBag from /opt/airflow/dags/utils/clear_xcoms_operator.py
[2026-02-21T11:36:23.855+0000] {processor.py:842} WARNING - No viable dags retrieved from /opt/airflow/dags/utils/clear_xcoms_operator.py
[2026-02-21T11:36:23.889+0000] {processor.py:183} INFO - Processing /opt/airflow/dags/utils/clear_xcoms_operator.py took 0.056 seconds
[2026-02-21T11:36:54.340+0000] {processor.py:161} INFO - Started process (PID=1695) to work on /opt/airflow/dags/utils/clear_xcoms_operator.py
[2026-02-21T11:36:54.342+0000] {processor.py:830} INFO - Processing file /opt/airflow/dags/utils/clear_xcoms_operator.py for tasks to queue
[2026-02-21T11:36:54.344+0000] {logging_mixin.py:188} INFO - [2026-02-21T11:36:54.343+0000] {dagbag.py:540} INFO - Filling up the DagBag from /opt/airflow/dags/utils/clear_xcoms_operator.py
[2026-02-21T11:36:54.349+0000] {processor.py:842} WARNING - No viable dags retrieved from /opt/airflow/dags/utils/clear_xcoms_operator.py
[2026-02-21T11:36:54.384+0000] {processor.py:183} INFO - Processing /opt/airflow/dags/utils/clear_xcoms_operator.py took 0.053 seconds
[2026-02-21T11:37:24.870+0000] {processor.py:161} INFO - Started process (PID=1700) to work on /opt/airflow/dags/utils/clear_xcoms_operator.py
[2026-02-21T11:37:24.872+0000] {processor.py:830} INFO - Processing file /opt/airflow/dags/utils/clear_xcoms_operator.py for tasks to queue
[2026-02-21T11:37:24.874+0000] {logging_mixin.py:188} INFO - [2026-02-21T11:37:24.873+0000] {dagbag.py:540} INFO - Filling up the DagBag from /opt/airflow/dags/utils/clear_xcoms_operator.py
[2026-02-21T11:37:24.878+0000] {processor.py:842} WARNING - No viable dags retrieved from /opt/airflow/dags/utils/clear_xcoms_operator.py
[2026-02-21T11:37:24.907+0000] {processor.py:183} INFO - Processing /opt/airflow/dags/utils/clear_xcoms_operator.py took 0.047 seconds
[2026-02-21T11:37:55.385+0000] {processor.py:161} INFO - Started process (PID=1705) to work on /opt/airflow/dags/utils/clear_xcoms_operator.py
[2026-02-21T11:37:55.387+0000] {processor.py:830} INFO - Processing file /opt/airflow/dags/utils/clear_xcoms_operator.py for tasks to queue
[2026-02-21T11:37:55.389+0000] {logging_mixin.py:188} INFO - [2026-02-21T11:37:55.388+0000] {dagbag.py:540} INFO - Filling up the DagBag from /opt/airflow/dags/utils/clear_xcoms_operator.py
[2026-02-21T11:37:55.394+0000] {processor.py:842} WARNING - No viable dags retrieved from /opt/airflow/dags/utils/clear_xcoms_operator.py
[2026-02-21T11:37:55.422+0000] {processor.py:183} INFO - Processing /opt/airflow/dags/utils/clear_xcoms_operator.py took 0.048 seconds
[2026-02-21T11:38:25.993+0000] {processor.py:161} INFO - Started process (PID=1711) to work on /opt/airflow/dags/utils/clear_xcoms_operator.py
[2026-02-21T11:38:25.995+0000] {processor.py:830} INFO - Processing file /opt/airflow/dags/utils/clear_xcoms_operator.py for tasks to queue
[2026-02-21T11:38:25.997+0000] {logging_mixin.py:188} INFO - [2026-02-21T11:38:25.996+0000] {dagbag.py:540} INFO - Filling up the DagBag from /opt/airflow/dags/utils/clear_xcoms_operator.py
[2026-02-21T11:38:26.001+0000] {processor.py:842} WARNING - No viable dags retrieved from /opt/airflow/dags/utils/clear_xcoms_operator.py
[2026-02-21T11:38:26.029+0000] {processor.py:183} INFO - Processing /opt/airflow/dags/utils/clear_xcoms_operator.py took 0.045 seconds
[2026-02-21T11:38:56.516+0000] {processor.py:161} INFO - Started process (PID=1717) to work on /opt/airflow/dags/utils/clear_xcoms_operator.py
[2026-02-21T11:38:56.518+0000] {processor.py:830} INFO - Processing file /opt/airflow/dags/utils/clear_xcoms_operator.py for tasks to queue
[2026-02-21T11:38:56.520+0000] {logging_mixin.py:188} INFO - [2026-02-21T11:38:56.519+0000] {dagbag.py:540} INFO - Filling up the DagBag from /opt/airflow/dags/utils/clear_xcoms_operator.py
[2026-02-21T11:38:56.525+0000] {processor.py:842} WARNING - No viable dags retrieved from /opt/airflow/dags/utils/clear_xcoms_operator.py
[2026-02-21T11:38:56.554+0000] {processor.py:183} INFO - Processing /opt/airflow/dags/utils/clear_xcoms_operator.py took 0.048 seconds
[2026-02-21T11:39:27.118+0000] {processor.py:161} INFO - Started process (PID=1723) to work on /opt/airflow/dags/utils/clear_xcoms_operator.py
[2026-02-21T11:39:27.120+0000] {processor.py:830} INFO - Processing file /opt/airflow/dags/utils/clear_xcoms_operator.py for tasks to queue
[2026-02-21T11:39:27.122+0000] {logging_mixin.py:188} INFO - [2026-02-21T11:39:27.121+0000] {dagbag.py:540} INFO - Filling up the DagBag from /opt/airflow/dags/utils/clear_xcoms_operator.py
[2026-02-21T11:39:27.127+0000] {processor.py:842} WARNING - No viable dags retrieved from /opt/airflow/dags/utils/clear_xcoms_operator.py
[2026-02-21T11:39:27.162+0000] {processor.py:183} INFO - Processing /opt/airflow/dags/utils/clear_xcoms_operator.py took 0.059 seconds
[2026-02-21T11:39:57.673+0000] {processor.py:161} INFO - Started process (PID=1730) to work on /opt/airflow/dags/utils/clear_xcoms_operator.py
[2026-02-21T11:39:57.675+0000] {processor.py:830} INFO - Processing file /opt/airflow/dags/utils/clear_xcoms_operator.py for tasks to queue
[2026-02-21T11:39:57.677+0000] {logging_mixin.py:188} INFO - [2026-02-21T11:39:57.676+0000] {dagbag.py:540} INFO - Filling up the DagBag from /opt/airflow/dags/utils/clear_xcoms_operator.py
[2026-02-21T11:39:57.681+0000] {processor.py:842} WARNING - No viable dags retrieved from /opt/airflow/dags/utils/clear_xcoms_operator.py
[2026-02-21T11:39:57.707+0000] {processor.py:183} INFO - Processing /opt/airflow/dags/utils/clear_xcoms_operator.py took 0.046 seconds
[2026-02-21T11:40:28.356+0000] {processor.py:161} INFO - Started process (PID=1736) to work on /opt/airflow/dags/utils/clear_xcoms_operator.py
[2026-02-21T11:40:28.357+0000] {processor.py:830} INFO - Processing file /opt/airflow/dags/utils/clear_xcoms_operator.py for tasks to queue
[2026-02-21T11:40:28.359+0000] {logging_mixin.py:188} INFO - [2026-02-21T11:40:28.358+0000] {dagbag.py:540} INFO - Filling up the DagBag from /opt/airflow/dags/utils/clear_xcoms_operator.py
[2026-02-21T11:40:28.365+0000] {processor.py:842} WARNING - No viable dags retrieved from /opt/airflow/dags/utils/clear_xcoms_operator.py
[2026-02-21T11:40:28.400+0000] {processor.py:183} INFO - Processing /opt/airflow/dags/utils/clear_xcoms_operator.py took 0.058 seconds
[2026-02-21T11:40:59.084+0000] {processor.py:161} INFO - Started process (PID=1742) to work on /opt/airflow/dags/utils/clear_xcoms_operator.py
[2026-02-21T11:40:59.086+0000] {processor.py:830} INFO - Processing file /opt/airflow/dags/utils/clear_xcoms_operator.py for tasks to queue
[2026-02-21T11:40:59.088+0000] {logging_mixin.py:188} INFO - [2026-02-21T11:40:59.087+0000] {dagbag.py:540} INFO - Filling up the DagBag from /opt/airflow/dags/utils/clear_xcoms_operator.py
[2026-02-21T11:40:59.093+0000] {processor.py:842} WARNING - No viable dags retrieved from /opt/airflow/dags/utils/clear_xcoms_operator.py
[2026-02-21T11:40:59.127+0000] {processor.py:183} INFO - Processing /opt/airflow/dags/utils/clear_xcoms_operator.py took 0.052 seconds
[2026-02-21T11:41:29.788+0000] {processor.py:161} INFO - Started process (PID=1748) to work on /opt/airflow/dags/utils/clear_xcoms_operator.py
[2026-02-21T11:41:29.789+0000] {processor.py:830} INFO - Processing file /opt/airflow/dags/utils/clear_xcoms_operator.py for tasks to queue
[2026-02-21T11:41:29.790+0000] {logging_mixin.py:188} INFO - [2026-02-21T11:41:29.790+0000] {dagbag.py:540} INFO - Filling up the DagBag from /opt/airflow/dags/utils/clear_xcoms_operator.py
[2026-02-21T11:41:29.795+0000] {processor.py:842} WARNING - No viable dags retrieved from /opt/airflow/dags/utils/clear_xcoms_operator.py
[2026-02-21T11:41:29.824+0000] {processor.py:183} INFO - Processing /opt/airflow/dags/utils/clear_xcoms_operator.py took 0.047 seconds
[2026-02-21T11:42:00.363+0000] {processor.py:161} INFO - Started process (PID=1754) to work on /opt/airflow/dags/utils/clear_xcoms_operator.py
[2026-02-21T11:42:00.365+0000] {processor.py:830} INFO - Processing file /opt/airflow/dags/utils/clear_xcoms_operator.py for tasks to queue
[2026-02-21T11:42:00.367+0000] {logging_mixin.py:188} INFO - [2026-02-21T11:42:00.366+0000] {dagbag.py:540} INFO - Filling up the DagBag from /opt/airflow/dags/utils/clear_xcoms_operator.py
[2026-02-21T11:42:00.371+0000] {processor.py:842} WARNING - No viable dags retrieved from /opt/airflow/dags/utils/clear_xcoms_operator.py
[2026-02-21T11:42:00.398+0000] {processor.py:183} INFO - Processing /opt/airflow/dags/utils/clear_xcoms_operator.py took 0.048 seconds
[2026-02-21T11:42:30.910+0000] {processor.py:161} INFO - Started process (PID=1760) to work on /opt/airflow/dags/utils/clear_xcoms_operator.py
[2026-02-21T11:42:30.912+0000] {processor.py:830} INFO - Processing file /opt/airflow/dags/utils/clear_xcoms_operator.py for tasks to queue
[2026-02-21T11:42:30.914+0000] {logging_mixin.py:188} INFO - [2026-02-21T11:42:30.913+0000] {dagbag.py:540} INFO - Filling up the DagBag from /opt/airflow/dags/utils/clear_xcoms_operator.py
[2026-02-21T11:42:30.918+0000] {processor.py:842} WARNING - No viable dags retrieved from /opt/airflow/dags/utils/clear_xcoms_operator.py
[2026-02-21T11:42:30.948+0000] {processor.py:183} INFO - Processing /opt/airflow/dags/utils/clear_xcoms_operator.py took 0.051 seconds
[2026-02-21T11:43:01.481+0000] {processor.py:161} INFO - Started process (PID=1766) to work on /opt/airflow/dags/utils/clear_xcoms_operator.py
[2026-02-21T11:43:01.483+0000] {processor.py:830} INFO - Processing file /opt/airflow/dags/utils/clear_xcoms_operator.py for tasks to queue
[2026-02-21T11:43:01.484+0000] {logging_mixin.py:188} INFO - [2026-02-21T11:43:01.484+0000] {dagbag.py:540} INFO - Filling up the DagBag from /opt/airflow/dags/utils/clear_xcoms_operator.py
[2026-02-21T11:43:01.488+0000] {processor.py:842} WARNING - No viable dags retrieved from /opt/airflow/dags/utils/clear_xcoms_operator.py
[2026-02-21T11:43:01.516+0000] {processor.py:183} INFO - Processing /opt/airflow/dags/utils/clear_xcoms_operator.py took 0.044 seconds
[2026-02-21T11:43:32.028+0000] {processor.py:161} INFO - Started process (PID=1772) to work on /opt/airflow/dags/utils/clear_xcoms_operator.py
[2026-02-21T11:43:32.030+0000] {processor.py:830} INFO - Processing file /opt/airflow/dags/utils/clear_xcoms_operator.py for tasks to queue
[2026-02-21T11:43:32.031+0000] {logging_mixin.py:188} INFO - [2026-02-21T11:43:32.030+0000] {dagbag.py:540} INFO - Filling up the DagBag from /opt/airflow/dags/utils/clear_xcoms_operator.py
[2026-02-21T11:43:32.035+0000] {processor.py:842} WARNING - No viable dags retrieved from /opt/airflow/dags/utils/clear_xcoms_operator.py
[2026-02-21T11:43:32.064+0000] {processor.py:183} INFO - Processing /opt/airflow/dags/utils/clear_xcoms_operator.py took 0.044 seconds
[2026-02-21T11:44:02.174+0000] {processor.py:161} INFO - Started process (PID=1777) to work on /opt/airflow/dags/utils/clear_xcoms_operator.py
[2026-02-21T11:44:02.183+0000] {processor.py:830} INFO - Processing file /opt/airflow/dags/utils/clear_xcoms_operator.py for tasks to queue
[2026-02-21T11:44:02.184+0000] {logging_mixin.py:188} INFO - [2026-02-21T11:44:02.184+0000] {dagbag.py:540} INFO - Filling up the DagBag from /opt/airflow/dags/utils/clear_xcoms_operator.py
[2026-02-21T11:44:02.189+0000] {processor.py:842} WARNING - No viable dags retrieved from /opt/airflow/dags/utils/clear_xcoms_operator.py
[2026-02-21T11:44:02.222+0000] {processor.py:183} INFO - Processing /opt/airflow/dags/utils/clear_xcoms_operator.py took 0.057 seconds
[2026-02-21T11:44:33.104+0000] {processor.py:161} INFO - Started process (PID=1784) to work on /opt/airflow/dags/utils/clear_xcoms_operator.py
[2026-02-21T11:44:33.105+0000] {processor.py:830} INFO - Processing file /opt/airflow/dags/utils/clear_xcoms_operator.py for tasks to queue
[2026-02-21T11:44:33.106+0000] {logging_mixin.py:188} INFO - [2026-02-21T11:44:33.106+0000] {dagbag.py:540} INFO - Filling up the DagBag from /opt/airflow/dags/utils/clear_xcoms_operator.py
[2026-02-21T11:44:33.110+0000] {processor.py:842} WARNING - No viable dags retrieved from /opt/airflow/dags/utils/clear_xcoms_operator.py
[2026-02-21T11:44:33.144+0000] {processor.py:183} INFO - Processing /opt/airflow/dags/utils/clear_xcoms_operator.py took 0.049 seconds
[2026-02-21T11:45:03.775+0000] {processor.py:161} INFO - Started process (PID=1790) to work on /opt/airflow/dags/utils/clear_xcoms_operator.py
[2026-02-21T11:45:03.777+0000] {processor.py:830} INFO - Processing file /opt/airflow/dags/utils/clear_xcoms_operator.py for tasks to queue
[2026-02-21T11:45:03.779+0000] {logging_mixin.py:188} INFO - [2026-02-21T11:45:03.778+0000] {dagbag.py:540} INFO - Filling up the DagBag from /opt/airflow/dags/utils/clear_xcoms_operator.py
[2026-02-21T11:45:03.783+0000] {processor.py:842} WARNING - No viable dags retrieved from /opt/airflow/dags/utils/clear_xcoms_operator.py
[2026-02-21T11:45:03.811+0000] {processor.py:183} INFO - Processing /opt/airflow/dags/utils/clear_xcoms_operator.py took 0.044 seconds
[2026-02-21T11:45:34.436+0000] {processor.py:161} INFO - Started process (PID=1796) to work on /opt/airflow/dags/utils/clear_xcoms_operator.py
[2026-02-21T11:45:34.437+0000] {processor.py:830} INFO - Processing file /opt/airflow/dags/utils/clear_xcoms_operator.py for tasks to queue
[2026-02-21T11:45:34.439+0000] {logging_mixin.py:188} INFO - [2026-02-21T11:45:34.438+0000] {dagbag.py:540} INFO - Filling up the DagBag from /opt/airflow/dags/utils/clear_xcoms_operator.py
[2026-02-21T11:45:34.443+0000] {processor.py:842} WARNING - No viable dags retrieved from /opt/airflow/dags/utils/clear_xcoms_operator.py
[2026-02-21T11:45:34.475+0000] {processor.py:183} INFO - Processing /opt/airflow/dags/utils/clear_xcoms_operator.py took 0.048 seconds
