[2026-02-21T11:40:10.741+0000] {local_task_job_runner.py:120} INFO - ::group::Pre task execution logs
[2026-02-21T11:40:10.783+0000] {taskinstance.py:2073} INFO - Dependencies all met for dep_context=non-requeueable deps ti=<TaskInstance: tutorial_3_my_turn.process_data manual__2026-02-21T11:40:04.525989+00:00 [queued]>
[2026-02-21T11:40:10.797+0000] {taskinstance.py:2073} INFO - Dependencies all met for dep_context=requeueable deps ti=<TaskInstance: tutorial_3_my_turn.process_data manual__2026-02-21T11:40:04.525989+00:00 [queued]>
[2026-02-21T11:40:10.798+0000] {taskinstance.py:2303} INFO - Starting attempt 1 of 1
[2026-02-21T11:40:10.820+0000] {taskinstance.py:2327} INFO - Executing <Task(_PythonDecoratedOperator): process_data> on 2026-02-21 11:40:04.525989+00:00
[2026-02-21T11:40:10.833+0000] {warnings.py:110} WARNING - /home/***/.local/lib/python3.12/site-packages/***/task/task_runner/standard_task_runner.py:61: DeprecationWarning: This process (pid=87) is multi-threaded, use of fork() may lead to deadlocks in the child.
  pid = os.fork()

[2026-02-21T11:40:10.836+0000] {standard_task_runner.py:63} INFO - Started process 88 to run task
[2026-02-21T11:40:10.836+0000] {standard_task_runner.py:90} INFO - Running: ['***', 'tasks', 'run', 'tutorial_3_my_turn', 'process_data', 'manual__2026-02-21T11:40:04.525989+00:00', '--job-id', '21', '--raw', '--subdir', 'DAGS_FOLDER/tutorial_3_my_turn.py', '--cfg-path', '/tmp/tmpl8xjgcyp']
[2026-02-21T11:40:10.841+0000] {standard_task_runner.py:91} INFO - Job 21: Subtask process_data
[2026-02-21T11:40:10.941+0000] {task_command.py:426} INFO - Running <TaskInstance: tutorial_3_my_turn.process_data manual__2026-02-21T11:40:04.525989+00:00 [running]> on host d40236af9776
[2026-02-21T11:40:11.158+0000] {taskinstance.py:2644} INFO - Exporting env vars: AIRFLOW_CTX_DAG_OWNER='***' AIRFLOW_CTX_DAG_ID='tutorial_3_my_turn' AIRFLOW_CTX_TASK_ID='process_data' AIRFLOW_CTX_EXECUTION_DATE='2026-02-21T11:40:04.525989+00:00' AIRFLOW_CTX_TRY_NUMBER='1' AIRFLOW_CTX_DAG_RUN_ID='manual__2026-02-21T11:40:04.525989+00:00'
[2026-02-21T11:40:11.159+0000] {taskinstance.py:430} INFO - ::endgroup::
[2026-02-21T11:40:11.160+0000] {tutorial_3_my_turn.py:31} INFO - Processing data: {'userId': 1, 'id': 1, 'title': 'sunt aut facere repellat provident occaecati excepturi optio reprehenderit', 'body': 'quia et suscipit\nsuscipit recusandae consequuntur expedita et cum\nreprehenderit molestiae ut ut quas totam\nnostrum rerum est autem sunt rem eveniet architecto'}
[2026-02-21T11:40:11.161+0000] {tutorial_3_my_turn.py:35} INFO - Result: Post ID: 1, Title: sunt aut facere repellat provident occaecati excepturi optio reprehenderit
[2026-02-21T11:40:11.161+0000] {python.py:237} INFO - Done. Returned value was: Post ID: 1, Title: sunt aut facere repellat provident occaecati excepturi optio reprehenderit
[2026-02-21T11:40:11.161+0000] {taskinstance.py:441} INFO - ::group::Post task execution logs
[2026-02-21T11:40:11.201+0000] {taskinstance.py:1205} INFO - Marking task as SUCCESS. dag_id=tutorial_3_my_turn, task_id=process_data, execution_date=20260221T114004, start_date=20260221T114010, end_date=20260221T114011
[2026-02-21T11:40:11.253+0000] {local_task_job_runner.py:240} INFO - Task exited with return code 0
[2026-02-21T11:40:11.283+0000] {taskinstance.py:3482} INFO - 0 downstream tasks scheduled from follow-on schedule check
[2026-02-21T11:40:11.286+0000] {local_task_job_runner.py:222} INFO - ::endgroup::
