[2026-02-20T20:10:31.236+0000] {local_task_job_runner.py:120} INFO - ::group::Pre task execution logs
[2026-02-20T20:10:31.274+0000] {taskinstance.py:2073} INFO - Dependencies all met for dep_context=non-requeueable deps ti=<TaskInstance: tutorial_2_my_turn.find_max manual__2026-02-20T20:10:27.712633+00:00 [queued]>
[2026-02-20T20:10:31.286+0000] {taskinstance.py:2073} INFO - Dependencies all met for dep_context=requeueable deps ti=<TaskInstance: tutorial_2_my_turn.find_max manual__2026-02-20T20:10:27.712633+00:00 [queued]>
[2026-02-20T20:10:31.287+0000] {taskinstance.py:2303} INFO - Starting attempt 1 of 1
[2026-02-20T20:10:31.306+0000] {taskinstance.py:2327} INFO - Executing <Task(_PythonDecoratedOperator): find_max> on 2026-02-20 20:10:27.712633+00:00
[2026-02-20T20:10:31.318+0000] {warnings.py:110} WARNING - /home/***/.local/lib/python3.12/site-packages/***/task/task_runner/standard_task_runner.py:61: DeprecationWarning: This process (pid=71) is multi-threaded, use of fork() may lead to deadlocks in the child.
  pid = os.fork()

[2026-02-20T20:10:31.321+0000] {standard_task_runner.py:63} INFO - Started process 74 to run task
[2026-02-20T20:10:31.320+0000] {standard_task_runner.py:90} INFO - Running: ['***', 'tasks', 'run', 'tutorial_2_my_turn', 'find_max', 'manual__2026-02-20T20:10:27.712633+00:00', '--job-id', '18', '--raw', '--subdir', 'DAGS_FOLDER/tutorial_2_my_turn.py', '--cfg-path', '/tmp/tmpnzu0txvb']
[2026-02-20T20:10:31.325+0000] {standard_task_runner.py:91} INFO - Job 18: Subtask find_max
[2026-02-20T20:10:31.462+0000] {task_command.py:426} INFO - Running <TaskInstance: tutorial_2_my_turn.find_max manual__2026-02-20T20:10:27.712633+00:00 [running]> on host d40236af9776
[2026-02-20T20:10:31.716+0000] {taskinstance.py:2644} INFO - Exporting env vars: AIRFLOW_CTX_DAG_OWNER='***' AIRFLOW_CTX_DAG_ID='tutorial_2_my_turn' AIRFLOW_CTX_TASK_ID='find_max' AIRFLOW_CTX_EXECUTION_DATE='2026-02-20T20:10:27.712633+00:00' AIRFLOW_CTX_TRY_NUMBER='1' AIRFLOW_CTX_DAG_RUN_ID='manual__2026-02-20T20:10:27.712633+00:00'
[2026-02-20T20:10:31.718+0000] {taskinstance.py:430} INFO - ::endgroup::
[2026-02-20T20:10:31.721+0000] {tutorial_2_my_turn.py:23} INFO - TRANSFORM: нахожу максимальное число в списке [25, 22, 20, 39, 40, 32, 38]
[2026-02-20T20:10:31.722+0000] {python.py:237} INFO - Done. Returned value was: 40
[2026-02-20T20:10:31.722+0000] {taskinstance.py:441} INFO - ::group::Post task execution logs
[2026-02-20T20:10:31.765+0000] {taskinstance.py:1205} INFO - Marking task as SUCCESS. dag_id=tutorial_2_my_turn, task_id=find_max, execution_date=20260220T201027, start_date=20260220T201031, end_date=20260220T201031
[2026-02-20T20:10:31.817+0000] {local_task_job_runner.py:240} INFO - Task exited with return code 0
[2026-02-20T20:10:31.854+0000] {taskinstance.py:3482} INFO - 0 downstream tasks scheduled from follow-on schedule check
[2026-02-20T20:10:31.856+0000] {local_task_job_runner.py:222} INFO - ::endgroup::
