[2025-05-11T12:12:13.756+0000] {local_task_job_runner.py:120} INFO - ::group::Pre task execution logs
[2025-05-11T12:12:13.826+0000] {taskinstance.py:2073} INFO - Dependencies all met for dep_context=non-requeueable deps ti=<TaskInstance: get_price_btc_price_by_day.get_data scheduled__2025-05-08T21:00:00+00:00 [queued]>
[2025-05-11T12:12:13.842+0000] {taskinstance.py:2073} INFO - Dependencies all met for dep_context=requeueable deps ti=<TaskInstance: get_price_btc_price_by_day.get_data scheduled__2025-05-08T21:00:00+00:00 [queued]>
[2025-05-11T12:12:13.843+0000] {taskinstance.py:2303} INFO - Starting attempt 6 of 6
[2025-05-11T12:12:13.870+0000] {taskinstance.py:2327} INFO - Executing <Task(_PythonDecoratedOperator): get_data> on 2025-05-08 21:00:00+00:00
[2025-05-11T12:12:13.878+0000] {warnings.py:110} WARNING - /home/airflow/.local/lib/python3.12/site-packages/airflow/task/task_runner/standard_task_runner.py:61: DeprecationWarning: This process (pid=121) is multi-threaded, use of fork() may lead to deadlocks in the child.
  pid = os.fork()

[2025-05-11T12:12:13.881+0000] {standard_task_runner.py:63} INFO - Started process 122 to run task
[2025-05-11T12:12:13.882+0000] {standard_task_runner.py:90} INFO - Running: ['airflow', 'tasks', 'run', 'get_price_btc_price_by_day', 'get_data', 'scheduled__2025-05-08T21:00:00+00:00', '--job-id', '125', '--raw', '--subdir', 'DAGS_FOLDER/get_price_btc_price_by_day.py', '--cfg-path', '/tmp/tmp4enoo1a1']
[2025-05-11T12:12:13.887+0000] {standard_task_runner.py:91} INFO - Job 125: Subtask get_data
[2025-05-11T12:12:14.003+0000] {task_command.py:426} INFO - Running <TaskInstance: get_price_btc_price_by_day.get_data scheduled__2025-05-08T21:00:00+00:00 [running]> on host 840719eb5226
[2025-05-11T12:12:14.203+0000] {taskinstance.py:2644} INFO - Exporting env vars: AIRFLOW_CTX_DAG_OWNER='airflow' AIRFLOW_CTX_DAG_ID='get_price_btc_price_by_day' AIRFLOW_CTX_TASK_ID='get_data' AIRFLOW_CTX_EXECUTION_DATE='2025-05-08T21:00:00+00:00' AIRFLOW_CTX_TRY_NUMBER='6' AIRFLOW_CTX_DAG_RUN_ID='scheduled__2025-05-08T21:00:00+00:00'
[2025-05-11T12:12:14.204+0000] {taskinstance.py:430} INFO - ::endgroup::
[2025-05-11T12:12:14.206+0000] {logging_mixin.py:188} INFO - Данные за период с 2025-05-08 21:00:00+00:00 по 2025-05-09 21:00:00+00:00
[2025-05-11T12:12:14.589+0000] {logging_mixin.py:188} INFO - {'symbol': 'BTCUSDT', 'lastPrice': '104760.80', 'indexPrice': '104802.20', 'markPrice': '104760.80', 'prevPrice24h': '103573.20', 'price24hPcnt': '0.011466', 'highPrice24h': '104986.70', 'lowPrice24h': '102880.00', 'prevPrice1h': '104510.10', 'openInterest': '47686.426', 'openInterestValue': '4995668136.90', 'turnover24h': '6168895994.1307', 'volume24h': '59350.0660', 'fundingRate': '0.0001', 'nextFundingTime': '1746979200000', 'predictedDeliveryPrice': '', 'basisRate': '', 'deliveryFeeRate': '', 'deliveryTime': '0', 'ask1Size': '7.432', 'bid1Price': '104760.70', 'ask1Price': '104760.80', 'bid1Size': '2.746', 'basis': '', 'preOpenPrice': '', 'preQty': '', 'curPreListingPhase': ''}
[2025-05-11T12:12:14.592+0000] {python.py:237} INFO - Done. Returned value was: {'data_interval_start': DateTime(2025, 5, 8, 21, 0, 0, tzinfo=Timezone('UTC')), 'data_interval_end': DateTime(2025, 5, 9, 21, 0, 0, tzinfo=Timezone('UTC')), 'last_price': 104760.8, 'volume_24h': 59350.066, 'high_price_24h': 104986.7, 'low_price_24h': 102880.0, 'bid_price': 104760.7, 'ask_price': 104760.8, 'open_interest': 47686.426}
[2025-05-11T12:12:14.593+0000] {taskinstance.py:441} INFO - ::group::Post task execution logs
[2025-05-11T12:12:14.651+0000] {taskinstance.py:1205} INFO - Marking task as SUCCESS. dag_id=get_price_btc_price_by_day, task_id=get_data, execution_date=20250508T210000, start_date=20250511T121213, end_date=20250511T121214
[2025-05-11T12:12:14.701+0000] {local_task_job_runner.py:240} INFO - Task exited with return code 0
[2025-05-11T12:12:14.754+0000] {taskinstance.py:3482} INFO - 1 downstream tasks scheduled from follow-on schedule check
[2025-05-11T12:12:14.757+0000] {local_task_job_runner.py:222} INFO - ::endgroup::
