[2025-05-10T03:31:43.077+0000] {local_task_job_runner.py:120} INFO - ::group::Pre task execution logs
[2025-05-10T03:31:43.189+0000] {taskinstance.py:2073} INFO - Dependencies all met for dep_context=non-requeueable deps ti=<TaskInstance: get_price_btc_price_by_day.get_data scheduled__2025-05-08T21:00:00+00:00 [queued]>
[2025-05-10T03:31:43.208+0000] {taskinstance.py:2073} INFO - Dependencies all met for dep_context=requeueable deps ti=<TaskInstance: get_price_btc_price_by_day.get_data scheduled__2025-05-08T21:00:00+00:00 [queued]>
[2025-05-10T03:31:43.208+0000] {taskinstance.py:2303} INFO - Starting attempt 3 of 3
[2025-05-10T03:31:43.249+0000] {taskinstance.py:2327} INFO - Executing <Task(_PythonDecoratedOperator): get_data> on 2025-05-08 21:00:00+00:00
[2025-05-10T03:31:43.281+0000] {warnings.py:110} WARNING - /home/airflow/.local/lib/python3.12/site-packages/airflow/task/task_runner/standard_task_runner.py:61: DeprecationWarning: This process (pid=57) is multi-threaded, use of fork() may lead to deadlocks in the child.
  pid = os.fork()

[2025-05-10T03:31:43.283+0000] {standard_task_runner.py:63} INFO - Started process 65 to run task
[2025-05-10T03:31:43.274+0000] {standard_task_runner.py:90} INFO - Running: ['airflow', 'tasks', 'run', 'get_price_btc_price_by_day', 'get_data', 'scheduled__2025-05-08T21:00:00+00:00', '--job-id', '15', '--raw', '--subdir', 'DAGS_FOLDER/get_price_btc_price_by_day.py', '--cfg-path', '/tmp/tmp17hgy78z']
[2025-05-10T03:31:43.287+0000] {standard_task_runner.py:91} INFO - Job 15: Subtask get_data
[2025-05-10T03:31:43.589+0000] {task_command.py:426} INFO - Running <TaskInstance: get_price_btc_price_by_day.get_data scheduled__2025-05-08T21:00:00+00:00 [running]> on host 840719eb5226
[2025-05-10T03:31:44.075+0000] {taskinstance.py:2644} INFO - Exporting env vars: AIRFLOW_CTX_DAG_OWNER='airflow' AIRFLOW_CTX_DAG_ID='get_price_btc_price_by_day' AIRFLOW_CTX_TASK_ID='get_data' AIRFLOW_CTX_EXECUTION_DATE='2025-05-08T21:00:00+00:00' AIRFLOW_CTX_TRY_NUMBER='3' AIRFLOW_CTX_DAG_RUN_ID='scheduled__2025-05-08T21:00:00+00:00'
[2025-05-10T03:31:44.076+0000] {taskinstance.py:430} INFO - ::endgroup::
[2025-05-10T03:31:44.077+0000] {logging_mixin.py:188} INFO - Данные за период с 2025-05-08 21:00:00+00:00 по 2025-05-09 21:00:00+00:00
[2025-05-10T03:31:44.501+0000] {logging_mixin.py:188} INFO - {'symbol': 'BTCUSDT', 'lastPrice': '103061.30', 'indexPrice': '103097.24', 'markPrice': '103062.45', 'prevPrice24h': '102530.00', 'price24hPcnt': '0.005181', 'highPrice24h': '104330.10', 'lowPrice24h': '102264.10', 'prevPrice1h': '102969.10', 'openInterest': '46851.91', 'openInterestValue': '4828672631.78', 'turnover24h': '8359285167.8173', 'volume24h': '81118.9270', 'fundingRate': '0.0001', 'nextFundingTime': '1746864000000', 'predictedDeliveryPrice': '', 'basisRate': '', 'deliveryFeeRate': '', 'deliveryTime': '0', 'ask1Size': '5.813', 'bid1Price': '103061.30', 'ask1Price': '103061.40', 'bid1Size': '10.227', 'basis': '', 'preOpenPrice': '', 'preQty': '', 'curPreListingPhase': ''}
[2025-05-10T03:31:44.502+0000] {taskinstance.py:441} INFO - ::group::Post task execution logs
[2025-05-10T03:31:44.502+0000] {taskinstance.py:2890} ERROR - Task failed with exception
Traceback (most recent call last):
  File "/home/airflow/.local/lib/python3.12/site-packages/airflow/models/taskinstance.py", line 465, in _execute_task
    result = _execute_callable(context=context, **execute_callable_kwargs)
             ^^^^^^^^^^^^^^^^^^^^^^^^^^^^^^^^^^^^^^^^^^^^^^^^^^^^^^^^^^^^^
  File "/home/airflow/.local/lib/python3.12/site-packages/airflow/models/taskinstance.py", line 432, in _execute_callable
    return execute_callable(context=context, **execute_callable_kwargs)
           ^^^^^^^^^^^^^^^^^^^^^^^^^^^^^^^^^^^^^^^^^^^^^^^^^^^^^^^^^^^^
  File "/home/airflow/.local/lib/python3.12/site-packages/airflow/models/baseoperator.py", line 400, in wrapper
    return func(self, *args, **kwargs)
           ^^^^^^^^^^^^^^^^^^^^^^^^^^^
  File "/home/airflow/.local/lib/python3.12/site-packages/airflow/decorators/base.py", line 265, in execute
    return_value = super().execute(context)
                   ^^^^^^^^^^^^^^^^^^^^^^^^
  File "/home/airflow/.local/lib/python3.12/site-packages/airflow/models/baseoperator.py", line 400, in wrapper
    return func(self, *args, **kwargs)
           ^^^^^^^^^^^^^^^^^^^^^^^^^^^
  File "/home/airflow/.local/lib/python3.12/site-packages/airflow/operators/python.py", line 235, in execute
    return_value = self.execute_callable()
                   ^^^^^^^^^^^^^^^^^^^^^^^
  File "/home/airflow/.local/lib/python3.12/site-packages/airflow/operators/python.py", line 252, in execute_callable
    return self.python_callable(*self.op_args, **self.op_kwargs)
           ^^^^^^^^^^^^^^^^^^^^^^^^^^^^^^^^^^^^^^^^^^^^^^^^^^^^^
  File "/opt/airflow/dags/get_price_btc_price_by_day.py", line 40, in get_data
    'last_price': float(data['last_price']),
                        ~~~~^^^^^^^^^^^^^^
KeyError: 'last_price'
[2025-05-10T03:31:44.534+0000] {taskinstance.py:1205} INFO - Marking task as FAILED. dag_id=get_price_btc_price_by_day, task_id=get_data, execution_date=20250508T210000, start_date=20250510T033143, end_date=20250510T033144
[2025-05-10T03:31:44.562+0000] {standard_task_runner.py:110} ERROR - Failed to execute job 15 for task get_data ('last_price'; 65)
[2025-05-10T03:31:44.604+0000] {local_task_job_runner.py:240} INFO - Task exited with return code 1
[2025-05-10T03:31:44.652+0000] {taskinstance.py:3482} INFO - 0 downstream tasks scheduled from follow-on schedule check
[2025-05-10T03:31:44.658+0000] {local_task_job_runner.py:222} INFO - ::endgroup::
[2025-05-11T10:44:08.224+0000] {local_task_job_runner.py:120} INFO - ::group::Pre task execution logs
[2025-05-11T10:44:08.337+0000] {taskinstance.py:2073} INFO - Dependencies all met for dep_context=non-requeueable deps ti=<TaskInstance: get_price_btc_price_by_day.get_data scheduled__2025-05-08T21:00:00+00:00 [queued]>
[2025-05-11T10:44:08.368+0000] {taskinstance.py:2073} INFO - Dependencies all met for dep_context=requeueable deps ti=<TaskInstance: get_price_btc_price_by_day.get_data scheduled__2025-05-08T21:00:00+00:00 [queued]>
[2025-05-11T10:44:08.369+0000] {taskinstance.py:2303} INFO - Starting attempt 3 of 3
[2025-05-11T10:44:08.414+0000] {taskinstance.py:2327} INFO - Executing <Task(_PythonDecoratedOperator): get_data> on 2025-05-08 21:00:00+00:00
[2025-05-11T10:44:08.430+0000] {warnings.py:110} WARNING - /home/airflow/.local/lib/python3.12/site-packages/airflow/task/task_runner/standard_task_runner.py:61: DeprecationWarning: This process (pid=174) is multi-threaded, use of fork() may lead to deadlocks in the child.
  pid = os.fork()

[2025-05-11T10:44:08.433+0000] {standard_task_runner.py:63} INFO - Started process 180 to run task
[2025-05-11T10:44:08.444+0000] {standard_task_runner.py:90} INFO - Running: ['airflow', 'tasks', 'run', 'get_price_btc_price_by_day', 'get_data', 'scheduled__2025-05-08T21:00:00+00:00', '--job-id', '70', '--raw', '--subdir', 'DAGS_FOLDER/get_price_btc_price_by_day.py', '--cfg-path', '/tmp/tmpnz82my3y']
[2025-05-11T10:44:08.453+0000] {standard_task_runner.py:91} INFO - Job 70: Subtask get_data
[2025-05-11T10:44:08.701+0000] {task_command.py:426} INFO - Running <TaskInstance: get_price_btc_price_by_day.get_data scheduled__2025-05-08T21:00:00+00:00 [running]> on host 840719eb5226
[2025-05-11T10:44:09.035+0000] {taskinstance.py:2644} INFO - Exporting env vars: AIRFLOW_CTX_DAG_OWNER='airflow' AIRFLOW_CTX_DAG_ID='get_price_btc_price_by_day' AIRFLOW_CTX_TASK_ID='get_data' AIRFLOW_CTX_EXECUTION_DATE='2025-05-08T21:00:00+00:00' AIRFLOW_CTX_TRY_NUMBER='3' AIRFLOW_CTX_DAG_RUN_ID='scheduled__2025-05-08T21:00:00+00:00'
[2025-05-11T10:44:09.036+0000] {taskinstance.py:430} INFO - ::endgroup::
[2025-05-11T10:44:09.037+0000] {logging_mixin.py:188} INFO - Данные за период с 2025-05-08 21:00:00+00:00 по 2025-05-09 21:00:00+00:00
[2025-05-11T10:44:09.488+0000] {logging_mixin.py:188} INFO - {'symbol': 'BTCUSDT', 'lastPrice': '104334.80', 'indexPrice': '104376.51', 'markPrice': '104334.70', 'prevPrice24h': '103686.10', 'price24hPcnt': '0.006256', 'highPrice24h': '104986.70', 'lowPrice24h': '102880.00', 'prevPrice1h': '104220.00', 'openInterest': '47602.501', 'openInterestValue': '4966592661.08', 'turnover24h': '6071239682.1346', 'volume24h': '58437.9120', 'fundingRate': '0.0001', 'nextFundingTime': '1746979200000', 'predictedDeliveryPrice': '', 'basisRate': '', 'deliveryFeeRate': '', 'deliveryTime': '0', 'ask1Size': '5.453', 'bid1Price': '104334.70', 'ask1Price': '104334.80', 'bid1Size': '4.449', 'basis': '', 'preOpenPrice': '', 'preQty': '', 'curPreListingPhase': ''}
[2025-05-11T10:44:09.497+0000] {python.py:237} INFO - Done. Returned value was: {'data_interval_start': DateTime(2025, 5, 8, 21, 0, 0, tzinfo=Timezone('UTC')), 'data_interval_end': DateTime(2025, 5, 9, 21, 0, 0, tzinfo=Timezone('UTC')), 'last_price': 104334.8, 'volume_24h': 58437.912, 'high_price_24h': 104986.7, 'low_price_24h': 102880.0, 'bid_price': 104334.7, 'ask_price': 104334.8, 'open_interest': 47602.501}
[2025-05-11T10:44:09.499+0000] {taskinstance.py:441} INFO - ::group::Post task execution logs
[2025-05-11T10:44:09.595+0000] {taskinstance.py:1205} INFO - Marking task as SUCCESS. dag_id=get_price_btc_price_by_day, task_id=get_data, execution_date=20250508T210000, start_date=20250511T104408, end_date=20250511T104409
[2025-05-11T10:44:09.646+0000] {local_task_job_runner.py:240} INFO - Task exited with return code 0
[2025-05-11T10:44:09.748+0000] {taskinstance.py:3482} INFO - 1 downstream tasks scheduled from follow-on schedule check
[2025-05-11T10:44:09.750+0000] {local_task_job_runner.py:222} INFO - ::endgroup::
