[2025-05-10T03:31:12.049+0000] {local_task_job_runner.py:120} INFO - ::group::Pre task execution logs
[2025-05-10T03:31:12.102+0000] {taskinstance.py:2073} INFO - Dependencies all met for dep_context=non-requeueable deps ti=<TaskInstance: get_price_btc_price_by_day.get_data scheduled__2025-05-08T21:00:00+00:00 [queued]>
[2025-05-10T03:31:12.118+0000] {taskinstance.py:2073} INFO - Dependencies all met for dep_context=requeueable deps ti=<TaskInstance: get_price_btc_price_by_day.get_data scheduled__2025-05-08T21:00:00+00:00 [queued]>
[2025-05-10T03:31:12.118+0000] {taskinstance.py:2303} INFO - Starting attempt 2 of 2
[2025-05-10T03:31:12.145+0000] {taskinstance.py:2327} INFO - Executing <Task(_PythonDecoratedOperator): get_data> on 2025-05-08 21:00:00+00:00
[2025-05-10T03:31:12.153+0000] {warnings.py:110} WARNING - /home/airflow/.local/lib/python3.12/site-packages/airflow/task/task_runner/standard_task_runner.py:61: DeprecationWarning: This process (pid=51) is multi-threaded, use of fork() may lead to deadlocks in the child.
  pid = os.fork()

[2025-05-10T03:31:12.156+0000] {standard_task_runner.py:63} INFO - Started process 52 to run task
[2025-05-10T03:31:12.156+0000] {standard_task_runner.py:90} INFO - Running: ['airflow', 'tasks', 'run', 'get_price_btc_price_by_day', 'get_data', 'scheduled__2025-05-08T21:00:00+00:00', '--job-id', '9', '--raw', '--subdir', 'DAGS_FOLDER/get_price_btc_price_by_day.py', '--cfg-path', '/tmp/tmpd4qql9v0']
[2025-05-10T03:31:12.161+0000] {standard_task_runner.py:91} INFO - Job 9: Subtask get_data
[2025-05-10T03:31:12.276+0000] {task_command.py:426} INFO - Running <TaskInstance: get_price_btc_price_by_day.get_data scheduled__2025-05-08T21:00:00+00:00 [running]> on host 840719eb5226
[2025-05-10T03:31:12.471+0000] {taskinstance.py:2644} INFO - Exporting env vars: AIRFLOW_CTX_DAG_OWNER='airflow' AIRFLOW_CTX_DAG_ID='get_price_btc_price_by_day' AIRFLOW_CTX_TASK_ID='get_data' AIRFLOW_CTX_EXECUTION_DATE='2025-05-08T21:00:00+00:00' AIRFLOW_CTX_TRY_NUMBER='2' AIRFLOW_CTX_DAG_RUN_ID='scheduled__2025-05-08T21:00:00+00:00'
[2025-05-10T03:31:12.473+0000] {taskinstance.py:430} INFO - ::endgroup::
[2025-05-10T03:31:12.475+0000] {logging_mixin.py:188} INFO - Данные за период с 2025-05-08 21:00:00+00:00 по 2025-05-09 21:00:00+00:00
[2025-05-10T03:31:12.829+0000] {logging_mixin.py:188} INFO - {'symbol': 'BTCUSDT', 'lastPrice': '103030.40', 'indexPrice': '103062.11', 'markPrice': '103030.40', 'prevPrice24h': '102598.60', 'price24hPcnt': '0.004208', 'highPrice24h': '104330.10', 'lowPrice24h': '102264.10', 'prevPrice1h': '102950.20', 'openInterest': '46858.622', 'openInterestValue': '4827862568.11', 'turnover24h': '8361917514.7029', 'volume24h': '81144.6200', 'fundingRate': '0.0001', 'nextFundingTime': '1746864000000', 'predictedDeliveryPrice': '', 'basisRate': '', 'deliveryFeeRate': '', 'deliveryTime': '0', 'ask1Size': '3.504', 'bid1Price': '103030.30', 'ask1Price': '103030.40', 'bid1Size': '15.138', 'basis': '', 'preOpenPrice': '', 'preQty': '', 'curPreListingPhase': ''}
[2025-05-10T03:31:12.830+0000] {taskinstance.py:441} INFO - ::group::Post task execution logs
[2025-05-10T03:31:12.831+0000] {taskinstance.py:2890} ERROR - Task failed with exception
Traceback (most recent call last):
  File "/home/airflow/.local/lib/python3.12/site-packages/airflow/models/taskinstance.py", line 465, in _execute_task
    result = _execute_callable(context=context, **execute_callable_kwargs)
             ^^^^^^^^^^^^^^^^^^^^^^^^^^^^^^^^^^^^^^^^^^^^^^^^^^^^^^^^^^^^^
  File "/home/airflow/.local/lib/python3.12/site-packages/airflow/models/taskinstance.py", line 432, in _execute_callable
    return execute_callable(context=context, **execute_callable_kwargs)
           ^^^^^^^^^^^^^^^^^^^^^^^^^^^^^^^^^^^^^^^^^^^^^^^^^^^^^^^^^^^^
  File "/home/airflow/.local/lib/python3.12/site-packages/airflow/models/baseoperator.py", line 400, in wrapper
    return func(self, *args, **kwargs)
           ^^^^^^^^^^^^^^^^^^^^^^^^^^^
  File "/home/airflow/.local/lib/python3.12/site-packages/airflow/decorators/base.py", line 265, in execute
    return_value = super().execute(context)
                   ^^^^^^^^^^^^^^^^^^^^^^^^
  File "/home/airflow/.local/lib/python3.12/site-packages/airflow/models/baseoperator.py", line 400, in wrapper
    return func(self, *args, **kwargs)
           ^^^^^^^^^^^^^^^^^^^^^^^^^^^
  File "/home/airflow/.local/lib/python3.12/site-packages/airflow/operators/python.py", line 235, in execute
    return_value = self.execute_callable()
                   ^^^^^^^^^^^^^^^^^^^^^^^
  File "/home/airflow/.local/lib/python3.12/site-packages/airflow/operators/python.py", line 252, in execute_callable
    return self.python_callable(*self.op_args, **self.op_kwargs)
           ^^^^^^^^^^^^^^^^^^^^^^^^^^^^^^^^^^^^^^^^^^^^^^^^^^^^^
  File "/opt/airflow/dags/get_price_btc_price_by_day.py", line 40, in get_data
    'last_price': float(data['last_price']),
                        ~~~~^^^^^^^^^^^^^^
KeyError: 'last_price'
[2025-05-10T03:31:12.860+0000] {taskinstance.py:1205} INFO - Marking task as FAILED. dag_id=get_price_btc_price_by_day, task_id=get_data, execution_date=20250508T210000, start_date=20250510T033112, end_date=20250510T033112
[2025-05-10T03:31:12.886+0000] {standard_task_runner.py:110} ERROR - Failed to execute job 9 for task get_data ('last_price'; 52)
[2025-05-10T03:31:12.902+0000] {local_task_job_runner.py:240} INFO - Task exited with return code 1
[2025-05-10T03:31:12.957+0000] {taskinstance.py:3482} INFO - 0 downstream tasks scheduled from follow-on schedule check
[2025-05-10T03:31:12.964+0000] {local_task_job_runner.py:222} INFO - ::endgroup::
[2025-05-11T09:49:00.372+0000] {local_task_job_runner.py:120} INFO - ::group::Pre task execution logs
[2025-05-11T09:49:00.450+0000] {taskinstance.py:2073} INFO - Dependencies all met for dep_context=non-requeueable deps ti=<TaskInstance: get_price_btc_price_by_day.get_data scheduled__2025-05-08T21:00:00+00:00 [queued]>
[2025-05-11T09:49:00.461+0000] {taskinstance.py:2073} INFO - Dependencies all met for dep_context=requeueable deps ti=<TaskInstance: get_price_btc_price_by_day.get_data scheduled__2025-05-08T21:00:00+00:00 [queued]>
[2025-05-11T09:49:00.462+0000] {taskinstance.py:2303} INFO - Starting attempt 2 of 2
[2025-05-11T09:49:00.492+0000] {taskinstance.py:2327} INFO - Executing <Task(_PythonDecoratedOperator): get_data> on 2025-05-08 21:00:00+00:00
[2025-05-11T09:49:00.504+0000] {warnings.py:110} WARNING - /home/airflow/.local/lib/python3.12/site-packages/airflow/task/task_runner/standard_task_runner.py:61: DeprecationWarning: This process (pid=150) is multi-threaded, use of fork() may lead to deadlocks in the child.
  pid = os.fork()

[2025-05-11T09:49:00.506+0000] {standard_task_runner.py:63} INFO - Started process 155 to run task
[2025-05-11T09:49:00.511+0000] {standard_task_runner.py:90} INFO - Running: ['airflow', 'tasks', 'run', 'get_price_btc_price_by_day', 'get_data', 'scheduled__2025-05-08T21:00:00+00:00', '--job-id', '58', '--raw', '--subdir', 'DAGS_FOLDER/get_price_btc_price_by_day.py', '--cfg-path', '/tmp/tmpgamsno9u']
[2025-05-11T09:49:00.517+0000] {standard_task_runner.py:91} INFO - Job 58: Subtask get_data
[2025-05-11T09:49:00.689+0000] {task_command.py:426} INFO - Running <TaskInstance: get_price_btc_price_by_day.get_data scheduled__2025-05-08T21:00:00+00:00 [running]> on host 840719eb5226
[2025-05-11T09:49:00.946+0000] {taskinstance.py:2644} INFO - Exporting env vars: AIRFLOW_CTX_DAG_OWNER='airflow' AIRFLOW_CTX_DAG_ID='get_price_btc_price_by_day' AIRFLOW_CTX_TASK_ID='get_data' AIRFLOW_CTX_EXECUTION_DATE='2025-05-08T21:00:00+00:00' AIRFLOW_CTX_TRY_NUMBER='2' AIRFLOW_CTX_DAG_RUN_ID='scheduled__2025-05-08T21:00:00+00:00'
[2025-05-11T09:49:00.948+0000] {taskinstance.py:430} INFO - ::endgroup::
[2025-05-11T09:49:00.950+0000] {logging_mixin.py:188} INFO - Данные за период с 2025-05-08 21:00:00+00:00 по 2025-05-09 21:00:00+00:00
[2025-05-11T09:49:01.313+0000] {logging_mixin.py:188} INFO - {'symbol': 'BTCUSDT', 'lastPrice': '104306.40', 'indexPrice': '104329.43', 'markPrice': '104306.40', 'prevPrice24h': '103770.00', 'price24hPcnt': '0.005169', 'highPrice24h': '104986.70', 'lowPrice24h': '102880.00', 'prevPrice1h': '103783.40', 'openInterest': '47416.134', 'openInterestValue': '4945806239.46', 'turnover24h': '5980890994.1789', 'volume24h': '57577.7800', 'fundingRate': '0.0001', 'nextFundingTime': '1746979200000', 'predictedDeliveryPrice': '', 'basisRate': '', 'deliveryFeeRate': '', 'deliveryTime': '0', 'ask1Size': '10.723', 'bid1Price': '104306.30', 'ask1Price': '104306.40', 'bid1Size': '2.131', 'basis': '', 'preOpenPrice': '', 'preQty': '', 'curPreListingPhase': ''}
[2025-05-11T09:49:01.317+0000] {python.py:237} INFO - Done. Returned value was: {'data_interval_start': DateTime(2025, 5, 8, 21, 0, 0, tzinfo=Timezone('UTC')), 'data_interval_end': DateTime(2025, 5, 9, 21, 0, 0, tzinfo=Timezone('UTC')), 'last_price': 104306.4, 'volume_24h': 57577.78, 'high_price_24h': 104986.7, 'low_price_24h': 102880.0, 'bid_price': 104306.3, 'ask_price': 104306.4, 'open_interest': 47416.134}
[2025-05-11T09:49:01.319+0000] {taskinstance.py:441} INFO - ::group::Post task execution logs
[2025-05-11T09:49:01.432+0000] {taskinstance.py:1205} INFO - Marking task as SUCCESS. dag_id=get_price_btc_price_by_day, task_id=get_data, execution_date=20250508T210000, start_date=20250511T094900, end_date=20250511T094901
[2025-05-11T09:49:01.479+0000] {local_task_job_runner.py:240} INFO - Task exited with return code 0
[2025-05-11T09:49:01.530+0000] {taskinstance.py:3482} INFO - 1 downstream tasks scheduled from follow-on schedule check
[2025-05-11T09:49:01.533+0000] {local_task_job_runner.py:222} INFO - ::endgroup::
