[2026-02-24T23:55:44.830+0000] {local_task_job_runner.py:120} INFO - ::group::Pre task execution logs
[2026-02-24T23:55:45.041+0000] {taskinstance.py:2073} INFO - Dependencies all met for dep_context=non-requeueable deps ti=<TaskInstance: tutorial_4_my_turn.prepare_data manual__2026-02-24T23:55:42.836594+00:00 [queued]>
[2026-02-24T23:55:45.056+0000] {taskinstance.py:2073} INFO - Dependencies all met for dep_context=requeueable deps ti=<TaskInstance: tutorial_4_my_turn.prepare_data manual__2026-02-24T23:55:42.836594+00:00 [queued]>
[2026-02-24T23:55:45.056+0000] {taskinstance.py:2303} INFO - Starting attempt 1 of 1
[2026-02-24T23:55:45.088+0000] {taskinstance.py:2327} INFO - Executing <Task(_PythonDecoratedOperator): prepare_data> on 2026-02-24 23:55:42.836594+00:00
[2026-02-24T23:55:45.104+0000] {warnings.py:110} WARNING - /home/***/.local/lib/python3.12/site-packages/***/task/task_runner/standard_task_runner.py:61: DeprecationWarning: This process (pid=47) is multi-threaded, use of fork() may lead to deadlocks in the child.
  pid = os.fork()

[2026-02-24T23:55:45.108+0000] {standard_task_runner.py:63} INFO - Started process 48 to run task
[2026-02-24T23:55:45.108+0000] {standard_task_runner.py:90} INFO - Running: ['***', 'tasks', 'run', 'tutorial_4_my_turn', 'prepare_data', 'manual__2026-02-24T23:55:42.836594+00:00', '--job-id', '33', '--raw', '--subdir', 'DAGS_FOLDER/tutorial_4_my_turn.py', '--cfg-path', '/tmp/tmprrkmzva8']
[2026-02-24T23:55:45.115+0000] {standard_task_runner.py:91} INFO - Job 33: Subtask prepare_data
[2026-02-24T23:55:45.217+0000] {task_command.py:426} INFO - Running <TaskInstance: tutorial_4_my_turn.prepare_data manual__2026-02-24T23:55:42.836594+00:00 [running]> on host 7a6f533eea10
[2026-02-24T23:55:45.389+0000] {taskinstance.py:2644} INFO - Exporting env vars: AIRFLOW_CTX_DAG_OWNER='***' AIRFLOW_CTX_DAG_ID='tutorial_4_my_turn' AIRFLOW_CTX_TASK_ID='prepare_data' AIRFLOW_CTX_EXECUTION_DATE='2026-02-24T23:55:42.836594+00:00' AIRFLOW_CTX_TRY_NUMBER='1' AIRFLOW_CTX_DAG_RUN_ID='manual__2026-02-24T23:55:42.836594+00:00'
[2026-02-24T23:55:45.390+0000] {taskinstance.py:430} INFO - ::endgroup::
[2026-02-24T23:55:45.391+0000] {tutorial_4_my_turn.py:24} INFO - Result: [{'name': 'Alice', 'score': 85}, {'name': 'Bob', 'score': 92}, {'name': 'Charlie', 'score': 78}]
[2026-02-24T23:55:45.391+0000] {python.py:237} INFO - Done. Returned value was: [{'name': 'Alice', 'score': 85}, {'name': 'Bob', 'score': 92}, {'name': 'Charlie', 'score': 78}]
[2026-02-24T23:55:45.392+0000] {taskinstance.py:441} INFO - ::group::Post task execution logs
[2026-02-24T23:55:45.439+0000] {taskinstance.py:1205} INFO - Marking task as SUCCESS. dag_id=tutorial_4_my_turn, task_id=prepare_data, execution_date=20260224T235542, start_date=20260224T235545, end_date=20260224T235545
[2026-02-24T23:55:45.485+0000] {local_task_job_runner.py:240} INFO - Task exited with return code 0
[2026-02-24T23:55:45.518+0000] {taskinstance.py:3482} INFO - 1 downstream tasks scheduled from follow-on schedule check
[2026-02-24T23:55:45.521+0000] {local_task_job_runner.py:222} INFO - ::endgroup::
