[2025-05-11T12:12:36.669+0000] {local_task_job_runner.py:120} INFO - ::group::Pre task execution logs
[2025-05-11T12:12:36.724+0000] {taskinstance.py:2073} INFO - Dependencies all met for dep_context=non-requeueable deps ti=<TaskInstance: get_price_btc_price_by_day.get_data manual__2025-05-11T10:44:06.689648+00:00 [queued]>
[2025-05-11T12:12:36.737+0000] {taskinstance.py:2073} INFO - Dependencies all met for dep_context=requeueable deps ti=<TaskInstance: get_price_btc_price_by_day.get_data manual__2025-05-11T10:44:06.689648+00:00 [queued]>
[2025-05-11T12:12:36.738+0000] {taskinstance.py:2303} INFO - Starting attempt 4 of 4
[2025-05-11T12:12:36.762+0000] {taskinstance.py:2327} INFO - Executing <Task(_PythonDecoratedOperator): get_data> on 2025-05-11 10:44:06.689648+00:00
[2025-05-11T12:12:36.771+0000] {warnings.py:110} WARNING - /home/airflow/.local/lib/python3.12/site-packages/airflow/task/task_runner/standard_task_runner.py:61: DeprecationWarning: This process (pid=144) is multi-threaded, use of fork() may lead to deadlocks in the child.
  pid = os.fork()

[2025-05-11T12:12:36.774+0000] {standard_task_runner.py:63} INFO - Started process 146 to run task
[2025-05-11T12:12:36.775+0000] {standard_task_runner.py:90} INFO - Running: ['airflow', 'tasks', 'run', 'get_price_btc_price_by_day', 'get_data', 'manual__2025-05-11T10:44:06.689648+00:00', '--job-id', '137', '--raw', '--subdir', 'DAGS_FOLDER/get_price_btc_price_by_day.py', '--cfg-path', '/tmp/tmpr1vgedjs']
[2025-05-11T12:12:36.779+0000] {standard_task_runner.py:91} INFO - Job 137: Subtask get_data
[2025-05-11T12:12:36.883+0000] {task_command.py:426} INFO - Running <TaskInstance: get_price_btc_price_by_day.get_data manual__2025-05-11T10:44:06.689648+00:00 [running]> on host 840719eb5226
[2025-05-11T12:12:37.070+0000] {taskinstance.py:2644} INFO - Exporting env vars: AIRFLOW_CTX_DAG_OWNER='airflow' AIRFLOW_CTX_DAG_ID='get_price_btc_price_by_day' AIRFLOW_CTX_TASK_ID='get_data' AIRFLOW_CTX_EXECUTION_DATE='2025-05-11T10:44:06.689648+00:00' AIRFLOW_CTX_TRY_NUMBER='4' AIRFLOW_CTX_DAG_RUN_ID='manual__2025-05-11T10:44:06.689648+00:00'
[2025-05-11T12:12:37.072+0000] {taskinstance.py:430} INFO - ::endgroup::
[2025-05-11T12:12:37.073+0000] {logging_mixin.py:188} INFO - Данные за период с 2025-05-09 21:00:00+00:00 по 2025-05-10 21:00:00+00:00
[2025-05-11T12:12:37.501+0000] {logging_mixin.py:188} INFO - {'symbol': 'BTCUSDT', 'lastPrice': '104750.00', 'indexPrice': '104796.97', 'markPrice': '104752.18', 'prevPrice24h': '103570.10', 'price24hPcnt': '0.011392', 'highPrice24h': '104986.70', 'lowPrice24h': '102880.00', 'prevPrice1h': '104516.40', 'openInterest': '47689.034', 'openInterestValue': '4995530273.59', 'turnover24h': '6168896998.7596', 'volume24h': '59349.9660', 'fundingRate': '0.0001', 'nextFundingTime': '1746979200000', 'predictedDeliveryPrice': '', 'basisRate': '', 'deliveryFeeRate': '', 'deliveryTime': '0', 'ask1Size': '10.193', 'bid1Price': '104750.00', 'ask1Price': '104750.10', 'bid1Size': '9.828', 'basis': '', 'preOpenPrice': '', 'preQty': '', 'curPreListingPhase': ''}
[2025-05-11T12:12:37.505+0000] {python.py:237} INFO - Done. Returned value was: {'data_interval_start': DateTime(2025, 5, 9, 21, 0, 0, tzinfo=Timezone('UTC')), 'data_interval_end': DateTime(2025, 5, 10, 21, 0, 0, tzinfo=Timezone('UTC')), 'last_price': 104750.0, 'volume_24h': 59349.966, 'high_price_24h': 104986.7, 'low_price_24h': 102880.0, 'bid_price': 104750.0, 'ask_price': 104750.1, 'open_interest': 47689.034}
[2025-05-11T12:12:37.508+0000] {taskinstance.py:441} INFO - ::group::Post task execution logs
[2025-05-11T12:12:37.577+0000] {taskinstance.py:1205} INFO - Marking task as SUCCESS. dag_id=get_price_btc_price_by_day, task_id=get_data, execution_date=20250511T104406, start_date=20250511T121236, end_date=20250511T121237
[2025-05-11T12:12:37.607+0000] {local_task_job_runner.py:240} INFO - Task exited with return code 0
[2025-05-11T12:12:37.659+0000] {taskinstance.py:3482} INFO - 1 downstream tasks scheduled from follow-on schedule check
[2025-05-11T12:12:37.661+0000] {local_task_job_runner.py:222} INFO - ::endgroup::
