[2026-02-26T12:08:02.641+0000] {local_task_job_runner.py:120} INFO - ::group::Pre task execution logs
[2026-02-26T12:08:02.664+0000] {taskinstance.py:2073} INFO - Dependencies all met for dep_context=non-requeueable deps ti=<TaskInstance: tutorial_5_my_turn.unstable_task manual__2026-02-26T12:05:59.545357+00:00 [queued]>
[2026-02-26T12:08:02.670+0000] {taskinstance.py:2073} INFO - Dependencies all met for dep_context=requeueable deps ti=<TaskInstance: tutorial_5_my_turn.unstable_task manual__2026-02-26T12:05:59.545357+00:00 [queued]>
[2026-02-26T12:08:02.671+0000] {taskinstance.py:2303} INFO - Starting attempt 3 of 4
[2026-02-26T12:08:02.683+0000] {taskinstance.py:2327} INFO - Executing <Task(_PythonDecoratedOperator): unstable_task> on 2026-02-26 12:05:59.545357+00:00
[2026-02-26T12:08:02.690+0000] {warnings.py:110} WARNING - /home/***/.local/lib/python3.12/site-packages/***/task/task_runner/standard_task_runner.py:61: DeprecationWarning: This process (pid=89) is multi-threaded, use of fork() may lead to deadlocks in the child.
  pid = os.fork()

[2026-02-26T12:08:02.692+0000] {standard_task_runner.py:63} INFO - Started process 90 to run task
[2026-02-26T12:08:02.692+0000] {standard_task_runner.py:90} INFO - Running: ['***', 'tasks', 'run', 'tutorial_5_my_turn', 'unstable_task', 'manual__2026-02-26T12:05:59.545357+00:00', '--job-id', '38', '--raw', '--subdir', 'DAGS_FOLDER/tutorial_5_my_turn.py', '--cfg-path', '/tmp/tmpzn4z3y7c']
[2026-02-26T12:08:02.694+0000] {standard_task_runner.py:91} INFO - Job 38: Subtask unstable_task
[2026-02-26T12:08:02.736+0000] {task_command.py:426} INFO - Running <TaskInstance: tutorial_5_my_turn.unstable_task manual__2026-02-26T12:05:59.545357+00:00 [running]> on host 7a6f533eea10
[2026-02-26T12:08:02.834+0000] {taskinstance.py:2644} INFO - Exporting env vars: AIRFLOW_CTX_DAG_OWNER='***' AIRFLOW_CTX_DAG_ID='tutorial_5_my_turn' AIRFLOW_CTX_TASK_ID='unstable_task' AIRFLOW_CTX_EXECUTION_DATE='2026-02-26T12:05:59.545357+00:00' AIRFLOW_CTX_TRY_NUMBER='3' AIRFLOW_CTX_DAG_RUN_ID='manual__2026-02-26T12:05:59.545357+00:00'
[2026-02-26T12:08:02.835+0000] {taskinstance.py:430} INFO - ::endgroup::
[2026-02-26T12:08:02.836+0000] {taskinstance.py:441} INFO - ::group::Post task execution logs
[2026-02-26T12:08:02.836+0000] {taskinstance.py:2890} ERROR - Task failed with exception
Traceback (most recent call last):
  File "/home/airflow/.local/lib/python3.12/site-packages/airflow/models/taskinstance.py", line 465, in _execute_task
    result = _execute_callable(context=context, **execute_callable_kwargs)
             ^^^^^^^^^^^^^^^^^^^^^^^^^^^^^^^^^^^^^^^^^^^^^^^^^^^^^^^^^^^^^
  File "/home/airflow/.local/lib/python3.12/site-packages/airflow/models/taskinstance.py", line 432, in _execute_callable
    return execute_callable(context=context, **execute_callable_kwargs)
           ^^^^^^^^^^^^^^^^^^^^^^^^^^^^^^^^^^^^^^^^^^^^^^^^^^^^^^^^^^^^
  File "/home/airflow/.local/lib/python3.12/site-packages/airflow/models/baseoperator.py", line 400, in wrapper
    return func(self, *args, **kwargs)
           ^^^^^^^^^^^^^^^^^^^^^^^^^^^
  File "/home/airflow/.local/lib/python3.12/site-packages/airflow/decorators/base.py", line 265, in execute
    return_value = super().execute(context)
                   ^^^^^^^^^^^^^^^^^^^^^^^^
  File "/home/airflow/.local/lib/python3.12/site-packages/airflow/models/baseoperator.py", line 400, in wrapper
    return func(self, *args, **kwargs)
           ^^^^^^^^^^^^^^^^^^^^^^^^^^^
  File "/home/airflow/.local/lib/python3.12/site-packages/airflow/operators/python.py", line 235, in execute
    return_value = self.execute_callable()
                   ^^^^^^^^^^^^^^^^^^^^^^^
  File "/home/airflow/.local/lib/python3.12/site-packages/airflow/operators/python.py", line 252, in execute_callable
    return self.python_callable(*self.op_args, **self.op_kwargs)
           ^^^^^^^^^^^^^^^^^^^^^^^^^^^^^^^^^^^^^^^^^^^^^^^^^^^^^
  File "/opt/airflow/dags/tutorial_5_my_turn.py", line 20, in unstable_task
    raise Exception("Симуляция сбоя")
Exception: Симуляция сбоя
[2026-02-26T12:08:02.847+0000] {taskinstance.py:1205} INFO - Marking task as UP_FOR_RETRY. dag_id=tutorial_5_my_turn, task_id=unstable_task, execution_date=20260226T120559, start_date=20260226T120802, end_date=20260226T120802
[2026-02-26T12:08:02.858+0000] {standard_task_runner.py:110} ERROR - Failed to execute job 38 for task unstable_task (Симуляция сбоя; 90)
[2026-02-26T12:08:02.905+0000] {local_task_job_runner.py:240} INFO - Task exited with return code 1
[2026-02-26T12:08:02.924+0000] {taskinstance.py:3482} INFO - 0 downstream tasks scheduled from follow-on schedule check
[2026-02-26T12:08:02.925+0000] {local_task_job_runner.py:222} INFO - ::endgroup::
