[2026-02-21T11:43:48.334+0000] {local_task_job_runner.py:120} INFO - ::group::Pre task execution logs
[2026-02-21T11:43:48.372+0000] {taskinstance.py:2073} INFO - Dependencies all met for dep_context=non-requeueable deps ti=<TaskInstance: tutorial_3_my_turn.fetch_data manual__2026-02-21T11:43:46.956841+00:00 [queued]>
[2026-02-21T11:43:48.385+0000] {taskinstance.py:2073} INFO - Dependencies all met for dep_context=requeueable deps ti=<TaskInstance: tutorial_3_my_turn.fetch_data manual__2026-02-21T11:43:46.956841+00:00 [queued]>
[2026-02-21T11:43:48.386+0000] {taskinstance.py:2303} INFO - Starting attempt 1 of 1
[2026-02-21T11:43:48.407+0000] {taskinstance.py:2327} INFO - Executing <Task(_PythonDecoratedOperator): fetch_data> on 2026-02-21 11:43:46.956841+00:00
[2026-02-21T11:43:48.421+0000] {warnings.py:110} WARNING - /home/***/.local/lib/python3.12/site-packages/***/task/task_runner/standard_task_runner.py:61: DeprecationWarning: This process (pid=89) is multi-threaded, use of fork() may lead to deadlocks in the child.
  pid = os.fork()

[2026-02-21T11:43:48.425+0000] {standard_task_runner.py:63} INFO - Started process 90 to run task
[2026-02-21T11:43:48.426+0000] {standard_task_runner.py:90} INFO - Running: ['***', 'tasks', 'run', 'tutorial_3_my_turn', 'fetch_data', 'manual__2026-02-21T11:43:46.956841+00:00', '--job-id', '22', '--raw', '--subdir', 'DAGS_FOLDER/tutorial_3_my_turn.py', '--cfg-path', '/tmp/tmpafa60ymi']
[2026-02-21T11:43:48.431+0000] {standard_task_runner.py:91} INFO - Job 22: Subtask fetch_data
[2026-02-21T11:43:48.659+0000] {task_command.py:426} INFO - Running <TaskInstance: tutorial_3_my_turn.fetch_data manual__2026-02-21T11:43:46.956841+00:00 [running]> on host d40236af9776
[2026-02-21T11:43:48.874+0000] {taskinstance.py:2644} INFO - Exporting env vars: AIRFLOW_CTX_DAG_OWNER='***' AIRFLOW_CTX_DAG_ID='tutorial_3_my_turn' AIRFLOW_CTX_TASK_ID='fetch_data' AIRFLOW_CTX_EXECUTION_DATE='2026-02-21T11:43:46.956841+00:00' AIRFLOW_CTX_TRY_NUMBER='1' AIRFLOW_CTX_DAG_RUN_ID='manual__2026-02-21T11:43:46.956841+00:00'
[2026-02-21T11:43:48.877+0000] {taskinstance.py:430} INFO - ::endgroup::
[2026-02-21T11:43:50.068+0000] {tutorial_3_my_turn.py:25} ERROR - Ошибка при запросе к API: 404 Client Error: Not Found for url: https://jsonplaceholder.typicode.com/posts/1g
[2026-02-21T11:43:50.069+0000] {taskinstance.py:441} INFO - ::group::Post task execution logs
[2026-02-21T11:43:50.071+0000] {taskinstance.py:2890} ERROR - Task failed with exception
Traceback (most recent call last):
  File "/home/airflow/.local/lib/python3.12/site-packages/airflow/models/taskinstance.py", line 465, in _execute_task
    result = _execute_callable(context=context, **execute_callable_kwargs)
             ^^^^^^^^^^^^^^^^^^^^^^^^^^^^^^^^^^^^^^^^^^^^^^^^^^^^^^^^^^^^^
  File "/home/airflow/.local/lib/python3.12/site-packages/airflow/models/taskinstance.py", line 432, in _execute_callable
    return execute_callable(context=context, **execute_callable_kwargs)
           ^^^^^^^^^^^^^^^^^^^^^^^^^^^^^^^^^^^^^^^^^^^^^^^^^^^^^^^^^^^^
  File "/home/airflow/.local/lib/python3.12/site-packages/airflow/models/baseoperator.py", line 400, in wrapper
    return func(self, *args, **kwargs)
           ^^^^^^^^^^^^^^^^^^^^^^^^^^^
  File "/home/airflow/.local/lib/python3.12/site-packages/airflow/decorators/base.py", line 265, in execute
    return_value = super().execute(context)
                   ^^^^^^^^^^^^^^^^^^^^^^^^
  File "/home/airflow/.local/lib/python3.12/site-packages/airflow/models/baseoperator.py", line 400, in wrapper
    return func(self, *args, **kwargs)
           ^^^^^^^^^^^^^^^^^^^^^^^^^^^
  File "/home/airflow/.local/lib/python3.12/site-packages/airflow/operators/python.py", line 235, in execute
    return_value = self.execute_callable()
                   ^^^^^^^^^^^^^^^^^^^^^^^
  File "/home/airflow/.local/lib/python3.12/site-packages/airflow/operators/python.py", line 252, in execute_callable
    return self.python_callable(*self.op_args, **self.op_kwargs)
           ^^^^^^^^^^^^^^^^^^^^^^^^^^^^^^^^^^^^^^^^^^^^^^^^^^^^^
  File "/opt/airflow/dags/tutorial_3_my_turn.py", line 21, in fetch_data
    response.raise_for_status()
  File "/home/airflow/.local/lib/python3.12/site-packages/requests/models.py", line 1021, in raise_for_status
    raise HTTPError(http_error_msg, response=self)
requests.exceptions.HTTPError: 404 Client Error: Not Found for url: https://jsonplaceholder.typicode.com/posts/1g
[2026-02-21T11:43:50.111+0000] {taskinstance.py:1205} INFO - Marking task as FAILED. dag_id=tutorial_3_my_turn, task_id=fetch_data, execution_date=20260221T114346, start_date=20260221T114348, end_date=20260221T114350
[2026-02-21T11:43:50.130+0000] {standard_task_runner.py:110} ERROR - Failed to execute job 22 for task fetch_data (404 Client Error: Not Found for url: https://jsonplaceholder.typicode.com/posts/1g; 90)
[2026-02-21T11:43:50.172+0000] {local_task_job_runner.py:240} INFO - Task exited with return code 1
[2026-02-21T11:43:50.213+0000] {taskinstance.py:3482} INFO - 0 downstream tasks scheduled from follow-on schedule check
[2026-02-21T11:43:50.219+0000] {local_task_job_runner.py:222} INFO - ::endgroup::
