[2026-02-21T04:47:59.978+0000] {processor.py:161} INFO - Started process (PID=1246) to work on /opt/airflow/dags/get_price_btc_price_by_day.py
[2026-02-21T04:47:59.988+0000] {processor.py:830} INFO - Processing file /opt/airflow/dags/get_price_btc_price_by_day.py for tasks to queue
[2026-02-21T04:47:59.990+0000] {logging_mixin.py:188} INFO - [2026-02-21T04:47:59.989+0000] {dagbag.py:540} INFO - Filling up the DagBag from /opt/airflow/dags/get_price_btc_price_by_day.py
[2026-02-21T04:48:00.056+0000] {processor.py:840} INFO - DAG(s) 'get_price_btc_price_by_day' retrieved from /opt/airflow/dags/get_price_btc_price_by_day.py
[2026-02-21T04:48:00.207+0000] {logging_mixin.py:188} INFO - [2026-02-21T04:48:00.207+0000] {dag.py:3096} INFO - Sync 1 DAGs
[2026-02-21T04:48:00.330+0000] {logging_mixin.py:188} INFO - [2026-02-21T04:48:00.329+0000] {dag.py:3954} INFO - Setting next_dagrun for get_price_btc_price_by_day to 2026-02-19 21:00:00+00:00, run_after=2026-02-20 21:00:00+00:00
[2026-02-21T04:48:00.408+0000] {processor.py:183} INFO - Processing /opt/airflow/dags/get_price_btc_price_by_day.py took 0.458 seconds
[2026-02-21T10:20:40.269+0000] {processor.py:161} INFO - Started process (PID=1251) to work on /opt/airflow/dags/get_price_btc_price_by_day.py
[2026-02-21T10:20:40.274+0000] {processor.py:830} INFO - Processing file /opt/airflow/dags/get_price_btc_price_by_day.py for tasks to queue
[2026-02-21T10:20:40.288+0000] {logging_mixin.py:188} INFO - [2026-02-21T10:20:40.285+0000] {dagbag.py:540} INFO - Filling up the DagBag from /opt/airflow/dags/get_price_btc_price_by_day.py
[2026-02-21T10:20:40.400+0000] {processor.py:840} INFO - DAG(s) 'get_price_btc_price_by_day' retrieved from /opt/airflow/dags/get_price_btc_price_by_day.py
[2026-02-21T10:20:40.657+0000] {logging_mixin.py:188} INFO - [2026-02-21T10:20:40.656+0000] {dag.py:3096} INFO - Sync 1 DAGs
[2026-02-21T10:20:40.816+0000] {logging_mixin.py:188} INFO - [2026-02-21T10:20:40.815+0000] {dag.py:3954} INFO - Setting next_dagrun for get_price_btc_price_by_day to 2026-02-19 21:00:00+00:00, run_after=2026-02-20 21:00:00+00:00
[2026-02-21T10:20:40.963+0000] {processor.py:183} INFO - Processing /opt/airflow/dags/get_price_btc_price_by_day.py took 0.774 seconds
[2026-02-21T10:21:11.671+0000] {processor.py:161} INFO - Started process (PID=1256) to work on /opt/airflow/dags/get_price_btc_price_by_day.py
[2026-02-21T10:21:11.674+0000] {processor.py:830} INFO - Processing file /opt/airflow/dags/get_price_btc_price_by_day.py for tasks to queue
[2026-02-21T10:21:11.676+0000] {logging_mixin.py:188} INFO - [2026-02-21T10:21:11.675+0000] {dagbag.py:540} INFO - Filling up the DagBag from /opt/airflow/dags/get_price_btc_price_by_day.py
[2026-02-21T10:21:11.700+0000] {processor.py:840} INFO - DAG(s) 'get_price_btc_price_by_day' retrieved from /opt/airflow/dags/get_price_btc_price_by_day.py
[2026-02-21T10:21:11.794+0000] {logging_mixin.py:188} INFO - [2026-02-21T10:21:11.792+0000] {dag.py:3096} INFO - Sync 1 DAGs
[2026-02-21T10:21:11.868+0000] {logging_mixin.py:188} INFO - [2026-02-21T10:21:11.867+0000] {dag.py:3954} INFO - Setting next_dagrun for get_price_btc_price_by_day to 2026-02-19 21:00:00+00:00, run_after=2026-02-20 21:00:00+00:00
[2026-02-21T10:21:11.916+0000] {processor.py:183} INFO - Processing /opt/airflow/dags/get_price_btc_price_by_day.py took 0.261 seconds
[2026-02-21T10:21:42.320+0000] {processor.py:161} INFO - Started process (PID=1261) to work on /opt/airflow/dags/get_price_btc_price_by_day.py
[2026-02-21T10:21:42.323+0000] {processor.py:830} INFO - Processing file /opt/airflow/dags/get_price_btc_price_by_day.py for tasks to queue
[2026-02-21T10:21:42.324+0000] {logging_mixin.py:188} INFO - [2026-02-21T10:21:42.324+0000] {dagbag.py:540} INFO - Filling up the DagBag from /opt/airflow/dags/get_price_btc_price_by_day.py
[2026-02-21T10:21:42.341+0000] {processor.py:840} INFO - DAG(s) 'get_price_btc_price_by_day' retrieved from /opt/airflow/dags/get_price_btc_price_by_day.py
[2026-02-21T10:21:42.396+0000] {logging_mixin.py:188} INFO - [2026-02-21T10:21:42.395+0000] {dag.py:3096} INFO - Sync 1 DAGs
[2026-02-21T10:21:42.429+0000] {logging_mixin.py:188} INFO - [2026-02-21T10:21:42.428+0000] {dag.py:3954} INFO - Setting next_dagrun for get_price_btc_price_by_day to 2026-02-19 21:00:00+00:00, run_after=2026-02-20 21:00:00+00:00
[2026-02-21T10:21:42.470+0000] {processor.py:183} INFO - Processing /opt/airflow/dags/get_price_btc_price_by_day.py took 0.159 seconds
[2026-02-21T10:22:12.873+0000] {processor.py:161} INFO - Started process (PID=1266) to work on /opt/airflow/dags/get_price_btc_price_by_day.py
[2026-02-21T10:22:12.881+0000] {processor.py:830} INFO - Processing file /opt/airflow/dags/get_price_btc_price_by_day.py for tasks to queue
[2026-02-21T10:22:12.883+0000] {logging_mixin.py:188} INFO - [2026-02-21T10:22:12.883+0000] {dagbag.py:540} INFO - Filling up the DagBag from /opt/airflow/dags/get_price_btc_price_by_day.py
[2026-02-21T10:22:12.898+0000] {processor.py:840} INFO - DAG(s) 'get_price_btc_price_by_day' retrieved from /opt/airflow/dags/get_price_btc_price_by_day.py
[2026-02-21T10:22:12.959+0000] {logging_mixin.py:188} INFO - [2026-02-21T10:22:12.959+0000] {dag.py:3096} INFO - Sync 1 DAGs
[2026-02-21T10:22:13.002+0000] {logging_mixin.py:188} INFO - [2026-02-21T10:22:13.001+0000] {dag.py:3954} INFO - Setting next_dagrun for get_price_btc_price_by_day to 2026-02-19 21:00:00+00:00, run_after=2026-02-20 21:00:00+00:00
[2026-02-21T10:22:13.034+0000] {processor.py:183} INFO - Processing /opt/airflow/dags/get_price_btc_price_by_day.py took 0.171 seconds
[2026-02-21T10:22:43.431+0000] {processor.py:161} INFO - Started process (PID=1271) to work on /opt/airflow/dags/get_price_btc_price_by_day.py
[2026-02-21T10:22:43.439+0000] {processor.py:830} INFO - Processing file /opt/airflow/dags/get_price_btc_price_by_day.py for tasks to queue
[2026-02-21T10:22:43.440+0000] {logging_mixin.py:188} INFO - [2026-02-21T10:22:43.440+0000] {dagbag.py:540} INFO - Filling up the DagBag from /opt/airflow/dags/get_price_btc_price_by_day.py
[2026-02-21T10:22:43.455+0000] {processor.py:840} INFO - DAG(s) 'get_price_btc_price_by_day' retrieved from /opt/airflow/dags/get_price_btc_price_by_day.py
[2026-02-21T10:22:43.512+0000] {logging_mixin.py:188} INFO - [2026-02-21T10:22:43.511+0000] {dag.py:3096} INFO - Sync 1 DAGs
[2026-02-21T10:22:43.543+0000] {logging_mixin.py:188} INFO - [2026-02-21T10:22:43.543+0000] {dag.py:3954} INFO - Setting next_dagrun for get_price_btc_price_by_day to 2026-02-19 21:00:00+00:00, run_after=2026-02-20 21:00:00+00:00
[2026-02-21T10:22:43.577+0000] {processor.py:183} INFO - Processing /opt/airflow/dags/get_price_btc_price_by_day.py took 0.156 seconds
[2026-02-21T10:23:14.007+0000] {processor.py:161} INFO - Started process (PID=1276) to work on /opt/airflow/dags/get_price_btc_price_by_day.py
[2026-02-21T10:23:14.014+0000] {processor.py:830} INFO - Processing file /opt/airflow/dags/get_price_btc_price_by_day.py for tasks to queue
[2026-02-21T10:23:14.016+0000] {logging_mixin.py:188} INFO - [2026-02-21T10:23:14.015+0000] {dagbag.py:540} INFO - Filling up the DagBag from /opt/airflow/dags/get_price_btc_price_by_day.py
[2026-02-21T10:23:14.029+0000] {processor.py:840} INFO - DAG(s) 'get_price_btc_price_by_day' retrieved from /opt/airflow/dags/get_price_btc_price_by_day.py
[2026-02-21T10:23:14.080+0000] {logging_mixin.py:188} INFO - [2026-02-21T10:23:14.080+0000] {dag.py:3096} INFO - Sync 1 DAGs
[2026-02-21T10:23:14.113+0000] {logging_mixin.py:188} INFO - [2026-02-21T10:23:14.112+0000] {dag.py:3954} INFO - Setting next_dagrun for get_price_btc_price_by_day to 2026-02-19 21:00:00+00:00, run_after=2026-02-20 21:00:00+00:00
[2026-02-21T10:23:14.145+0000] {processor.py:183} INFO - Processing /opt/airflow/dags/get_price_btc_price_by_day.py took 0.147 seconds
[2026-02-21T10:23:44.594+0000] {processor.py:161} INFO - Started process (PID=1281) to work on /opt/airflow/dags/get_price_btc_price_by_day.py
[2026-02-21T10:23:44.595+0000] {processor.py:830} INFO - Processing file /opt/airflow/dags/get_price_btc_price_by_day.py for tasks to queue
[2026-02-21T10:23:44.597+0000] {logging_mixin.py:188} INFO - [2026-02-21T10:23:44.596+0000] {dagbag.py:540} INFO - Filling up the DagBag from /opt/airflow/dags/get_price_btc_price_by_day.py
[2026-02-21T10:23:44.614+0000] {processor.py:840} INFO - DAG(s) 'get_price_btc_price_by_day' retrieved from /opt/airflow/dags/get_price_btc_price_by_day.py
[2026-02-21T10:23:44.679+0000] {logging_mixin.py:188} INFO - [2026-02-21T10:23:44.679+0000] {dag.py:3096} INFO - Sync 1 DAGs
[2026-02-21T10:23:44.726+0000] {logging_mixin.py:188} INFO - [2026-02-21T10:23:44.725+0000] {dag.py:3954} INFO - Setting next_dagrun for get_price_btc_price_by_day to 2026-02-19 21:00:00+00:00, run_after=2026-02-20 21:00:00+00:00
[2026-02-21T10:23:44.765+0000] {processor.py:183} INFO - Processing /opt/airflow/dags/get_price_btc_price_by_day.py took 0.181 seconds
[2026-02-21T10:24:15.265+0000] {processor.py:161} INFO - Started process (PID=1286) to work on /opt/airflow/dags/get_price_btc_price_by_day.py
[2026-02-21T10:24:15.267+0000] {processor.py:830} INFO - Processing file /opt/airflow/dags/get_price_btc_price_by_day.py for tasks to queue
[2026-02-21T10:24:15.269+0000] {logging_mixin.py:188} INFO - [2026-02-21T10:24:15.268+0000] {dagbag.py:540} INFO - Filling up the DagBag from /opt/airflow/dags/get_price_btc_price_by_day.py
[2026-02-21T10:24:15.284+0000] {processor.py:840} INFO - DAG(s) 'get_price_btc_price_by_day' retrieved from /opt/airflow/dags/get_price_btc_price_by_day.py
[2026-02-21T10:24:15.341+0000] {logging_mixin.py:188} INFO - [2026-02-21T10:24:15.340+0000] {dag.py:3096} INFO - Sync 1 DAGs
[2026-02-21T10:24:15.381+0000] {logging_mixin.py:188} INFO - [2026-02-21T10:24:15.381+0000] {dag.py:3954} INFO - Setting next_dagrun for get_price_btc_price_by_day to 2026-02-19 21:00:00+00:00, run_after=2026-02-20 21:00:00+00:00
[2026-02-21T10:24:15.413+0000] {processor.py:183} INFO - Processing /opt/airflow/dags/get_price_btc_price_by_day.py took 0.158 seconds
[2026-02-21T10:24:45.849+0000] {processor.py:161} INFO - Started process (PID=1291) to work on /opt/airflow/dags/get_price_btc_price_by_day.py
[2026-02-21T10:24:45.850+0000] {processor.py:830} INFO - Processing file /opt/airflow/dags/get_price_btc_price_by_day.py for tasks to queue
[2026-02-21T10:24:45.851+0000] {logging_mixin.py:188} INFO - [2026-02-21T10:24:45.851+0000] {dagbag.py:540} INFO - Filling up the DagBag from /opt/airflow/dags/get_price_btc_price_by_day.py
[2026-02-21T10:24:45.864+0000] {processor.py:840} INFO - DAG(s) 'get_price_btc_price_by_day' retrieved from /opt/airflow/dags/get_price_btc_price_by_day.py
[2026-02-21T10:24:45.913+0000] {logging_mixin.py:188} INFO - [2026-02-21T10:24:45.913+0000] {dag.py:3096} INFO - Sync 1 DAGs
[2026-02-21T10:24:45.950+0000] {logging_mixin.py:188} INFO - [2026-02-21T10:24:45.949+0000] {dag.py:3954} INFO - Setting next_dagrun for get_price_btc_price_by_day to 2026-02-19 21:00:00+00:00, run_after=2026-02-20 21:00:00+00:00
[2026-02-21T10:24:45.975+0000] {processor.py:183} INFO - Processing /opt/airflow/dags/get_price_btc_price_by_day.py took 0.136 seconds
[2026-02-21T10:25:16.401+0000] {processor.py:161} INFO - Started process (PID=1296) to work on /opt/airflow/dags/get_price_btc_price_by_day.py
[2026-02-21T10:25:16.404+0000] {processor.py:830} INFO - Processing file /opt/airflow/dags/get_price_btc_price_by_day.py for tasks to queue
[2026-02-21T10:25:16.405+0000] {logging_mixin.py:188} INFO - [2026-02-21T10:25:16.405+0000] {dagbag.py:540} INFO - Filling up the DagBag from /opt/airflow/dags/get_price_btc_price_by_day.py
[2026-02-21T10:25:16.420+0000] {processor.py:840} INFO - DAG(s) 'get_price_btc_price_by_day' retrieved from /opt/airflow/dags/get_price_btc_price_by_day.py
[2026-02-21T10:25:16.480+0000] {logging_mixin.py:188} INFO - [2026-02-21T10:25:16.480+0000] {dag.py:3096} INFO - Sync 1 DAGs
[2026-02-21T10:25:16.513+0000] {logging_mixin.py:188} INFO - [2026-02-21T10:25:16.513+0000] {dag.py:3954} INFO - Setting next_dagrun for get_price_btc_price_by_day to 2026-02-19 21:00:00+00:00, run_after=2026-02-20 21:00:00+00:00
[2026-02-21T10:25:16.538+0000] {processor.py:183} INFO - Processing /opt/airflow/dags/get_price_btc_price_by_day.py took 0.149 seconds
[2026-02-21T10:25:46.923+0000] {processor.py:161} INFO - Started process (PID=1301) to work on /opt/airflow/dags/get_price_btc_price_by_day.py
[2026-02-21T10:25:46.924+0000] {processor.py:830} INFO - Processing file /opt/airflow/dags/get_price_btc_price_by_day.py for tasks to queue
[2026-02-21T10:25:46.926+0000] {logging_mixin.py:188} INFO - [2026-02-21T10:25:46.925+0000] {dagbag.py:540} INFO - Filling up the DagBag from /opt/airflow/dags/get_price_btc_price_by_day.py
[2026-02-21T10:25:46.939+0000] {processor.py:840} INFO - DAG(s) 'get_price_btc_price_by_day' retrieved from /opt/airflow/dags/get_price_btc_price_by_day.py
[2026-02-21T10:25:46.990+0000] {logging_mixin.py:188} INFO - [2026-02-21T10:25:46.990+0000] {dag.py:3096} INFO - Sync 1 DAGs
[2026-02-21T10:25:47.024+0000] {logging_mixin.py:188} INFO - [2026-02-21T10:25:47.024+0000] {dag.py:3954} INFO - Setting next_dagrun for get_price_btc_price_by_day to 2026-02-19 21:00:00+00:00, run_after=2026-02-20 21:00:00+00:00
[2026-02-21T10:25:47.059+0000] {processor.py:183} INFO - Processing /opt/airflow/dags/get_price_btc_price_by_day.py took 0.146 seconds
[2026-02-21T10:26:17.457+0000] {processor.py:161} INFO - Started process (PID=1306) to work on /opt/airflow/dags/get_price_btc_price_by_day.py
[2026-02-21T10:26:17.458+0000] {processor.py:830} INFO - Processing file /opt/airflow/dags/get_price_btc_price_by_day.py for tasks to queue
[2026-02-21T10:26:17.460+0000] {logging_mixin.py:188} INFO - [2026-02-21T10:26:17.459+0000] {dagbag.py:540} INFO - Filling up the DagBag from /opt/airflow/dags/get_price_btc_price_by_day.py
[2026-02-21T10:26:17.476+0000] {processor.py:840} INFO - DAG(s) 'get_price_btc_price_by_day' retrieved from /opt/airflow/dags/get_price_btc_price_by_day.py
[2026-02-21T10:26:17.524+0000] {logging_mixin.py:188} INFO - [2026-02-21T10:26:17.524+0000] {dag.py:3096} INFO - Sync 1 DAGs
[2026-02-21T10:26:17.555+0000] {logging_mixin.py:188} INFO - [2026-02-21T10:26:17.555+0000] {dag.py:3954} INFO - Setting next_dagrun for get_price_btc_price_by_day to 2026-02-19 21:00:00+00:00, run_after=2026-02-20 21:00:00+00:00
[2026-02-21T10:26:17.581+0000] {processor.py:183} INFO - Processing /opt/airflow/dags/get_price_btc_price_by_day.py took 0.133 seconds
[2026-02-21T10:26:47.995+0000] {processor.py:161} INFO - Started process (PID=1311) to work on /opt/airflow/dags/get_price_btc_price_by_day.py
[2026-02-21T10:26:48.003+0000] {processor.py:830} INFO - Processing file /opt/airflow/dags/get_price_btc_price_by_day.py for tasks to queue
[2026-02-21T10:26:48.005+0000] {logging_mixin.py:188} INFO - [2026-02-21T10:26:48.004+0000] {dagbag.py:540} INFO - Filling up the DagBag from /opt/airflow/dags/get_price_btc_price_by_day.py
[2026-02-21T10:26:48.022+0000] {processor.py:840} INFO - DAG(s) 'get_price_btc_price_by_day' retrieved from /opt/airflow/dags/get_price_btc_price_by_day.py
[2026-02-21T10:26:48.076+0000] {logging_mixin.py:188} INFO - [2026-02-21T10:26:48.076+0000] {dag.py:3096} INFO - Sync 1 DAGs
[2026-02-21T10:26:48.109+0000] {logging_mixin.py:188} INFO - [2026-02-21T10:26:48.109+0000] {dag.py:3954} INFO - Setting next_dagrun for get_price_btc_price_by_day to 2026-02-19 21:00:00+00:00, run_after=2026-02-20 21:00:00+00:00
[2026-02-21T10:26:48.142+0000] {processor.py:183} INFO - Processing /opt/airflow/dags/get_price_btc_price_by_day.py took 0.157 seconds
[2026-02-21T10:27:18.569+0000] {processor.py:161} INFO - Started process (PID=1316) to work on /opt/airflow/dags/get_price_btc_price_by_day.py
[2026-02-21T10:27:18.571+0000] {processor.py:830} INFO - Processing file /opt/airflow/dags/get_price_btc_price_by_day.py for tasks to queue
[2026-02-21T10:27:18.572+0000] {logging_mixin.py:188} INFO - [2026-02-21T10:27:18.572+0000] {dagbag.py:540} INFO - Filling up the DagBag from /opt/airflow/dags/get_price_btc_price_by_day.py
[2026-02-21T10:27:18.591+0000] {processor.py:840} INFO - DAG(s) 'get_price_btc_price_by_day' retrieved from /opt/airflow/dags/get_price_btc_price_by_day.py
[2026-02-21T10:27:18.649+0000] {logging_mixin.py:188} INFO - [2026-02-21T10:27:18.648+0000] {dag.py:3096} INFO - Sync 1 DAGs
[2026-02-21T10:27:18.736+0000] {logging_mixin.py:188} INFO - [2026-02-21T10:27:18.735+0000] {dag.py:3954} INFO - Setting next_dagrun for get_price_btc_price_by_day to 2026-02-19 21:00:00+00:00, run_after=2026-02-20 21:00:00+00:00
[2026-02-21T10:27:18.795+0000] {processor.py:183} INFO - Processing /opt/airflow/dags/get_price_btc_price_by_day.py took 0.236 seconds
[2026-02-21T10:27:49.069+0000] {processor.py:161} INFO - Started process (PID=1321) to work on /opt/airflow/dags/get_price_btc_price_by_day.py
[2026-02-21T10:27:49.085+0000] {processor.py:830} INFO - Processing file /opt/airflow/dags/get_price_btc_price_by_day.py for tasks to queue
[2026-02-21T10:27:49.087+0000] {logging_mixin.py:188} INFO - [2026-02-21T10:27:49.086+0000] {dagbag.py:540} INFO - Filling up the DagBag from /opt/airflow/dags/get_price_btc_price_by_day.py
[2026-02-21T10:27:49.108+0000] {processor.py:840} INFO - DAG(s) 'get_price_btc_price_by_day' retrieved from /opt/airflow/dags/get_price_btc_price_by_day.py
[2026-02-21T10:27:49.175+0000] {logging_mixin.py:188} INFO - [2026-02-21T10:27:49.174+0000] {dag.py:3096} INFO - Sync 1 DAGs
[2026-02-21T10:27:49.210+0000] {logging_mixin.py:188} INFO - [2026-02-21T10:27:49.209+0000] {dag.py:3954} INFO - Setting next_dagrun for get_price_btc_price_by_day to 2026-02-19 21:00:00+00:00, run_after=2026-02-20 21:00:00+00:00
[2026-02-21T10:27:49.248+0000] {processor.py:183} INFO - Processing /opt/airflow/dags/get_price_btc_price_by_day.py took 0.191 seconds
[2026-02-21T10:28:19.733+0000] {processor.py:161} INFO - Started process (PID=1326) to work on /opt/airflow/dags/get_price_btc_price_by_day.py
[2026-02-21T10:28:19.734+0000] {processor.py:830} INFO - Processing file /opt/airflow/dags/get_price_btc_price_by_day.py for tasks to queue
[2026-02-21T10:28:19.736+0000] {logging_mixin.py:188} INFO - [2026-02-21T10:28:19.736+0000] {dagbag.py:540} INFO - Filling up the DagBag from /opt/airflow/dags/get_price_btc_price_by_day.py
[2026-02-21T10:28:19.752+0000] {processor.py:840} INFO - DAG(s) 'get_price_btc_price_by_day' retrieved from /opt/airflow/dags/get_price_btc_price_by_day.py
[2026-02-21T10:28:19.809+0000] {logging_mixin.py:188} INFO - [2026-02-21T10:28:19.808+0000] {dag.py:3096} INFO - Sync 1 DAGs
[2026-02-21T10:28:19.844+0000] {logging_mixin.py:188} INFO - [2026-02-21T10:28:19.843+0000] {dag.py:3954} INFO - Setting next_dagrun for get_price_btc_price_by_day to 2026-02-19 21:00:00+00:00, run_after=2026-02-20 21:00:00+00:00
[2026-02-21T10:28:19.871+0000] {processor.py:183} INFO - Processing /opt/airflow/dags/get_price_btc_price_by_day.py took 0.148 seconds
[2026-02-21T10:28:50.277+0000] {processor.py:161} INFO - Started process (PID=1331) to work on /opt/airflow/dags/get_price_btc_price_by_day.py
[2026-02-21T10:28:50.285+0000] {processor.py:830} INFO - Processing file /opt/airflow/dags/get_price_btc_price_by_day.py for tasks to queue
[2026-02-21T10:28:50.286+0000] {logging_mixin.py:188} INFO - [2026-02-21T10:28:50.286+0000] {dagbag.py:540} INFO - Filling up the DagBag from /opt/airflow/dags/get_price_btc_price_by_day.py
[2026-02-21T10:28:50.302+0000] {processor.py:840} INFO - DAG(s) 'get_price_btc_price_by_day' retrieved from /opt/airflow/dags/get_price_btc_price_by_day.py
[2026-02-21T10:28:50.361+0000] {logging_mixin.py:188} INFO - [2026-02-21T10:28:50.361+0000] {dag.py:3096} INFO - Sync 1 DAGs
[2026-02-21T10:28:50.402+0000] {logging_mixin.py:188} INFO - [2026-02-21T10:28:50.402+0000] {dag.py:3954} INFO - Setting next_dagrun for get_price_btc_price_by_day to 2026-02-19 21:00:00+00:00, run_after=2026-02-20 21:00:00+00:00
[2026-02-21T10:28:50.465+0000] {processor.py:183} INFO - Processing /opt/airflow/dags/get_price_btc_price_by_day.py took 0.199 seconds
[2026-02-21T10:29:20.929+0000] {processor.py:161} INFO - Started process (PID=1336) to work on /opt/airflow/dags/get_price_btc_price_by_day.py
[2026-02-21T10:29:20.930+0000] {processor.py:830} INFO - Processing file /opt/airflow/dags/get_price_btc_price_by_day.py for tasks to queue
[2026-02-21T10:29:20.931+0000] {logging_mixin.py:188} INFO - [2026-02-21T10:29:20.931+0000] {dagbag.py:540} INFO - Filling up the DagBag from /opt/airflow/dags/get_price_btc_price_by_day.py
[2026-02-21T10:29:20.944+0000] {processor.py:840} INFO - DAG(s) 'get_price_btc_price_by_day' retrieved from /opt/airflow/dags/get_price_btc_price_by_day.py
[2026-02-21T10:29:21.008+0000] {logging_mixin.py:188} INFO - [2026-02-21T10:29:21.008+0000] {dag.py:3096} INFO - Sync 1 DAGs
[2026-02-21T10:29:21.040+0000] {logging_mixin.py:188} INFO - [2026-02-21T10:29:21.040+0000] {dag.py:3954} INFO - Setting next_dagrun for get_price_btc_price_by_day to 2026-02-19 21:00:00+00:00, run_after=2026-02-20 21:00:00+00:00
[2026-02-21T10:29:21.066+0000] {processor.py:183} INFO - Processing /opt/airflow/dags/get_price_btc_price_by_day.py took 0.146 seconds
[2026-02-21T10:29:51.532+0000] {processor.py:161} INFO - Started process (PID=1341) to work on /opt/airflow/dags/get_price_btc_price_by_day.py
[2026-02-21T10:29:51.534+0000] {processor.py:830} INFO - Processing file /opt/airflow/dags/get_price_btc_price_by_day.py for tasks to queue
[2026-02-21T10:29:51.535+0000] {logging_mixin.py:188} INFO - [2026-02-21T10:29:51.534+0000] {dagbag.py:540} INFO - Filling up the DagBag from /opt/airflow/dags/get_price_btc_price_by_day.py
[2026-02-21T10:29:51.550+0000] {processor.py:840} INFO - DAG(s) 'get_price_btc_price_by_day' retrieved from /opt/airflow/dags/get_price_btc_price_by_day.py
[2026-02-21T10:29:51.612+0000] {logging_mixin.py:188} INFO - [2026-02-21T10:29:51.611+0000] {dag.py:3096} INFO - Sync 1 DAGs
[2026-02-21T10:29:51.651+0000] {logging_mixin.py:188} INFO - [2026-02-21T10:29:51.651+0000] {dag.py:3954} INFO - Setting next_dagrun for get_price_btc_price_by_day to 2026-02-19 21:00:00+00:00, run_after=2026-02-20 21:00:00+00:00
[2026-02-21T10:29:51.678+0000] {processor.py:183} INFO - Processing /opt/airflow/dags/get_price_btc_price_by_day.py took 0.156 seconds
[2026-02-21T10:30:22.066+0000] {processor.py:161} INFO - Started process (PID=1346) to work on /opt/airflow/dags/get_price_btc_price_by_day.py
[2026-02-21T10:30:22.068+0000] {processor.py:830} INFO - Processing file /opt/airflow/dags/get_price_btc_price_by_day.py for tasks to queue
[2026-02-21T10:30:22.069+0000] {logging_mixin.py:188} INFO - [2026-02-21T10:30:22.068+0000] {dagbag.py:540} INFO - Filling up the DagBag from /opt/airflow/dags/get_price_btc_price_by_day.py
[2026-02-21T10:30:22.087+0000] {processor.py:840} INFO - DAG(s) 'get_price_btc_price_by_day' retrieved from /opt/airflow/dags/get_price_btc_price_by_day.py
[2026-02-21T10:30:22.153+0000] {logging_mixin.py:188} INFO - [2026-02-21T10:30:22.151+0000] {dag.py:3096} INFO - Sync 1 DAGs
[2026-02-21T10:30:22.186+0000] {logging_mixin.py:188} INFO - [2026-02-21T10:30:22.186+0000] {dag.py:3954} INFO - Setting next_dagrun for get_price_btc_price_by_day to 2026-02-19 21:00:00+00:00, run_after=2026-02-20 21:00:00+00:00
[2026-02-21T10:30:22.217+0000] {processor.py:183} INFO - Processing /opt/airflow/dags/get_price_btc_price_by_day.py took 0.160 seconds
[2026-02-21T10:30:52.682+0000] {processor.py:161} INFO - Started process (PID=1351) to work on /opt/airflow/dags/get_price_btc_price_by_day.py
[2026-02-21T10:30:52.691+0000] {processor.py:830} INFO - Processing file /opt/airflow/dags/get_price_btc_price_by_day.py for tasks to queue
[2026-02-21T10:30:52.692+0000] {logging_mixin.py:188} INFO - [2026-02-21T10:30:52.692+0000] {dagbag.py:540} INFO - Filling up the DagBag from /opt/airflow/dags/get_price_btc_price_by_day.py
[2026-02-21T10:30:52.708+0000] {processor.py:840} INFO - DAG(s) 'get_price_btc_price_by_day' retrieved from /opt/airflow/dags/get_price_btc_price_by_day.py
[2026-02-21T10:30:52.767+0000] {logging_mixin.py:188} INFO - [2026-02-21T10:30:52.766+0000] {dag.py:3096} INFO - Sync 1 DAGs
[2026-02-21T10:30:52.809+0000] {logging_mixin.py:188} INFO - [2026-02-21T10:30:52.809+0000] {dag.py:3954} INFO - Setting next_dagrun for get_price_btc_price_by_day to 2026-02-19 21:00:00+00:00, run_after=2026-02-20 21:00:00+00:00
[2026-02-21T10:30:52.839+0000] {processor.py:183} INFO - Processing /opt/airflow/dags/get_price_btc_price_by_day.py took 0.174 seconds
