[2026-02-21T11:38:16.824+0000] {processor.py:161} INFO - Started process (PID=1709) to work on /opt/airflow/dags/tutorial_3_my_turn.py
[2026-02-21T11:38:16.826+0000] {processor.py:830} INFO - Processing file /opt/airflow/dags/tutorial_3_my_turn.py for tasks to queue
[2026-02-21T11:38:16.828+0000] {logging_mixin.py:188} INFO - [2026-02-21T11:38:16.827+0000] {dagbag.py:540} INFO - Filling up the DagBag from /opt/airflow/dags/tutorial_3_my_turn.py
[2026-02-21T11:38:16.835+0000] {logging_mixin.py:188} INFO - [2026-02-21T11:38:16.831+0000] {dagbag.py:350} ERROR - Failed to import: /opt/airflow/dags/tutorial_3_my_turn.py
Traceback (most recent call last):
  File "/home/airflow/.local/lib/python3.12/site-packages/airflow/models/dagbag.py", line 346, in parse
    loader.exec_module(new_module)
  File "<frozen importlib._bootstrap_external>", line 991, in exec_module
  File "<frozen importlib._bootstrap_external>", line 1129, in get_code
  File "<frozen importlib._bootstrap_external>", line 1059, in source_to_code
  File "<frozen importlib._bootstrap>", line 488, in _call_with_frames_removed
  File "/opt/airflow/dags/tutorial_3_my_turn.py", line 12
    catchup=False
            
SyntaxError: invalid syntax. Perhaps you forgot a comma?
[2026-02-21T11:38:16.836+0000] {processor.py:842} WARNING - No viable dags retrieved from /opt/airflow/dags/tutorial_3_my_turn.py
[2026-02-21T11:38:19.930+0000] {processor.py:183} INFO - Processing /opt/airflow/dags/tutorial_3_my_turn.py took 0.078 seconds
[2026-02-21T11:38:50.451+0000] {processor.py:161} INFO - Started process (PID=1715) to work on /opt/airflow/dags/tutorial_3_my_turn.py
[2026-02-21T11:38:50.454+0000] {processor.py:830} INFO - Processing file /opt/airflow/dags/tutorial_3_my_turn.py for tasks to queue
[2026-02-21T11:38:50.455+0000] {logging_mixin.py:188} INFO - [2026-02-21T11:38:50.455+0000] {dagbag.py:540} INFO - Filling up the DagBag from /opt/airflow/dags/tutorial_3_my_turn.py
[2026-02-21T11:38:50.460+0000] {logging_mixin.py:188} INFO - [2026-02-21T11:38:50.459+0000] {dagbag.py:350} ERROR - Failed to import: /opt/airflow/dags/tutorial_3_my_turn.py
Traceback (most recent call last):
  File "/home/airflow/.local/lib/python3.12/site-packages/airflow/models/dagbag.py", line 346, in parse
    loader.exec_module(new_module)
  File "<frozen importlib._bootstrap_external>", line 991, in exec_module
  File "<frozen importlib._bootstrap_external>", line 1129, in get_code
  File "<frozen importlib._bootstrap_external>", line 1059, in source_to_code
  File "<frozen importlib._bootstrap>", line 488, in _call_with_frames_removed
  File "/opt/airflow/dags/tutorial_3_my_turn.py", line 12
    catchup=False
            
SyntaxError: invalid syntax. Perhaps you forgot a comma?
[2026-02-21T11:38:50.461+0000] {processor.py:842} WARNING - No viable dags retrieved from /opt/airflow/dags/tutorial_3_my_turn.py
[2026-02-21T11:38:50.507+0000] {processor.py:183} INFO - Processing /opt/airflow/dags/tutorial_3_my_turn.py took 0.069 seconds
[2026-02-21T11:39:21.053+0000] {processor.py:161} INFO - Started process (PID=1721) to work on /opt/airflow/dags/tutorial_3_my_turn.py
[2026-02-21T11:39:21.062+0000] {processor.py:830} INFO - Processing file /opt/airflow/dags/tutorial_3_my_turn.py for tasks to queue
[2026-02-21T11:39:21.065+0000] {logging_mixin.py:188} INFO - [2026-02-21T11:39:21.064+0000] {dagbag.py:540} INFO - Filling up the DagBag from /opt/airflow/dags/tutorial_3_my_turn.py
[2026-02-21T11:39:21.077+0000] {logging_mixin.py:188} INFO - [2026-02-21T11:39:21.073+0000] {dagbag.py:350} ERROR - Failed to import: /opt/airflow/dags/tutorial_3_my_turn.py
Traceback (most recent call last):
  File "/home/airflow/.local/lib/python3.12/site-packages/airflow/models/dagbag.py", line 346, in parse
    loader.exec_module(new_module)
  File "<frozen importlib._bootstrap_external>", line 991, in exec_module
  File "<frozen importlib._bootstrap_external>", line 1129, in get_code
  File "<frozen importlib._bootstrap_external>", line 1059, in source_to_code
  File "<frozen importlib._bootstrap>", line 488, in _call_with_frames_removed
  File "/opt/airflow/dags/tutorial_3_my_turn.py", line 12
    catchup=False
            
SyntaxError: invalid syntax. Perhaps you forgot a comma?
[2026-02-21T11:39:21.078+0000] {processor.py:842} WARNING - No viable dags retrieved from /opt/airflow/dags/tutorial_3_my_turn.py
[2026-02-21T11:39:21.131+0000] {processor.py:183} INFO - Processing /opt/airflow/dags/tutorial_3_my_turn.py took 0.093 seconds
[2026-02-21T11:39:51.518+0000] {processor.py:161} INFO - Started process (PID=1727) to work on /opt/airflow/dags/tutorial_3_my_turn.py
[2026-02-21T11:39:51.520+0000] {processor.py:830} INFO - Processing file /opt/airflow/dags/tutorial_3_my_turn.py for tasks to queue
[2026-02-21T11:39:51.522+0000] {logging_mixin.py:188} INFO - [2026-02-21T11:39:51.521+0000] {dagbag.py:540} INFO - Filling up the DagBag from /opt/airflow/dags/tutorial_3_my_turn.py
[2026-02-21T11:39:51.534+0000] {logging_mixin.py:188} INFO - [2026-02-21T11:39:51.532+0000] {dagbag.py:350} ERROR - Failed to import: /opt/airflow/dags/tutorial_3_my_turn.py
Traceback (most recent call last):
  File "/home/airflow/.local/lib/python3.12/site-packages/airflow/models/dagbag.py", line 346, in parse
    loader.exec_module(new_module)
  File "<frozen importlib._bootstrap_external>", line 991, in exec_module
  File "<frozen importlib._bootstrap_external>", line 1129, in get_code
  File "<frozen importlib._bootstrap_external>", line 1059, in source_to_code
  File "<frozen importlib._bootstrap>", line 488, in _call_with_frames_removed
  File "/opt/airflow/dags/tutorial_3_my_turn.py", line 12
    catchup=False
            
SyntaxError: invalid syntax. Perhaps you forgot a comma?
[2026-02-21T11:39:51.535+0000] {processor.py:842} WARNING - No viable dags retrieved from /opt/airflow/dags/tutorial_3_my_turn.py
[2026-02-21T11:39:51.572+0000] {processor.py:183} INFO - Processing /opt/airflow/dags/tutorial_3_my_turn.py took 0.067 seconds
[2026-02-21T11:39:52.546+0000] {processor.py:161} INFO - Started process (PID=1728) to work on /opt/airflow/dags/tutorial_3_my_turn.py
[2026-02-21T11:39:52.548+0000] {processor.py:830} INFO - Processing file /opt/airflow/dags/tutorial_3_my_turn.py for tasks to queue
[2026-02-21T11:39:52.549+0000] {logging_mixin.py:188} INFO - [2026-02-21T11:39:52.549+0000] {dagbag.py:540} INFO - Filling up the DagBag from /opt/airflow/dags/tutorial_3_my_turn.py
[2026-02-21T11:39:52.562+0000] {processor.py:840} INFO - DAG(s) 'tutorial_3_my_turn' retrieved from /opt/airflow/dags/tutorial_3_my_turn.py
[2026-02-21T11:39:53.022+0000] {logging_mixin.py:188} INFO - [2026-02-21T11:39:53.019+0000] {override.py:1829} INFO - Created Permission View: can edit on DAG:tutorial_3_my_turn
[2026-02-21T11:39:53.039+0000] {logging_mixin.py:188} INFO - [2026-02-21T11:39:53.038+0000] {override.py:1829} INFO - Created Permission View: can delete on DAG:tutorial_3_my_turn
[2026-02-21T11:39:53.049+0000] {logging_mixin.py:188} INFO - [2026-02-21T11:39:53.049+0000] {override.py:1829} INFO - Created Permission View: can read on DAG:tutorial_3_my_turn
[2026-02-21T11:39:53.050+0000] {logging_mixin.py:188} INFO - [2026-02-21T11:39:53.050+0000] {dag.py:3096} INFO - Sync 1 DAGs
[2026-02-21T11:39:53.071+0000] {logging_mixin.py:188} INFO - [2026-02-21T11:39:53.070+0000] {dag.py:3118} INFO - Creating ORM DAG for tutorial_3_my_turn
[2026-02-21T11:39:53.072+0000] {logging_mixin.py:188} INFO - [2026-02-21T11:39:53.071+0000] {dag.py:3954} INFO - Setting next_dagrun for tutorial_3_my_turn to None, run_after=None
[2026-02-21T11:39:53.117+0000] {processor.py:183} INFO - Processing /opt/airflow/dags/tutorial_3_my_turn.py took 0.584 seconds
[2026-02-21T11:40:23.299+0000] {processor.py:161} INFO - Started process (PID=1734) to work on /opt/airflow/dags/tutorial_3_my_turn.py
[2026-02-21T11:40:23.308+0000] {processor.py:830} INFO - Processing file /opt/airflow/dags/tutorial_3_my_turn.py for tasks to queue
[2026-02-21T11:40:23.310+0000] {logging_mixin.py:188} INFO - [2026-02-21T11:40:23.309+0000] {dagbag.py:540} INFO - Filling up the DagBag from /opt/airflow/dags/tutorial_3_my_turn.py
[2026-02-21T11:40:23.324+0000] {processor.py:840} INFO - DAG(s) 'tutorial_3_my_turn' retrieved from /opt/airflow/dags/tutorial_3_my_turn.py
[2026-02-21T11:40:23.380+0000] {logging_mixin.py:188} INFO - [2026-02-21T11:40:23.379+0000] {dag.py:3096} INFO - Sync 1 DAGs
[2026-02-21T11:40:23.403+0000] {logging_mixin.py:188} INFO - [2026-02-21T11:40:23.403+0000] {dag.py:3954} INFO - Setting next_dagrun for tutorial_3_my_turn to None, run_after=None
[2026-02-21T11:40:23.437+0000] {processor.py:183} INFO - Processing /opt/airflow/dags/tutorial_3_my_turn.py took 0.151 seconds
[2026-02-21T11:40:53.882+0000] {processor.py:161} INFO - Started process (PID=1740) to work on /opt/airflow/dags/tutorial_3_my_turn.py
[2026-02-21T11:40:53.884+0000] {processor.py:830} INFO - Processing file /opt/airflow/dags/tutorial_3_my_turn.py for tasks to queue
[2026-02-21T11:40:53.885+0000] {logging_mixin.py:188} INFO - [2026-02-21T11:40:53.884+0000] {dagbag.py:540} INFO - Filling up the DagBag from /opt/airflow/dags/tutorial_3_my_turn.py
[2026-02-21T11:40:53.893+0000] {processor.py:840} INFO - DAG(s) 'tutorial_3_my_turn' retrieved from /opt/airflow/dags/tutorial_3_my_turn.py
[2026-02-21T11:40:53.951+0000] {logging_mixin.py:188} INFO - [2026-02-21T11:40:53.951+0000] {dag.py:3096} INFO - Sync 1 DAGs
[2026-02-21T11:40:53.972+0000] {logging_mixin.py:188} INFO - [2026-02-21T11:40:53.971+0000] {dag.py:3954} INFO - Setting next_dagrun for tutorial_3_my_turn to None, run_after=None
[2026-02-21T11:40:54.001+0000] {processor.py:183} INFO - Processing /opt/airflow/dags/tutorial_3_my_turn.py took 0.128 seconds
[2026-02-21T11:41:24.570+0000] {processor.py:161} INFO - Started process (PID=1746) to work on /opt/airflow/dags/tutorial_3_my_turn.py
[2026-02-21T11:41:24.579+0000] {processor.py:830} INFO - Processing file /opt/airflow/dags/tutorial_3_my_turn.py for tasks to queue
[2026-02-21T11:41:24.581+0000] {logging_mixin.py:188} INFO - [2026-02-21T11:41:24.580+0000] {dagbag.py:540} INFO - Filling up the DagBag from /opt/airflow/dags/tutorial_3_my_turn.py
[2026-02-21T11:41:24.591+0000] {processor.py:840} INFO - DAG(s) 'tutorial_3_my_turn' retrieved from /opt/airflow/dags/tutorial_3_my_turn.py
[2026-02-21T11:41:24.642+0000] {logging_mixin.py:188} INFO - [2026-02-21T11:41:24.641+0000] {dag.py:3096} INFO - Sync 1 DAGs
[2026-02-21T11:41:24.661+0000] {logging_mixin.py:188} INFO - [2026-02-21T11:41:24.661+0000] {dag.py:3954} INFO - Setting next_dagrun for tutorial_3_my_turn to None, run_after=None
[2026-02-21T11:41:24.687+0000] {processor.py:183} INFO - Processing /opt/airflow/dags/tutorial_3_my_turn.py took 0.128 seconds
[2026-02-21T11:41:55.268+0000] {processor.py:161} INFO - Started process (PID=1752) to work on /opt/airflow/dags/tutorial_3_my_turn.py
[2026-02-21T11:41:55.270+0000] {processor.py:830} INFO - Processing file /opt/airflow/dags/tutorial_3_my_turn.py for tasks to queue
[2026-02-21T11:41:55.271+0000] {logging_mixin.py:188} INFO - [2026-02-21T11:41:55.271+0000] {dagbag.py:540} INFO - Filling up the DagBag from /opt/airflow/dags/tutorial_3_my_turn.py
[2026-02-21T11:41:55.281+0000] {processor.py:840} INFO - DAG(s) 'tutorial_3_my_turn' retrieved from /opt/airflow/dags/tutorial_3_my_turn.py
[2026-02-21T11:41:55.328+0000] {logging_mixin.py:188} INFO - [2026-02-21T11:41:55.327+0000] {dag.py:3096} INFO - Sync 1 DAGs
[2026-02-21T11:41:55.344+0000] {logging_mixin.py:188} INFO - [2026-02-21T11:41:55.344+0000] {dag.py:3954} INFO - Setting next_dagrun for tutorial_3_my_turn to None, run_after=None
[2026-02-21T11:41:55.370+0000] {processor.py:183} INFO - Processing /opt/airflow/dags/tutorial_3_my_turn.py took 0.112 seconds
[2026-02-21T11:42:25.827+0000] {processor.py:161} INFO - Started process (PID=1758) to work on /opt/airflow/dags/tutorial_3_my_turn.py
[2026-02-21T11:42:25.829+0000] {processor.py:830} INFO - Processing file /opt/airflow/dags/tutorial_3_my_turn.py for tasks to queue
[2026-02-21T11:42:25.830+0000] {logging_mixin.py:188} INFO - [2026-02-21T11:42:25.830+0000] {dagbag.py:540} INFO - Filling up the DagBag from /opt/airflow/dags/tutorial_3_my_turn.py
[2026-02-21T11:42:25.840+0000] {processor.py:840} INFO - DAG(s) 'tutorial_3_my_turn' retrieved from /opt/airflow/dags/tutorial_3_my_turn.py
[2026-02-21T11:42:25.890+0000] {logging_mixin.py:188} INFO - [2026-02-21T11:42:25.889+0000] {dag.py:3096} INFO - Sync 1 DAGs
[2026-02-21T11:42:25.910+0000] {logging_mixin.py:188} INFO - [2026-02-21T11:42:25.910+0000] {dag.py:3954} INFO - Setting next_dagrun for tutorial_3_my_turn to None, run_after=None
[2026-02-21T11:42:25.935+0000] {processor.py:183} INFO - Processing /opt/airflow/dags/tutorial_3_my_turn.py took 0.118 seconds
[2026-02-21T11:42:56.344+0000] {processor.py:161} INFO - Started process (PID=1764) to work on /opt/airflow/dags/tutorial_3_my_turn.py
[2026-02-21T11:42:56.346+0000] {processor.py:830} INFO - Processing file /opt/airflow/dags/tutorial_3_my_turn.py for tasks to queue
[2026-02-21T11:42:56.347+0000] {logging_mixin.py:188} INFO - [2026-02-21T11:42:56.346+0000] {dagbag.py:540} INFO - Filling up the DagBag from /opt/airflow/dags/tutorial_3_my_turn.py
[2026-02-21T11:42:56.357+0000] {processor.py:840} INFO - DAG(s) 'tutorial_3_my_turn' retrieved from /opt/airflow/dags/tutorial_3_my_turn.py
[2026-02-21T11:42:56.406+0000] {logging_mixin.py:188} INFO - [2026-02-21T11:42:56.405+0000] {dag.py:3096} INFO - Sync 1 DAGs
[2026-02-21T11:42:56.424+0000] {logging_mixin.py:188} INFO - [2026-02-21T11:42:56.423+0000] {dag.py:3954} INFO - Setting next_dagrun for tutorial_3_my_turn to None, run_after=None
[2026-02-21T11:42:56.456+0000] {processor.py:183} INFO - Processing /opt/airflow/dags/tutorial_3_my_turn.py took 0.121 seconds
[2026-02-21T11:43:26.960+0000] {processor.py:161} INFO - Started process (PID=1770) to work on /opt/airflow/dags/tutorial_3_my_turn.py
[2026-02-21T11:43:26.968+0000] {processor.py:830} INFO - Processing file /opt/airflow/dags/tutorial_3_my_turn.py for tasks to queue
[2026-02-21T11:43:26.970+0000] {logging_mixin.py:188} INFO - [2026-02-21T11:43:26.969+0000] {dagbag.py:540} INFO - Filling up the DagBag from /opt/airflow/dags/tutorial_3_my_turn.py
[2026-02-21T11:43:26.979+0000] {processor.py:840} INFO - DAG(s) 'tutorial_3_my_turn' retrieved from /opt/airflow/dags/tutorial_3_my_turn.py
[2026-02-21T11:43:27.027+0000] {logging_mixin.py:188} INFO - [2026-02-21T11:43:27.026+0000] {dag.py:3096} INFO - Sync 1 DAGs
[2026-02-21T11:43:27.048+0000] {logging_mixin.py:188} INFO - [2026-02-21T11:43:27.047+0000] {dag.py:3954} INFO - Setting next_dagrun for tutorial_3_my_turn to None, run_after=None
[2026-02-21T11:43:27.079+0000] {processor.py:183} INFO - Processing /opt/airflow/dags/tutorial_3_my_turn.py took 0.130 seconds
[2026-02-21T11:43:36.378+0000] {processor.py:161} INFO - Started process (PID=1775) to work on /opt/airflow/dags/tutorial_3_my_turn.py
[2026-02-21T11:43:36.379+0000] {processor.py:830} INFO - Processing file /opt/airflow/dags/tutorial_3_my_turn.py for tasks to queue
[2026-02-21T11:43:36.381+0000] {logging_mixin.py:188} INFO - [2026-02-21T11:43:36.380+0000] {dagbag.py:540} INFO - Filling up the DagBag from /opt/airflow/dags/tutorial_3_my_turn.py
[2026-02-21T11:43:36.393+0000] {processor.py:840} INFO - DAG(s) 'tutorial_3_my_turn' retrieved from /opt/airflow/dags/tutorial_3_my_turn.py
[2026-02-21T11:43:36.443+0000] {logging_mixin.py:188} INFO - [2026-02-21T11:43:36.443+0000] {dag.py:3096} INFO - Sync 1 DAGs
[2026-02-21T11:43:36.465+0000] {logging_mixin.py:188} INFO - [2026-02-21T11:43:36.465+0000] {dag.py:3954} INFO - Setting next_dagrun for tutorial_3_my_turn to None, run_after=None
[2026-02-21T11:43:36.495+0000] {processor.py:183} INFO - Processing /opt/airflow/dags/tutorial_3_my_turn.py took 0.129 seconds
[2026-02-21T11:44:06.775+0000] {processor.py:161} INFO - Started process (PID=1781) to work on /opt/airflow/dags/tutorial_3_my_turn.py
[2026-02-21T11:44:06.776+0000] {processor.py:830} INFO - Processing file /opt/airflow/dags/tutorial_3_my_turn.py for tasks to queue
[2026-02-21T11:44:06.777+0000] {logging_mixin.py:188} INFO - [2026-02-21T11:44:06.777+0000] {dagbag.py:540} INFO - Filling up the DagBag from /opt/airflow/dags/tutorial_3_my_turn.py
[2026-02-21T11:44:06.788+0000] {processor.py:840} INFO - DAG(s) 'tutorial_3_my_turn' retrieved from /opt/airflow/dags/tutorial_3_my_turn.py
[2026-02-21T11:44:06.831+0000] {logging_mixin.py:188} INFO - [2026-02-21T11:44:06.831+0000] {dag.py:3096} INFO - Sync 1 DAGs
[2026-02-21T11:44:06.848+0000] {logging_mixin.py:188} INFO - [2026-02-21T11:44:06.847+0000] {dag.py:3954} INFO - Setting next_dagrun for tutorial_3_my_turn to None, run_after=None
[2026-02-21T11:44:06.874+0000] {processor.py:183} INFO - Processing /opt/airflow/dags/tutorial_3_my_turn.py took 0.109 seconds
[2026-02-21T11:44:37.219+0000] {processor.py:161} INFO - Started process (PID=1785) to work on /opt/airflow/dags/tutorial_3_my_turn.py
[2026-02-21T11:44:37.226+0000] {processor.py:830} INFO - Processing file /opt/airflow/dags/tutorial_3_my_turn.py for tasks to queue
[2026-02-21T11:44:37.228+0000] {logging_mixin.py:188} INFO - [2026-02-21T11:44:37.227+0000] {dagbag.py:540} INFO - Filling up the DagBag from /opt/airflow/dags/tutorial_3_my_turn.py
[2026-02-21T11:44:37.237+0000] {processor.py:840} INFO - DAG(s) 'tutorial_3_my_turn' retrieved from /opt/airflow/dags/tutorial_3_my_turn.py
[2026-02-21T11:44:37.309+0000] {logging_mixin.py:188} INFO - [2026-02-21T11:44:37.308+0000] {dag.py:3096} INFO - Sync 1 DAGs
[2026-02-21T11:44:37.337+0000] {logging_mixin.py:188} INFO - [2026-02-21T11:44:37.336+0000] {dag.py:3954} INFO - Setting next_dagrun for tutorial_3_my_turn to None, run_after=None
[2026-02-21T11:44:37.380+0000] {processor.py:183} INFO - Processing /opt/airflow/dags/tutorial_3_my_turn.py took 0.172 seconds
[2026-02-21T11:45:07.889+0000] {processor.py:161} INFO - Started process (PID=1791) to work on /opt/airflow/dags/tutorial_3_my_turn.py
[2026-02-21T11:45:07.891+0000] {processor.py:830} INFO - Processing file /opt/airflow/dags/tutorial_3_my_turn.py for tasks to queue
[2026-02-21T11:45:07.892+0000] {logging_mixin.py:188} INFO - [2026-02-21T11:45:07.892+0000] {dagbag.py:540} INFO - Filling up the DagBag from /opt/airflow/dags/tutorial_3_my_turn.py
[2026-02-21T11:45:07.903+0000] {processor.py:840} INFO - DAG(s) 'tutorial_3_my_turn' retrieved from /opt/airflow/dags/tutorial_3_my_turn.py
[2026-02-21T11:45:07.957+0000] {logging_mixin.py:188} INFO - [2026-02-21T11:45:07.957+0000] {dag.py:3096} INFO - Sync 1 DAGs
[2026-02-21T11:45:07.981+0000] {logging_mixin.py:188} INFO - [2026-02-21T11:45:07.980+0000] {dag.py:3954} INFO - Setting next_dagrun for tutorial_3_my_turn to None, run_after=None
[2026-02-21T11:45:08.014+0000] {processor.py:183} INFO - Processing /opt/airflow/dags/tutorial_3_my_turn.py took 0.136 seconds
[2026-02-21T11:45:38.544+0000] {processor.py:161} INFO - Started process (PID=1797) to work on /opt/airflow/dags/tutorial_3_my_turn.py
[2026-02-21T11:45:38.554+0000] {processor.py:830} INFO - Processing file /opt/airflow/dags/tutorial_3_my_turn.py for tasks to queue
[2026-02-21T11:45:38.555+0000] {logging_mixin.py:188} INFO - [2026-02-21T11:45:38.555+0000] {dagbag.py:540} INFO - Filling up the DagBag from /opt/airflow/dags/tutorial_3_my_turn.py
[2026-02-21T11:45:38.565+0000] {processor.py:840} INFO - DAG(s) 'tutorial_3_my_turn' retrieved from /opt/airflow/dags/tutorial_3_my_turn.py
[2026-02-21T11:45:38.619+0000] {logging_mixin.py:188} INFO - [2026-02-21T11:45:38.618+0000] {dag.py:3096} INFO - Sync 1 DAGs
[2026-02-21T11:45:38.645+0000] {logging_mixin.py:188} INFO - [2026-02-21T11:45:38.645+0000] {dag.py:3954} INFO - Setting next_dagrun for tutorial_3_my_turn to None, run_after=None
[2026-02-21T11:45:38.672+0000] {processor.py:183} INFO - Processing /opt/airflow/dags/tutorial_3_my_turn.py took 0.138 seconds
