[2026-02-21T04:47:59.576+0000] {processor.py:161} INFO - Started process (PID=1244) to work on /opt/airflow/dags/tutorial_1_basic.py
[2026-02-21T04:47:59.579+0000] {processor.py:830} INFO - Processing file /opt/airflow/dags/tutorial_1_basic.py for tasks to queue
[2026-02-21T04:47:59.582+0000] {logging_mixin.py:188} INFO - [2026-02-21T04:47:59.581+0000] {dagbag.py:540} INFO - Filling up the DagBag from /opt/airflow/dags/tutorial_1_basic.py
[2026-02-21T04:47:59.627+0000] {processor.py:840} INFO - DAG(s) 'tutorial_1_basic' retrieved from /opt/airflow/dags/tutorial_1_basic.py
[2026-02-21T04:47:59.785+0000] {logging_mixin.py:188} INFO - [2026-02-21T04:47:59.784+0000] {dag.py:3096} INFO - Sync 1 DAGs
[2026-02-21T04:47:59.883+0000] {logging_mixin.py:188} INFO - [2026-02-21T04:47:59.883+0000] {dag.py:3954} INFO - Setting next_dagrun for tutorial_1_basic to 2026-02-19 21:00:00+00:00, run_after=2026-02-20 21:00:00+00:00
[2026-02-21T04:47:59.983+0000] {processor.py:183} INFO - Processing /opt/airflow/dags/tutorial_1_basic.py took 0.443 seconds
[2026-02-21T10:20:38.856+0000] {processor.py:161} INFO - Started process (PID=1249) to work on /opt/airflow/dags/tutorial_1_basic.py
[2026-02-21T10:20:38.943+0000] {processor.py:830} INFO - Processing file /opt/airflow/dags/tutorial_1_basic.py for tasks to queue
[2026-02-21T10:20:38.950+0000] {logging_mixin.py:188} INFO - [2026-02-21T10:20:38.945+0000] {dagbag.py:540} INFO - Filling up the DagBag from /opt/airflow/dags/tutorial_1_basic.py
[2026-02-21T10:20:39.076+0000] {processor.py:840} INFO - DAG(s) 'tutorial_1_basic' retrieved from /opt/airflow/dags/tutorial_1_basic.py
[2026-02-21T10:20:39.613+0000] {logging_mixin.py:188} INFO - [2026-02-21T10:20:39.612+0000] {dag.py:3096} INFO - Sync 1 DAGs
[2026-02-21T10:20:39.761+0000] {logging_mixin.py:188} INFO - [2026-02-21T10:20:39.760+0000] {dag.py:3954} INFO - Setting next_dagrun for tutorial_1_basic to 2026-02-19 21:00:00+00:00, run_after=2026-02-20 21:00:00+00:00
[2026-02-21T10:20:39.953+0000] {processor.py:183} INFO - Processing /opt/airflow/dags/tutorial_1_basic.py took 1.167 seconds
[2026-02-21T10:21:10.508+0000] {processor.py:161} INFO - Started process (PID=1254) to work on /opt/airflow/dags/tutorial_1_basic.py
[2026-02-21T10:21:10.512+0000] {processor.py:830} INFO - Processing file /opt/airflow/dags/tutorial_1_basic.py for tasks to queue
[2026-02-21T10:21:10.515+0000] {logging_mixin.py:188} INFO - [2026-02-21T10:21:10.514+0000] {dagbag.py:540} INFO - Filling up the DagBag from /opt/airflow/dags/tutorial_1_basic.py
[2026-02-21T10:21:10.538+0000] {processor.py:840} INFO - DAG(s) 'tutorial_1_basic' retrieved from /opt/airflow/dags/tutorial_1_basic.py
[2026-02-21T10:21:10.624+0000] {logging_mixin.py:188} INFO - [2026-02-21T10:21:10.623+0000] {dag.py:3096} INFO - Sync 1 DAGs
[2026-02-21T10:21:10.673+0000] {logging_mixin.py:188} INFO - [2026-02-21T10:21:10.672+0000] {dag.py:3954} INFO - Setting next_dagrun for tutorial_1_basic to 2026-02-19 21:00:00+00:00, run_after=2026-02-20 21:00:00+00:00
[2026-02-21T10:21:10.713+0000] {processor.py:183} INFO - Processing /opt/airflow/dags/tutorial_1_basic.py took 0.221 seconds
[2026-02-21T10:21:41.152+0000] {processor.py:161} INFO - Started process (PID=1259) to work on /opt/airflow/dags/tutorial_1_basic.py
[2026-02-21T10:21:41.154+0000] {processor.py:830} INFO - Processing file /opt/airflow/dags/tutorial_1_basic.py for tasks to queue
[2026-02-21T10:21:41.155+0000] {logging_mixin.py:188} INFO - [2026-02-21T10:21:41.155+0000] {dagbag.py:540} INFO - Filling up the DagBag from /opt/airflow/dags/tutorial_1_basic.py
[2026-02-21T10:21:41.168+0000] {processor.py:840} INFO - DAG(s) 'tutorial_1_basic' retrieved from /opt/airflow/dags/tutorial_1_basic.py
[2026-02-21T10:21:41.214+0000] {logging_mixin.py:188} INFO - [2026-02-21T10:21:41.214+0000] {dag.py:3096} INFO - Sync 1 DAGs
[2026-02-21T10:21:41.241+0000] {logging_mixin.py:188} INFO - [2026-02-21T10:21:41.240+0000] {dag.py:3954} INFO - Setting next_dagrun for tutorial_1_basic to 2026-02-19 21:00:00+00:00, run_after=2026-02-20 21:00:00+00:00
[2026-02-21T10:21:41.263+0000] {processor.py:183} INFO - Processing /opt/airflow/dags/tutorial_1_basic.py took 0.120 seconds
[2026-02-21T10:22:11.674+0000] {processor.py:161} INFO - Started process (PID=1264) to work on /opt/airflow/dags/tutorial_1_basic.py
[2026-02-21T10:22:11.676+0000] {processor.py:830} INFO - Processing file /opt/airflow/dags/tutorial_1_basic.py for tasks to queue
[2026-02-21T10:22:11.678+0000] {logging_mixin.py:188} INFO - [2026-02-21T10:22:11.677+0000] {dagbag.py:540} INFO - Filling up the DagBag from /opt/airflow/dags/tutorial_1_basic.py
[2026-02-21T10:22:11.693+0000] {processor.py:840} INFO - DAG(s) 'tutorial_1_basic' retrieved from /opt/airflow/dags/tutorial_1_basic.py
[2026-02-21T10:22:11.751+0000] {logging_mixin.py:188} INFO - [2026-02-21T10:22:11.750+0000] {dag.py:3096} INFO - Sync 1 DAGs
[2026-02-21T10:22:11.786+0000] {logging_mixin.py:188} INFO - [2026-02-21T10:22:11.786+0000] {dag.py:3954} INFO - Setting next_dagrun for tutorial_1_basic to 2026-02-19 21:00:00+00:00, run_after=2026-02-20 21:00:00+00:00
[2026-02-21T10:22:11.813+0000] {processor.py:183} INFO - Processing /opt/airflow/dags/tutorial_1_basic.py took 0.151 seconds
[2026-02-21T10:22:42.240+0000] {processor.py:161} INFO - Started process (PID=1269) to work on /opt/airflow/dags/tutorial_1_basic.py
[2026-02-21T10:22:42.242+0000] {processor.py:830} INFO - Processing file /opt/airflow/dags/tutorial_1_basic.py for tasks to queue
[2026-02-21T10:22:42.243+0000] {logging_mixin.py:188} INFO - [2026-02-21T10:22:42.242+0000] {dagbag.py:540} INFO - Filling up the DagBag from /opt/airflow/dags/tutorial_1_basic.py
[2026-02-21T10:22:42.255+0000] {processor.py:840} INFO - DAG(s) 'tutorial_1_basic' retrieved from /opt/airflow/dags/tutorial_1_basic.py
[2026-02-21T10:22:42.307+0000] {logging_mixin.py:188} INFO - [2026-02-21T10:22:42.306+0000] {dag.py:3096} INFO - Sync 1 DAGs
[2026-02-21T10:22:42.340+0000] {logging_mixin.py:188} INFO - [2026-02-21T10:22:42.340+0000] {dag.py:3954} INFO - Setting next_dagrun for tutorial_1_basic to 2026-02-19 21:00:00+00:00, run_after=2026-02-20 21:00:00+00:00
[2026-02-21T10:22:42.365+0000] {processor.py:183} INFO - Processing /opt/airflow/dags/tutorial_1_basic.py took 0.134 seconds
[2026-02-21T10:23:12.804+0000] {processor.py:161} INFO - Started process (PID=1274) to work on /opt/airflow/dags/tutorial_1_basic.py
[2026-02-21T10:23:12.806+0000] {processor.py:830} INFO - Processing file /opt/airflow/dags/tutorial_1_basic.py for tasks to queue
[2026-02-21T10:23:12.807+0000] {logging_mixin.py:188} INFO - [2026-02-21T10:23:12.807+0000] {dagbag.py:540} INFO - Filling up the DagBag from /opt/airflow/dags/tutorial_1_basic.py
[2026-02-21T10:23:12.819+0000] {processor.py:840} INFO - DAG(s) 'tutorial_1_basic' retrieved from /opt/airflow/dags/tutorial_1_basic.py
[2026-02-21T10:23:12.869+0000] {logging_mixin.py:188} INFO - [2026-02-21T10:23:12.868+0000] {dag.py:3096} INFO - Sync 1 DAGs
[2026-02-21T10:23:12.904+0000] {logging_mixin.py:188} INFO - [2026-02-21T10:23:12.904+0000] {dag.py:3954} INFO - Setting next_dagrun for tutorial_1_basic to 2026-02-19 21:00:00+00:00, run_after=2026-02-20 21:00:00+00:00
[2026-02-21T10:23:12.933+0000] {processor.py:183} INFO - Processing /opt/airflow/dags/tutorial_1_basic.py took 0.139 seconds
[2026-02-21T10:23:43.378+0000] {processor.py:161} INFO - Started process (PID=1279) to work on /opt/airflow/dags/tutorial_1_basic.py
[2026-02-21T10:23:43.381+0000] {processor.py:830} INFO - Processing file /opt/airflow/dags/tutorial_1_basic.py for tasks to queue
[2026-02-21T10:23:43.383+0000] {logging_mixin.py:188} INFO - [2026-02-21T10:23:43.382+0000] {dagbag.py:540} INFO - Filling up the DagBag from /opt/airflow/dags/tutorial_1_basic.py
[2026-02-21T10:23:43.401+0000] {processor.py:840} INFO - DAG(s) 'tutorial_1_basic' retrieved from /opt/airflow/dags/tutorial_1_basic.py
[2026-02-21T10:23:43.460+0000] {logging_mixin.py:188} INFO - [2026-02-21T10:23:43.459+0000] {dag.py:3096} INFO - Sync 1 DAGs
[2026-02-21T10:23:43.491+0000] {logging_mixin.py:188} INFO - [2026-02-21T10:23:43.491+0000] {dag.py:3954} INFO - Setting next_dagrun for tutorial_1_basic to 2026-02-19 21:00:00+00:00, run_after=2026-02-20 21:00:00+00:00
[2026-02-21T10:23:43.527+0000] {processor.py:183} INFO - Processing /opt/airflow/dags/tutorial_1_basic.py took 0.160 seconds
[2026-02-21T10:24:14.018+0000] {processor.py:161} INFO - Started process (PID=1284) to work on /opt/airflow/dags/tutorial_1_basic.py
[2026-02-21T10:24:14.021+0000] {processor.py:830} INFO - Processing file /opt/airflow/dags/tutorial_1_basic.py for tasks to queue
[2026-02-21T10:24:14.022+0000] {logging_mixin.py:188} INFO - [2026-02-21T10:24:14.022+0000] {dagbag.py:540} INFO - Filling up the DagBag from /opt/airflow/dags/tutorial_1_basic.py
[2026-02-21T10:24:14.043+0000] {processor.py:840} INFO - DAG(s) 'tutorial_1_basic' retrieved from /opt/airflow/dags/tutorial_1_basic.py
[2026-02-21T10:24:14.108+0000] {logging_mixin.py:188} INFO - [2026-02-21T10:24:14.107+0000] {dag.py:3096} INFO - Sync 1 DAGs
[2026-02-21T10:24:14.156+0000] {logging_mixin.py:188} INFO - [2026-02-21T10:24:14.156+0000] {dag.py:3954} INFO - Setting next_dagrun for tutorial_1_basic to 2026-02-19 21:00:00+00:00, run_after=2026-02-20 21:00:00+00:00
[2026-02-21T10:24:14.198+0000] {processor.py:183} INFO - Processing /opt/airflow/dags/tutorial_1_basic.py took 0.194 seconds
[2026-02-21T10:24:44.636+0000] {processor.py:161} INFO - Started process (PID=1289) to work on /opt/airflow/dags/tutorial_1_basic.py
[2026-02-21T10:24:44.637+0000] {processor.py:830} INFO - Processing file /opt/airflow/dags/tutorial_1_basic.py for tasks to queue
[2026-02-21T10:24:44.639+0000] {logging_mixin.py:188} INFO - [2026-02-21T10:24:44.638+0000] {dagbag.py:540} INFO - Filling up the DagBag from /opt/airflow/dags/tutorial_1_basic.py
[2026-02-21T10:24:44.657+0000] {processor.py:840} INFO - DAG(s) 'tutorial_1_basic' retrieved from /opt/airflow/dags/tutorial_1_basic.py
[2026-02-21T10:24:44.721+0000] {logging_mixin.py:188} INFO - [2026-02-21T10:24:44.720+0000] {dag.py:3096} INFO - Sync 1 DAGs
[2026-02-21T10:24:44.761+0000] {logging_mixin.py:188} INFO - [2026-02-21T10:24:44.760+0000] {dag.py:3954} INFO - Setting next_dagrun for tutorial_1_basic to 2026-02-19 21:00:00+00:00, run_after=2026-02-20 21:00:00+00:00
[2026-02-21T10:24:44.792+0000] {processor.py:183} INFO - Processing /opt/airflow/dags/tutorial_1_basic.py took 0.168 seconds
[2026-02-21T10:25:15.173+0000] {processor.py:161} INFO - Started process (PID=1294) to work on /opt/airflow/dags/tutorial_1_basic.py
[2026-02-21T10:25:15.176+0000] {processor.py:830} INFO - Processing file /opt/airflow/dags/tutorial_1_basic.py for tasks to queue
[2026-02-21T10:25:15.177+0000] {logging_mixin.py:188} INFO - [2026-02-21T10:25:15.177+0000] {dagbag.py:540} INFO - Filling up the DagBag from /opt/airflow/dags/tutorial_1_basic.py
[2026-02-21T10:25:15.193+0000] {processor.py:840} INFO - DAG(s) 'tutorial_1_basic' retrieved from /opt/airflow/dags/tutorial_1_basic.py
[2026-02-21T10:25:15.254+0000] {logging_mixin.py:188} INFO - [2026-02-21T10:25:15.254+0000] {dag.py:3096} INFO - Sync 1 DAGs
[2026-02-21T10:25:15.299+0000] {logging_mixin.py:188} INFO - [2026-02-21T10:25:15.298+0000] {dag.py:3954} INFO - Setting next_dagrun for tutorial_1_basic to 2026-02-19 21:00:00+00:00, run_after=2026-02-20 21:00:00+00:00
[2026-02-21T10:25:15.330+0000] {processor.py:183} INFO - Processing /opt/airflow/dags/tutorial_1_basic.py took 0.166 seconds
[2026-02-21T10:25:45.712+0000] {processor.py:161} INFO - Started process (PID=1299) to work on /opt/airflow/dags/tutorial_1_basic.py
[2026-02-21T10:25:45.713+0000] {processor.py:830} INFO - Processing file /opt/airflow/dags/tutorial_1_basic.py for tasks to queue
[2026-02-21T10:25:45.714+0000] {logging_mixin.py:188} INFO - [2026-02-21T10:25:45.714+0000] {dagbag.py:540} INFO - Filling up the DagBag from /opt/airflow/dags/tutorial_1_basic.py
[2026-02-21T10:25:45.727+0000] {processor.py:840} INFO - DAG(s) 'tutorial_1_basic' retrieved from /opt/airflow/dags/tutorial_1_basic.py
[2026-02-21T10:25:45.788+0000] {logging_mixin.py:188} INFO - [2026-02-21T10:25:45.787+0000] {dag.py:3096} INFO - Sync 1 DAGs
[2026-02-21T10:25:45.833+0000] {logging_mixin.py:188} INFO - [2026-02-21T10:25:45.833+0000] {dag.py:3954} INFO - Setting next_dagrun for tutorial_1_basic to 2026-02-19 21:00:00+00:00, run_after=2026-02-20 21:00:00+00:00
[2026-02-21T10:25:45.860+0000] {processor.py:183} INFO - Processing /opt/airflow/dags/tutorial_1_basic.py took 0.156 seconds
[2026-02-21T10:26:16.280+0000] {processor.py:161} INFO - Started process (PID=1304) to work on /opt/airflow/dags/tutorial_1_basic.py
[2026-02-21T10:26:16.282+0000] {processor.py:830} INFO - Processing file /opt/airflow/dags/tutorial_1_basic.py for tasks to queue
[2026-02-21T10:26:16.283+0000] {logging_mixin.py:188} INFO - [2026-02-21T10:26:16.282+0000] {dagbag.py:540} INFO - Filling up the DagBag from /opt/airflow/dags/tutorial_1_basic.py
[2026-02-21T10:26:16.296+0000] {processor.py:840} INFO - DAG(s) 'tutorial_1_basic' retrieved from /opt/airflow/dags/tutorial_1_basic.py
[2026-02-21T10:26:16.349+0000] {logging_mixin.py:188} INFO - [2026-02-21T10:26:16.349+0000] {dag.py:3096} INFO - Sync 1 DAGs
[2026-02-21T10:26:16.382+0000] {logging_mixin.py:188} INFO - [2026-02-21T10:26:16.381+0000] {dag.py:3954} INFO - Setting next_dagrun for tutorial_1_basic to 2026-02-19 21:00:00+00:00, run_after=2026-02-20 21:00:00+00:00
[2026-02-21T10:26:16.406+0000] {processor.py:183} INFO - Processing /opt/airflow/dags/tutorial_1_basic.py took 0.138 seconds
[2026-02-21T10:26:46.803+0000] {processor.py:161} INFO - Started process (PID=1309) to work on /opt/airflow/dags/tutorial_1_basic.py
[2026-02-21T10:26:46.806+0000] {processor.py:830} INFO - Processing file /opt/airflow/dags/tutorial_1_basic.py for tasks to queue
[2026-02-21T10:26:46.807+0000] {logging_mixin.py:188} INFO - [2026-02-21T10:26:46.807+0000] {dagbag.py:540} INFO - Filling up the DagBag from /opt/airflow/dags/tutorial_1_basic.py
[2026-02-21T10:26:46.822+0000] {processor.py:840} INFO - DAG(s) 'tutorial_1_basic' retrieved from /opt/airflow/dags/tutorial_1_basic.py
[2026-02-21T10:26:46.879+0000] {logging_mixin.py:188} INFO - [2026-02-21T10:26:46.878+0000] {dag.py:3096} INFO - Sync 1 DAGs
[2026-02-21T10:26:46.912+0000] {logging_mixin.py:188} INFO - [2026-02-21T10:26:46.912+0000] {dag.py:3954} INFO - Setting next_dagrun for tutorial_1_basic to 2026-02-19 21:00:00+00:00, run_after=2026-02-20 21:00:00+00:00
[2026-02-21T10:26:46.937+0000] {processor.py:183} INFO - Processing /opt/airflow/dags/tutorial_1_basic.py took 0.149 seconds
[2026-02-21T10:27:17.367+0000] {processor.py:161} INFO - Started process (PID=1314) to work on /opt/airflow/dags/tutorial_1_basic.py
[2026-02-21T10:27:17.368+0000] {processor.py:830} INFO - Processing file /opt/airflow/dags/tutorial_1_basic.py for tasks to queue
[2026-02-21T10:27:17.370+0000] {logging_mixin.py:188} INFO - [2026-02-21T10:27:17.369+0000] {dagbag.py:540} INFO - Filling up the DagBag from /opt/airflow/dags/tutorial_1_basic.py
[2026-02-21T10:27:17.384+0000] {processor.py:840} INFO - DAG(s) 'tutorial_1_basic' retrieved from /opt/airflow/dags/tutorial_1_basic.py
[2026-02-21T10:27:17.443+0000] {logging_mixin.py:188} INFO - [2026-02-21T10:27:17.442+0000] {dag.py:3096} INFO - Sync 1 DAGs
[2026-02-21T10:27:17.481+0000] {logging_mixin.py:188} INFO - [2026-02-21T10:27:17.481+0000] {dag.py:3954} INFO - Setting next_dagrun for tutorial_1_basic to 2026-02-19 21:00:00+00:00, run_after=2026-02-20 21:00:00+00:00
[2026-02-21T10:27:17.506+0000] {processor.py:183} INFO - Processing /opt/airflow/dags/tutorial_1_basic.py took 0.149 seconds
[2026-02-21T10:27:47.838+0000] {processor.py:161} INFO - Started process (PID=1319) to work on /opt/airflow/dags/tutorial_1_basic.py
[2026-02-21T10:27:47.840+0000] {processor.py:830} INFO - Processing file /opt/airflow/dags/tutorial_1_basic.py for tasks to queue
[2026-02-21T10:27:47.842+0000] {logging_mixin.py:188} INFO - [2026-02-21T10:27:47.841+0000] {dagbag.py:540} INFO - Filling up the DagBag from /opt/airflow/dags/tutorial_1_basic.py
[2026-02-21T10:27:47.855+0000] {processor.py:840} INFO - DAG(s) 'tutorial_1_basic' retrieved from /opt/airflow/dags/tutorial_1_basic.py
[2026-02-21T10:27:47.921+0000] {logging_mixin.py:188} INFO - [2026-02-21T10:27:47.921+0000] {dag.py:3096} INFO - Sync 1 DAGs
[2026-02-21T10:27:47.960+0000] {logging_mixin.py:188} INFO - [2026-02-21T10:27:47.960+0000] {dag.py:3954} INFO - Setting next_dagrun for tutorial_1_basic to 2026-02-19 21:00:00+00:00, run_after=2026-02-20 21:00:00+00:00
[2026-02-21T10:27:47.995+0000] {processor.py:183} INFO - Processing /opt/airflow/dags/tutorial_1_basic.py took 0.173 seconds
[2026-02-21T10:28:18.516+0000] {processor.py:161} INFO - Started process (PID=1324) to work on /opt/airflow/dags/tutorial_1_basic.py
[2026-02-21T10:28:18.517+0000] {processor.py:830} INFO - Processing file /opt/airflow/dags/tutorial_1_basic.py for tasks to queue
[2026-02-21T10:28:18.519+0000] {logging_mixin.py:188} INFO - [2026-02-21T10:28:18.518+0000] {dagbag.py:540} INFO - Filling up the DagBag from /opt/airflow/dags/tutorial_1_basic.py
[2026-02-21T10:28:18.535+0000] {processor.py:840} INFO - DAG(s) 'tutorial_1_basic' retrieved from /opt/airflow/dags/tutorial_1_basic.py
[2026-02-21T10:28:18.594+0000] {logging_mixin.py:188} INFO - [2026-02-21T10:28:18.593+0000] {dag.py:3096} INFO - Sync 1 DAGs
[2026-02-21T10:28:18.633+0000] {logging_mixin.py:188} INFO - [2026-02-21T10:28:18.633+0000] {dag.py:3954} INFO - Setting next_dagrun for tutorial_1_basic to 2026-02-19 21:00:00+00:00, run_after=2026-02-20 21:00:00+00:00
[2026-02-21T10:28:18.659+0000] {processor.py:183} INFO - Processing /opt/airflow/dags/tutorial_1_basic.py took 0.156 seconds
[2026-02-21T10:28:49.081+0000] {processor.py:161} INFO - Started process (PID=1329) to work on /opt/airflow/dags/tutorial_1_basic.py
[2026-02-21T10:28:49.083+0000] {processor.py:830} INFO - Processing file /opt/airflow/dags/tutorial_1_basic.py for tasks to queue
[2026-02-21T10:28:49.084+0000] {logging_mixin.py:188} INFO - [2026-02-21T10:28:49.084+0000] {dagbag.py:540} INFO - Filling up the DagBag from /opt/airflow/dags/tutorial_1_basic.py
[2026-02-21T10:28:49.098+0000] {processor.py:840} INFO - DAG(s) 'tutorial_1_basic' retrieved from /opt/airflow/dags/tutorial_1_basic.py
[2026-02-21T10:28:49.150+0000] {logging_mixin.py:188} INFO - [2026-02-21T10:28:49.149+0000] {dag.py:3096} INFO - Sync 1 DAGs
[2026-02-21T10:28:49.184+0000] {logging_mixin.py:188} INFO - [2026-02-21T10:28:49.184+0000] {dag.py:3954} INFO - Setting next_dagrun for tutorial_1_basic to 2026-02-19 21:00:00+00:00, run_after=2026-02-20 21:00:00+00:00
[2026-02-21T10:28:49.208+0000] {processor.py:183} INFO - Processing /opt/airflow/dags/tutorial_1_basic.py took 0.136 seconds
[2026-02-21T10:29:19.718+0000] {processor.py:161} INFO - Started process (PID=1334) to work on /opt/airflow/dags/tutorial_1_basic.py
[2026-02-21T10:29:19.720+0000] {processor.py:830} INFO - Processing file /opt/airflow/dags/tutorial_1_basic.py for tasks to queue
[2026-02-21T10:29:19.721+0000] {logging_mixin.py:188} INFO - [2026-02-21T10:29:19.720+0000] {dagbag.py:540} INFO - Filling up the DagBag from /opt/airflow/dags/tutorial_1_basic.py
[2026-02-21T10:29:19.741+0000] {processor.py:840} INFO - DAG(s) 'tutorial_1_basic' retrieved from /opt/airflow/dags/tutorial_1_basic.py
[2026-02-21T10:29:19.801+0000] {logging_mixin.py:188} INFO - [2026-02-21T10:29:19.801+0000] {dag.py:3096} INFO - Sync 1 DAGs
[2026-02-21T10:29:19.842+0000] {logging_mixin.py:188} INFO - [2026-02-21T10:29:19.841+0000] {dag.py:3954} INFO - Setting next_dagrun for tutorial_1_basic to 2026-02-19 21:00:00+00:00, run_after=2026-02-20 21:00:00+00:00
[2026-02-21T10:29:19.869+0000] {processor.py:183} INFO - Processing /opt/airflow/dags/tutorial_1_basic.py took 0.166 seconds
[2026-02-21T10:29:50.304+0000] {processor.py:161} INFO - Started process (PID=1339) to work on /opt/airflow/dags/tutorial_1_basic.py
[2026-02-21T10:29:50.307+0000] {processor.py:830} INFO - Processing file /opt/airflow/dags/tutorial_1_basic.py for tasks to queue
[2026-02-21T10:29:50.308+0000] {logging_mixin.py:188} INFO - [2026-02-21T10:29:50.307+0000] {dagbag.py:540} INFO - Filling up the DagBag from /opt/airflow/dags/tutorial_1_basic.py
[2026-02-21T10:29:50.328+0000] {processor.py:840} INFO - DAG(s) 'tutorial_1_basic' retrieved from /opt/airflow/dags/tutorial_1_basic.py
[2026-02-21T10:29:50.386+0000] {logging_mixin.py:188} INFO - [2026-02-21T10:29:50.385+0000] {dag.py:3096} INFO - Sync 1 DAGs
[2026-02-21T10:29:50.422+0000] {logging_mixin.py:188} INFO - [2026-02-21T10:29:50.421+0000] {dag.py:3954} INFO - Setting next_dagrun for tutorial_1_basic to 2026-02-19 21:00:00+00:00, run_after=2026-02-20 21:00:00+00:00
[2026-02-21T10:29:50.453+0000] {processor.py:183} INFO - Processing /opt/airflow/dags/tutorial_1_basic.py took 0.162 seconds
[2026-02-21T10:30:20.894+0000] {processor.py:161} INFO - Started process (PID=1344) to work on /opt/airflow/dags/tutorial_1_basic.py
[2026-02-21T10:30:20.895+0000] {processor.py:830} INFO - Processing file /opt/airflow/dags/tutorial_1_basic.py for tasks to queue
[2026-02-21T10:30:20.897+0000] {logging_mixin.py:188} INFO - [2026-02-21T10:30:20.896+0000] {dagbag.py:540} INFO - Filling up the DagBag from /opt/airflow/dags/tutorial_1_basic.py
[2026-02-21T10:30:20.908+0000] {processor.py:840} INFO - DAG(s) 'tutorial_1_basic' retrieved from /opt/airflow/dags/tutorial_1_basic.py
[2026-02-21T10:30:20.953+0000] {logging_mixin.py:188} INFO - [2026-02-21T10:30:20.953+0000] {dag.py:3096} INFO - Sync 1 DAGs
[2026-02-21T10:30:20.987+0000] {logging_mixin.py:188} INFO - [2026-02-21T10:30:20.987+0000] {dag.py:3954} INFO - Setting next_dagrun for tutorial_1_basic to 2026-02-19 21:00:00+00:00, run_after=2026-02-20 21:00:00+00:00
[2026-02-21T10:30:21.010+0000] {processor.py:183} INFO - Processing /opt/airflow/dags/tutorial_1_basic.py took 0.125 seconds
[2026-02-21T10:30:51.449+0000] {processor.py:161} INFO - Started process (PID=1349) to work on /opt/airflow/dags/tutorial_1_basic.py
[2026-02-21T10:30:51.451+0000] {processor.py:830} INFO - Processing file /opt/airflow/dags/tutorial_1_basic.py for tasks to queue
[2026-02-21T10:30:51.453+0000] {logging_mixin.py:188} INFO - [2026-02-21T10:30:51.452+0000] {dagbag.py:540} INFO - Filling up the DagBag from /opt/airflow/dags/tutorial_1_basic.py
[2026-02-21T10:30:51.465+0000] {processor.py:840} INFO - DAG(s) 'tutorial_1_basic' retrieved from /opt/airflow/dags/tutorial_1_basic.py
[2026-02-21T10:30:51.524+0000] {logging_mixin.py:188} INFO - [2026-02-21T10:30:51.523+0000] {dag.py:3096} INFO - Sync 1 DAGs
[2026-02-21T10:30:51.563+0000] {logging_mixin.py:188} INFO - [2026-02-21T10:30:51.563+0000] {dag.py:3954} INFO - Setting next_dagrun for tutorial_1_basic to 2026-02-19 21:00:00+00:00, run_after=2026-02-20 21:00:00+00:00
[2026-02-21T10:30:51.597+0000] {processor.py:183} INFO - Processing /opt/airflow/dags/tutorial_1_basic.py took 0.157 seconds
