[2026-02-21T04:47:59.133+0000] {processor.py:161} INFO - Started process (PID=1243) to work on /opt/airflow/dags/tutorial_1_my_turn.py
[2026-02-21T04:47:59.144+0000] {processor.py:830} INFO - Processing file /opt/airflow/dags/tutorial_1_my_turn.py for tasks to queue
[2026-02-21T04:47:59.147+0000] {logging_mixin.py:188} INFO - [2026-02-21T04:47:59.146+0000] {dagbag.py:540} INFO - Filling up the DagBag from /opt/airflow/dags/tutorial_1_my_turn.py
[2026-02-21T04:47:59.197+0000] {processor.py:840} INFO - DAG(s) 'tutorial_1_my_turn' retrieved from /opt/airflow/dags/tutorial_1_my_turn.py
[2026-02-21T04:47:59.337+0000] {logging_mixin.py:188} INFO - [2026-02-21T04:47:59.337+0000] {dag.py:3096} INFO - Sync 1 DAGs
[2026-02-21T04:47:59.453+0000] {logging_mixin.py:188} INFO - [2026-02-21T04:47:59.452+0000] {dag.py:3954} INFO - Setting next_dagrun for tutorial_1_my_turn to 2026-02-19 21:00:00+00:00, run_after=2026-02-20 21:00:00+00:00
[2026-02-21T04:47:59.549+0000] {processor.py:183} INFO - Processing /opt/airflow/dags/tutorial_1_my_turn.py took 0.472 seconds
[2026-02-21T10:20:38.179+0000] {processor.py:161} INFO - Started process (PID=1248) to work on /opt/airflow/dags/tutorial_1_my_turn.py
[2026-02-21T10:20:38.622+0000] {processor.py:830} INFO - Processing file /opt/airflow/dags/tutorial_1_my_turn.py for tasks to queue
[2026-02-21T10:20:38.626+0000] {logging_mixin.py:188} INFO - [2026-02-21T10:20:38.624+0000] {dagbag.py:540} INFO - Filling up the DagBag from /opt/airflow/dags/tutorial_1_my_turn.py
[2026-02-21T10:20:38.741+0000] {processor.py:840} INFO - DAG(s) 'tutorial_1_my_turn' retrieved from /opt/airflow/dags/tutorial_1_my_turn.py
[2026-02-21T10:20:39.246+0000] {logging_mixin.py:188} INFO - [2026-02-21T10:20:39.245+0000] {dag.py:3096} INFO - Sync 1 DAGs
[2026-02-21T10:20:39.563+0000] {logging_mixin.py:188} INFO - [2026-02-21T10:20:39.563+0000] {dag.py:3954} INFO - Setting next_dagrun for tutorial_1_my_turn to 2026-02-19 21:00:00+00:00, run_after=2026-02-20 21:00:00+00:00
[2026-02-21T10:20:39.768+0000] {processor.py:183} INFO - Processing /opt/airflow/dags/tutorial_1_my_turn.py took 1.643 seconds
[2026-02-21T10:21:10.091+0000] {processor.py:161} INFO - Started process (PID=1253) to work on /opt/airflow/dags/tutorial_1_my_turn.py
[2026-02-21T10:21:10.099+0000] {processor.py:830} INFO - Processing file /opt/airflow/dags/tutorial_1_my_turn.py for tasks to queue
[2026-02-21T10:21:10.103+0000] {logging_mixin.py:188} INFO - [2026-02-21T10:21:10.101+0000] {dagbag.py:540} INFO - Filling up the DagBag from /opt/airflow/dags/tutorial_1_my_turn.py
[2026-02-21T10:21:10.156+0000] {processor.py:840} INFO - DAG(s) 'tutorial_1_my_turn' retrieved from /opt/airflow/dags/tutorial_1_my_turn.py
[2026-02-21T10:21:10.289+0000] {logging_mixin.py:188} INFO - [2026-02-21T10:21:10.288+0000] {dag.py:3096} INFO - Sync 1 DAGs
[2026-02-21T10:21:10.367+0000] {logging_mixin.py:188} INFO - [2026-02-21T10:21:10.366+0000] {dag.py:3954} INFO - Setting next_dagrun for tutorial_1_my_turn to 2026-02-19 21:00:00+00:00, run_after=2026-02-20 21:00:00+00:00
[2026-02-21T10:21:10.427+0000] {processor.py:183} INFO - Processing /opt/airflow/dags/tutorial_1_my_turn.py took 0.391 seconds
[2026-02-21T10:21:41.137+0000] {processor.py:161} INFO - Started process (PID=1258) to work on /opt/airflow/dags/tutorial_1_my_turn.py
[2026-02-21T10:21:41.144+0000] {processor.py:830} INFO - Processing file /opt/airflow/dags/tutorial_1_my_turn.py for tasks to queue
[2026-02-21T10:21:41.145+0000] {logging_mixin.py:188} INFO - [2026-02-21T10:21:41.145+0000] {dagbag.py:540} INFO - Filling up the DagBag from /opt/airflow/dags/tutorial_1_my_turn.py
[2026-02-21T10:21:41.157+0000] {processor.py:840} INFO - DAG(s) 'tutorial_1_my_turn' retrieved from /opt/airflow/dags/tutorial_1_my_turn.py
[2026-02-21T10:21:41.207+0000] {logging_mixin.py:188} INFO - [2026-02-21T10:21:41.206+0000] {dag.py:3096} INFO - Sync 1 DAGs
[2026-02-21T10:21:41.233+0000] {logging_mixin.py:188} INFO - [2026-02-21T10:21:41.233+0000] {dag.py:3954} INFO - Setting next_dagrun for tutorial_1_my_turn to 2026-02-19 21:00:00+00:00, run_after=2026-02-20 21:00:00+00:00
[2026-02-21T10:21:41.255+0000] {processor.py:183} INFO - Processing /opt/airflow/dags/tutorial_1_my_turn.py took 0.126 seconds
[2026-02-21T10:22:11.654+0000] {processor.py:161} INFO - Started process (PID=1263) to work on /opt/airflow/dags/tutorial_1_my_turn.py
[2026-02-21T10:22:11.657+0000] {processor.py:830} INFO - Processing file /opt/airflow/dags/tutorial_1_my_turn.py for tasks to queue
[2026-02-21T10:22:11.658+0000] {logging_mixin.py:188} INFO - [2026-02-21T10:22:11.657+0000] {dagbag.py:540} INFO - Filling up the DagBag from /opt/airflow/dags/tutorial_1_my_turn.py
[2026-02-21T10:22:11.675+0000] {processor.py:840} INFO - DAG(s) 'tutorial_1_my_turn' retrieved from /opt/airflow/dags/tutorial_1_my_turn.py
[2026-02-21T10:22:11.736+0000] {logging_mixin.py:188} INFO - [2026-02-21T10:22:11.735+0000] {dag.py:3096} INFO - Sync 1 DAGs
[2026-02-21T10:22:11.772+0000] {logging_mixin.py:188} INFO - [2026-02-21T10:22:11.772+0000] {dag.py:3954} INFO - Setting next_dagrun for tutorial_1_my_turn to 2026-02-19 21:00:00+00:00, run_after=2026-02-20 21:00:00+00:00
[2026-02-21T10:22:11.801+0000] {processor.py:183} INFO - Processing /opt/airflow/dags/tutorial_1_my_turn.py took 0.158 seconds
[2026-02-21T10:22:42.226+0000] {processor.py:161} INFO - Started process (PID=1268) to work on /opt/airflow/dags/tutorial_1_my_turn.py
[2026-02-21T10:22:42.228+0000] {processor.py:830} INFO - Processing file /opt/airflow/dags/tutorial_1_my_turn.py for tasks to queue
[2026-02-21T10:22:42.229+0000] {logging_mixin.py:188} INFO - [2026-02-21T10:22:42.228+0000] {dagbag.py:540} INFO - Filling up the DagBag from /opt/airflow/dags/tutorial_1_my_turn.py
[2026-02-21T10:22:42.242+0000] {processor.py:840} INFO - DAG(s) 'tutorial_1_my_turn' retrieved from /opt/airflow/dags/tutorial_1_my_turn.py
[2026-02-21T10:22:42.297+0000] {logging_mixin.py:188} INFO - [2026-02-21T10:22:42.297+0000] {dag.py:3096} INFO - Sync 1 DAGs
[2026-02-21T10:22:42.334+0000] {logging_mixin.py:188} INFO - [2026-02-21T10:22:42.334+0000] {dag.py:3954} INFO - Setting next_dagrun for tutorial_1_my_turn to 2026-02-19 21:00:00+00:00, run_after=2026-02-20 21:00:00+00:00
[2026-02-21T10:22:42.360+0000] {processor.py:183} INFO - Processing /opt/airflow/dags/tutorial_1_my_turn.py took 0.145 seconds
[2026-02-21T10:23:12.789+0000] {processor.py:161} INFO - Started process (PID=1273) to work on /opt/airflow/dags/tutorial_1_my_turn.py
[2026-02-21T10:23:12.798+0000] {processor.py:830} INFO - Processing file /opt/airflow/dags/tutorial_1_my_turn.py for tasks to queue
[2026-02-21T10:23:12.799+0000] {logging_mixin.py:188} INFO - [2026-02-21T10:23:12.799+0000] {dagbag.py:540} INFO - Filling up the DagBag from /opt/airflow/dags/tutorial_1_my_turn.py
[2026-02-21T10:23:12.811+0000] {processor.py:840} INFO - DAG(s) 'tutorial_1_my_turn' retrieved from /opt/airflow/dags/tutorial_1_my_turn.py
[2026-02-21T10:23:12.867+0000] {logging_mixin.py:188} INFO - [2026-02-21T10:23:12.867+0000] {dag.py:3096} INFO - Sync 1 DAGs
[2026-02-21T10:23:12.904+0000] {logging_mixin.py:188} INFO - [2026-02-21T10:23:12.904+0000] {dag.py:3954} INFO - Setting next_dagrun for tutorial_1_my_turn to 2026-02-19 21:00:00+00:00, run_after=2026-02-20 21:00:00+00:00
[2026-02-21T10:23:12.934+0000] {processor.py:183} INFO - Processing /opt/airflow/dags/tutorial_1_my_turn.py took 0.154 seconds
[2026-02-21T10:23:43.365+0000] {processor.py:161} INFO - Started process (PID=1278) to work on /opt/airflow/dags/tutorial_1_my_turn.py
[2026-02-21T10:23:43.367+0000] {processor.py:830} INFO - Processing file /opt/airflow/dags/tutorial_1_my_turn.py for tasks to queue
[2026-02-21T10:23:43.368+0000] {logging_mixin.py:188} INFO - [2026-02-21T10:23:43.368+0000] {dagbag.py:540} INFO - Filling up the DagBag from /opt/airflow/dags/tutorial_1_my_turn.py
[2026-02-21T10:23:43.387+0000] {processor.py:840} INFO - DAG(s) 'tutorial_1_my_turn' retrieved from /opt/airflow/dags/tutorial_1_my_turn.py
[2026-02-21T10:23:43.448+0000] {logging_mixin.py:188} INFO - [2026-02-21T10:23:43.447+0000] {dag.py:3096} INFO - Sync 1 DAGs
[2026-02-21T10:23:43.483+0000] {logging_mixin.py:188} INFO - [2026-02-21T10:23:43.483+0000] {dag.py:3954} INFO - Setting next_dagrun for tutorial_1_my_turn to 2026-02-19 21:00:00+00:00, run_after=2026-02-20 21:00:00+00:00
[2026-02-21T10:23:43.513+0000] {processor.py:183} INFO - Processing /opt/airflow/dags/tutorial_1_my_turn.py took 0.160 seconds
[2026-02-21T10:24:13.999+0000] {processor.py:161} INFO - Started process (PID=1283) to work on /opt/airflow/dags/tutorial_1_my_turn.py
[2026-02-21T10:24:14.002+0000] {processor.py:830} INFO - Processing file /opt/airflow/dags/tutorial_1_my_turn.py for tasks to queue
[2026-02-21T10:24:14.004+0000] {logging_mixin.py:188} INFO - [2026-02-21T10:24:14.003+0000] {dagbag.py:540} INFO - Filling up the DagBag from /opt/airflow/dags/tutorial_1_my_turn.py
[2026-02-21T10:24:14.023+0000] {processor.py:840} INFO - DAG(s) 'tutorial_1_my_turn' retrieved from /opt/airflow/dags/tutorial_1_my_turn.py
[2026-02-21T10:24:14.088+0000] {logging_mixin.py:188} INFO - [2026-02-21T10:24:14.087+0000] {dag.py:3096} INFO - Sync 1 DAGs
[2026-02-21T10:24:14.139+0000] {logging_mixin.py:188} INFO - [2026-02-21T10:24:14.138+0000] {dag.py:3954} INFO - Setting next_dagrun for tutorial_1_my_turn to 2026-02-19 21:00:00+00:00, run_after=2026-02-20 21:00:00+00:00
[2026-02-21T10:24:14.174+0000] {processor.py:183} INFO - Processing /opt/airflow/dags/tutorial_1_my_turn.py took 0.198 seconds
[2026-02-21T10:24:44.621+0000] {processor.py:161} INFO - Started process (PID=1288) to work on /opt/airflow/dags/tutorial_1_my_turn.py
[2026-02-21T10:24:44.623+0000] {processor.py:830} INFO - Processing file /opt/airflow/dags/tutorial_1_my_turn.py for tasks to queue
[2026-02-21T10:24:44.625+0000] {logging_mixin.py:188} INFO - [2026-02-21T10:24:44.624+0000] {dagbag.py:540} INFO - Filling up the DagBag from /opt/airflow/dags/tutorial_1_my_turn.py
[2026-02-21T10:24:44.642+0000] {processor.py:840} INFO - DAG(s) 'tutorial_1_my_turn' retrieved from /opt/airflow/dags/tutorial_1_my_turn.py
[2026-02-21T10:24:44.699+0000] {logging_mixin.py:188} INFO - [2026-02-21T10:24:44.699+0000] {dag.py:3096} INFO - Sync 1 DAGs
[2026-02-21T10:24:44.748+0000] {logging_mixin.py:188} INFO - [2026-02-21T10:24:44.747+0000] {dag.py:3954} INFO - Setting next_dagrun for tutorial_1_my_turn to 2026-02-19 21:00:00+00:00, run_after=2026-02-20 21:00:00+00:00
[2026-02-21T10:24:44.778+0000] {processor.py:183} INFO - Processing /opt/airflow/dags/tutorial_1_my_turn.py took 0.166 seconds
[2026-02-21T10:25:15.155+0000] {processor.py:161} INFO - Started process (PID=1293) to work on /opt/airflow/dags/tutorial_1_my_turn.py
[2026-02-21T10:25:15.167+0000] {processor.py:830} INFO - Processing file /opt/airflow/dags/tutorial_1_my_turn.py for tasks to queue
[2026-02-21T10:25:15.169+0000] {logging_mixin.py:188} INFO - [2026-02-21T10:25:15.168+0000] {dagbag.py:540} INFO - Filling up the DagBag from /opt/airflow/dags/tutorial_1_my_turn.py
[2026-02-21T10:25:15.183+0000] {processor.py:840} INFO - DAG(s) 'tutorial_1_my_turn' retrieved from /opt/airflow/dags/tutorial_1_my_turn.py
[2026-02-21T10:25:15.237+0000] {logging_mixin.py:188} INFO - [2026-02-21T10:25:15.237+0000] {dag.py:3096} INFO - Sync 1 DAGs
[2026-02-21T10:25:15.275+0000] {logging_mixin.py:188} INFO - [2026-02-21T10:25:15.275+0000] {dag.py:3954} INFO - Setting next_dagrun for tutorial_1_my_turn to 2026-02-19 21:00:00+00:00, run_after=2026-02-20 21:00:00+00:00
[2026-02-21T10:25:15.314+0000] {processor.py:183} INFO - Processing /opt/airflow/dags/tutorial_1_my_turn.py took 0.169 seconds
[2026-02-21T10:25:45.699+0000] {processor.py:161} INFO - Started process (PID=1298) to work on /opt/airflow/dags/tutorial_1_my_turn.py
[2026-02-21T10:25:45.701+0000] {processor.py:830} INFO - Processing file /opt/airflow/dags/tutorial_1_my_turn.py for tasks to queue
[2026-02-21T10:25:45.703+0000] {logging_mixin.py:188} INFO - [2026-02-21T10:25:45.702+0000] {dagbag.py:540} INFO - Filling up the DagBag from /opt/airflow/dags/tutorial_1_my_turn.py
[2026-02-21T10:25:45.714+0000] {processor.py:840} INFO - DAG(s) 'tutorial_1_my_turn' retrieved from /opt/airflow/dags/tutorial_1_my_turn.py
[2026-02-21T10:25:45.770+0000] {logging_mixin.py:188} INFO - [2026-02-21T10:25:45.769+0000] {dag.py:3096} INFO - Sync 1 DAGs
[2026-02-21T10:25:45.812+0000] {logging_mixin.py:188} INFO - [2026-02-21T10:25:45.812+0000] {dag.py:3954} INFO - Setting next_dagrun for tutorial_1_my_turn to 2026-02-19 21:00:00+00:00, run_after=2026-02-20 21:00:00+00:00
[2026-02-21T10:25:45.838+0000] {processor.py:183} INFO - Processing /opt/airflow/dags/tutorial_1_my_turn.py took 0.150 seconds
[2026-02-21T10:26:16.268+0000] {processor.py:161} INFO - Started process (PID=1303) to work on /opt/airflow/dags/tutorial_1_my_turn.py
[2026-02-21T10:26:16.269+0000] {processor.py:830} INFO - Processing file /opt/airflow/dags/tutorial_1_my_turn.py for tasks to queue
[2026-02-21T10:26:16.271+0000] {logging_mixin.py:188} INFO - [2026-02-21T10:26:16.270+0000] {dagbag.py:540} INFO - Filling up the DagBag from /opt/airflow/dags/tutorial_1_my_turn.py
[2026-02-21T10:26:16.283+0000] {processor.py:840} INFO - DAG(s) 'tutorial_1_my_turn' retrieved from /opt/airflow/dags/tutorial_1_my_turn.py
[2026-02-21T10:26:16.334+0000] {logging_mixin.py:188} INFO - [2026-02-21T10:26:16.333+0000] {dag.py:3096} INFO - Sync 1 DAGs
[2026-02-21T10:26:16.370+0000] {logging_mixin.py:188} INFO - [2026-02-21T10:26:16.369+0000] {dag.py:3954} INFO - Setting next_dagrun for tutorial_1_my_turn to 2026-02-19 21:00:00+00:00, run_after=2026-02-20 21:00:00+00:00
[2026-02-21T10:26:16.394+0000] {processor.py:183} INFO - Processing /opt/airflow/dags/tutorial_1_my_turn.py took 0.138 seconds
[2026-02-21T10:26:46.780+0000] {processor.py:161} INFO - Started process (PID=1308) to work on /opt/airflow/dags/tutorial_1_my_turn.py
[2026-02-21T10:26:46.783+0000] {processor.py:830} INFO - Processing file /opt/airflow/dags/tutorial_1_my_turn.py for tasks to queue
[2026-02-21T10:26:46.784+0000] {logging_mixin.py:188} INFO - [2026-02-21T10:26:46.783+0000] {dagbag.py:540} INFO - Filling up the DagBag from /opt/airflow/dags/tutorial_1_my_turn.py
[2026-02-21T10:26:46.798+0000] {processor.py:840} INFO - DAG(s) 'tutorial_1_my_turn' retrieved from /opt/airflow/dags/tutorial_1_my_turn.py
[2026-02-21T10:26:46.858+0000] {logging_mixin.py:188} INFO - [2026-02-21T10:26:46.858+0000] {dag.py:3096} INFO - Sync 1 DAGs
[2026-02-21T10:26:46.893+0000] {logging_mixin.py:188} INFO - [2026-02-21T10:26:46.893+0000] {dag.py:3954} INFO - Setting next_dagrun for tutorial_1_my_turn to 2026-02-19 21:00:00+00:00, run_after=2026-02-20 21:00:00+00:00
[2026-02-21T10:26:46.918+0000] {processor.py:183} INFO - Processing /opt/airflow/dags/tutorial_1_my_turn.py took 0.149 seconds
[2026-02-21T10:27:17.349+0000] {processor.py:161} INFO - Started process (PID=1313) to work on /opt/airflow/dags/tutorial_1_my_turn.py
[2026-02-21T10:27:17.351+0000] {processor.py:830} INFO - Processing file /opt/airflow/dags/tutorial_1_my_turn.py for tasks to queue
[2026-02-21T10:27:17.353+0000] {logging_mixin.py:188} INFO - [2026-02-21T10:27:17.352+0000] {dagbag.py:540} INFO - Filling up the DagBag from /opt/airflow/dags/tutorial_1_my_turn.py
[2026-02-21T10:27:17.366+0000] {processor.py:840} INFO - DAG(s) 'tutorial_1_my_turn' retrieved from /opt/airflow/dags/tutorial_1_my_turn.py
[2026-02-21T10:27:17.423+0000] {logging_mixin.py:188} INFO - [2026-02-21T10:27:17.423+0000] {dag.py:3096} INFO - Sync 1 DAGs
[2026-02-21T10:27:17.464+0000] {logging_mixin.py:188} INFO - [2026-02-21T10:27:17.463+0000] {dag.py:3954} INFO - Setting next_dagrun for tutorial_1_my_turn to 2026-02-19 21:00:00+00:00, run_after=2026-02-20 21:00:00+00:00
[2026-02-21T10:27:17.489+0000] {processor.py:183} INFO - Processing /opt/airflow/dags/tutorial_1_my_turn.py took 0.151 seconds
[2026-02-21T10:27:47.813+0000] {processor.py:161} INFO - Started process (PID=1318) to work on /opt/airflow/dags/tutorial_1_my_turn.py
[2026-02-21T10:27:47.821+0000] {processor.py:830} INFO - Processing file /opt/airflow/dags/tutorial_1_my_turn.py for tasks to queue
[2026-02-21T10:27:47.823+0000] {logging_mixin.py:188} INFO - [2026-02-21T10:27:47.822+0000] {dagbag.py:540} INFO - Filling up the DagBag from /opt/airflow/dags/tutorial_1_my_turn.py
[2026-02-21T10:27:47.842+0000] {processor.py:840} INFO - DAG(s) 'tutorial_1_my_turn' retrieved from /opt/airflow/dags/tutorial_1_my_turn.py
[2026-02-21T10:27:47.910+0000] {logging_mixin.py:188} INFO - [2026-02-21T10:27:47.910+0000] {dag.py:3096} INFO - Sync 1 DAGs
[2026-02-21T10:27:47.949+0000] {logging_mixin.py:188} INFO - [2026-02-21T10:27:47.948+0000] {dag.py:3954} INFO - Setting next_dagrun for tutorial_1_my_turn to 2026-02-19 21:00:00+00:00, run_after=2026-02-20 21:00:00+00:00
[2026-02-21T10:27:47.990+0000] {processor.py:183} INFO - Processing /opt/airflow/dags/tutorial_1_my_turn.py took 0.189 seconds
[2026-02-21T10:28:18.504+0000] {processor.py:161} INFO - Started process (PID=1323) to work on /opt/airflow/dags/tutorial_1_my_turn.py
[2026-02-21T10:28:18.506+0000] {processor.py:830} INFO - Processing file /opt/airflow/dags/tutorial_1_my_turn.py for tasks to queue
[2026-02-21T10:28:18.507+0000] {logging_mixin.py:188} INFO - [2026-02-21T10:28:18.507+0000] {dagbag.py:540} INFO - Filling up the DagBag from /opt/airflow/dags/tutorial_1_my_turn.py
[2026-02-21T10:28:18.527+0000] {processor.py:840} INFO - DAG(s) 'tutorial_1_my_turn' retrieved from /opt/airflow/dags/tutorial_1_my_turn.py
[2026-02-21T10:28:18.590+0000] {logging_mixin.py:188} INFO - [2026-02-21T10:28:18.589+0000] {dag.py:3096} INFO - Sync 1 DAGs
[2026-02-21T10:28:18.630+0000] {logging_mixin.py:188} INFO - [2026-02-21T10:28:18.629+0000] {dag.py:3954} INFO - Setting next_dagrun for tutorial_1_my_turn to 2026-02-19 21:00:00+00:00, run_after=2026-02-20 21:00:00+00:00
[2026-02-21T10:28:18.658+0000] {processor.py:183} INFO - Processing /opt/airflow/dags/tutorial_1_my_turn.py took 0.172 seconds
[2026-02-21T10:28:49.061+0000] {processor.py:161} INFO - Started process (PID=1328) to work on /opt/airflow/dags/tutorial_1_my_turn.py
[2026-02-21T10:28:49.069+0000] {processor.py:830} INFO - Processing file /opt/airflow/dags/tutorial_1_my_turn.py for tasks to queue
[2026-02-21T10:28:49.071+0000] {logging_mixin.py:188} INFO - [2026-02-21T10:28:49.070+0000] {dagbag.py:540} INFO - Filling up the DagBag from /opt/airflow/dags/tutorial_1_my_turn.py
[2026-02-21T10:28:49.085+0000] {processor.py:840} INFO - DAG(s) 'tutorial_1_my_turn' retrieved from /opt/airflow/dags/tutorial_1_my_turn.py
[2026-02-21T10:28:49.141+0000] {logging_mixin.py:188} INFO - [2026-02-21T10:28:49.140+0000] {dag.py:3096} INFO - Sync 1 DAGs
[2026-02-21T10:28:49.176+0000] {logging_mixin.py:188} INFO - [2026-02-21T10:28:49.175+0000] {dag.py:3954} INFO - Setting next_dagrun for tutorial_1_my_turn to 2026-02-19 21:00:00+00:00, run_after=2026-02-20 21:00:00+00:00
[2026-02-21T10:28:49.199+0000] {processor.py:183} INFO - Processing /opt/airflow/dags/tutorial_1_my_turn.py took 0.149 seconds
[2026-02-21T10:29:19.699+0000] {processor.py:161} INFO - Started process (PID=1333) to work on /opt/airflow/dags/tutorial_1_my_turn.py
[2026-02-21T10:29:19.700+0000] {processor.py:830} INFO - Processing file /opt/airflow/dags/tutorial_1_my_turn.py for tasks to queue
[2026-02-21T10:29:19.701+0000] {logging_mixin.py:188} INFO - [2026-02-21T10:29:19.701+0000] {dagbag.py:540} INFO - Filling up the DagBag from /opt/airflow/dags/tutorial_1_my_turn.py
[2026-02-21T10:29:19.719+0000] {processor.py:840} INFO - DAG(s) 'tutorial_1_my_turn' retrieved from /opt/airflow/dags/tutorial_1_my_turn.py
[2026-02-21T10:29:19.781+0000] {logging_mixin.py:188} INFO - [2026-02-21T10:29:19.780+0000] {dag.py:3096} INFO - Sync 1 DAGs
[2026-02-21T10:29:19.822+0000] {logging_mixin.py:188} INFO - [2026-02-21T10:29:19.822+0000] {dag.py:3954} INFO - Setting next_dagrun for tutorial_1_my_turn to 2026-02-19 21:00:00+00:00, run_after=2026-02-20 21:00:00+00:00
[2026-02-21T10:29:19.859+0000] {processor.py:183} INFO - Processing /opt/airflow/dags/tutorial_1_my_turn.py took 0.171 seconds
[2026-02-21T10:29:50.286+0000] {processor.py:161} INFO - Started process (PID=1338) to work on /opt/airflow/dags/tutorial_1_my_turn.py
[2026-02-21T10:29:50.294+0000] {processor.py:830} INFO - Processing file /opt/airflow/dags/tutorial_1_my_turn.py for tasks to queue
[2026-02-21T10:29:50.296+0000] {logging_mixin.py:188} INFO - [2026-02-21T10:29:50.295+0000] {dagbag.py:540} INFO - Filling up the DagBag from /opt/airflow/dags/tutorial_1_my_turn.py
[2026-02-21T10:29:50.315+0000] {processor.py:840} INFO - DAG(s) 'tutorial_1_my_turn' retrieved from /opt/airflow/dags/tutorial_1_my_turn.py
[2026-02-21T10:29:50.377+0000] {logging_mixin.py:188} INFO - [2026-02-21T10:29:50.376+0000] {dag.py:3096} INFO - Sync 1 DAGs
[2026-02-21T10:29:50.411+0000] {logging_mixin.py:188} INFO - [2026-02-21T10:29:50.411+0000] {dag.py:3954} INFO - Setting next_dagrun for tutorial_1_my_turn to 2026-02-19 21:00:00+00:00, run_after=2026-02-20 21:00:00+00:00
[2026-02-21T10:29:50.450+0000] {processor.py:183} INFO - Processing /opt/airflow/dags/tutorial_1_my_turn.py took 0.178 seconds
[2026-02-21T10:30:20.882+0000] {processor.py:161} INFO - Started process (PID=1343) to work on /opt/airflow/dags/tutorial_1_my_turn.py
[2026-02-21T10:30:20.884+0000] {processor.py:830} INFO - Processing file /opt/airflow/dags/tutorial_1_my_turn.py for tasks to queue
[2026-02-21T10:30:20.885+0000] {logging_mixin.py:188} INFO - [2026-02-21T10:30:20.884+0000] {dagbag.py:540} INFO - Filling up the DagBag from /opt/airflow/dags/tutorial_1_my_turn.py
[2026-02-21T10:30:20.897+0000] {processor.py:840} INFO - DAG(s) 'tutorial_1_my_turn' retrieved from /opt/airflow/dags/tutorial_1_my_turn.py
[2026-02-21T10:30:20.945+0000] {logging_mixin.py:188} INFO - [2026-02-21T10:30:20.944+0000] {dag.py:3096} INFO - Sync 1 DAGs
[2026-02-21T10:30:20.977+0000] {logging_mixin.py:188} INFO - [2026-02-21T10:30:20.977+0000] {dag.py:3954} INFO - Setting next_dagrun for tutorial_1_my_turn to 2026-02-19 21:00:00+00:00, run_after=2026-02-20 21:00:00+00:00
[2026-02-21T10:30:21.000+0000] {processor.py:183} INFO - Processing /opt/airflow/dags/tutorial_1_my_turn.py took 0.127 seconds
[2026-02-21T10:30:51.435+0000] {processor.py:161} INFO - Started process (PID=1348) to work on /opt/airflow/dags/tutorial_1_my_turn.py
[2026-02-21T10:30:51.443+0000] {processor.py:830} INFO - Processing file /opt/airflow/dags/tutorial_1_my_turn.py for tasks to queue
[2026-02-21T10:30:51.444+0000] {logging_mixin.py:188} INFO - [2026-02-21T10:30:51.444+0000] {dagbag.py:540} INFO - Filling up the DagBag from /opt/airflow/dags/tutorial_1_my_turn.py
[2026-02-21T10:30:51.458+0000] {processor.py:840} INFO - DAG(s) 'tutorial_1_my_turn' retrieved from /opt/airflow/dags/tutorial_1_my_turn.py
[2026-02-21T10:30:51.524+0000] {logging_mixin.py:188} INFO - [2026-02-21T10:30:51.523+0000] {dag.py:3096} INFO - Sync 1 DAGs
[2026-02-21T10:30:51.562+0000] {logging_mixin.py:188} INFO - [2026-02-21T10:30:51.561+0000] {dag.py:3954} INFO - Setting next_dagrun for tutorial_1_my_turn to 2026-02-19 21:00:00+00:00, run_after=2026-02-20 21:00:00+00:00
[2026-02-21T10:30:51.597+0000] {processor.py:183} INFO - Processing /opt/airflow/dags/tutorial_1_my_turn.py took 0.173 seconds
