[2026-02-20T19:50:43.556+0000] {local_task_job_runner.py:120} INFO - ::group::Pre task execution logs
[2026-02-20T19:50:43.605+0000] {taskinstance.py:2073} INFO - Dependencies all met for dep_context=non-requeueable deps ti=<TaskInstance: tutorial_1_my_turn.find_max manual__2026-02-20T19:50:36.807230+00:00 [queued]>
[2026-02-20T19:50:43.623+0000] {taskinstance.py:2073} INFO - Dependencies all met for dep_context=requeueable deps ti=<TaskInstance: tutorial_1_my_turn.find_max manual__2026-02-20T19:50:36.807230+00:00 [queued]>
[2026-02-20T19:50:43.624+0000] {taskinstance.py:2303} INFO - Starting attempt 1 of 1
[2026-02-20T19:50:43.649+0000] {taskinstance.py:2327} INFO - Executing <Task(_PythonDecoratedOperator): find_max> on 2026-02-20 19:50:36.807230+00:00
[2026-02-20T19:50:43.660+0000] {warnings.py:110} WARNING - /home/***/.local/lib/python3.12/site-packages/***/task/task_runner/standard_task_runner.py:61: DeprecationWarning: This process (pid=64) is multi-threaded, use of fork() may lead to deadlocks in the child.
  pid = os.fork()

[2026-02-20T19:50:43.662+0000] {standard_task_runner.py:63} INFO - Started process 67 to run task
[2026-02-20T19:50:43.662+0000] {standard_task_runner.py:90} INFO - Running: ['***', 'tasks', 'run', 'tutorial_1_my_turn', 'find_max', 'manual__2026-02-20T19:50:36.807230+00:00', '--job-id', '14', '--raw', '--subdir', 'DAGS_FOLDER/tutorial_1_my_turn.py', '--cfg-path', '/tmp/tmpndyzpiz5']
[2026-02-20T19:50:43.666+0000] {standard_task_runner.py:91} INFO - Job 14: Subtask find_max
[2026-02-20T19:50:43.751+0000] {task_command.py:426} INFO - Running <TaskInstance: tutorial_1_my_turn.find_max manual__2026-02-20T19:50:36.807230+00:00 [running]> on host d40236af9776
[2026-02-20T19:50:44.048+0000] {taskinstance.py:2644} INFO - Exporting env vars: AIRFLOW_CTX_DAG_OWNER='***' AIRFLOW_CTX_DAG_ID='tutorial_1_my_turn' AIRFLOW_CTX_TASK_ID='find_max' AIRFLOW_CTX_EXECUTION_DATE='2026-02-20T19:50:36.807230+00:00' AIRFLOW_CTX_TRY_NUMBER='1' AIRFLOW_CTX_DAG_RUN_ID='manual__2026-02-20T19:50:36.807230+00:00'
[2026-02-20T19:50:44.049+0000] {taskinstance.py:430} INFO - ::endgroup::
[2026-02-20T19:50:44.053+0000] {logging_mixin.py:188} INFO - TRANSFORM: нахожу максимальное число в списке [96, 82, 49, 4, 91, 26, 26, 72, 49, 4]
[2026-02-20T19:50:44.053+0000] {python.py:237} INFO - Done. Returned value was: 96
[2026-02-20T19:50:44.053+0000] {taskinstance.py:441} INFO - ::group::Post task execution logs
[2026-02-20T19:50:44.100+0000] {taskinstance.py:1205} INFO - Marking task as SUCCESS. dag_id=tutorial_1_my_turn, task_id=find_max, execution_date=20260220T195036, start_date=20260220T195043, end_date=20260220T195044
[2026-02-20T19:50:44.161+0000] {local_task_job_runner.py:240} INFO - Task exited with return code 0
[2026-02-20T19:50:44.195+0000] {taskinstance.py:3482} INFO - 0 downstream tasks scheduled from follow-on schedule check
[2026-02-20T19:50:44.196+0000] {local_task_job_runner.py:222} INFO - ::endgroup::
