[2025-05-11T12:12:40.682+0000] {local_task_job_runner.py:120} INFO - ::group::Pre task execution logs
[2025-05-11T12:12:40.732+0000] {taskinstance.py:2073} INFO - Dependencies all met for dep_context=non-requeueable deps ti=<TaskInstance: get_price_btc_price_by_day.get_data manual__2025-05-11T11:49:03.044680+00:00 [queued]>
[2025-05-11T12:12:40.749+0000] {taskinstance.py:2073} INFO - Dependencies all met for dep_context=requeueable deps ti=<TaskInstance: get_price_btc_price_by_day.get_data manual__2025-05-11T11:49:03.044680+00:00 [queued]>
[2025-05-11T12:12:40.749+0000] {taskinstance.py:2303} INFO - Starting attempt 3 of 3
[2025-05-11T12:12:40.776+0000] {taskinstance.py:2327} INFO - Executing <Task(_PythonDecoratedOperator): get_data> on 2025-05-11 11:49:03.044680+00:00
[2025-05-11T12:12:40.784+0000] {warnings.py:110} WARNING - /home/airflow/.local/lib/python3.12/site-packages/airflow/task/task_runner/standard_task_runner.py:61: DeprecationWarning: This process (pid=149) is multi-threaded, use of fork() may lead to deadlocks in the child.
  pid = os.fork()

[2025-05-11T12:12:40.786+0000] {standard_task_runner.py:63} INFO - Started process 150 to run task
[2025-05-11T12:12:40.788+0000] {standard_task_runner.py:90} INFO - Running: ['airflow', 'tasks', 'run', 'get_price_btc_price_by_day', 'get_data', 'manual__2025-05-11T11:49:03.044680+00:00', '--job-id', '139', '--raw', '--subdir', 'DAGS_FOLDER/get_price_btc_price_by_day.py', '--cfg-path', '/tmp/tmpikfuq7r0']
[2025-05-11T12:12:40.792+0000] {standard_task_runner.py:91} INFO - Job 139: Subtask get_data
[2025-05-11T12:12:40.904+0000] {task_command.py:426} INFO - Running <TaskInstance: get_price_btc_price_by_day.get_data manual__2025-05-11T11:49:03.044680+00:00 [running]> on host 840719eb5226
[2025-05-11T12:12:41.124+0000] {taskinstance.py:2644} INFO - Exporting env vars: AIRFLOW_CTX_DAG_OWNER='airflow' AIRFLOW_CTX_DAG_ID='get_price_btc_price_by_day' AIRFLOW_CTX_TASK_ID='get_data' AIRFLOW_CTX_EXECUTION_DATE='2025-05-11T11:49:03.044680+00:00' AIRFLOW_CTX_TRY_NUMBER='3' AIRFLOW_CTX_DAG_RUN_ID='manual__2025-05-11T11:49:03.044680+00:00'
[2025-05-11T12:12:41.126+0000] {taskinstance.py:430} INFO - ::endgroup::
[2025-05-11T12:12:41.127+0000] {logging_mixin.py:188} INFO - Данные за период с 2025-05-09 21:00:00+00:00 по 2025-05-10 21:00:00+00:00
[2025-05-11T12:12:41.556+0000] {logging_mixin.py:188} INFO - {'symbol': 'BTCUSDT', 'lastPrice': '104750.10', 'indexPrice': '104795.16', 'markPrice': '104750.37', 'prevPrice24h': '103570.10', 'price24hPcnt': '0.011393', 'highPrice24h': '104986.70', 'lowPrice24h': '102880.00', 'prevPrice1h': '104516.40', 'openInterest': '47716.128', 'openInterestValue': '4998282062.97', 'turnover24h': '6168934499.2728', 'volume24h': '59350.3240', 'fundingRate': '0.0001', 'nextFundingTime': '1746979200000', 'predictedDeliveryPrice': '', 'basisRate': '', 'deliveryFeeRate': '', 'deliveryTime': '0', 'ask1Size': '10.148', 'bid1Price': '104750.00', 'ask1Price': '104750.10', 'bid1Size': '8.799', 'basis': '', 'preOpenPrice': '', 'preQty': '', 'curPreListingPhase': ''}
[2025-05-11T12:12:41.559+0000] {python.py:237} INFO - Done. Returned value was: {'data_interval_start': DateTime(2025, 5, 9, 21, 0, 0, tzinfo=Timezone('UTC')), 'data_interval_end': DateTime(2025, 5, 10, 21, 0, 0, tzinfo=Timezone('UTC')), 'last_price': 104750.1, 'volume_24h': 59350.324, 'high_price_24h': 104986.7, 'low_price_24h': 102880.0, 'bid_price': 104750.0, 'ask_price': 104750.1, 'open_interest': 47716.128}
[2025-05-11T12:12:41.560+0000] {taskinstance.py:441} INFO - ::group::Post task execution logs
[2025-05-11T12:12:41.619+0000] {taskinstance.py:1205} INFO - Marking task as SUCCESS. dag_id=get_price_btc_price_by_day, task_id=get_data, execution_date=20250511T114903, start_date=20250511T121240, end_date=20250511T121241
[2025-05-11T12:12:41.673+0000] {local_task_job_runner.py:240} INFO - Task exited with return code 0
[2025-05-11T12:12:41.734+0000] {taskinstance.py:3482} INFO - 1 downstream tasks scheduled from follow-on schedule check
[2025-05-11T12:12:41.736+0000] {local_task_job_runner.py:222} INFO - ::endgroup::
