[2025-05-10T03:31:42.934+0000] {local_task_job_runner.py:120} INFO - ::group::Pre task execution logs
[2025-05-10T03:31:43.063+0000] {taskinstance.py:2073} INFO - Dependencies all met for dep_context=non-requeueable deps ti=<TaskInstance: get_price_btc_price_by_day.clear_xcoms scheduled__2025-05-08T21:00:00+00:00 [queued]>
[2025-05-10T03:31:43.084+0000] {taskinstance.py:2073} INFO - Dependencies all met for dep_context=requeueable deps ti=<TaskInstance: get_price_btc_price_by_day.clear_xcoms scheduled__2025-05-08T21:00:00+00:00 [queued]>
[2025-05-10T03:31:43.085+0000] {taskinstance.py:2303} INFO - Starting attempt 2 of 2
[2025-05-10T03:31:43.128+0000] {taskinstance.py:2327} INFO - Executing <Task(ClearXComsOperator): clear_xcoms> on 2025-05-08 21:00:00+00:00
[2025-05-10T03:31:43.148+0000] {standard_task_runner.py:90} INFO - Running: ['airflow', 'tasks', 'run', 'get_price_btc_price_by_day', 'clear_xcoms', 'scheduled__2025-05-08T21:00:00+00:00', '--job-id', '13', '--raw', '--subdir', 'DAGS_FOLDER/get_price_btc_price_by_day.py', '--cfg-path', '/tmp/tmpsz80kj68']
[2025-05-10T03:31:43.142+0000] {warnings.py:110} WARNING - /home/airflow/.local/lib/python3.12/site-packages/airflow/task/task_runner/standard_task_runner.py:61: DeprecationWarning: This process (pid=59) is multi-threaded, use of fork() may lead to deadlocks in the child.
  pid = os.fork()

[2025-05-10T03:31:43.152+0000] {standard_task_runner.py:91} INFO - Job 13: Subtask clear_xcoms
[2025-05-10T03:31:43.152+0000] {standard_task_runner.py:63} INFO - Started process 64 to run task
[2025-05-10T03:31:43.432+0000] {task_command.py:426} INFO - Running <TaskInstance: get_price_btc_price_by_day.clear_xcoms scheduled__2025-05-08T21:00:00+00:00 [running]> on host 840719eb5226
[2025-05-10T03:31:43.831+0000] {taskinstance.py:2644} INFO - Exporting env vars: AIRFLOW_CTX_DAG_OWNER='airflow' AIRFLOW_CTX_DAG_ID='get_price_btc_price_by_day' AIRFLOW_CTX_TASK_ID='clear_xcoms' AIRFLOW_CTX_EXECUTION_DATE='2025-05-08T21:00:00+00:00' AIRFLOW_CTX_TRY_NUMBER='2' AIRFLOW_CTX_DAG_RUN_ID='scheduled__2025-05-08T21:00:00+00:00'
[2025-05-10T03:31:43.833+0000] {taskinstance.py:430} INFO - ::endgroup::
[2025-05-10T03:31:43.897+0000] {clear_xcoms_operator.py:32} INFO - NO XCOM ENTRIES HAVE BEEN DELETED.
[2025-05-10T03:31:43.898+0000] {taskinstance.py:441} INFO - ::group::Post task execution logs
[2025-05-10T03:31:43.937+0000] {taskinstance.py:1205} INFO - Marking task as SKIPPED. dag_id=get_price_btc_price_by_day, task_id=clear_xcoms, execution_date=20250508T210000, start_date=20250510T033143, end_date=20250510T033143
[2025-05-10T03:31:44.043+0000] {local_task_job_runner.py:240} INFO - Task exited with return code 0
[2025-05-10T03:31:44.132+0000] {taskinstance.py:3482} INFO - 0 downstream tasks scheduled from follow-on schedule check
[2025-05-10T03:31:44.143+0000] {local_task_job_runner.py:222} INFO - ::endgroup::
[2025-05-10T03:47:12.367+0000] {local_task_job_runner.py:120} INFO - ::group::Pre task execution logs
[2025-05-10T03:47:12.420+0000] {taskinstance.py:2073} INFO - Dependencies all met for dep_context=non-requeueable deps ti=<TaskInstance: get_price_btc_price_by_day.clear_xcoms scheduled__2025-05-08T21:00:00+00:00 [queued]>
[2025-05-10T03:47:12.438+0000] {taskinstance.py:2073} INFO - Dependencies all met for dep_context=requeueable deps ti=<TaskInstance: get_price_btc_price_by_day.clear_xcoms scheduled__2025-05-08T21:00:00+00:00 [queued]>
[2025-05-10T03:47:12.439+0000] {taskinstance.py:2303} INFO - Starting attempt 2 of 2
[2025-05-10T03:47:12.467+0000] {taskinstance.py:2327} INFO - Executing <Task(ClearXComsOperator): clear_xcoms> on 2025-05-08 21:00:00+00:00
[2025-05-10T03:47:12.476+0000] {warnings.py:110} WARNING - /home/airflow/.local/lib/python3.12/site-packages/airflow/task/task_runner/standard_task_runner.py:61: DeprecationWarning: This process (pid=112) is multi-threaded, use of fork() may lead to deadlocks in the child.
  pid = os.fork()

[2025-05-10T03:47:12.478+0000] {standard_task_runner.py:63} INFO - Started process 113 to run task
[2025-05-10T03:47:12.480+0000] {standard_task_runner.py:90} INFO - Running: ['airflow', 'tasks', 'run', 'get_price_btc_price_by_day', 'clear_xcoms', 'scheduled__2025-05-08T21:00:00+00:00', '--job-id', '38', '--raw', '--subdir', 'DAGS_FOLDER/get_price_btc_price_by_day.py', '--cfg-path', '/tmp/tmpxttev8uf']
[2025-05-10T03:47:12.485+0000] {standard_task_runner.py:91} INFO - Job 38: Subtask clear_xcoms
[2025-05-10T03:47:12.620+0000] {task_command.py:426} INFO - Running <TaskInstance: get_price_btc_price_by_day.clear_xcoms scheduled__2025-05-08T21:00:00+00:00 [running]> on host 840719eb5226
[2025-05-10T03:47:12.803+0000] {taskinstance.py:2644} INFO - Exporting env vars: AIRFLOW_CTX_DAG_OWNER='airflow' AIRFLOW_CTX_DAG_ID='get_price_btc_price_by_day' AIRFLOW_CTX_TASK_ID='clear_xcoms' AIRFLOW_CTX_EXECUTION_DATE='2025-05-08T21:00:00+00:00' AIRFLOW_CTX_TRY_NUMBER='2' AIRFLOW_CTX_DAG_RUN_ID='scheduled__2025-05-08T21:00:00+00:00'
[2025-05-10T03:47:12.805+0000] {taskinstance.py:430} INFO - ::endgroup::
[2025-05-10T03:47:12.824+0000] {clear_xcoms_operator.py:32} INFO - 1 XCOM ENTRY HAS BEEN DELETED.
[2025-05-10T03:47:12.825+0000] {taskinstance.py:441} INFO - ::group::Post task execution logs
[2025-05-10T03:47:12.854+0000] {taskinstance.py:1205} INFO - Marking task as SUCCESS. dag_id=get_price_btc_price_by_day, task_id=clear_xcoms, execution_date=20250508T210000, start_date=20250510T034712, end_date=20250510T034712
[2025-05-10T03:47:12.895+0000] {local_task_job_runner.py:240} INFO - Task exited with return code 0
[2025-05-10T03:47:12.940+0000] {taskinstance.py:3482} INFO - 0 downstream tasks scheduled from follow-on schedule check
[2025-05-10T03:47:12.942+0000] {local_task_job_runner.py:222} INFO - ::endgroup::
[2025-05-11T09:51:17.117+0000] {local_task_job_runner.py:120} INFO - ::group::Pre task execution logs
[2025-05-11T09:51:17.197+0000] {taskinstance.py:2073} INFO - Dependencies all met for dep_context=non-requeueable deps ti=<TaskInstance: get_price_btc_price_by_day.clear_xcoms scheduled__2025-05-08T21:00:00+00:00 [queued]>
[2025-05-11T09:51:17.212+0000] {taskinstance.py:2073} INFO - Dependencies all met for dep_context=requeueable deps ti=<TaskInstance: get_price_btc_price_by_day.clear_xcoms scheduled__2025-05-08T21:00:00+00:00 [queued]>
[2025-05-11T09:51:17.212+0000] {taskinstance.py:2303} INFO - Starting attempt 2 of 2
[2025-05-11T09:51:17.253+0000] {taskinstance.py:2327} INFO - Executing <Task(ClearXComsOperator): clear_xcoms> on 2025-05-08 21:00:00+00:00
[2025-05-11T09:51:17.270+0000] {warnings.py:110} WARNING - /home/airflow/.local/lib/python3.12/site-packages/airflow/task/task_runner/standard_task_runner.py:61: DeprecationWarning: This process (pid=167) is multi-threaded, use of fork() may lead to deadlocks in the child.
  pid = os.fork()

[2025-05-11T09:51:17.272+0000] {standard_task_runner.py:63} INFO - Started process 171 to run task
[2025-05-11T09:51:17.273+0000] {standard_task_runner.py:90} INFO - Running: ['airflow', 'tasks', 'run', 'get_price_btc_price_by_day', 'clear_xcoms', 'scheduled__2025-05-08T21:00:00+00:00', '--job-id', '66', '--raw', '--subdir', 'DAGS_FOLDER/get_price_btc_price_by_day.py', '--cfg-path', '/tmp/tmpy8vgm7ss']
[2025-05-11T09:51:17.286+0000] {standard_task_runner.py:91} INFO - Job 66: Subtask clear_xcoms
[2025-05-11T09:51:17.414+0000] {task_command.py:426} INFO - Running <TaskInstance: get_price_btc_price_by_day.clear_xcoms scheduled__2025-05-08T21:00:00+00:00 [running]> on host 840719eb5226
[2025-05-11T09:51:17.601+0000] {taskinstance.py:2644} INFO - Exporting env vars: AIRFLOW_CTX_DAG_OWNER='airflow' AIRFLOW_CTX_DAG_ID='get_price_btc_price_by_day' AIRFLOW_CTX_TASK_ID='clear_xcoms' AIRFLOW_CTX_EXECUTION_DATE='2025-05-08T21:00:00+00:00' AIRFLOW_CTX_TRY_NUMBER='2' AIRFLOW_CTX_DAG_RUN_ID='scheduled__2025-05-08T21:00:00+00:00'
[2025-05-11T09:51:17.603+0000] {taskinstance.py:430} INFO - ::endgroup::
[2025-05-11T09:51:17.625+0000] {clear_xcoms_operator.py:31} INFO - 1 XCOM ENTRY HAS BEEN DELETED.
[2025-05-11T09:51:17.626+0000] {taskinstance.py:441} INFO - ::group::Post task execution logs
[2025-05-11T09:51:17.649+0000] {taskinstance.py:1205} INFO - Marking task as SUCCESS. dag_id=get_price_btc_price_by_day, task_id=clear_xcoms, execution_date=20250508T210000, start_date=20250511T095117, end_date=20250511T095117
[2025-05-11T09:51:17.680+0000] {local_task_job_runner.py:240} INFO - Task exited with return code 0
[2025-05-11T09:51:17.719+0000] {taskinstance.py:3482} INFO - 0 downstream tasks scheduled from follow-on schedule check
[2025-05-11T09:51:17.721+0000] {local_task_job_runner.py:222} INFO - ::endgroup::
