[2025-05-10T03:28:40.089+0000] {local_task_job_runner.py:120} INFO - ::group::Pre task execution logs
[2025-05-10T03:28:40.266+0000] {taskinstance.py:2073} INFO - Dependencies all met for dep_context=non-requeueable deps ti=<TaskInstance: get_price_btc_price_by_day.clear_xcoms scheduled__2025-05-08T21:00:00+00:00 [queued]>
[2025-05-10T03:28:40.339+0000] {taskinstance.py:2073} INFO - Dependencies all met for dep_context=requeueable deps ti=<TaskInstance: get_price_btc_price_by_day.clear_xcoms scheduled__2025-05-08T21:00:00+00:00 [queued]>
[2025-05-10T03:28:40.340+0000] {taskinstance.py:2303} INFO - Starting attempt 1 of 1
[2025-05-10T03:28:40.419+0000] {taskinstance.py:2327} INFO - Executing <Task(ClearXComsOperator): clear_xcoms> on 2025-05-08 21:00:00+00:00
[2025-05-10T03:28:40.446+0000] {warnings.py:110} WARNING - /home/airflow/.local/lib/python3.12/site-packages/airflow/task/task_runner/standard_task_runner.py:61: DeprecationWarning: This process (pid=43) is multi-threaded, use of fork() may lead to deadlocks in the child.
  pid = os.fork()

[2025-05-10T03:28:40.448+0000] {standard_task_runner.py:63} INFO - Started process 46 to run task
[2025-05-10T03:28:40.457+0000] {standard_task_runner.py:90} INFO - Running: ['airflow', 'tasks', 'run', 'get_price_btc_price_by_day', 'clear_xcoms', 'scheduled__2025-05-08T21:00:00+00:00', '--job-id', '5', '--raw', '--subdir', 'DAGS_FOLDER/get_price_btc_price_by_day.py', '--cfg-path', '/tmp/tmp2411kslz']
[2025-05-10T03:28:40.462+0000] {standard_task_runner.py:91} INFO - Job 5: Subtask clear_xcoms
[2025-05-10T03:28:40.683+0000] {task_command.py:426} INFO - Running <TaskInstance: get_price_btc_price_by_day.clear_xcoms scheduled__2025-05-08T21:00:00+00:00 [running]> on host 840719eb5226
[2025-05-10T03:28:40.996+0000] {taskinstance.py:2644} INFO - Exporting env vars: AIRFLOW_CTX_DAG_OWNER='airflow' AIRFLOW_CTX_DAG_ID='get_price_btc_price_by_day' AIRFLOW_CTX_TASK_ID='clear_xcoms' AIRFLOW_CTX_EXECUTION_DATE='2025-05-08T21:00:00+00:00' AIRFLOW_CTX_TRY_NUMBER='1' AIRFLOW_CTX_DAG_RUN_ID='scheduled__2025-05-08T21:00:00+00:00'
[2025-05-10T03:28:40.997+0000] {taskinstance.py:430} INFO - ::endgroup::
[2025-05-10T03:28:41.019+0000] {clear_xcoms_operator.py:32} INFO - NO XCOM ENTRIES HAVE BEEN DELETED.
[2025-05-10T03:28:41.020+0000] {taskinstance.py:441} INFO - ::group::Post task execution logs
[2025-05-10T03:28:41.045+0000] {taskinstance.py:1205} INFO - Marking task as SKIPPED. dag_id=get_price_btc_price_by_day, task_id=clear_xcoms, execution_date=20250508T210000, start_date=20250510T032840, end_date=20250510T032841
[2025-05-10T03:28:41.147+0000] {local_task_job_runner.py:240} INFO - Task exited with return code 0
[2025-05-10T03:28:41.192+0000] {taskinstance.py:3482} INFO - 0 downstream tasks scheduled from follow-on schedule check
[2025-05-10T03:28:41.194+0000] {local_task_job_runner.py:222} INFO - ::endgroup::
[2025-05-10T03:36:23.624+0000] {local_task_job_runner.py:120} INFO - ::group::Pre task execution logs
[2025-05-10T03:36:23.684+0000] {taskinstance.py:2073} INFO - Dependencies all met for dep_context=non-requeueable deps ti=<TaskInstance: get_price_btc_price_by_day.clear_xcoms scheduled__2025-05-08T21:00:00+00:00 [queued]>
[2025-05-10T03:36:23.702+0000] {taskinstance.py:2073} INFO - Dependencies all met for dep_context=requeueable deps ti=<TaskInstance: get_price_btc_price_by_day.clear_xcoms scheduled__2025-05-08T21:00:00+00:00 [queued]>
[2025-05-10T03:36:23.703+0000] {taskinstance.py:2303} INFO - Starting attempt 1 of 1
[2025-05-10T03:36:23.733+0000] {taskinstance.py:2327} INFO - Executing <Task(ClearXComsOperator): clear_xcoms> on 2025-05-08 21:00:00+00:00
[2025-05-10T03:36:23.749+0000] {warnings.py:110} WARNING - /home/airflow/.local/lib/python3.12/site-packages/airflow/task/task_runner/standard_task_runner.py:61: DeprecationWarning: This process (pid=72) is multi-threaded, use of fork() may lead to deadlocks in the child.
  pid = os.fork()

[2025-05-10T03:36:23.751+0000] {standard_task_runner.py:63} INFO - Started process 74 to run task
[2025-05-10T03:36:23.749+0000] {standard_task_runner.py:90} INFO - Running: ['airflow', 'tasks', 'run', 'get_price_btc_price_by_day', 'clear_xcoms', 'scheduled__2025-05-08T21:00:00+00:00', '--job-id', '18', '--raw', '--subdir', 'DAGS_FOLDER/get_price_btc_price_by_day.py', '--cfg-path', '/tmp/tmplnrm1vxs']
[2025-05-10T03:36:23.761+0000] {standard_task_runner.py:91} INFO - Job 18: Subtask clear_xcoms
[2025-05-10T03:36:23.896+0000] {task_command.py:426} INFO - Running <TaskInstance: get_price_btc_price_by_day.clear_xcoms scheduled__2025-05-08T21:00:00+00:00 [running]> on host 840719eb5226
[2025-05-10T03:36:24.148+0000] {taskinstance.py:2644} INFO - Exporting env vars: AIRFLOW_CTX_DAG_OWNER='airflow' AIRFLOW_CTX_DAG_ID='get_price_btc_price_by_day' AIRFLOW_CTX_TASK_ID='clear_xcoms' AIRFLOW_CTX_EXECUTION_DATE='2025-05-08T21:00:00+00:00' AIRFLOW_CTX_TRY_NUMBER='1' AIRFLOW_CTX_DAG_RUN_ID='scheduled__2025-05-08T21:00:00+00:00'
[2025-05-10T03:36:24.151+0000] {taskinstance.py:430} INFO - ::endgroup::
[2025-05-10T03:36:24.174+0000] {clear_xcoms_operator.py:32} INFO - NO XCOM ENTRIES HAVE BEEN DELETED.
[2025-05-10T03:36:24.175+0000] {taskinstance.py:441} INFO - ::group::Post task execution logs
[2025-05-10T03:36:24.205+0000] {taskinstance.py:1205} INFO - Marking task as SKIPPED. dag_id=get_price_btc_price_by_day, task_id=clear_xcoms, execution_date=20250508T210000, start_date=20250510T033623, end_date=20250510T033624
[2025-05-10T03:36:24.291+0000] {local_task_job_runner.py:240} INFO - Task exited with return code 0
[2025-05-10T03:36:24.358+0000] {taskinstance.py:3482} INFO - 0 downstream tasks scheduled from follow-on schedule check
[2025-05-10T03:36:24.360+0000] {local_task_job_runner.py:222} INFO - ::endgroup::
[2025-05-10T03:50:06.878+0000] {local_task_job_runner.py:120} INFO - ::group::Pre task execution logs
[2025-05-10T03:50:06.937+0000] {taskinstance.py:2073} INFO - Dependencies all met for dep_context=non-requeueable deps ti=<TaskInstance: get_price_btc_price_by_day.clear_xcoms scheduled__2025-05-08T21:00:00+00:00 [queued]>
[2025-05-10T03:50:06.953+0000] {taskinstance.py:2073} INFO - Dependencies all met for dep_context=requeueable deps ti=<TaskInstance: get_price_btc_price_by_day.clear_xcoms scheduled__2025-05-08T21:00:00+00:00 [queued]>
[2025-05-10T03:50:06.953+0000] {taskinstance.py:2303} INFO - Starting attempt 1 of 1
[2025-05-10T03:50:06.980+0000] {taskinstance.py:2327} INFO - Executing <Task(ClearXComsOperator): clear_xcoms> on 2025-05-08 21:00:00+00:00
[2025-05-10T03:50:06.990+0000] {warnings.py:110} WARNING - /home/airflow/.local/lib/python3.12/site-packages/airflow/task/task_runner/standard_task_runner.py:61: DeprecationWarning: This process (pid=120) is multi-threaded, use of fork() may lead to deadlocks in the child.
  pid = os.fork()

[2025-05-10T03:50:06.992+0000] {standard_task_runner.py:63} INFO - Started process 122 to run task
[2025-05-10T03:50:06.994+0000] {standard_task_runner.py:90} INFO - Running: ['airflow', 'tasks', 'run', 'get_price_btc_price_by_day', 'clear_xcoms', 'scheduled__2025-05-08T21:00:00+00:00', '--job-id', '42', '--raw', '--subdir', 'DAGS_FOLDER/get_price_btc_price_by_day.py', '--cfg-path', '/tmp/tmp548fx9ov']
[2025-05-10T03:50:06.999+0000] {standard_task_runner.py:91} INFO - Job 42: Subtask clear_xcoms
[2025-05-10T03:50:07.132+0000] {task_command.py:426} INFO - Running <TaskInstance: get_price_btc_price_by_day.clear_xcoms scheduled__2025-05-08T21:00:00+00:00 [running]> on host 840719eb5226
[2025-05-10T03:50:07.358+0000] {taskinstance.py:2644} INFO - Exporting env vars: AIRFLOW_CTX_DAG_OWNER='airflow' AIRFLOW_CTX_DAG_ID='get_price_btc_price_by_day' AIRFLOW_CTX_TASK_ID='clear_xcoms' AIRFLOW_CTX_EXECUTION_DATE='2025-05-08T21:00:00+00:00' AIRFLOW_CTX_TRY_NUMBER='1' AIRFLOW_CTX_DAG_RUN_ID='scheduled__2025-05-08T21:00:00+00:00'
[2025-05-10T03:50:07.360+0000] {taskinstance.py:430} INFO - ::endgroup::
[2025-05-10T03:50:07.386+0000] {clear_xcoms_operator.py:32} INFO - NO XCOM ENTRIES HAVE BEEN DELETED.
[2025-05-10T03:50:07.386+0000] {taskinstance.py:441} INFO - ::group::Post task execution logs
[2025-05-10T03:50:07.416+0000] {taskinstance.py:1205} INFO - Marking task as SKIPPED. dag_id=get_price_btc_price_by_day, task_id=clear_xcoms, execution_date=20250508T210000, start_date=20250510T035006, end_date=20250510T035007
[2025-05-10T03:50:07.515+0000] {local_task_job_runner.py:240} INFO - Task exited with return code 0
[2025-05-10T03:50:07.558+0000] {taskinstance.py:3482} INFO - 0 downstream tasks scheduled from follow-on schedule check
[2025-05-10T03:50:07.560+0000] {local_task_job_runner.py:222} INFO - ::endgroup::
[2025-05-10T04:00:46.872+0000] {local_task_job_runner.py:120} INFO - ::group::Pre task execution logs
[2025-05-10T04:00:46.940+0000] {taskinstance.py:2073} INFO - Dependencies all met for dep_context=non-requeueable deps ti=<TaskInstance: get_price_btc_price_by_day.clear_xcoms scheduled__2025-05-08T21:00:00+00:00 [queued]>
[2025-05-10T04:00:46.964+0000] {taskinstance.py:2073} INFO - Dependencies all met for dep_context=requeueable deps ti=<TaskInstance: get_price_btc_price_by_day.clear_xcoms scheduled__2025-05-08T21:00:00+00:00 [queued]>
[2025-05-10T04:00:46.965+0000] {taskinstance.py:2303} INFO - Starting attempt 1 of 1
[2025-05-10T04:00:47.002+0000] {taskinstance.py:2327} INFO - Executing <Task(ClearXComsOperator): clear_xcoms> on 2025-05-08 21:00:00+00:00
[2025-05-10T04:00:47.019+0000] {warnings.py:110} WARNING - /home/airflow/.local/lib/python3.12/site-packages/airflow/task/task_runner/standard_task_runner.py:61: DeprecationWarning: This process (pid=141) is multi-threaded, use of fork() may lead to deadlocks in the child.
  pid = os.fork()

[2025-05-10T04:00:47.021+0000] {standard_task_runner.py:63} INFO - Started process 143 to run task
[2025-05-10T04:00:47.022+0000] {standard_task_runner.py:90} INFO - Running: ['airflow', 'tasks', 'run', 'get_price_btc_price_by_day', 'clear_xcoms', 'scheduled__2025-05-08T21:00:00+00:00', '--job-id', '53', '--raw', '--subdir', 'DAGS_FOLDER/get_price_btc_price_by_day.py', '--cfg-path', '/tmp/tmpmi94qm4k']
[2025-05-10T04:00:47.026+0000] {standard_task_runner.py:91} INFO - Job 53: Subtask clear_xcoms
[2025-05-10T04:00:47.171+0000] {task_command.py:426} INFO - Running <TaskInstance: get_price_btc_price_by_day.clear_xcoms scheduled__2025-05-08T21:00:00+00:00 [running]> on host 840719eb5226
[2025-05-10T04:00:47.389+0000] {taskinstance.py:2644} INFO - Exporting env vars: AIRFLOW_CTX_DAG_OWNER='airflow' AIRFLOW_CTX_DAG_ID='get_price_btc_price_by_day' AIRFLOW_CTX_TASK_ID='clear_xcoms' AIRFLOW_CTX_EXECUTION_DATE='2025-05-08T21:00:00+00:00' AIRFLOW_CTX_TRY_NUMBER='1' AIRFLOW_CTX_DAG_RUN_ID='scheduled__2025-05-08T21:00:00+00:00'
[2025-05-10T04:00:47.390+0000] {taskinstance.py:430} INFO - ::endgroup::
[2025-05-10T04:00:47.409+0000] {clear_xcoms_operator.py:31} INFO - 1 XCOM ENTRY HAS BEEN DELETED.
[2025-05-10T04:00:47.410+0000] {taskinstance.py:441} INFO - ::group::Post task execution logs
[2025-05-10T04:00:47.435+0000] {taskinstance.py:1205} INFO - Marking task as SUCCESS. dag_id=get_price_btc_price_by_day, task_id=clear_xcoms, execution_date=20250508T210000, start_date=20250510T040046, end_date=20250510T040047
[2025-05-10T04:00:47.501+0000] {local_task_job_runner.py:240} INFO - Task exited with return code 0
[2025-05-10T04:00:47.539+0000] {taskinstance.py:3482} INFO - 0 downstream tasks scheduled from follow-on schedule check
[2025-05-10T04:00:47.541+0000] {local_task_job_runner.py:222} INFO - ::endgroup::
