[2025-05-11T12:12:21.149+0000] {local_task_job_runner.py:120} INFO - ::group::Pre task execution logs
[2025-05-11T12:12:21.206+0000] {taskinstance.py:2073} INFO - Dependencies all met for dep_context=non-requeueable deps ti=<TaskInstance: get_price_btc_price_by_day.save_to_db manual__2025-05-10T03:58:30.852756+00:00 [queued]>
[2025-05-11T12:12:21.221+0000] {taskinstance.py:2073} INFO - Dependencies all met for dep_context=requeueable deps ti=<TaskInstance: get_price_btc_price_by_day.save_to_db manual__2025-05-10T03:58:30.852756+00:00 [queued]>
[2025-05-11T12:12:21.221+0000] {taskinstance.py:2303} INFO - Starting attempt 6 of 6
[2025-05-11T12:12:21.246+0000] {taskinstance.py:2327} INFO - Executing <Task(_PythonDecoratedOperator): save_to_db> on 2025-05-10 03:58:30.852756+00:00
[2025-05-11T12:12:21.254+0000] {warnings.py:110} WARNING - /home/airflow/.local/lib/python3.12/site-packages/airflow/task/task_runner/standard_task_runner.py:61: DeprecationWarning: This process (pid=129) is multi-threaded, use of fork() may lead to deadlocks in the child.
  pid = os.fork()

[2025-05-11T12:12:21.256+0000] {standard_task_runner.py:63} INFO - Started process 130 to run task
[2025-05-11T12:12:21.260+0000] {standard_task_runner.py:90} INFO - Running: ['airflow', 'tasks', 'run', 'get_price_btc_price_by_day', 'save_to_db', 'manual__2025-05-10T03:58:30.852756+00:00', '--job-id', '129', '--raw', '--subdir', 'DAGS_FOLDER/get_price_btc_price_by_day.py', '--cfg-path', '/tmp/tmpob3f17r0']
[2025-05-11T12:12:21.263+0000] {standard_task_runner.py:91} INFO - Job 129: Subtask save_to_db
[2025-05-11T12:12:21.375+0000] {task_command.py:426} INFO - Running <TaskInstance: get_price_btc_price_by_day.save_to_db manual__2025-05-10T03:58:30.852756+00:00 [running]> on host 840719eb5226
[2025-05-11T12:12:21.621+0000] {taskinstance.py:2644} INFO - Exporting env vars: AIRFLOW_CTX_DAG_OWNER='airflow' AIRFLOW_CTX_DAG_ID='get_price_btc_price_by_day' AIRFLOW_CTX_TASK_ID='save_to_db' AIRFLOW_CTX_EXECUTION_DATE='2025-05-10T03:58:30.852756+00:00' AIRFLOW_CTX_TRY_NUMBER='6' AIRFLOW_CTX_DAG_RUN_ID='manual__2025-05-10T03:58:30.852756+00:00'
[2025-05-11T12:12:21.622+0000] {taskinstance.py:430} INFO - ::endgroup::
[2025-05-11T12:12:21.645+0000] {base.py:84} INFO - Using connection ID 'etl_db' for task execution.
[2025-05-11T12:12:21.699+0000] {get_price_btc_price_by_day.py:68} INFO - Данные записались успешно!
[2025-05-11T12:12:21.699+0000] {python.py:237} INFO - Done. Returned value was: None
[2025-05-11T12:12:21.700+0000] {taskinstance.py:441} INFO - ::group::Post task execution logs
[2025-05-11T12:12:21.722+0000] {taskinstance.py:1205} INFO - Marking task as SUCCESS. dag_id=get_price_btc_price_by_day, task_id=save_to_db, execution_date=20250510T035830, start_date=20250511T121221, end_date=20250511T121221
[2025-05-11T12:12:21.753+0000] {local_task_job_runner.py:240} INFO - Task exited with return code 0
[2025-05-11T12:12:21.798+0000] {taskinstance.py:3482} INFO - 1 downstream tasks scheduled from follow-on schedule check
[2025-05-11T12:12:21.799+0000] {local_task_job_runner.py:222} INFO - ::endgroup::
