[2025-05-11T12:12:44.531+0000] {local_task_job_runner.py:120} INFO - ::group::Pre task execution logs
[2025-05-11T12:12:44.597+0000] {taskinstance.py:2073} INFO - Dependencies all met for dep_context=non-requeueable deps ti=<TaskInstance: get_price_btc_price_by_day.get_data manual__2025-05-11T12:02:28.559971+00:00 [queued]>
[2025-05-11T12:12:44.613+0000] {taskinstance.py:2073} INFO - Dependencies all met for dep_context=requeueable deps ti=<TaskInstance: get_price_btc_price_by_day.get_data manual__2025-05-11T12:02:28.559971+00:00 [queued]>
[2025-05-11T12:12:44.614+0000] {taskinstance.py:2303} INFO - Starting attempt 2 of 2
[2025-05-11T12:12:44.639+0000] {taskinstance.py:2327} INFO - Executing <Task(_PythonDecoratedOperator): get_data> on 2025-05-11 12:02:28.559971+00:00
[2025-05-11T12:12:44.647+0000] {warnings.py:110} WARNING - /home/airflow/.local/lib/python3.12/site-packages/airflow/task/task_runner/standard_task_runner.py:61: DeprecationWarning: This process (pid=154) is multi-threaded, use of fork() may lead to deadlocks in the child.
  pid = os.fork()

[2025-05-11T12:12:44.649+0000] {standard_task_runner.py:63} INFO - Started process 156 to run task
[2025-05-11T12:12:44.651+0000] {standard_task_runner.py:90} INFO - Running: ['airflow', 'tasks', 'run', 'get_price_btc_price_by_day', 'get_data', 'manual__2025-05-11T12:02:28.559971+00:00', '--job-id', '142', '--raw', '--subdir', 'DAGS_FOLDER/get_price_btc_price_by_day.py', '--cfg-path', '/tmp/tmpxpwlkdfo']
[2025-05-11T12:12:44.655+0000] {standard_task_runner.py:91} INFO - Job 142: Subtask get_data
[2025-05-11T12:12:44.753+0000] {task_command.py:426} INFO - Running <TaskInstance: get_price_btc_price_by_day.get_data manual__2025-05-11T12:02:28.559971+00:00 [running]> on host 840719eb5226
[2025-05-11T12:12:44.948+0000] {taskinstance.py:2644} INFO - Exporting env vars: AIRFLOW_CTX_DAG_OWNER='airflow' AIRFLOW_CTX_DAG_ID='get_price_btc_price_by_day' AIRFLOW_CTX_TASK_ID='get_data' AIRFLOW_CTX_EXECUTION_DATE='2025-05-11T12:02:28.559971+00:00' AIRFLOW_CTX_TRY_NUMBER='2' AIRFLOW_CTX_DAG_RUN_ID='manual__2025-05-11T12:02:28.559971+00:00'
[2025-05-11T12:12:44.950+0000] {taskinstance.py:430} INFO - ::endgroup::
[2025-05-11T12:12:44.951+0000] {logging_mixin.py:188} INFO - Данные за период с 2025-05-09 21:00:00+00:00 по 2025-05-10 21:00:00+00:00
[2025-05-11T12:12:45.335+0000] {logging_mixin.py:188} INFO - {'symbol': 'BTCUSDT', 'lastPrice': '104750.20', 'indexPrice': '104795.51', 'markPrice': '104750.10', 'prevPrice24h': '103570.10', 'price24hPcnt': '0.011394', 'highPrice24h': '104986.70', 'lowPrice24h': '102880.00', 'prevPrice1h': '104516.40', 'openInterest': '47716.128', 'openInterestValue': '4998269179.61', 'turnover24h': '6169882697.1603', 'volume24h': '59359.3760', 'fundingRate': '0.0001', 'nextFundingTime': '1746979200000', 'predictedDeliveryPrice': '', 'basisRate': '', 'deliveryFeeRate': '', 'deliveryTime': '0', 'ask1Size': '0.052', 'bid1Price': '104750.70', 'ask1Price': '104750.80', 'bid1Size': '13.682', 'basis': '', 'preOpenPrice': '', 'preQty': '', 'curPreListingPhase': ''}
[2025-05-11T12:12:45.338+0000] {python.py:237} INFO - Done. Returned value was: {'data_interval_start': DateTime(2025, 5, 9, 21, 0, 0, tzinfo=Timezone('UTC')), 'data_interval_end': DateTime(2025, 5, 10, 21, 0, 0, tzinfo=Timezone('UTC')), 'last_price': 104750.2, 'volume_24h': 59359.376, 'high_price_24h': 104986.7, 'low_price_24h': 102880.0, 'bid_price': 104750.7, 'ask_price': 104750.8, 'open_interest': 47716.128}
[2025-05-11T12:12:45.339+0000] {taskinstance.py:441} INFO - ::group::Post task execution logs
[2025-05-11T12:12:45.414+0000] {taskinstance.py:1205} INFO - Marking task as SUCCESS. dag_id=get_price_btc_price_by_day, task_id=get_data, execution_date=20250511T120228, start_date=20250511T121244, end_date=20250511T121245
[2025-05-11T12:12:45.480+0000] {local_task_job_runner.py:240} INFO - Task exited with return code 0
[2025-05-11T12:12:45.540+0000] {taskinstance.py:3482} INFO - 1 downstream tasks scheduled from follow-on schedule check
[2025-05-11T12:12:45.542+0000] {local_task_job_runner.py:222} INFO - ::endgroup::
