[2026-02-24T23:55:46.850+0000] {local_task_job_runner.py:120} INFO - ::group::Pre task execution logs
[2026-02-24T23:55:46.892+0000] {taskinstance.py:2073} INFO - Dependencies all met for dep_context=non-requeueable deps ti=<TaskInstance: tutorial_4_my_turn.save_to_db manual__2026-02-24T23:55:42.836594+00:00 [queued]>
[2026-02-24T23:55:46.912+0000] {taskinstance.py:2073} INFO - Dependencies all met for dep_context=requeueable deps ti=<TaskInstance: tutorial_4_my_turn.save_to_db manual__2026-02-24T23:55:42.836594+00:00 [queued]>
[2026-02-24T23:55:46.913+0000] {taskinstance.py:2303} INFO - Starting attempt 1 of 1
[2026-02-24T23:55:46.930+0000] {taskinstance.py:2327} INFO - Executing <Task(_PythonDecoratedOperator): save_to_db> on 2026-02-24 23:55:42.836594+00:00
[2026-02-24T23:55:46.940+0000] {warnings.py:110} WARNING - /home/***/.local/lib/python3.12/site-packages/***/task/task_runner/standard_task_runner.py:61: DeprecationWarning: This process (pid=49) is multi-threaded, use of fork() may lead to deadlocks in the child.
  pid = os.fork()

[2026-02-24T23:55:46.943+0000] {standard_task_runner.py:63} INFO - Started process 50 to run task
[2026-02-24T23:55:46.943+0000] {standard_task_runner.py:90} INFO - Running: ['***', 'tasks', 'run', 'tutorial_4_my_turn', 'save_to_db', 'manual__2026-02-24T23:55:42.836594+00:00', '--job-id', '34', '--raw', '--subdir', 'DAGS_FOLDER/tutorial_4_my_turn.py', '--cfg-path', '/tmp/tmpex9ffciz']
[2026-02-24T23:55:46.946+0000] {standard_task_runner.py:91} INFO - Job 34: Subtask save_to_db
[2026-02-24T23:55:47.018+0000] {task_command.py:426} INFO - Running <TaskInstance: tutorial_4_my_turn.save_to_db manual__2026-02-24T23:55:42.836594+00:00 [running]> on host 7a6f533eea10
[2026-02-24T23:55:47.178+0000] {taskinstance.py:2644} INFO - Exporting env vars: AIRFLOW_CTX_DAG_OWNER='***' AIRFLOW_CTX_DAG_ID='tutorial_4_my_turn' AIRFLOW_CTX_TASK_ID='save_to_db' AIRFLOW_CTX_EXECUTION_DATE='2026-02-24T23:55:42.836594+00:00' AIRFLOW_CTX_TRY_NUMBER='1' AIRFLOW_CTX_DAG_RUN_ID='manual__2026-02-24T23:55:42.836594+00:00'
[2026-02-24T23:55:47.180+0000] {taskinstance.py:430} INFO - ::endgroup::
[2026-02-24T23:55:47.203+0000] {base.py:84} INFO - Using connection ID 'etl_db' for task execution.
[2026-02-24T23:55:47.221+0000] {python.py:237} INFO - Done. Returned value was: None
[2026-02-24T23:55:47.222+0000] {taskinstance.py:441} INFO - ::group::Post task execution logs
[2026-02-24T23:55:47.239+0000] {taskinstance.py:1205} INFO - Marking task as SUCCESS. dag_id=tutorial_4_my_turn, task_id=save_to_db, execution_date=20260224T235542, start_date=20260224T235546, end_date=20260224T235547
[2026-02-24T23:55:47.277+0000] {local_task_job_runner.py:240} INFO - Task exited with return code 0
[2026-02-24T23:55:47.306+0000] {taskinstance.py:3482} INFO - 0 downstream tasks scheduled from follow-on schedule check
[2026-02-24T23:55:47.308+0000] {local_task_job_runner.py:222} INFO - ::endgroup::
