[2026-02-20T20:10:32.951+0000] {local_task_job_runner.py:120} INFO - ::group::Pre task execution logs
[2026-02-20T20:10:32.988+0000] {taskinstance.py:2073} INFO - Dependencies all met for dep_context=non-requeueable deps ti=<TaskInstance: tutorial_2_my_turn.report manual__2026-02-20T20:10:27.712633+00:00 [queued]>
[2026-02-20T20:10:33.000+0000] {taskinstance.py:2073} INFO - Dependencies all met for dep_context=requeueable deps ti=<TaskInstance: tutorial_2_my_turn.report manual__2026-02-20T20:10:27.712633+00:00 [queued]>
[2026-02-20T20:10:33.000+0000] {taskinstance.py:2303} INFO - Starting attempt 1 of 1
[2026-02-20T20:10:33.022+0000] {taskinstance.py:2327} INFO - Executing <Task(_PythonDecoratedOperator): report> on 2026-02-20 20:10:27.712633+00:00
[2026-02-20T20:10:33.032+0000] {warnings.py:110} WARNING - /home/***/.local/lib/python3.12/site-packages/***/task/task_runner/standard_task_runner.py:61: DeprecationWarning: This process (pid=75) is multi-threaded, use of fork() may lead to deadlocks in the child.
  pid = os.fork()

[2026-02-20T20:10:33.036+0000] {standard_task_runner.py:63} INFO - Started process 76 to run task
[2026-02-20T20:10:33.037+0000] {standard_task_runner.py:90} INFO - Running: ['***', 'tasks', 'run', 'tutorial_2_my_turn', 'report', 'manual__2026-02-20T20:10:27.712633+00:00', '--job-id', '19', '--raw', '--subdir', 'DAGS_FOLDER/tutorial_2_my_turn.py', '--cfg-path', '/tmp/tmpbc36m84n']
[2026-02-20T20:10:33.041+0000] {standard_task_runner.py:91} INFO - Job 19: Subtask report
[2026-02-20T20:10:33.130+0000] {task_command.py:426} INFO - Running <TaskInstance: tutorial_2_my_turn.report manual__2026-02-20T20:10:27.712633+00:00 [running]> on host d40236af9776
[2026-02-20T20:10:33.344+0000] {taskinstance.py:2644} INFO - Exporting env vars: AIRFLOW_CTX_DAG_OWNER='***' AIRFLOW_CTX_DAG_ID='tutorial_2_my_turn' AIRFLOW_CTX_TASK_ID='report' AIRFLOW_CTX_EXECUTION_DATE='2026-02-20T20:10:27.712633+00:00' AIRFLOW_CTX_TRY_NUMBER='1' AIRFLOW_CTX_DAG_RUN_ID='manual__2026-02-20T20:10:27.712633+00:00'
[2026-02-20T20:10:33.345+0000] {taskinstance.py:430} INFO - ::endgroup::
[2026-02-20T20:10:33.346+0000] {tutorial_2_my_turn.py:34} INFO - Max: 40, Min: 20
[2026-02-20T20:10:33.346+0000] {python.py:237} INFO - Done. Returned value was: Max: 40, Min: 20
[2026-02-20T20:10:33.347+0000] {taskinstance.py:441} INFO - ::group::Post task execution logs
[2026-02-20T20:10:33.388+0000] {taskinstance.py:1205} INFO - Marking task as SUCCESS. dag_id=tutorial_2_my_turn, task_id=report, execution_date=20260220T201027, start_date=20260220T201032, end_date=20260220T201033
[2026-02-20T20:10:33.451+0000] {local_task_job_runner.py:240} INFO - Task exited with return code 0
[2026-02-20T20:10:33.483+0000] {taskinstance.py:3482} INFO - 0 downstream tasks scheduled from follow-on schedule check
[2026-02-20T20:10:33.486+0000] {local_task_job_runner.py:222} INFO - ::endgroup::
