[2025-03-21T08:59:57.807+0000] {manager.py:470} INFO - Processing files using up to 2 processes at a time 
[2025-03-21T08:59:57.808+0000] {manager.py:471} INFO - Process each file at most once every 30 seconds
[2025-03-21T08:59:57.808+0000] {manager.py:472} INFO - Checking for new files in /opt/airflow/dags every 300 seconds
[2025-03-21T08:59:57.809+0000] {manager.py:737} INFO - Searching for files in /opt/airflow/dags
[2025-03-21T08:59:57.811+0000] {manager.py:740} INFO - There are 0 files in /opt/airflow/dags
[2025-03-21T09:04:58.539+0000] {manager.py:737} INFO - Searching for files in /opt/airflow/dags
[2025-03-21T09:04:58.542+0000] {manager.py:740} INFO - There are 0 files in /opt/airflow/dags
[2025-03-21T09:09:59.178+0000] {manager.py:737} INFO - Searching for files in /opt/airflow/dags
[2025-03-21T09:09:59.181+0000] {manager.py:740} INFO - There are 0 files in /opt/airflow/dags
[2025-03-21T09:12:29.923+0000] {manager.py:452} INFO - Exiting gracefully upon receiving signal 15
[2025-03-21T09:44:19.275+0000] {manager.py:470} INFO - Processing files using up to 2 processes at a time 
[2025-03-21T09:44:19.283+0000] {manager.py:471} INFO - Process each file at most once every 30 seconds
[2025-03-21T09:44:19.290+0000] {manager.py:472} INFO - Checking for new files in /opt/airflow/dags every 300 seconds
[2025-03-21T09:44:19.290+0000] {manager.py:737} INFO - Searching for files in /opt/airflow/dags
[2025-03-21T09:44:19.296+0000] {manager.py:740} INFO - There are 0 files in /opt/airflow/dags
[2025-03-21T09:49:20.067+0000] {manager.py:737} INFO - Searching for files in /opt/airflow/dags
[2025-03-21T09:49:20.072+0000] {manager.py:740} INFO - There are 0 files in /opt/airflow/dags
[2025-03-21T09:54:20.754+0000] {manager.py:737} INFO - Searching for files in /opt/airflow/dags
[2025-03-21T09:54:20.758+0000] {manager.py:740} INFO - There are 0 files in /opt/airflow/dags
[2025-03-21T09:59:21.478+0000] {manager.py:737} INFO - Searching for files in /opt/airflow/dags
[2025-03-21T09:59:21.481+0000] {manager.py:740} INFO - There are 0 files in /opt/airflow/dags
[2025-03-21T10:04:22.179+0000] {manager.py:737} INFO - Searching for files in /opt/airflow/dags
[2025-03-21T10:04:22.182+0000] {manager.py:740} INFO - There are 0 files in /opt/airflow/dags
[2025-03-21T10:09:22.828+0000] {manager.py:737} INFO - Searching for files in /opt/airflow/dags
[2025-03-21T10:09:22.831+0000] {manager.py:740} INFO - There are 0 files in /opt/airflow/dags
[2025-03-21T10:14:23.540+0000] {manager.py:737} INFO - Searching for files in /opt/airflow/dags
[2025-03-21T10:14:23.543+0000] {manager.py:740} INFO - There are 0 files in /opt/airflow/dags
[2025-03-21T10:19:24.204+0000] {manager.py:737} INFO - Searching for files in /opt/airflow/dags
[2025-03-21T10:19:24.207+0000] {manager.py:740} INFO - There are 0 files in /opt/airflow/dags
[2025-03-21T10:24:24.882+0000] {manager.py:737} INFO - Searching for files in /opt/airflow/dags
[2025-03-21T10:24:24.885+0000] {manager.py:740} INFO - There are 0 files in /opt/airflow/dags
[2025-03-21T10:29:25.572+0000] {manager.py:737} INFO - Searching for files in /opt/airflow/dags
[2025-03-21T10:29:25.576+0000] {manager.py:740} INFO - There are 0 files in /opt/airflow/dags
[2025-03-21T10:34:26.295+0000] {manager.py:737} INFO - Searching for files in /opt/airflow/dags
[2025-03-21T10:34:26.299+0000] {manager.py:740} INFO - There are 0 files in /opt/airflow/dags
[2025-03-21T10:39:26.970+0000] {manager.py:737} INFO - Searching for files in /opt/airflow/dags
[2025-03-21T10:39:26.973+0000] {manager.py:740} INFO - There are 0 files in /opt/airflow/dags
[2025-03-21T10:44:27.686+0000] {manager.py:737} INFO - Searching for files in /opt/airflow/dags
[2025-03-21T10:44:27.690+0000] {manager.py:740} INFO - There are 0 files in /opt/airflow/dags
[2025-03-21T10:49:28.402+0000] {manager.py:737} INFO - Searching for files in /opt/airflow/dags
[2025-03-21T10:49:28.407+0000] {manager.py:740} INFO - There are 0 files in /opt/airflow/dags
[2025-03-21T10:54:29.097+0000] {manager.py:737} INFO - Searching for files in /opt/airflow/dags
[2025-03-21T10:54:29.101+0000] {manager.py:740} INFO - There are 0 files in /opt/airflow/dags
[2025-03-21T10:59:29.785+0000] {manager.py:737} INFO - Searching for files in /opt/airflow/dags
[2025-03-21T10:59:29.790+0000] {manager.py:740} INFO - There are 0 files in /opt/airflow/dags
[2025-03-21T11:04:30.524+0000] {manager.py:737} INFO - Searching for files in /opt/airflow/dags
[2025-03-21T11:04:30.527+0000] {manager.py:740} INFO - There are 0 files in /opt/airflow/dags
[2025-03-21T11:09:31.194+0000] {manager.py:737} INFO - Searching for files in /opt/airflow/dags
[2025-03-21T11:09:31.199+0000] {manager.py:740} INFO - There are 0 files in /opt/airflow/dags
[2025-03-21T11:14:31.959+0000] {manager.py:737} INFO - Searching for files in /opt/airflow/dags
[2025-03-21T11:14:31.963+0000] {manager.py:740} INFO - There are 0 files in /opt/airflow/dags
[2025-03-21T11:19:32.659+0000] {manager.py:737} INFO - Searching for files in /opt/airflow/dags
[2025-03-21T11:19:32.662+0000] {manager.py:740} INFO - There are 0 files in /opt/airflow/dags
[2025-03-21T11:24:33.367+0000] {manager.py:737} INFO - Searching for files in /opt/airflow/dags
[2025-03-21T11:24:33.370+0000] {manager.py:740} INFO - There are 0 files in /opt/airflow/dags
[2025-03-21T11:29:34.068+0000] {manager.py:737} INFO - Searching for files in /opt/airflow/dags
[2025-03-21T11:29:34.078+0000] {manager.py:740} INFO - There are 0 files in /opt/airflow/dags
[2025-03-21T11:34:34.786+0000] {manager.py:737} INFO - Searching for files in /opt/airflow/dags
[2025-03-21T11:34:34.791+0000] {manager.py:740} INFO - There are 0 files in /opt/airflow/dags
[2025-03-21T11:39:35.497+0000] {manager.py:737} INFO - Searching for files in /opt/airflow/dags
[2025-03-21T11:39:35.501+0000] {manager.py:740} INFO - There are 0 files in /opt/airflow/dags
[2025-03-21T11:44:36.217+0000] {manager.py:737} INFO - Searching for files in /opt/airflow/dags
[2025-03-21T11:44:36.221+0000] {manager.py:740} INFO - There are 0 files in /opt/airflow/dags
[2025-03-21T11:49:36.936+0000] {manager.py:737} INFO - Searching for files in /opt/airflow/dags
[2025-03-21T11:49:36.940+0000] {manager.py:740} INFO - There are 0 files in /opt/airflow/dags
[2025-03-21T11:54:37.656+0000] {manager.py:737} INFO - Searching for files in /opt/airflow/dags
[2025-03-21T11:54:37.659+0000] {manager.py:740} INFO - There are 0 files in /opt/airflow/dags
[2025-03-21T11:59:38.362+0000] {manager.py:737} INFO - Searching for files in /opt/airflow/dags
[2025-03-21T11:59:38.367+0000] {manager.py:740} INFO - There are 0 files in /opt/airflow/dags
[2025-03-21T12:04:39.036+0000] {manager.py:737} INFO - Searching for files in /opt/airflow/dags
[2025-03-21T12:04:39.041+0000] {manager.py:740} INFO - There are 0 files in /opt/airflow/dags
[2025-03-21T12:09:39.703+0000] {manager.py:737} INFO - Searching for files in /opt/airflow/dags
[2025-03-21T12:09:39.706+0000] {manager.py:740} INFO - There are 0 files in /opt/airflow/dags
[2025-03-21T12:14:40.428+0000] {manager.py:737} INFO - Searching for files in /opt/airflow/dags
[2025-03-21T12:14:40.431+0000] {manager.py:740} INFO - There are 0 files in /opt/airflow/dags
[2025-03-21T12:19:41.118+0000] {manager.py:737} INFO - Searching for files in /opt/airflow/dags
[2025-03-21T12:19:41.121+0000] {manager.py:740} INFO - There are 0 files in /opt/airflow/dags
[2025-03-21T12:24:41.810+0000] {manager.py:737} INFO - Searching for files in /opt/airflow/dags
[2025-03-21T12:24:41.813+0000] {manager.py:740} INFO - There are 0 files in /opt/airflow/dags
[2025-03-21T12:29:42.519+0000] {manager.py:737} INFO - Searching for files in /opt/airflow/dags
[2025-03-21T12:29:42.522+0000] {manager.py:740} INFO - There are 0 files in /opt/airflow/dags
[2025-03-21T12:34:43.198+0000] {manager.py:737} INFO - Searching for files in /opt/airflow/dags
[2025-03-21T12:34:43.201+0000] {manager.py:740} INFO - There are 0 files in /opt/airflow/dags
[2025-03-21T12:39:43.874+0000] {manager.py:737} INFO - Searching for files in /opt/airflow/dags
[2025-03-21T12:39:43.877+0000] {manager.py:740} INFO - There are 0 files in /opt/airflow/dags
[2025-03-21T12:44:44.604+0000] {manager.py:737} INFO - Searching for files in /opt/airflow/dags
[2025-03-21T12:44:44.607+0000] {manager.py:740} INFO - There are 0 files in /opt/airflow/dags
[2025-03-21T12:49:45.270+0000] {manager.py:737} INFO - Searching for files in /opt/airflow/dags
[2025-03-21T12:49:45.274+0000] {manager.py:740} INFO - There are 0 files in /opt/airflow/dags
[2025-03-21T12:54:45.984+0000] {manager.py:737} INFO - Searching for files in /opt/airflow/dags
[2025-03-21T12:54:45.987+0000] {manager.py:740} INFO - There are 0 files in /opt/airflow/dags
[2025-03-21T12:59:46.695+0000] {manager.py:737} INFO - Searching for files in /opt/airflow/dags
[2025-03-21T12:59:46.700+0000] {manager.py:740} INFO - There are 0 files in /opt/airflow/dags
[2025-03-21T13:04:47.444+0000] {manager.py:737} INFO - Searching for files in /opt/airflow/dags
[2025-03-21T13:04:47.448+0000] {manager.py:740} INFO - There are 0 files in /opt/airflow/dags
[2025-03-21T13:09:48.160+0000] {manager.py:737} INFO - Searching for files in /opt/airflow/dags
[2025-03-21T13:09:48.163+0000] {manager.py:740} INFO - There are 0 files in /opt/airflow/dags
[2025-03-21T13:14:48.892+0000] {manager.py:737} INFO - Searching for files in /opt/airflow/dags
[2025-03-21T13:14:48.895+0000] {manager.py:740} INFO - There are 0 files in /opt/airflow/dags
[2025-03-21T13:19:49.592+0000] {manager.py:737} INFO - Searching for files in /opt/airflow/dags
[2025-03-21T13:19:49.595+0000] {manager.py:740} INFO - There are 0 files in /opt/airflow/dags
[2025-03-21T13:24:50.281+0000] {manager.py:737} INFO - Searching for files in /opt/airflow/dags
[2025-03-21T13:24:50.284+0000] {manager.py:740} INFO - There are 0 files in /opt/airflow/dags
[2025-03-21T13:29:50.951+0000] {manager.py:737} INFO - Searching for files in /opt/airflow/dags
[2025-03-21T13:29:50.954+0000] {manager.py:740} INFO - There are 0 files in /opt/airflow/dags
[2025-03-21T13:34:51.683+0000] {manager.py:737} INFO - Searching for files in /opt/airflow/dags
[2025-03-21T13:34:51.686+0000] {manager.py:740} INFO - There are 0 files in /opt/airflow/dags
[2025-03-21T13:39:52.383+0000] {manager.py:737} INFO - Searching for files in /opt/airflow/dags
[2025-03-21T13:39:52.388+0000] {manager.py:740} INFO - There are 0 files in /opt/airflow/dags
[2025-03-21T13:44:53.104+0000] {manager.py:737} INFO - Searching for files in /opt/airflow/dags
[2025-03-21T13:44:53.107+0000] {manager.py:740} INFO - There are 0 files in /opt/airflow/dags
[2025-03-21T13:49:53.811+0000] {manager.py:737} INFO - Searching for files in /opt/airflow/dags
[2025-03-21T13:49:53.815+0000] {manager.py:740} INFO - There are 0 files in /opt/airflow/dags
[2025-03-21T13:54:54.580+0000] {manager.py:737} INFO - Searching for files in /opt/airflow/dags
[2025-03-21T13:54:54.583+0000] {manager.py:740} INFO - There are 0 files in /opt/airflow/dags
[2025-03-21T13:59:55.244+0000] {manager.py:737} INFO - Searching for files in /opt/airflow/dags
[2025-03-21T13:59:55.248+0000] {manager.py:740} INFO - There are 0 files in /opt/airflow/dags
[2025-03-21T14:04:55.941+0000] {manager.py:737} INFO - Searching for files in /opt/airflow/dags
[2025-03-21T14:04:55.945+0000] {manager.py:740} INFO - There are 0 files in /opt/airflow/dags
[2025-03-21T14:09:56.626+0000] {manager.py:737} INFO - Searching for files in /opt/airflow/dags
[2025-03-21T14:09:56.629+0000] {manager.py:740} INFO - There are 0 files in /opt/airflow/dags
[2025-03-21T14:14:57.327+0000] {manager.py:737} INFO - Searching for files in /opt/airflow/dags
[2025-03-21T14:14:57.329+0000] {manager.py:740} INFO - There are 0 files in /opt/airflow/dags
[2025-03-21T14:19:57.998+0000] {manager.py:737} INFO - Searching for files in /opt/airflow/dags
[2025-03-21T14:19:58.005+0000] {manager.py:740} INFO - There are 0 files in /opt/airflow/dags
[2025-03-21T14:24:58.721+0000] {manager.py:737} INFO - Searching for files in /opt/airflow/dags
[2025-03-21T14:24:58.724+0000] {manager.py:740} INFO - There are 0 files in /opt/airflow/dags
[2025-03-21T14:29:59.441+0000] {manager.py:737} INFO - Searching for files in /opt/airflow/dags
[2025-03-21T14:29:59.445+0000] {manager.py:740} INFO - There are 0 files in /opt/airflow/dags
[2025-03-21T14:35:00.149+0000] {manager.py:737} INFO - Searching for files in /opt/airflow/dags
[2025-03-21T14:35:00.152+0000] {manager.py:740} INFO - There are 0 files in /opt/airflow/dags
[2025-03-21T14:40:00.870+0000] {manager.py:737} INFO - Searching for files in /opt/airflow/dags
[2025-03-21T14:40:00.874+0000] {manager.py:740} INFO - There are 0 files in /opt/airflow/dags
[2025-03-21T14:45:01.636+0000] {manager.py:737} INFO - Searching for files in /opt/airflow/dags
[2025-03-21T14:45:01.640+0000] {manager.py:740} INFO - There are 0 files in /opt/airflow/dags
[2025-03-21T14:50:02.344+0000] {manager.py:737} INFO - Searching for files in /opt/airflow/dags
[2025-03-21T14:50:02.347+0000] {manager.py:740} INFO - There are 0 files in /opt/airflow/dags
[2025-03-21T14:55:03.006+0000] {manager.py:737} INFO - Searching for files in /opt/airflow/dags
[2025-03-21T14:55:03.013+0000] {manager.py:740} INFO - There are 0 files in /opt/airflow/dags
[2025-03-21T15:00:03.719+0000] {manager.py:737} INFO - Searching for files in /opt/airflow/dags
[2025-03-21T15:00:03.723+0000] {manager.py:740} INFO - There are 0 files in /opt/airflow/dags
[2025-03-21T15:05:04.413+0000] {manager.py:737} INFO - Searching for files in /opt/airflow/dags
[2025-03-21T15:05:04.417+0000] {manager.py:740} INFO - There are 0 files in /opt/airflow/dags
[2025-03-21T15:10:05.125+0000] {manager.py:737} INFO - Searching for files in /opt/airflow/dags
[2025-03-21T15:10:05.130+0000] {manager.py:740} INFO - There are 0 files in /opt/airflow/dags
[2025-03-21T15:15:05.873+0000] {manager.py:737} INFO - Searching for files in /opt/airflow/dags
[2025-03-21T15:15:05.877+0000] {manager.py:740} INFO - There are 0 files in /opt/airflow/dags
[2025-03-21T15:20:06.577+0000] {manager.py:737} INFO - Searching for files in /opt/airflow/dags
[2025-03-21T15:20:06.581+0000] {manager.py:740} INFO - There are 0 files in /opt/airflow/dags
[2025-03-21T15:25:07.253+0000] {manager.py:737} INFO - Searching for files in /opt/airflow/dags
[2025-03-21T15:25:07.257+0000] {manager.py:740} INFO - There are 0 files in /opt/airflow/dags
[2025-03-21T15:30:07.965+0000] {manager.py:737} INFO - Searching for files in /opt/airflow/dags
[2025-03-21T15:30:07.969+0000] {manager.py:740} INFO - There are 0 files in /opt/airflow/dags
[2025-03-21T15:35:08.649+0000] {manager.py:737} INFO - Searching for files in /opt/airflow/dags
[2025-03-21T15:35:08.652+0000] {manager.py:740} INFO - There are 0 files in /opt/airflow/dags
[2025-03-21T15:40:09.354+0000] {manager.py:737} INFO - Searching for files in /opt/airflow/dags
[2025-03-21T15:40:09.357+0000] {manager.py:740} INFO - There are 0 files in /opt/airflow/dags
[2025-03-21T15:45:10.087+0000] {manager.py:737} INFO - Searching for files in /opt/airflow/dags
[2025-03-21T15:45:10.092+0000] {manager.py:740} INFO - There are 0 files in /opt/airflow/dags
[2025-03-21T15:50:10.793+0000] {manager.py:737} INFO - Searching for files in /opt/airflow/dags
[2025-03-21T15:50:10.796+0000] {manager.py:740} INFO - There are 0 files in /opt/airflow/dags
[2025-03-21T15:55:11.495+0000] {manager.py:737} INFO - Searching for files in /opt/airflow/dags
[2025-03-21T15:55:11.498+0000] {manager.py:740} INFO - There are 0 files in /opt/airflow/dags
[2025-03-21T16:00:12.176+0000] {manager.py:737} INFO - Searching for files in /opt/airflow/dags
[2025-03-21T16:00:12.179+0000] {manager.py:740} INFO - There are 0 files in /opt/airflow/dags
[2025-03-21T16:05:12.888+0000] {manager.py:737} INFO - Searching for files in /opt/airflow/dags
[2025-03-21T16:05:12.891+0000] {manager.py:740} INFO - There are 0 files in /opt/airflow/dags
[2025-03-21T16:10:13.570+0000] {manager.py:737} INFO - Searching for files in /opt/airflow/dags
[2025-03-21T16:10:13.574+0000] {manager.py:740} INFO - There are 0 files in /opt/airflow/dags
[2025-03-21T16:15:14.303+0000] {manager.py:737} INFO - Searching for files in /opt/airflow/dags
[2025-03-21T16:15:14.308+0000] {manager.py:740} INFO - There are 0 files in /opt/airflow/dags
[2025-03-21T16:20:15.007+0000] {manager.py:737} INFO - Searching for files in /opt/airflow/dags
[2025-03-21T16:20:15.012+0000] {manager.py:740} INFO - There are 0 files in /opt/airflow/dags
[2025-03-21T16:25:15.724+0000] {manager.py:737} INFO - Searching for files in /opt/airflow/dags
[2025-03-21T16:25:15.727+0000] {manager.py:740} INFO - There are 0 files in /opt/airflow/dags
[2025-03-21T16:30:16.399+0000] {manager.py:737} INFO - Searching for files in /opt/airflow/dags
[2025-03-21T16:30:16.404+0000] {manager.py:740} INFO - There are 0 files in /opt/airflow/dags
[2025-03-21T16:35:17.137+0000] {manager.py:737} INFO - Searching for files in /opt/airflow/dags
[2025-03-21T16:35:17.141+0000] {manager.py:740} INFO - There are 0 files in /opt/airflow/dags
[2025-03-21T16:40:17.843+0000] {manager.py:737} INFO - Searching for files in /opt/airflow/dags
[2025-03-21T16:40:17.847+0000] {manager.py:740} INFO - There are 0 files in /opt/airflow/dags
[2025-03-21T16:45:18.572+0000] {manager.py:737} INFO - Searching for files in /opt/airflow/dags
[2025-03-21T16:45:18.575+0000] {manager.py:740} INFO - There are 0 files in /opt/airflow/dags
[2025-03-21T16:50:19.278+0000] {manager.py:737} INFO - Searching for files in /opt/airflow/dags
[2025-03-21T16:50:19.282+0000] {manager.py:740} INFO - There are 0 files in /opt/airflow/dags
[2025-03-21T16:55:19.979+0000] {manager.py:737} INFO - Searching for files in /opt/airflow/dags
[2025-03-21T16:55:19.982+0000] {manager.py:740} INFO - There are 0 files in /opt/airflow/dags
[2025-03-21T17:00:20.692+0000] {manager.py:737} INFO - Searching for files in /opt/airflow/dags
[2025-03-21T17:00:20.697+0000] {manager.py:740} INFO - There are 0 files in /opt/airflow/dags
[2025-03-21T17:05:21.418+0000] {manager.py:737} INFO - Searching for files in /opt/airflow/dags
[2025-03-21T17:05:21.423+0000] {manager.py:740} INFO - There are 0 files in /opt/airflow/dags
[2025-03-21T17:10:22.146+0000] {manager.py:737} INFO - Searching for files in /opt/airflow/dags
[2025-03-21T17:10:22.150+0000] {manager.py:740} INFO - There are 0 files in /opt/airflow/dags
[2025-03-21T17:15:22.889+0000] {manager.py:737} INFO - Searching for files in /opt/airflow/dags
[2025-03-21T17:15:22.892+0000] {manager.py:740} INFO - There are 0 files in /opt/airflow/dags
[2025-03-21T17:20:23.593+0000] {manager.py:737} INFO - Searching for files in /opt/airflow/dags
[2025-03-21T17:20:23.596+0000] {manager.py:740} INFO - There are 0 files in /opt/airflow/dags
[2025-03-21T17:25:24.295+0000] {manager.py:737} INFO - Searching for files in /opt/airflow/dags
[2025-03-21T17:25:24.301+0000] {manager.py:740} INFO - There are 0 files in /opt/airflow/dags
[2025-03-21T17:30:25.017+0000] {manager.py:737} INFO - Searching for files in /opt/airflow/dags
[2025-03-21T17:30:25.021+0000] {manager.py:740} INFO - There are 0 files in /opt/airflow/dags
[2025-03-21T17:35:25.664+0000] {manager.py:737} INFO - Searching for files in /opt/airflow/dags
[2025-03-21T17:35:25.667+0000] {manager.py:740} INFO - There are 0 files in /opt/airflow/dags
[2025-03-21T17:40:26.395+0000] {manager.py:737} INFO - Searching for files in /opt/airflow/dags
[2025-03-21T17:40:26.398+0000] {manager.py:740} INFO - There are 0 files in /opt/airflow/dags
[2025-03-21T17:45:27.124+0000] {manager.py:737} INFO - Searching for files in /opt/airflow/dags
[2025-03-21T17:45:27.128+0000] {manager.py:740} INFO - There are 0 files in /opt/airflow/dags
[2025-03-21T17:50:27.846+0000] {manager.py:737} INFO - Searching for files in /opt/airflow/dags
[2025-03-21T17:50:27.849+0000] {manager.py:740} INFO - There are 0 files in /opt/airflow/dags
[2025-03-21T17:55:28.541+0000] {manager.py:737} INFO - Searching for files in /opt/airflow/dags
[2025-03-21T17:55:28.544+0000] {manager.py:740} INFO - There are 0 files in /opt/airflow/dags
[2025-03-21T18:00:29.223+0000] {manager.py:737} INFO - Searching for files in /opt/airflow/dags
[2025-03-21T18:00:29.227+0000] {manager.py:740} INFO - There are 0 files in /opt/airflow/dags
[2025-03-21T18:05:29.942+0000] {manager.py:737} INFO - Searching for files in /opt/airflow/dags
[2025-03-21T18:05:29.945+0000] {manager.py:740} INFO - There are 0 files in /opt/airflow/dags
[2025-03-21T18:10:30.640+0000] {manager.py:737} INFO - Searching for files in /opt/airflow/dags
[2025-03-21T18:10:30.644+0000] {manager.py:740} INFO - There are 0 files in /opt/airflow/dags
[2025-03-21T18:15:31.368+0000] {manager.py:737} INFO - Searching for files in /opt/airflow/dags
[2025-03-21T18:15:31.373+0000] {manager.py:740} INFO - There are 0 files in /opt/airflow/dags
[2025-03-21T18:20:32.079+0000] {manager.py:737} INFO - Searching for files in /opt/airflow/dags
[2025-03-21T18:20:32.083+0000] {manager.py:740} INFO - There are 0 files in /opt/airflow/dags
[2025-03-21T18:25:32.819+0000] {manager.py:737} INFO - Searching for files in /opt/airflow/dags
[2025-03-21T18:25:32.826+0000] {manager.py:740} INFO - There are 0 files in /opt/airflow/dags
[2025-03-21T18:30:33.546+0000] {manager.py:737} INFO - Searching for files in /opt/airflow/dags
[2025-03-21T18:30:33.551+0000] {manager.py:740} INFO - There are 0 files in /opt/airflow/dags
[2025-03-21T18:35:34.284+0000] {manager.py:737} INFO - Searching for files in /opt/airflow/dags
[2025-03-21T18:35:34.289+0000] {manager.py:740} INFO - There are 0 files in /opt/airflow/dags
[2025-03-21T18:40:35.013+0000] {manager.py:737} INFO - Searching for files in /opt/airflow/dags
[2025-03-21T18:40:35.016+0000] {manager.py:740} INFO - There are 0 files in /opt/airflow/dags
[2025-03-21T18:45:35.736+0000] {manager.py:737} INFO - Searching for files in /opt/airflow/dags
[2025-03-21T18:45:35.739+0000] {manager.py:740} INFO - There are 0 files in /opt/airflow/dags
[2025-03-21T18:50:36.470+0000] {manager.py:737} INFO - Searching for files in /opt/airflow/dags
[2025-03-21T18:50:36.473+0000] {manager.py:740} INFO - There are 0 files in /opt/airflow/dags
[2025-03-21T18:55:37.196+0000] {manager.py:737} INFO - Searching for files in /opt/airflow/dags
[2025-03-21T18:55:37.199+0000] {manager.py:740} INFO - There are 0 files in /opt/airflow/dags
[2025-03-21T19:00:37.901+0000] {manager.py:737} INFO - Searching for files in /opt/airflow/dags
[2025-03-21T19:00:37.904+0000] {manager.py:740} INFO - There are 0 files in /opt/airflow/dags
[2025-03-21T19:05:38.620+0000] {manager.py:737} INFO - Searching for files in /opt/airflow/dags
[2025-03-21T19:05:38.625+0000] {manager.py:740} INFO - There are 0 files in /opt/airflow/dags
[2025-03-21T19:10:39.325+0000] {manager.py:737} INFO - Searching for files in /opt/airflow/dags
[2025-03-21T19:10:39.329+0000] {manager.py:740} INFO - There are 0 files in /opt/airflow/dags
[2025-03-21T19:15:40.064+0000] {manager.py:737} INFO - Searching for files in /opt/airflow/dags
[2025-03-21T19:15:40.067+0000] {manager.py:740} INFO - There are 0 files in /opt/airflow/dags
[2025-03-21T19:20:40.765+0000] {manager.py:737} INFO - Searching for files in /opt/airflow/dags
[2025-03-21T19:20:40.768+0000] {manager.py:740} INFO - There are 0 files in /opt/airflow/dags
[2025-03-21T19:25:41.460+0000] {manager.py:737} INFO - Searching for files in /opt/airflow/dags
[2025-03-21T19:25:41.463+0000] {manager.py:740} INFO - There are 0 files in /opt/airflow/dags
[2025-03-21T19:30:42.188+0000] {manager.py:737} INFO - Searching for files in /opt/airflow/dags
[2025-03-21T19:30:42.192+0000] {manager.py:740} INFO - There are 0 files in /opt/airflow/dags
[2025-03-21T19:35:42.884+0000] {manager.py:737} INFO - Searching for files in /opt/airflow/dags
[2025-03-21T19:35:42.888+0000] {manager.py:740} INFO - There are 0 files in /opt/airflow/dags
[2025-03-21T19:40:43.602+0000] {manager.py:737} INFO - Searching for files in /opt/airflow/dags
[2025-03-21T19:40:43.606+0000] {manager.py:740} INFO - There are 0 files in /opt/airflow/dags
[2025-03-21T19:45:44.341+0000] {manager.py:737} INFO - Searching for files in /opt/airflow/dags
[2025-03-21T19:45:44.346+0000] {manager.py:740} INFO - There are 0 files in /opt/airflow/dags
[2025-03-21T19:50:45.050+0000] {manager.py:737} INFO - Searching for files in /opt/airflow/dags
[2025-03-21T19:50:45.056+0000] {manager.py:740} INFO - There are 0 files in /opt/airflow/dags
[2025-03-21T19:55:45.786+0000] {manager.py:737} INFO - Searching for files in /opt/airflow/dags
[2025-03-21T19:55:45.790+0000] {manager.py:740} INFO - There are 0 files in /opt/airflow/dags
[2025-03-21T20:00:46.501+0000] {manager.py:737} INFO - Searching for files in /opt/airflow/dags
[2025-03-21T20:00:46.504+0000] {manager.py:740} INFO - There are 0 files in /opt/airflow/dags
[2025-03-21T20:05:47.199+0000] {manager.py:737} INFO - Searching for files in /opt/airflow/dags
[2025-03-21T20:05:47.202+0000] {manager.py:740} INFO - There are 0 files in /opt/airflow/dags
[2025-03-21T20:10:47.902+0000] {manager.py:737} INFO - Searching for files in /opt/airflow/dags
[2025-03-21T20:10:47.906+0000] {manager.py:740} INFO - There are 0 files in /opt/airflow/dags
[2025-03-21T20:15:48.652+0000] {manager.py:737} INFO - Searching for files in /opt/airflow/dags
[2025-03-21T20:15:48.656+0000] {manager.py:740} INFO - There are 0 files in /opt/airflow/dags
[2025-03-21T20:20:49.350+0000] {manager.py:737} INFO - Searching for files in /opt/airflow/dags
[2025-03-21T20:20:49.354+0000] {manager.py:740} INFO - There are 0 files in /opt/airflow/dags
[2025-03-21T20:25:50.077+0000] {manager.py:737} INFO - Searching for files in /opt/airflow/dags
[2025-03-21T20:25:50.081+0000] {manager.py:740} INFO - There are 0 files in /opt/airflow/dags
[2025-03-21T20:30:50.791+0000] {manager.py:737} INFO - Searching for files in /opt/airflow/dags
[2025-03-21T20:30:50.796+0000] {manager.py:740} INFO - There are 0 files in /opt/airflow/dags
[2025-03-21T20:35:51.518+0000] {manager.py:737} INFO - Searching for files in /opt/airflow/dags
[2025-03-21T20:35:51.522+0000] {manager.py:740} INFO - There are 0 files in /opt/airflow/dags
[2025-03-21T20:40:52.243+0000] {manager.py:737} INFO - Searching for files in /opt/airflow/dags
[2025-03-21T20:40:52.247+0000] {manager.py:740} INFO - There are 0 files in /opt/airflow/dags
[2025-03-21T20:45:52.933+0000] {manager.py:737} INFO - Searching for files in /opt/airflow/dags
[2025-03-21T20:45:52.938+0000] {manager.py:740} INFO - There are 0 files in /opt/airflow/dags
[2025-03-21T20:50:53.633+0000] {manager.py:737} INFO - Searching for files in /opt/airflow/dags
[2025-03-21T20:50:53.637+0000] {manager.py:740} INFO - There are 0 files in /opt/airflow/dags
[2025-03-21T20:55:54.325+0000] {manager.py:737} INFO - Searching for files in /opt/airflow/dags
[2025-03-21T20:55:54.330+0000] {manager.py:740} INFO - There are 0 files in /opt/airflow/dags
[2025-03-21T21:00:55.035+0000] {manager.py:737} INFO - Searching for files in /opt/airflow/dags
[2025-03-21T21:00:55.040+0000] {manager.py:740} INFO - There are 0 files in /opt/airflow/dags
[2025-03-21T21:05:55.725+0000] {manager.py:737} INFO - Searching for files in /opt/airflow/dags
[2025-03-21T21:05:55.728+0000] {manager.py:740} INFO - There are 0 files in /opt/airflow/dags
[2025-03-21T21:10:56.425+0000] {manager.py:737} INFO - Searching for files in /opt/airflow/dags
[2025-03-21T21:10:56.429+0000] {manager.py:740} INFO - There are 0 files in /opt/airflow/dags
[2025-03-21T21:15:57.173+0000] {manager.py:737} INFO - Searching for files in /opt/airflow/dags
[2025-03-21T21:15:57.176+0000] {manager.py:740} INFO - There are 0 files in /opt/airflow/dags
[2025-03-21T21:20:57.883+0000] {manager.py:737} INFO - Searching for files in /opt/airflow/dags
[2025-03-21T21:20:57.887+0000] {manager.py:740} INFO - There are 0 files in /opt/airflow/dags
[2025-03-21T21:25:58.620+0000] {manager.py:737} INFO - Searching for files in /opt/airflow/dags
[2025-03-21T21:25:58.624+0000] {manager.py:740} INFO - There are 0 files in /opt/airflow/dags
[2025-03-21T21:30:59.310+0000] {manager.py:737} INFO - Searching for files in /opt/airflow/dags
[2025-03-21T21:30:59.313+0000] {manager.py:740} INFO - There are 0 files in /opt/airflow/dags
[2025-03-21T21:36:00.041+0000] {manager.py:737} INFO - Searching for files in /opt/airflow/dags
[2025-03-21T21:36:00.045+0000] {manager.py:740} INFO - There are 0 files in /opt/airflow/dags
[2025-03-21T21:41:00.743+0000] {manager.py:737} INFO - Searching for files in /opt/airflow/dags
[2025-03-21T21:41:00.748+0000] {manager.py:740} INFO - There are 0 files in /opt/airflow/dags
[2025-03-21T21:46:01.456+0000] {manager.py:737} INFO - Searching for files in /opt/airflow/dags
[2025-03-21T21:46:01.460+0000] {manager.py:740} INFO - There are 0 files in /opt/airflow/dags
[2025-03-21T21:51:02.215+0000] {manager.py:737} INFO - Searching for files in /opt/airflow/dags
[2025-03-21T21:51:02.218+0000] {manager.py:740} INFO - There are 0 files in /opt/airflow/dags
[2025-03-21T21:56:02.912+0000] {manager.py:737} INFO - Searching for files in /opt/airflow/dags
[2025-03-21T21:56:02.915+0000] {manager.py:740} INFO - There are 0 files in /opt/airflow/dags
[2025-03-21T22:01:03.659+0000] {manager.py:737} INFO - Searching for files in /opt/airflow/dags
[2025-03-21T22:01:03.662+0000] {manager.py:740} INFO - There are 0 files in /opt/airflow/dags
[2025-03-21T22:06:04.382+0000] {manager.py:737} INFO - Searching for files in /opt/airflow/dags
[2025-03-21T22:06:04.385+0000] {manager.py:740} INFO - There are 0 files in /opt/airflow/dags
[2025-03-21T22:11:04.422+0000] {manager.py:737} INFO - Searching for files in /opt/airflow/dags
[2025-03-21T22:11:04.425+0000] {manager.py:740} INFO - There are 0 files in /opt/airflow/dags
[2025-03-21T22:16:05.147+0000] {manager.py:737} INFO - Searching for files in /opt/airflow/dags
[2025-03-21T22:16:05.153+0000] {manager.py:740} INFO - There are 0 files in /opt/airflow/dags
[2025-03-21T22:21:05.865+0000] {manager.py:737} INFO - Searching for files in /opt/airflow/dags
[2025-03-21T22:21:05.870+0000] {manager.py:740} INFO - There are 0 files in /opt/airflow/dags
[2025-03-21T22:26:06.535+0000] {manager.py:737} INFO - Searching for files in /opt/airflow/dags
[2025-03-21T22:26:06.541+0000] {manager.py:740} INFO - There are 0 files in /opt/airflow/dags
[2025-03-21T22:31:07.237+0000] {manager.py:737} INFO - Searching for files in /opt/airflow/dags
[2025-03-21T22:31:07.244+0000] {manager.py:740} INFO - There are 0 files in /opt/airflow/dags
[2025-03-21T22:36:07.960+0000] {manager.py:737} INFO - Searching for files in /opt/airflow/dags
[2025-03-21T22:36:07.963+0000] {manager.py:740} INFO - There are 0 files in /opt/airflow/dags
[2025-03-21T22:41:08.658+0000] {manager.py:737} INFO - Searching for files in /opt/airflow/dags
[2025-03-21T22:41:08.663+0000] {manager.py:740} INFO - There are 0 files in /opt/airflow/dags
[2025-03-21T22:46:09.350+0000] {manager.py:737} INFO - Searching for files in /opt/airflow/dags
[2025-03-21T22:46:09.354+0000] {manager.py:740} INFO - There are 0 files in /opt/airflow/dags
[2025-03-21T22:51:10.015+0000] {manager.py:737} INFO - Searching for files in /opt/airflow/dags
[2025-03-21T22:51:10.018+0000] {manager.py:740} INFO - There are 0 files in /opt/airflow/dags
[2025-03-21T22:56:10.747+0000] {manager.py:737} INFO - Searching for files in /opt/airflow/dags
[2025-03-21T22:56:10.750+0000] {manager.py:740} INFO - There are 0 files in /opt/airflow/dags
[2025-03-21T23:01:11.440+0000] {manager.py:737} INFO - Searching for files in /opt/airflow/dags
[2025-03-21T23:01:11.443+0000] {manager.py:740} INFO - There are 0 files in /opt/airflow/dags
[2025-03-21T23:06:12.157+0000] {manager.py:737} INFO - Searching for files in /opt/airflow/dags
[2025-03-21T23:06:12.163+0000] {manager.py:740} INFO - There are 0 files in /opt/airflow/dags
[2025-03-21T23:11:12.848+0000] {manager.py:737} INFO - Searching for files in /opt/airflow/dags
[2025-03-21T23:11:12.852+0000] {manager.py:740} INFO - There are 0 files in /opt/airflow/dags
[2025-03-21T23:16:13.615+0000] {manager.py:737} INFO - Searching for files in /opt/airflow/dags
[2025-03-21T23:16:13.620+0000] {manager.py:740} INFO - There are 0 files in /opt/airflow/dags
[2025-03-21T23:21:14.358+0000] {manager.py:737} INFO - Searching for files in /opt/airflow/dags
[2025-03-21T23:21:14.361+0000] {manager.py:740} INFO - There are 0 files in /opt/airflow/dags
[2025-03-21T23:26:15.035+0000] {manager.py:737} INFO - Searching for files in /opt/airflow/dags
[2025-03-21T23:26:15.039+0000] {manager.py:740} INFO - There are 0 files in /opt/airflow/dags
[2025-03-21T23:31:15.725+0000] {manager.py:737} INFO - Searching for files in /opt/airflow/dags
[2025-03-21T23:31:15.729+0000] {manager.py:740} INFO - There are 0 files in /opt/airflow/dags
[2025-03-21T23:36:16.461+0000] {manager.py:737} INFO - Searching for files in /opt/airflow/dags
[2025-03-21T23:36:16.464+0000] {manager.py:740} INFO - There are 0 files in /opt/airflow/dags
[2025-03-21T23:41:17.157+0000] {manager.py:737} INFO - Searching for files in /opt/airflow/dags
[2025-03-21T23:41:17.161+0000] {manager.py:740} INFO - There are 0 files in /opt/airflow/dags
[2025-03-21T23:46:17.856+0000] {manager.py:737} INFO - Searching for files in /opt/airflow/dags
[2025-03-21T23:46:17.860+0000] {manager.py:740} INFO - There are 0 files in /opt/airflow/dags
[2025-03-21T23:51:18.580+0000] {manager.py:737} INFO - Searching for files in /opt/airflow/dags
[2025-03-21T23:51:18.584+0000] {manager.py:740} INFO - There are 0 files in /opt/airflow/dags
[2025-03-21T23:56:19.316+0000] {manager.py:737} INFO - Searching for files in /opt/airflow/dags
[2025-03-21T23:56:19.320+0000] {manager.py:740} INFO - There are 0 files in /opt/airflow/dags
[2025-03-22T00:01:20.027+0000] {manager.py:737} INFO - Searching for files in /opt/airflow/dags
[2025-03-22T00:01:20.031+0000] {manager.py:740} INFO - There are 0 files in /opt/airflow/dags
[2025-03-22T00:06:20.774+0000] {manager.py:737} INFO - Searching for files in /opt/airflow/dags
[2025-03-22T00:06:20.777+0000] {manager.py:740} INFO - There are 0 files in /opt/airflow/dags
[2025-03-22T00:11:21.466+0000] {manager.py:737} INFO - Searching for files in /opt/airflow/dags
[2025-03-22T00:11:21.469+0000] {manager.py:740} INFO - There are 0 files in /opt/airflow/dags
[2025-03-22T00:16:22.186+0000] {manager.py:737} INFO - Searching for files in /opt/airflow/dags
[2025-03-22T00:16:22.189+0000] {manager.py:740} INFO - There are 0 files in /opt/airflow/dags
[2025-03-22T00:21:22.920+0000] {manager.py:737} INFO - Searching for files in /opt/airflow/dags
[2025-03-22T00:21:22.923+0000] {manager.py:740} INFO - There are 0 files in /opt/airflow/dags
[2025-03-22T00:26:23.651+0000] {manager.py:737} INFO - Searching for files in /opt/airflow/dags
[2025-03-22T00:26:23.654+0000] {manager.py:740} INFO - There are 0 files in /opt/airflow/dags
[2025-03-22T00:31:24.387+0000] {manager.py:737} INFO - Searching for files in /opt/airflow/dags
[2025-03-22T00:31:24.390+0000] {manager.py:740} INFO - There are 0 files in /opt/airflow/dags
[2025-03-22T00:36:25.095+0000] {manager.py:737} INFO - Searching for files in /opt/airflow/dags
[2025-03-22T00:36:25.098+0000] {manager.py:740} INFO - There are 0 files in /opt/airflow/dags
[2025-03-22T00:41:25.808+0000] {manager.py:737} INFO - Searching for files in /opt/airflow/dags
[2025-03-22T00:41:25.813+0000] {manager.py:740} INFO - There are 0 files in /opt/airflow/dags
[2025-03-22T00:46:26.501+0000] {manager.py:737} INFO - Searching for files in /opt/airflow/dags
[2025-03-22T00:46:26.505+0000] {manager.py:740} INFO - There are 0 files in /opt/airflow/dags
[2025-03-22T00:51:27.226+0000] {manager.py:737} INFO - Searching for files in /opt/airflow/dags
[2025-03-22T00:51:27.232+0000] {manager.py:740} INFO - There are 0 files in /opt/airflow/dags
[2025-03-22T00:56:27.965+0000] {manager.py:737} INFO - Searching for files in /opt/airflow/dags
[2025-03-22T00:56:27.968+0000] {manager.py:740} INFO - There are 0 files in /opt/airflow/dags
[2025-03-22T01:01:28.693+0000] {manager.py:737} INFO - Searching for files in /opt/airflow/dags
[2025-03-22T01:01:28.696+0000] {manager.py:740} INFO - There are 0 files in /opt/airflow/dags
[2025-03-22T01:06:29.412+0000] {manager.py:737} INFO - Searching for files in /opt/airflow/dags
[2025-03-22T01:06:29.418+0000] {manager.py:740} INFO - There are 0 files in /opt/airflow/dags
[2025-03-22T01:11:30.126+0000] {manager.py:737} INFO - Searching for files in /opt/airflow/dags
[2025-03-22T01:11:30.131+0000] {manager.py:740} INFO - There are 0 files in /opt/airflow/dags
[2025-03-22T01:16:30.883+0000] {manager.py:737} INFO - Searching for files in /opt/airflow/dags
[2025-03-22T01:16:30.889+0000] {manager.py:740} INFO - There are 0 files in /opt/airflow/dags
[2025-03-22T01:21:31.619+0000] {manager.py:737} INFO - Searching for files in /opt/airflow/dags
[2025-03-22T01:21:31.623+0000] {manager.py:740} INFO - There are 0 files in /opt/airflow/dags
[2025-03-22T01:26:32.320+0000] {manager.py:737} INFO - Searching for files in /opt/airflow/dags
[2025-03-22T01:26:32.323+0000] {manager.py:740} INFO - There are 0 files in /opt/airflow/dags
[2025-03-22T01:31:33.029+0000] {manager.py:737} INFO - Searching for files in /opt/airflow/dags
[2025-03-22T01:31:33.033+0000] {manager.py:740} INFO - There are 0 files in /opt/airflow/dags
[2025-03-22T01:36:33.741+0000] {manager.py:737} INFO - Searching for files in /opt/airflow/dags
[2025-03-22T01:36:33.747+0000] {manager.py:740} INFO - There are 0 files in /opt/airflow/dags
[2025-03-22T01:41:34.457+0000] {manager.py:737} INFO - Searching for files in /opt/airflow/dags
[2025-03-22T01:41:34.462+0000] {manager.py:740} INFO - There are 0 files in /opt/airflow/dags
[2025-03-22T01:46:35.207+0000] {manager.py:737} INFO - Searching for files in /opt/airflow/dags
[2025-03-22T01:46:35.211+0000] {manager.py:740} INFO - There are 0 files in /opt/airflow/dags
[2025-03-22T01:51:35.937+0000] {manager.py:737} INFO - Searching for files in /opt/airflow/dags
[2025-03-22T01:51:35.942+0000] {manager.py:740} INFO - There are 0 files in /opt/airflow/dags
[2025-03-22T01:56:36.601+0000] {manager.py:737} INFO - Searching for files in /opt/airflow/dags
[2025-03-22T01:56:36.605+0000] {manager.py:740} INFO - There are 0 files in /opt/airflow/dags
[2025-03-22T02:01:37.337+0000] {manager.py:737} INFO - Searching for files in /opt/airflow/dags
[2025-03-22T02:01:37.341+0000] {manager.py:740} INFO - There are 0 files in /opt/airflow/dags
[2025-03-22T02:06:38.069+0000] {manager.py:737} INFO - Searching for files in /opt/airflow/dags
[2025-03-22T02:06:38.072+0000] {manager.py:740} INFO - There are 0 files in /opt/airflow/dags
[2025-03-22T02:11:38.779+0000] {manager.py:737} INFO - Searching for files in /opt/airflow/dags
[2025-03-22T02:11:38.783+0000] {manager.py:740} INFO - There are 0 files in /opt/airflow/dags
[2025-03-22T02:16:39.461+0000] {manager.py:737} INFO - Searching for files in /opt/airflow/dags
[2025-03-22T02:16:39.465+0000] {manager.py:740} INFO - There are 0 files in /opt/airflow/dags
[2025-03-22T02:21:40.098+0000] {manager.py:737} INFO - Searching for files in /opt/airflow/dags
[2025-03-22T02:21:40.102+0000] {manager.py:740} INFO - There are 0 files in /opt/airflow/dags
[2025-03-22T02:26:40.779+0000] {manager.py:737} INFO - Searching for files in /opt/airflow/dags
[2025-03-22T02:26:40.782+0000] {manager.py:740} INFO - There are 0 files in /opt/airflow/dags
[2025-03-22T02:31:41.472+0000] {manager.py:737} INFO - Searching for files in /opt/airflow/dags
[2025-03-22T02:31:41.476+0000] {manager.py:740} INFO - There are 0 files in /opt/airflow/dags
[2025-03-22T02:36:42.170+0000] {manager.py:737} INFO - Searching for files in /opt/airflow/dags
[2025-03-22T02:36:42.173+0000] {manager.py:740} INFO - There are 0 files in /opt/airflow/dags
[2025-03-22T02:41:42.861+0000] {manager.py:737} INFO - Searching for files in /opt/airflow/dags
[2025-03-22T02:41:42.865+0000] {manager.py:740} INFO - There are 0 files in /opt/airflow/dags
[2025-03-22T02:46:43.591+0000] {manager.py:737} INFO - Searching for files in /opt/airflow/dags
[2025-03-22T02:46:43.594+0000] {manager.py:740} INFO - There are 0 files in /opt/airflow/dags
[2025-03-22T02:51:44.333+0000] {manager.py:737} INFO - Searching for files in /opt/airflow/dags
[2025-03-22T02:51:44.338+0000] {manager.py:740} INFO - There are 0 files in /opt/airflow/dags
[2025-03-22T02:56:45.020+0000] {manager.py:737} INFO - Searching for files in /opt/airflow/dags
[2025-03-22T02:56:45.024+0000] {manager.py:740} INFO - There are 0 files in /opt/airflow/dags
[2025-03-22T03:01:45.723+0000] {manager.py:737} INFO - Searching for files in /opt/airflow/dags
[2025-03-22T03:01:45.726+0000] {manager.py:740} INFO - There are 0 files in /opt/airflow/dags
[2025-03-22T03:06:46.435+0000] {manager.py:737} INFO - Searching for files in /opt/airflow/dags
[2025-03-22T03:06:46.438+0000] {manager.py:740} INFO - There are 0 files in /opt/airflow/dags
[2025-03-22T03:11:47.187+0000] {manager.py:737} INFO - Searching for files in /opt/airflow/dags
[2025-03-22T03:11:47.191+0000] {manager.py:740} INFO - There are 0 files in /opt/airflow/dags
[2025-03-22T03:16:47.862+0000] {manager.py:737} INFO - Searching for files in /opt/airflow/dags
[2025-03-22T03:16:47.865+0000] {manager.py:740} INFO - There are 0 files in /opt/airflow/dags
[2025-03-22T03:21:48.566+0000] {manager.py:737} INFO - Searching for files in /opt/airflow/dags
[2025-03-22T03:21:48.569+0000] {manager.py:740} INFO - There are 0 files in /opt/airflow/dags
[2025-03-22T03:26:49.249+0000] {manager.py:737} INFO - Searching for files in /opt/airflow/dags
[2025-03-22T03:26:49.252+0000] {manager.py:740} INFO - There are 0 files in /opt/airflow/dags
[2025-03-22T03:31:49.947+0000] {manager.py:737} INFO - Searching for files in /opt/airflow/dags
[2025-03-22T03:31:49.951+0000] {manager.py:740} INFO - There are 0 files in /opt/airflow/dags
[2025-03-22T03:36:50.641+0000] {manager.py:737} INFO - Searching for files in /opt/airflow/dags
[2025-03-22T03:36:50.644+0000] {manager.py:740} INFO - There are 0 files in /opt/airflow/dags
[2025-03-22T03:41:51.336+0000] {manager.py:737} INFO - Searching for files in /opt/airflow/dags
[2025-03-22T03:41:51.339+0000] {manager.py:740} INFO - There are 0 files in /opt/airflow/dags
[2025-03-22T03:46:52.033+0000] {manager.py:737} INFO - Searching for files in /opt/airflow/dags
[2025-03-22T03:46:52.036+0000] {manager.py:740} INFO - There are 0 files in /opt/airflow/dags
[2025-03-22T03:51:52.737+0000] {manager.py:737} INFO - Searching for files in /opt/airflow/dags
[2025-03-22T03:51:52.739+0000] {manager.py:740} INFO - There are 0 files in /opt/airflow/dags
[2025-03-22T03:56:53.439+0000] {manager.py:737} INFO - Searching for files in /opt/airflow/dags
[2025-03-22T03:56:53.447+0000] {manager.py:740} INFO - There are 0 files in /opt/airflow/dags
[2025-03-22T04:01:54.138+0000] {manager.py:737} INFO - Searching for files in /opt/airflow/dags
[2025-03-22T04:01:54.141+0000] {manager.py:740} INFO - There are 0 files in /opt/airflow/dags
[2025-03-22T04:06:54.826+0000] {manager.py:737} INFO - Searching for files in /opt/airflow/dags
[2025-03-22T04:06:54.834+0000] {manager.py:740} INFO - There are 0 files in /opt/airflow/dags
[2025-03-22T04:11:55.533+0000] {manager.py:737} INFO - Searching for files in /opt/airflow/dags
[2025-03-22T04:11:55.536+0000] {manager.py:740} INFO - There are 0 files in /opt/airflow/dags
[2025-03-22T04:16:56.246+0000] {manager.py:737} INFO - Searching for files in /opt/airflow/dags
[2025-03-22T04:16:56.250+0000] {manager.py:740} INFO - There are 0 files in /opt/airflow/dags
[2025-03-22T04:21:56.961+0000] {manager.py:737} INFO - Searching for files in /opt/airflow/dags
[2025-03-22T04:21:56.966+0000] {manager.py:740} INFO - There are 0 files in /opt/airflow/dags
[2025-03-22T04:26:57.682+0000] {manager.py:737} INFO - Searching for files in /opt/airflow/dags
[2025-03-22T04:26:57.685+0000] {manager.py:740} INFO - There are 0 files in /opt/airflow/dags
[2025-03-22T04:31:58.401+0000] {manager.py:737} INFO - Searching for files in /opt/airflow/dags
[2025-03-22T04:31:58.404+0000] {manager.py:740} INFO - There are 0 files in /opt/airflow/dags
[2025-03-22T04:36:59.087+0000] {manager.py:737} INFO - Searching for files in /opt/airflow/dags
[2025-03-22T04:36:59.092+0000] {manager.py:740} INFO - There are 0 files in /opt/airflow/dags
[2025-03-22T04:41:59.777+0000] {manager.py:737} INFO - Searching for files in /opt/airflow/dags
[2025-03-22T04:41:59.780+0000] {manager.py:740} INFO - There are 0 files in /opt/airflow/dags
[2025-03-22T04:47:00.491+0000] {manager.py:737} INFO - Searching for files in /opt/airflow/dags
[2025-03-22T04:47:00.494+0000] {manager.py:740} INFO - There are 0 files in /opt/airflow/dags
[2025-03-22T04:52:01.183+0000] {manager.py:737} INFO - Searching for files in /opt/airflow/dags
[2025-03-22T04:52:01.186+0000] {manager.py:740} INFO - There are 0 files in /opt/airflow/dags
[2025-03-22T04:57:01.893+0000] {manager.py:737} INFO - Searching for files in /opt/airflow/dags
[2025-03-22T04:57:01.896+0000] {manager.py:740} INFO - There are 0 files in /opt/airflow/dags
[2025-03-22T05:02:02.599+0000] {manager.py:737} INFO - Searching for files in /opt/airflow/dags
[2025-03-22T05:02:02.602+0000] {manager.py:740} INFO - There are 0 files in /opt/airflow/dags
[2025-03-22T05:07:03.298+0000] {manager.py:737} INFO - Searching for files in /opt/airflow/dags
[2025-03-22T05:07:03.306+0000] {manager.py:740} INFO - There are 0 files in /opt/airflow/dags
[2025-03-22T05:12:04.030+0000] {manager.py:737} INFO - Searching for files in /opt/airflow/dags
[2025-03-22T05:12:04.035+0000] {manager.py:740} INFO - There are 0 files in /opt/airflow/dags
[2025-03-22T05:17:04.731+0000] {manager.py:737} INFO - Searching for files in /opt/airflow/dags
[2025-03-22T05:17:04.734+0000] {manager.py:740} INFO - There are 0 files in /opt/airflow/dags
[2025-03-22T05:22:05.407+0000] {manager.py:737} INFO - Searching for files in /opt/airflow/dags
[2025-03-22T05:22:05.411+0000] {manager.py:740} INFO - There are 0 files in /opt/airflow/dags
[2025-03-22T05:27:06.122+0000] {manager.py:737} INFO - Searching for files in /opt/airflow/dags
[2025-03-22T05:27:06.126+0000] {manager.py:740} INFO - There are 0 files in /opt/airflow/dags
[2025-03-22T05:32:06.830+0000] {manager.py:737} INFO - Searching for files in /opt/airflow/dags
[2025-03-22T05:32:06.833+0000] {manager.py:740} INFO - There are 0 files in /opt/airflow/dags
[2025-03-22T05:37:07.548+0000] {manager.py:737} INFO - Searching for files in /opt/airflow/dags
[2025-03-22T05:37:07.552+0000] {manager.py:740} INFO - There are 0 files in /opt/airflow/dags
[2025-03-22T05:42:08.252+0000] {manager.py:737} INFO - Searching for files in /opt/airflow/dags
[2025-03-22T05:42:08.256+0000] {manager.py:740} INFO - There are 0 files in /opt/airflow/dags
[2025-03-22T05:47:08.965+0000] {manager.py:737} INFO - Searching for files in /opt/airflow/dags
[2025-03-22T05:47:08.970+0000] {manager.py:740} INFO - There are 0 files in /opt/airflow/dags
[2025-03-22T05:52:09.643+0000] {manager.py:737} INFO - Searching for files in /opt/airflow/dags
[2025-03-22T05:52:09.646+0000] {manager.py:740} INFO - There are 0 files in /opt/airflow/dags
[2025-03-22T05:57:10.301+0000] {manager.py:737} INFO - Searching for files in /opt/airflow/dags
[2025-03-22T05:57:10.308+0000] {manager.py:740} INFO - There are 0 files in /opt/airflow/dags
[2025-03-22T06:02:11.011+0000] {manager.py:737} INFO - Searching for files in /opt/airflow/dags
[2025-03-22T06:02:11.014+0000] {manager.py:740} INFO - There are 0 files in /opt/airflow/dags
[2025-03-22T06:07:11.728+0000] {manager.py:737} INFO - Searching for files in /opt/airflow/dags
[2025-03-22T06:07:11.731+0000] {manager.py:740} INFO - There are 0 files in /opt/airflow/dags
[2025-03-22T06:12:12.443+0000] {manager.py:737} INFO - Searching for files in /opt/airflow/dags
[2025-03-22T06:12:12.446+0000] {manager.py:740} INFO - There are 0 files in /opt/airflow/dags
[2025-03-22T06:17:13.198+0000] {manager.py:737} INFO - Searching for files in /opt/airflow/dags
[2025-03-22T06:17:13.202+0000] {manager.py:740} INFO - There are 0 files in /opt/airflow/dags
[2025-03-22T06:22:13.988+0000] {manager.py:737} INFO - Searching for files in /opt/airflow/dags
[2025-03-22T06:22:13.992+0000] {manager.py:740} INFO - There are 0 files in /opt/airflow/dags
[2025-03-22T06:27:14.697+0000] {manager.py:737} INFO - Searching for files in /opt/airflow/dags
[2025-03-22T06:27:14.702+0000] {manager.py:740} INFO - There are 0 files in /opt/airflow/dags
[2025-03-22T06:32:15.392+0000] {manager.py:737} INFO - Searching for files in /opt/airflow/dags
[2025-03-22T06:32:15.397+0000] {manager.py:740} INFO - There are 0 files in /opt/airflow/dags
[2025-03-22T06:37:16.121+0000] {manager.py:737} INFO - Searching for files in /opt/airflow/dags
[2025-03-22T06:37:16.124+0000] {manager.py:740} INFO - There are 0 files in /opt/airflow/dags
[2025-03-22T06:42:16.845+0000] {manager.py:737} INFO - Searching for files in /opt/airflow/dags
[2025-03-22T06:42:16.848+0000] {manager.py:740} INFO - There are 0 files in /opt/airflow/dags
[2025-03-22T06:47:17.543+0000] {manager.py:737} INFO - Searching for files in /opt/airflow/dags
[2025-03-22T06:47:17.547+0000] {manager.py:740} INFO - There are 0 files in /opt/airflow/dags
[2025-03-22T06:52:18.269+0000] {manager.py:737} INFO - Searching for files in /opt/airflow/dags
[2025-03-22T06:52:18.272+0000] {manager.py:740} INFO - There are 0 files in /opt/airflow/dags
[2025-03-22T06:57:18.983+0000] {manager.py:737} INFO - Searching for files in /opt/airflow/dags
[2025-03-22T06:57:18.986+0000] {manager.py:740} INFO - There are 0 files in /opt/airflow/dags
[2025-03-22T07:02:19.693+0000] {manager.py:737} INFO - Searching for files in /opt/airflow/dags
[2025-03-22T07:02:19.698+0000] {manager.py:740} INFO - There are 0 files in /opt/airflow/dags
[2025-03-22T07:07:20.395+0000] {manager.py:737} INFO - Searching for files in /opt/airflow/dags
[2025-03-22T07:07:20.399+0000] {manager.py:740} INFO - There are 0 files in /opt/airflow/dags
[2025-03-22T07:12:21.083+0000] {manager.py:737} INFO - Searching for files in /opt/airflow/dags
[2025-03-22T07:12:21.086+0000] {manager.py:740} INFO - There are 0 files in /opt/airflow/dags
[2025-03-22T07:17:21.800+0000] {manager.py:737} INFO - Searching for files in /opt/airflow/dags
[2025-03-22T07:17:21.804+0000] {manager.py:740} INFO - There are 0 files in /opt/airflow/dags
[2025-03-22T07:22:22.487+0000] {manager.py:737} INFO - Searching for files in /opt/airflow/dags
[2025-03-22T07:22:22.491+0000] {manager.py:740} INFO - There are 0 files in /opt/airflow/dags
[2025-03-22T07:27:23.182+0000] {manager.py:737} INFO - Searching for files in /opt/airflow/dags
[2025-03-22T07:27:23.185+0000] {manager.py:740} INFO - There are 0 files in /opt/airflow/dags
[2025-03-22T07:32:23.903+0000] {manager.py:737} INFO - Searching for files in /opt/airflow/dags
[2025-03-22T07:32:23.907+0000] {manager.py:740} INFO - There are 0 files in /opt/airflow/dags
[2025-03-22T07:37:24.624+0000] {manager.py:737} INFO - Searching for files in /opt/airflow/dags
[2025-03-22T07:37:24.629+0000] {manager.py:740} INFO - There are 0 files in /opt/airflow/dags
[2025-03-22T07:42:25.341+0000] {manager.py:737} INFO - Searching for files in /opt/airflow/dags
[2025-03-22T07:42:25.346+0000] {manager.py:740} INFO - There are 0 files in /opt/airflow/dags
[2025-03-22T07:47:26.087+0000] {manager.py:737} INFO - Searching for files in /opt/airflow/dags
[2025-03-22T07:47:26.090+0000] {manager.py:740} INFO - There are 0 files in /opt/airflow/dags
[2025-03-22T07:52:26.800+0000] {manager.py:737} INFO - Searching for files in /opt/airflow/dags
[2025-03-22T07:52:26.804+0000] {manager.py:740} INFO - There are 0 files in /opt/airflow/dags
[2025-03-22T07:57:27.493+0000] {manager.py:737} INFO - Searching for files in /opt/airflow/dags
[2025-03-22T07:57:27.496+0000] {manager.py:740} INFO - There are 0 files in /opt/airflow/dags
[2025-03-22T08:02:28.191+0000] {manager.py:737} INFO - Searching for files in /opt/airflow/dags
[2025-03-22T08:02:28.194+0000] {manager.py:740} INFO - There are 0 files in /opt/airflow/dags
[2025-03-22T08:07:28.888+0000] {manager.py:737} INFO - Searching for files in /opt/airflow/dags
[2025-03-22T08:07:28.891+0000] {manager.py:740} INFO - There are 0 files in /opt/airflow/dags
[2025-03-22T08:12:29.588+0000] {manager.py:737} INFO - Searching for files in /opt/airflow/dags
[2025-03-22T08:12:29.592+0000] {manager.py:740} INFO - There are 0 files in /opt/airflow/dags
[2025-03-22T08:17:30.303+0000] {manager.py:737} INFO - Searching for files in /opt/airflow/dags
[2025-03-22T08:17:30.306+0000] {manager.py:740} INFO - There are 0 files in /opt/airflow/dags
[2025-03-22T08:22:31.039+0000] {manager.py:737} INFO - Searching for files in /opt/airflow/dags
[2025-03-22T08:22:31.042+0000] {manager.py:740} INFO - There are 0 files in /opt/airflow/dags
[2025-03-22T08:27:31.747+0000] {manager.py:737} INFO - Searching for files in /opt/airflow/dags
[2025-03-22T08:27:31.751+0000] {manager.py:740} INFO - There are 0 files in /opt/airflow/dags
[2025-03-22T08:32:32.470+0000] {manager.py:737} INFO - Searching for files in /opt/airflow/dags
[2025-03-22T08:32:32.473+0000] {manager.py:740} INFO - There are 0 files in /opt/airflow/dags
[2025-03-22T08:37:33.174+0000] {manager.py:737} INFO - Searching for files in /opt/airflow/dags
[2025-03-22T08:37:33.180+0000] {manager.py:740} INFO - There are 0 files in /opt/airflow/dags
[2025-03-22T08:42:33.898+0000] {manager.py:737} INFO - Searching for files in /opt/airflow/dags
[2025-03-22T08:42:33.902+0000] {manager.py:740} INFO - There are 0 files in /opt/airflow/dags
[2025-03-22T08:47:34.613+0000] {manager.py:737} INFO - Searching for files in /opt/airflow/dags
[2025-03-22T08:47:34.616+0000] {manager.py:740} INFO - There are 0 files in /opt/airflow/dags
[2025-03-22T08:52:35.275+0000] {manager.py:737} INFO - Searching for files in /opt/airflow/dags
[2025-03-22T08:52:35.278+0000] {manager.py:740} INFO - There are 0 files in /opt/airflow/dags
[2025-03-22T08:57:35.977+0000] {manager.py:737} INFO - Searching for files in /opt/airflow/dags
[2025-03-22T08:57:35.981+0000] {manager.py:740} INFO - There are 0 files in /opt/airflow/dags
[2025-03-22T09:02:36.726+0000] {manager.py:737} INFO - Searching for files in /opt/airflow/dags
[2025-03-22T09:02:36.731+0000] {manager.py:740} INFO - There are 0 files in /opt/airflow/dags
[2025-03-22T09:07:37.465+0000] {manager.py:737} INFO - Searching for files in /opt/airflow/dags
[2025-03-22T09:07:37.468+0000] {manager.py:740} INFO - There are 0 files in /opt/airflow/dags
[2025-03-22T09:12:38.140+0000] {manager.py:737} INFO - Searching for files in /opt/airflow/dags
[2025-03-22T09:12:38.143+0000] {manager.py:740} INFO - There are 0 files in /opt/airflow/dags
[2025-03-22T09:18:10.923+0000] {manager.py:737} INFO - Searching for files in /opt/airflow/dags
[2025-03-22T09:18:10.947+0000] {manager.py:740} INFO - There are 0 files in /opt/airflow/dags
[2025-03-22T09:23:11.722+0000] {manager.py:737} INFO - Searching for files in /opt/airflow/dags
[2025-03-22T09:23:11.725+0000] {manager.py:740} INFO - There are 0 files in /opt/airflow/dags
[2025-03-22T09:28:12.406+0000] {manager.py:737} INFO - Searching for files in /opt/airflow/dags
[2025-03-22T09:28:12.409+0000] {manager.py:740} INFO - There are 0 files in /opt/airflow/dags
[2025-03-22T09:33:13.007+0000] {manager.py:737} INFO - Searching for files in /opt/airflow/dags
[2025-03-22T09:33:13.010+0000] {manager.py:740} INFO - There are 0 files in /opt/airflow/dags
[2025-03-22T09:38:13.668+0000] {manager.py:737} INFO - Searching for files in /opt/airflow/dags
[2025-03-22T09:38:13.671+0000] {manager.py:740} INFO - There are 0 files in /opt/airflow/dags
[2025-03-22T09:43:14.194+0000] {manager.py:737} INFO - Searching for files in /opt/airflow/dags
[2025-03-22T09:43:14.198+0000] {manager.py:740} INFO - There are 0 files in /opt/airflow/dags
[2025-03-22T09:48:14.769+0000] {manager.py:737} INFO - Searching for files in /opt/airflow/dags
[2025-03-22T09:48:14.772+0000] {manager.py:740} INFO - There are 0 files in /opt/airflow/dags
[2025-03-22T09:53:15.292+0000] {manager.py:737} INFO - Searching for files in /opt/airflow/dags
[2025-03-22T09:53:15.295+0000] {manager.py:740} INFO - There are 0 files in /opt/airflow/dags
[2025-03-22T09:58:15.776+0000] {manager.py:737} INFO - Searching for files in /opt/airflow/dags
[2025-03-22T09:58:15.782+0000] {manager.py:740} INFO - There are 0 files in /opt/airflow/dags
[2025-03-22T10:03:16.341+0000] {manager.py:737} INFO - Searching for files in /opt/airflow/dags
[2025-03-22T10:03:16.344+0000] {manager.py:740} INFO - There are 0 files in /opt/airflow/dags
[2025-03-22T10:08:16.873+0000] {manager.py:737} INFO - Searching for files in /opt/airflow/dags
[2025-03-22T10:08:16.876+0000] {manager.py:740} INFO - There are 0 files in /opt/airflow/dags
[2025-03-22T10:13:17.378+0000] {manager.py:737} INFO - Searching for files in /opt/airflow/dags
[2025-03-22T10:13:17.381+0000] {manager.py:740} INFO - There are 0 files in /opt/airflow/dags
[2025-03-22T10:18:17.904+0000] {manager.py:737} INFO - Searching for files in /opt/airflow/dags
[2025-03-22T10:18:17.908+0000] {manager.py:740} INFO - There are 0 files in /opt/airflow/dags
[2025-03-22T10:23:18.483+0000] {manager.py:737} INFO - Searching for files in /opt/airflow/dags
[2025-03-22T10:23:18.487+0000] {manager.py:740} INFO - There are 0 files in /opt/airflow/dags
[2025-03-22T10:28:19.056+0000] {manager.py:737} INFO - Searching for files in /opt/airflow/dags
[2025-03-22T10:28:19.060+0000] {manager.py:740} INFO - There are 0 files in /opt/airflow/dags
[2025-03-22T10:33:19.604+0000] {manager.py:737} INFO - Searching for files in /opt/airflow/dags
[2025-03-22T10:33:19.607+0000] {manager.py:740} INFO - There are 0 files in /opt/airflow/dags
[2025-03-22T10:38:20.273+0000] {manager.py:737} INFO - Searching for files in /opt/airflow/dags
[2025-03-22T10:38:20.276+0000] {manager.py:740} INFO - There are 0 files in /opt/airflow/dags
[2025-03-22T10:43:20.797+0000] {manager.py:737} INFO - Searching for files in /opt/airflow/dags
[2025-03-22T10:43:20.800+0000] {manager.py:740} INFO - There are 0 files in /opt/airflow/dags
[2025-03-22T10:48:21.315+0000] {manager.py:737} INFO - Searching for files in /opt/airflow/dags
[2025-03-22T10:48:21.318+0000] {manager.py:740} INFO - There are 0 files in /opt/airflow/dags
[2025-03-22T10:53:21.831+0000] {manager.py:737} INFO - Searching for files in /opt/airflow/dags
[2025-03-22T10:53:21.835+0000] {manager.py:740} INFO - There are 0 files in /opt/airflow/dags
[2025-03-22T10:58:22.369+0000] {manager.py:737} INFO - Searching for files in /opt/airflow/dags
[2025-03-22T10:58:22.373+0000] {manager.py:740} INFO - There are 0 files in /opt/airflow/dags
[2025-03-22T11:03:22.900+0000] {manager.py:737} INFO - Searching for files in /opt/airflow/dags
[2025-03-22T11:03:22.903+0000] {manager.py:740} INFO - There are 0 files in /opt/airflow/dags
[2025-03-22T11:08:23.442+0000] {manager.py:737} INFO - Searching for files in /opt/airflow/dags
[2025-03-22T11:08:23.445+0000] {manager.py:740} INFO - There are 0 files in /opt/airflow/dags
[2025-03-22T11:13:24.125+0000] {manager.py:737} INFO - Searching for files in /opt/airflow/dags
[2025-03-22T11:13:24.131+0000] {manager.py:740} INFO - There are 0 files in /opt/airflow/dags
[2025-03-22T11:18:24.785+0000] {manager.py:737} INFO - Searching for files in /opt/airflow/dags
[2025-03-22T11:18:24.787+0000] {manager.py:740} INFO - There are 0 files in /opt/airflow/dags
[2025-03-22T11:23:25.346+0000] {manager.py:737} INFO - Searching for files in /opt/airflow/dags
[2025-03-22T11:23:25.349+0000] {manager.py:740} INFO - There are 0 files in /opt/airflow/dags
[2025-03-22T11:28:25.877+0000] {manager.py:737} INFO - Searching for files in /opt/airflow/dags
[2025-03-22T11:28:25.879+0000] {manager.py:740} INFO - There are 0 files in /opt/airflow/dags
[2025-03-22T11:33:26.553+0000] {manager.py:737} INFO - Searching for files in /opt/airflow/dags
[2025-03-22T11:33:26.556+0000] {manager.py:740} INFO - There are 0 files in /opt/airflow/dags
[2025-03-22T11:38:27.167+0000] {manager.py:737} INFO - Searching for files in /opt/airflow/dags
[2025-03-22T11:38:27.170+0000] {manager.py:740} INFO - There are 0 files in /opt/airflow/dags
[2025-03-22T11:43:27.702+0000] {manager.py:737} INFO - Searching for files in /opt/airflow/dags
[2025-03-22T11:43:27.706+0000] {manager.py:740} INFO - There are 0 files in /opt/airflow/dags
[2025-03-22T11:48:28.264+0000] {manager.py:737} INFO - Searching for files in /opt/airflow/dags
[2025-03-22T11:48:28.267+0000] {manager.py:740} INFO - There are 0 files in /opt/airflow/dags
[2025-03-22T11:53:28.827+0000] {manager.py:737} INFO - Searching for files in /opt/airflow/dags
[2025-03-22T11:53:28.830+0000] {manager.py:740} INFO - There are 0 files in /opt/airflow/dags
[2025-03-22T11:58:29.344+0000] {manager.py:737} INFO - Searching for files in /opt/airflow/dags
[2025-03-22T11:58:29.354+0000] {manager.py:740} INFO - There are 0 files in /opt/airflow/dags
[2025-03-22T12:03:29.850+0000] {manager.py:737} INFO - Searching for files in /opt/airflow/dags
[2025-03-22T12:03:29.853+0000] {manager.py:740} INFO - There are 0 files in /opt/airflow/dags
[2025-03-22T12:08:30.428+0000] {manager.py:737} INFO - Searching for files in /opt/airflow/dags
[2025-03-22T12:08:30.431+0000] {manager.py:740} INFO - There are 0 files in /opt/airflow/dags
[2025-03-22T12:13:31.052+0000] {manager.py:737} INFO - Searching for files in /opt/airflow/dags
[2025-03-22T12:13:31.055+0000] {manager.py:740} INFO - There are 0 files in /opt/airflow/dags
[2025-03-22T12:18:31.584+0000] {manager.py:737} INFO - Searching for files in /opt/airflow/dags
[2025-03-22T12:18:31.587+0000] {manager.py:740} INFO - There are 0 files in /opt/airflow/dags
[2025-03-22T12:23:32.138+0000] {manager.py:737} INFO - Searching for files in /opt/airflow/dags
[2025-03-22T12:23:32.140+0000] {manager.py:740} INFO - There are 0 files in /opt/airflow/dags
[2025-03-22T12:28:32.766+0000] {manager.py:737} INFO - Searching for files in /opt/airflow/dags
[2025-03-22T12:28:32.768+0000] {manager.py:740} INFO - There are 0 files in /opt/airflow/dags
[2025-03-22T12:33:33.321+0000] {manager.py:737} INFO - Searching for files in /opt/airflow/dags
[2025-03-22T12:33:33.323+0000] {manager.py:740} INFO - There are 0 files in /opt/airflow/dags
[2025-03-22T12:38:33.891+0000] {manager.py:737} INFO - Searching for files in /opt/airflow/dags
[2025-03-22T12:38:33.893+0000] {manager.py:740} INFO - There are 0 files in /opt/airflow/dags
[2025-03-22T12:43:34.434+0000] {manager.py:737} INFO - Searching for files in /opt/airflow/dags
[2025-03-22T12:43:34.442+0000] {manager.py:740} INFO - There are 0 files in /opt/airflow/dags
[2025-03-22T12:48:35.070+0000] {manager.py:737} INFO - Searching for files in /opt/airflow/dags
[2025-03-22T12:48:35.074+0000] {manager.py:740} INFO - There are 0 files in /opt/airflow/dags
[2025-03-22T12:53:35.642+0000] {manager.py:737} INFO - Searching for files in /opt/airflow/dags
[2025-03-22T12:53:35.646+0000] {manager.py:740} INFO - There are 0 files in /opt/airflow/dags
[2025-03-22T12:58:36.345+0000] {manager.py:737} INFO - Searching for files in /opt/airflow/dags
[2025-03-22T12:58:36.351+0000] {manager.py:740} INFO - There are 0 files in /opt/airflow/dags
[2025-03-22T13:03:36.988+0000] {manager.py:737} INFO - Searching for files in /opt/airflow/dags
[2025-03-22T13:03:36.991+0000] {manager.py:740} INFO - There are 0 files in /opt/airflow/dags
[2025-03-22T13:08:37.595+0000] {manager.py:737} INFO - Searching for files in /opt/airflow/dags
[2025-03-22T13:08:37.597+0000] {manager.py:740} INFO - There are 0 files in /opt/airflow/dags
[2025-03-22T13:13:38.153+0000] {manager.py:737} INFO - Searching for files in /opt/airflow/dags
[2025-03-22T13:13:38.156+0000] {manager.py:740} INFO - There are 0 files in /opt/airflow/dags
[2025-03-22T13:18:38.717+0000] {manager.py:737} INFO - Searching for files in /opt/airflow/dags
[2025-03-22T13:18:38.720+0000] {manager.py:740} INFO - There are 0 files in /opt/airflow/dags
[2025-03-22T13:23:39.326+0000] {manager.py:737} INFO - Searching for files in /opt/airflow/dags
[2025-03-22T13:23:39.328+0000] {manager.py:740} INFO - There are 0 files in /opt/airflow/dags
