[2025-05-10T03:43:36.327+0000] {local_task_job_runner.py:120} INFO - ::group::Pre task execution logs
[2025-05-10T03:43:36.426+0000] {taskinstance.py:2073} INFO - Dependencies all met for dep_context=non-requeueable deps ti=<TaskInstance: get_price_btc_price_by_day.get_data manual__2025-05-10T03:43:33.355348+00:00 [queued]>
[2025-05-10T03:43:36.443+0000] {taskinstance.py:2073} INFO - Dependencies all met for dep_context=requeueable deps ti=<TaskInstance: get_price_btc_price_by_day.get_data manual__2025-05-10T03:43:33.355348+00:00 [queued]>
[2025-05-10T03:43:36.444+0000] {taskinstance.py:2303} INFO - Starting attempt 1 of 1
[2025-05-10T03:43:36.473+0000] {taskinstance.py:2327} INFO - Executing <Task(_PythonDecoratedOperator): get_data> on 2025-05-10 03:43:33.355348+00:00
[2025-05-10T03:43:36.486+0000] {warnings.py:110} WARNING - /home/airflow/.local/lib/python3.12/site-packages/airflow/task/task_runner/standard_task_runner.py:61: DeprecationWarning: This process (pid=85) is multi-threaded, use of fork() may lead to deadlocks in the child.
  pid = os.fork()

[2025-05-10T03:43:36.488+0000] {standard_task_runner.py:63} INFO - Started process 90 to run task
[2025-05-10T03:43:36.492+0000] {standard_task_runner.py:90} INFO - Running: ['airflow', 'tasks', 'run', 'get_price_btc_price_by_day', 'get_data', 'manual__2025-05-10T03:43:33.355348+00:00', '--job-id', '26', '--raw', '--subdir', 'DAGS_FOLDER/get_price_btc_price_by_day.py', '--cfg-path', '/tmp/tmptebcm284']
[2025-05-10T03:43:36.504+0000] {standard_task_runner.py:91} INFO - Job 26: Subtask get_data
[2025-05-10T03:43:36.692+0000] {task_command.py:426} INFO - Running <TaskInstance: get_price_btc_price_by_day.get_data manual__2025-05-10T03:43:33.355348+00:00 [running]> on host 840719eb5226
[2025-05-10T03:43:36.990+0000] {taskinstance.py:2644} INFO - Exporting env vars: AIRFLOW_CTX_DAG_OWNER='airflow' AIRFLOW_CTX_DAG_ID='get_price_btc_price_by_day' AIRFLOW_CTX_TASK_ID='get_data' AIRFLOW_CTX_EXECUTION_DATE='2025-05-10T03:43:33.355348+00:00' AIRFLOW_CTX_TRY_NUMBER='1' AIRFLOW_CTX_DAG_RUN_ID='manual__2025-05-10T03:43:33.355348+00:00'
[2025-05-10T03:43:36.992+0000] {taskinstance.py:430} INFO - ::endgroup::
[2025-05-10T03:43:36.994+0000] {logging_mixin.py:188} INFO - Данные за период с 2025-05-08 21:00:00+00:00 по 2025-05-09 21:00:00+00:00
[2025-05-10T03:43:37.378+0000] {logging_mixin.py:188} INFO - {'symbol': 'BTCUSDT', 'lastPrice': '103126.80', 'indexPrice': '103157.20', 'markPrice': '103127.14', 'prevPrice24h': '102354.80', 'price24hPcnt': '0.007542', 'highPrice24h': '104330.10', 'lowPrice24h': '102264.10', 'prevPrice1h': '103169.40', 'openInterest': '46828.976', 'openInterestValue': '4829338364.01', 'turnover24h': '8321086271.1123', 'volume24h': '80745.0520', 'fundingRate': '0.0001', 'nextFundingTime': '1746864000000', 'predictedDeliveryPrice': '', 'basisRate': '', 'deliveryFeeRate': '', 'deliveryTime': '0', 'ask1Size': '7.517', 'bid1Price': '103126.80', 'ask1Price': '103126.90', 'bid1Size': '3.276', 'basis': '', 'preOpenPrice': '', 'preQty': '', 'curPreListingPhase': ''}
[2025-05-10T03:43:37.380+0000] {python.py:237} INFO - Done. Returned value was: {'data_interval_start': DateTime(2025, 5, 8, 21, 0, 0, tzinfo=Timezone('UTC')), 'data_interval_end': DateTime(2025, 5, 9, 21, 0, 0, tzinfo=Timezone('UTC')), 'last_price': 103126.8, 'volume_24h': 80745.052, 'high_price_24h': 104330.1, 'low_price_24h': 102264.1, 'bid_price': 103126.8, 'ask_price': 103126.9, 'open_interest': 46828.976}
[2025-05-10T03:43:37.381+0000] {taskinstance.py:441} INFO - ::group::Post task execution logs
[2025-05-10T03:43:37.443+0000] {taskinstance.py:1205} INFO - Marking task as SUCCESS. dag_id=get_price_btc_price_by_day, task_id=get_data, execution_date=20250510T034333, start_date=20250510T034336, end_date=20250510T034337
[2025-05-10T03:43:37.496+0000] {local_task_job_runner.py:240} INFO - Task exited with return code 0
[2025-05-10T03:43:37.547+0000] {taskinstance.py:3482} INFO - 0 downstream tasks scheduled from follow-on schedule check
[2025-05-10T03:43:37.555+0000] {local_task_job_runner.py:222} INFO - ::endgroup::
