[2026-02-24T23:50:51.684+0000] {local_task_job_runner.py:120} INFO - ::group::Pre task execution logs
[2026-02-24T23:50:51.725+0000] {taskinstance.py:2073} INFO - Dependencies all met for dep_context=non-requeueable deps ti=<TaskInstance: tutorial_4_my_turn.prepare_data manual__2026-02-24T23:50:49.331395+00:00 [queued]>
[2026-02-24T23:50:51.736+0000] {taskinstance.py:2073} INFO - Dependencies all met for dep_context=requeueable deps ti=<TaskInstance: tutorial_4_my_turn.prepare_data manual__2026-02-24T23:50:49.331395+00:00 [queued]>
[2026-02-24T23:50:51.737+0000] {taskinstance.py:2303} INFO - Starting attempt 1 of 1
[2026-02-24T23:50:51.758+0000] {taskinstance.py:2327} INFO - Executing <Task(_PythonDecoratedOperator): prepare_data> on 2026-02-24 23:50:49.331395+00:00
[2026-02-24T23:50:51.770+0000] {warnings.py:110} WARNING - /home/***/.local/lib/python3.12/site-packages/***/task/task_runner/standard_task_runner.py:61: DeprecationWarning: This process (pid=43) is multi-threaded, use of fork() may lead to deadlocks in the child.
  pid = os.fork()

[2026-02-24T23:50:51.774+0000] {standard_task_runner.py:63} INFO - Started process 44 to run task
[2026-02-24T23:50:51.774+0000] {standard_task_runner.py:90} INFO - Running: ['***', 'tasks', 'run', 'tutorial_4_my_turn', 'prepare_data', 'manual__2026-02-24T23:50:49.331395+00:00', '--job-id', '31', '--raw', '--subdir', 'DAGS_FOLDER/tutorial_4_my_turn.py', '--cfg-path', '/tmp/tmp6uqntrc3']
[2026-02-24T23:50:51.778+0000] {standard_task_runner.py:91} INFO - Job 31: Subtask prepare_data
[2026-02-24T23:50:51.874+0000] {task_command.py:426} INFO - Running <TaskInstance: tutorial_4_my_turn.prepare_data manual__2026-02-24T23:50:49.331395+00:00 [running]> on host 7a6f533eea10
[2026-02-24T23:50:52.043+0000] {taskinstance.py:2644} INFO - Exporting env vars: AIRFLOW_CTX_DAG_OWNER='***' AIRFLOW_CTX_DAG_ID='tutorial_4_my_turn' AIRFLOW_CTX_TASK_ID='prepare_data' AIRFLOW_CTX_EXECUTION_DATE='2026-02-24T23:50:49.331395+00:00' AIRFLOW_CTX_TRY_NUMBER='1' AIRFLOW_CTX_DAG_RUN_ID='manual__2026-02-24T23:50:49.331395+00:00'
[2026-02-24T23:50:52.045+0000] {taskinstance.py:430} INFO - ::endgroup::
[2026-02-24T23:50:52.046+0000] {tutorial_4_my_turn.py:24} INFO - Result: [{'name': 'Alice', 'score': 85}, {'name': 'Bob', 'score': 92}, {'name': 'Charlie', 'score': 78}]
[2026-02-24T23:50:52.046+0000] {python.py:237} INFO - Done. Returned value was: [{'name': 'Alice', 'score': 85}, {'name': 'Bob', 'score': 92}, {'name': 'Charlie', 'score': 78}]
[2026-02-24T23:50:52.046+0000] {taskinstance.py:441} INFO - ::group::Post task execution logs
[2026-02-24T23:50:52.087+0000] {taskinstance.py:1205} INFO - Marking task as SUCCESS. dag_id=tutorial_4_my_turn, task_id=prepare_data, execution_date=20260224T235049, start_date=20260224T235051, end_date=20260224T235052
[2026-02-24T23:50:52.150+0000] {local_task_job_runner.py:240} INFO - Task exited with return code 0
[2026-02-24T23:50:52.187+0000] {taskinstance.py:3482} INFO - 1 downstream tasks scheduled from follow-on schedule check
[2026-02-24T23:50:52.190+0000] {local_task_job_runner.py:222} INFO - ::endgroup::
