[2025-05-11T09:49:02.085+0000] {local_task_job_runner.py:120} INFO - ::group::Pre task execution logs
[2025-05-11T09:49:02.139+0000] {taskinstance.py:2073} INFO - Dependencies all met for dep_context=non-requeueable deps ti=<TaskInstance: get_price_btc_price_by_day.get_data manual__2025-05-11T09:49:00.339892+00:00 [queued]>
[2025-05-11T09:49:02.157+0000] {taskinstance.py:2073} INFO - Dependencies all met for dep_context=requeueable deps ti=<TaskInstance: get_price_btc_price_by_day.get_data manual__2025-05-11T09:49:00.339892+00:00 [queued]>
[2025-05-11T09:49:02.158+0000] {taskinstance.py:2303} INFO - Starting attempt 1 of 1
[2025-05-11T09:49:02.188+0000] {taskinstance.py:2327} INFO - Executing <Task(_PythonDecoratedOperator): get_data> on 2025-05-11 09:49:00.339892+00:00
[2025-05-11T09:49:02.197+0000] {warnings.py:110} WARNING - /home/airflow/.local/lib/python3.12/site-packages/airflow/task/task_runner/standard_task_runner.py:61: DeprecationWarning: This process (pid=156) is multi-threaded, use of fork() may lead to deadlocks in the child.
  pid = os.fork()

[2025-05-11T09:49:02.199+0000] {standard_task_runner.py:63} INFO - Started process 157 to run task
[2025-05-11T09:49:02.200+0000] {standard_task_runner.py:90} INFO - Running: ['airflow', 'tasks', 'run', 'get_price_btc_price_by_day', 'get_data', 'manual__2025-05-11T09:49:00.339892+00:00', '--job-id', '60', '--raw', '--subdir', 'DAGS_FOLDER/get_price_btc_price_by_day.py', '--cfg-path', '/tmp/tmpxx15p_gx']
[2025-05-11T09:49:02.204+0000] {standard_task_runner.py:91} INFO - Job 60: Subtask get_data
[2025-05-11T09:49:02.312+0000] {task_command.py:426} INFO - Running <TaskInstance: get_price_btc_price_by_day.get_data manual__2025-05-11T09:49:00.339892+00:00 [running]> on host 840719eb5226
[2025-05-11T09:49:02.584+0000] {taskinstance.py:2644} INFO - Exporting env vars: AIRFLOW_CTX_DAG_OWNER='airflow' AIRFLOW_CTX_DAG_ID='get_price_btc_price_by_day' AIRFLOW_CTX_TASK_ID='get_data' AIRFLOW_CTX_EXECUTION_DATE='2025-05-11T09:49:00.339892+00:00' AIRFLOW_CTX_TRY_NUMBER='1' AIRFLOW_CTX_DAG_RUN_ID='manual__2025-05-11T09:49:00.339892+00:00'
[2025-05-11T09:49:02.585+0000] {taskinstance.py:430} INFO - ::endgroup::
[2025-05-11T09:49:02.587+0000] {logging_mixin.py:188} INFO - Данные за период с 2025-05-09 21:00:00+00:00 по 2025-05-10 21:00:00+00:00
[2025-05-11T09:49:03.056+0000] {logging_mixin.py:188} INFO - {'symbol': 'BTCUSDT', 'lastPrice': '104306.40', 'indexPrice': '104329.40', 'markPrice': '104306.40', 'prevPrice24h': '103770.00', 'price24hPcnt': '0.005169', 'highPrice24h': '104986.70', 'lowPrice24h': '102880.00', 'prevPrice1h': '103783.40', 'openInterest': '47416.134', 'openInterestValue': '4945806239.46', 'turnover24h': '5980892767.3873', 'volume24h': '57577.7970', 'fundingRate': '0.0001', 'nextFundingTime': '1746979200000', 'predictedDeliveryPrice': '', 'basisRate': '', 'deliveryFeeRate': '', 'deliveryTime': '0', 'ask1Size': '9.299', 'bid1Price': '104306.30', 'ask1Price': '104306.40', 'bid1Size': '1.451', 'basis': '', 'preOpenPrice': '', 'preQty': '', 'curPreListingPhase': ''}
[2025-05-11T09:49:03.059+0000] {python.py:237} INFO - Done. Returned value was: {'data_interval_start': DateTime(2025, 5, 9, 21, 0, 0, tzinfo=Timezone('UTC')), 'data_interval_end': DateTime(2025, 5, 10, 21, 0, 0, tzinfo=Timezone('UTC')), 'last_price': 104306.4, 'volume_24h': 57577.797, 'high_price_24h': 104986.7, 'low_price_24h': 102880.0, 'bid_price': 104306.3, 'ask_price': 104306.4, 'open_interest': 47416.134}
[2025-05-11T09:49:03.060+0000] {taskinstance.py:441} INFO - ::group::Post task execution logs
[2025-05-11T09:49:03.267+0000] {taskinstance.py:1205} INFO - Marking task as SUCCESS. dag_id=get_price_btc_price_by_day, task_id=get_data, execution_date=20250511T094900, start_date=20250511T094902, end_date=20250511T094903
[2025-05-11T09:49:03.379+0000] {local_task_job_runner.py:240} INFO - Task exited with return code 0
[2025-05-11T09:49:03.497+0000] {taskinstance.py:3482} INFO - 1 downstream tasks scheduled from follow-on schedule check
[2025-05-11T09:49:03.511+0000] {local_task_job_runner.py:222} INFO - ::endgroup::
