[2025-05-11T10:44:08.487+0000] {local_task_job_runner.py:120} INFO - ::group::Pre task execution logs
[2025-05-11T10:44:08.597+0000] {taskinstance.py:2073} INFO - Dependencies all met for dep_context=non-requeueable deps ti=<TaskInstance: get_price_btc_price_by_day.get_data manual__2025-05-10T03:58:30.852756+00:00 [queued]>
[2025-05-11T10:44:08.625+0000] {taskinstance.py:2073} INFO - Dependencies all met for dep_context=requeueable deps ti=<TaskInstance: get_price_btc_price_by_day.get_data manual__2025-05-10T03:58:30.852756+00:00 [queued]>
[2025-05-11T10:44:08.625+0000] {taskinstance.py:2303} INFO - Starting attempt 3 of 3
[2025-05-11T10:44:08.719+0000] {taskinstance.py:2327} INFO - Executing <Task(_PythonDecoratedOperator): get_data> on 2025-05-10 03:58:30.852756+00:00
[2025-05-11T10:44:08.733+0000] {warnings.py:110} WARNING - /home/airflow/.local/lib/python3.12/site-packages/airflow/task/task_runner/standard_task_runner.py:61: DeprecationWarning: This process (pid=177) is multi-threaded, use of fork() may lead to deadlocks in the child.
  pid = os.fork()

[2025-05-11T10:44:08.736+0000] {standard_task_runner.py:63} INFO - Started process 181 to run task
[2025-05-11T10:44:08.751+0000] {standard_task_runner.py:90} INFO - Running: ['airflow', 'tasks', 'run', 'get_price_btc_price_by_day', 'get_data', 'manual__2025-05-10T03:58:30.852756+00:00', '--job-id', '71', '--raw', '--subdir', 'DAGS_FOLDER/get_price_btc_price_by_day.py', '--cfg-path', '/tmp/tmps_fvqgb0']
[2025-05-11T10:44:08.755+0000] {standard_task_runner.py:91} INFO - Job 71: Subtask get_data
[2025-05-11T10:44:08.916+0000] {task_command.py:426} INFO - Running <TaskInstance: get_price_btc_price_by_day.get_data manual__2025-05-10T03:58:30.852756+00:00 [running]> on host 840719eb5226
[2025-05-11T10:44:09.198+0000] {taskinstance.py:2644} INFO - Exporting env vars: AIRFLOW_CTX_DAG_OWNER='airflow' AIRFLOW_CTX_DAG_ID='get_price_btc_price_by_day' AIRFLOW_CTX_TASK_ID='get_data' AIRFLOW_CTX_EXECUTION_DATE='2025-05-10T03:58:30.852756+00:00' AIRFLOW_CTX_TRY_NUMBER='3' AIRFLOW_CTX_DAG_RUN_ID='manual__2025-05-10T03:58:30.852756+00:00'
[2025-05-11T10:44:09.200+0000] {taskinstance.py:430} INFO - ::endgroup::
[2025-05-11T10:44:09.202+0000] {logging_mixin.py:188} INFO - Данные за период с 2025-05-08 21:00:00+00:00 по 2025-05-09 21:00:00+00:00
[2025-05-11T10:44:09.684+0000] {logging_mixin.py:188} INFO - {'symbol': 'BTCUSDT', 'lastPrice': '104334.80', 'indexPrice': '104376.51', 'markPrice': '104334.70', 'prevPrice24h': '103686.10', 'price24hPcnt': '0.006256', 'highPrice24h': '104986.70', 'lowPrice24h': '102880.00', 'prevPrice1h': '104220.00', 'openInterest': '47602.501', 'openInterestValue': '4966592661.08', 'turnover24h': '6071239682.1346', 'volume24h': '58437.9120', 'fundingRate': '0.0001', 'nextFundingTime': '1746979200000', 'predictedDeliveryPrice': '', 'basisRate': '', 'deliveryFeeRate': '', 'deliveryTime': '0', 'ask1Size': '5.616', 'bid1Price': '104334.70', 'ask1Price': '104334.80', 'bid1Size': '4.359', 'basis': '', 'preOpenPrice': '', 'preQty': '', 'curPreListingPhase': ''}
[2025-05-11T10:44:09.691+0000] {python.py:237} INFO - Done. Returned value was: {'data_interval_start': DateTime(2025, 5, 8, 21, 0, 0, tzinfo=Timezone('UTC')), 'data_interval_end': DateTime(2025, 5, 9, 21, 0, 0, tzinfo=Timezone('UTC')), 'last_price': 104334.8, 'volume_24h': 58437.912, 'high_price_24h': 104986.7, 'low_price_24h': 102880.0, 'bid_price': 104334.7, 'ask_price': 104334.8, 'open_interest': 47602.501}
[2025-05-11T10:44:09.693+0000] {taskinstance.py:441} INFO - ::group::Post task execution logs
[2025-05-11T10:44:09.785+0000] {taskinstance.py:1205} INFO - Marking task as SUCCESS. dag_id=get_price_btc_price_by_day, task_id=get_data, execution_date=20250510T035830, start_date=20250511T104408, end_date=20250511T104409
[2025-05-11T10:44:09.846+0000] {local_task_job_runner.py:240} INFO - Task exited with return code 0
[2025-05-11T10:44:09.909+0000] {taskinstance.py:3482} INFO - 1 downstream tasks scheduled from follow-on schedule check
[2025-05-11T10:44:09.911+0000] {local_task_job_runner.py:222} INFO - ::endgroup::
