[2025-05-11T12:12:18.224+0000] {local_task_job_runner.py:120} INFO - ::group::Pre task execution logs
[2025-05-11T12:12:18.270+0000] {taskinstance.py:2073} INFO - Dependencies all met for dep_context=non-requeueable deps ti=<TaskInstance: get_price_btc_price_by_day.get_data manual__2025-05-10T03:58:30.852756+00:00 [queued]>
[2025-05-11T12:12:18.285+0000] {taskinstance.py:2073} INFO - Dependencies all met for dep_context=requeueable deps ti=<TaskInstance: get_price_btc_price_by_day.get_data manual__2025-05-10T03:58:30.852756+00:00 [queued]>
[2025-05-11T12:12:18.286+0000] {taskinstance.py:2303} INFO - Starting attempt 6 of 6
[2025-05-11T12:12:18.313+0000] {taskinstance.py:2327} INFO - Executing <Task(_PythonDecoratedOperator): get_data> on 2025-05-10 03:58:30.852756+00:00
[2025-05-11T12:12:18.322+0000] {warnings.py:110} WARNING - /home/airflow/.local/lib/python3.12/site-packages/airflow/task/task_runner/standard_task_runner.py:61: DeprecationWarning: This process (pid=125) is multi-threaded, use of fork() may lead to deadlocks in the child.
  pid = os.fork()

[2025-05-11T12:12:18.325+0000] {standard_task_runner.py:63} INFO - Started process 128 to run task
[2025-05-11T12:12:18.332+0000] {standard_task_runner.py:90} INFO - Running: ['airflow', 'tasks', 'run', 'get_price_btc_price_by_day', 'get_data', 'manual__2025-05-10T03:58:30.852756+00:00', '--job-id', '128', '--raw', '--subdir', 'DAGS_FOLDER/get_price_btc_price_by_day.py', '--cfg-path', '/tmp/tmp26py22mn']
[2025-05-11T12:12:18.336+0000] {standard_task_runner.py:91} INFO - Job 128: Subtask get_data
[2025-05-11T12:12:18.444+0000] {task_command.py:426} INFO - Running <TaskInstance: get_price_btc_price_by_day.get_data manual__2025-05-10T03:58:30.852756+00:00 [running]> on host 840719eb5226
[2025-05-11T12:12:18.655+0000] {taskinstance.py:2644} INFO - Exporting env vars: AIRFLOW_CTX_DAG_OWNER='airflow' AIRFLOW_CTX_DAG_ID='get_price_btc_price_by_day' AIRFLOW_CTX_TASK_ID='get_data' AIRFLOW_CTX_EXECUTION_DATE='2025-05-10T03:58:30.852756+00:00' AIRFLOW_CTX_TRY_NUMBER='6' AIRFLOW_CTX_DAG_RUN_ID='manual__2025-05-10T03:58:30.852756+00:00'
[2025-05-11T12:12:18.657+0000] {taskinstance.py:430} INFO - ::endgroup::
[2025-05-11T12:12:18.658+0000] {logging_mixin.py:188} INFO - Данные за период с 2025-05-08 21:00:00+00:00 по 2025-05-09 21:00:00+00:00
[2025-05-11T12:12:19.036+0000] {logging_mixin.py:188} INFO - {'symbol': 'BTCUSDT', 'lastPrice': '104760.70', 'indexPrice': '104802.20', 'markPrice': '104760.80', 'prevPrice24h': '103573.20', 'price24hPcnt': '0.011465', 'highPrice24h': '104986.70', 'lowPrice24h': '102880.00', 'prevPrice1h': '104510.10', 'openInterest': '47686.426', 'openInterestValue': '4995668136.90', 'turnover24h': '6169119134.6337', 'volume24h': '59352.1960', 'fundingRate': '0.0001', 'nextFundingTime': '1746979200000', 'predictedDeliveryPrice': '', 'basisRate': '', 'deliveryFeeRate': '', 'deliveryTime': '0', 'ask1Size': '7.566', 'bid1Price': '104760.70', 'ask1Price': '104760.80', 'bid1Size': '2.764', 'basis': '', 'preOpenPrice': '', 'preQty': '', 'curPreListingPhase': ''}
[2025-05-11T12:12:19.039+0000] {python.py:237} INFO - Done. Returned value was: {'data_interval_start': DateTime(2025, 5, 8, 21, 0, 0, tzinfo=Timezone('UTC')), 'data_interval_end': DateTime(2025, 5, 9, 21, 0, 0, tzinfo=Timezone('UTC')), 'last_price': 104760.7, 'volume_24h': 59352.196, 'high_price_24h': 104986.7, 'low_price_24h': 102880.0, 'bid_price': 104760.7, 'ask_price': 104760.8, 'open_interest': 47686.426}
[2025-05-11T12:12:19.040+0000] {taskinstance.py:441} INFO - ::group::Post task execution logs
[2025-05-11T12:12:19.091+0000] {taskinstance.py:1205} INFO - Marking task as SUCCESS. dag_id=get_price_btc_price_by_day, task_id=get_data, execution_date=20250510T035830, start_date=20250511T121218, end_date=20250511T121219
[2025-05-11T12:12:19.157+0000] {local_task_job_runner.py:240} INFO - Task exited with return code 0
[2025-05-11T12:12:19.211+0000] {taskinstance.py:3482} INFO - 1 downstream tasks scheduled from follow-on schedule check
[2025-05-11T12:12:19.213+0000] {local_task_job_runner.py:222} INFO - ::endgroup::
