[2025-05-11T09:49:00.361+0000] {local_task_job_runner.py:120} INFO - ::group::Pre task execution logs
[2025-05-11T09:49:00.414+0000] {taskinstance.py:2073} INFO - Dependencies all met for dep_context=non-requeueable deps ti=<TaskInstance: get_price_btc_price_by_day.get_data manual__2025-05-10T03:58:30.852756+00:00 [queued]>
[2025-05-11T09:49:00.438+0000] {taskinstance.py:2073} INFO - Dependencies all met for dep_context=requeueable deps ti=<TaskInstance: get_price_btc_price_by_day.get_data manual__2025-05-10T03:58:30.852756+00:00 [queued]>
[2025-05-11T09:49:00.438+0000] {taskinstance.py:2303} INFO - Starting attempt 2 of 2
[2025-05-11T09:49:00.462+0000] {taskinstance.py:2327} INFO - Executing <Task(_PythonDecoratedOperator): get_data> on 2025-05-10 03:58:30.852756+00:00
[2025-05-11T09:49:00.473+0000] {warnings.py:110} WARNING - /home/airflow/.local/lib/python3.12/site-packages/airflow/task/task_runner/standard_task_runner.py:61: DeprecationWarning: This process (pid=152) is multi-threaded, use of fork() may lead to deadlocks in the child.
  pid = os.fork()

[2025-05-11T09:49:00.475+0000] {standard_task_runner.py:63} INFO - Started process 154 to run task
[2025-05-11T09:49:00.475+0000] {standard_task_runner.py:90} INFO - Running: ['airflow', 'tasks', 'run', 'get_price_btc_price_by_day', 'get_data', 'manual__2025-05-10T03:58:30.852756+00:00', '--job-id', '59', '--raw', '--subdir', 'DAGS_FOLDER/get_price_btc_price_by_day.py', '--cfg-path', '/tmp/tmp5t_h6pvq']
[2025-05-11T09:49:00.479+0000] {standard_task_runner.py:91} INFO - Job 59: Subtask get_data
[2025-05-11T09:49:00.679+0000] {task_command.py:426} INFO - Running <TaskInstance: get_price_btc_price_by_day.get_data manual__2025-05-10T03:58:30.852756+00:00 [running]> on host 840719eb5226
[2025-05-11T09:49:00.910+0000] {taskinstance.py:2644} INFO - Exporting env vars: AIRFLOW_CTX_DAG_OWNER='airflow' AIRFLOW_CTX_DAG_ID='get_price_btc_price_by_day' AIRFLOW_CTX_TASK_ID='get_data' AIRFLOW_CTX_EXECUTION_DATE='2025-05-10T03:58:30.852756+00:00' AIRFLOW_CTX_TRY_NUMBER='2' AIRFLOW_CTX_DAG_RUN_ID='manual__2025-05-10T03:58:30.852756+00:00'
[2025-05-11T09:49:00.912+0000] {taskinstance.py:430} INFO - ::endgroup::
[2025-05-11T09:49:00.913+0000] {logging_mixin.py:188} INFO - Данные за период с 2025-05-08 21:00:00+00:00 по 2025-05-09 21:00:00+00:00
[2025-05-11T09:49:01.254+0000] {logging_mixin.py:188} INFO - {'symbol': 'BTCUSDT', 'lastPrice': '104306.40', 'indexPrice': '104329.43', 'markPrice': '104306.40', 'prevPrice24h': '103770.00', 'price24hPcnt': '0.005169', 'highPrice24h': '104986.70', 'lowPrice24h': '102880.00', 'prevPrice1h': '103783.40', 'openInterest': '47416.134', 'openInterestValue': '4945806239.46', 'turnover24h': '5980890994.1789', 'volume24h': '57577.7800', 'fundingRate': '0.0001', 'nextFundingTime': '1746979200000', 'predictedDeliveryPrice': '', 'basisRate': '', 'deliveryFeeRate': '', 'deliveryTime': '0', 'ask1Size': '10.723', 'bid1Price': '104306.30', 'ask1Price': '104306.40', 'bid1Size': '2.131', 'basis': '', 'preOpenPrice': '', 'preQty': '', 'curPreListingPhase': ''}
[2025-05-11T09:49:01.257+0000] {python.py:237} INFO - Done. Returned value was: {'data_interval_start': DateTime(2025, 5, 8, 21, 0, 0, tzinfo=Timezone('UTC')), 'data_interval_end': DateTime(2025, 5, 9, 21, 0, 0, tzinfo=Timezone('UTC')), 'last_price': 104306.4, 'volume_24h': 57577.78, 'high_price_24h': 104986.7, 'low_price_24h': 102880.0, 'bid_price': 104306.3, 'ask_price': 104306.4, 'open_interest': 47416.134}
[2025-05-11T09:49:01.258+0000] {taskinstance.py:441} INFO - ::group::Post task execution logs
[2025-05-11T09:49:01.381+0000] {taskinstance.py:1205} INFO - Marking task as SUCCESS. dag_id=get_price_btc_price_by_day, task_id=get_data, execution_date=20250510T035830, start_date=20250511T094900, end_date=20250511T094901
[2025-05-11T09:49:01.433+0000] {local_task_job_runner.py:240} INFO - Task exited with return code 0
[2025-05-11T09:49:01.492+0000] {taskinstance.py:3482} INFO - 1 downstream tasks scheduled from follow-on schedule check
[2025-05-11T09:49:01.494+0000] {local_task_job_runner.py:222} INFO - ::endgroup::
